#
# There is insufficient memory for the Java Runtime Environment to continue.
# Native memory allocation (malloc) failed to allocate 1094560 bytes for Chunk::new
# Possible reasons:
#   The system is out of physical RAM or swap space
#   The process is running with CompressedOops enabled, and the Java Heap may be blocking the growth of the native heap
# Possible solutions:
#   Reduce memory load on the system
#   Increase physical memory or swap space
#   Check if swap backing store is full
#   Decrease Java heap size (-Xmx/-Xms)
#   Decrease number of Java threads
#   Decrease Java thread stack sizes (-Xss)
#   Set larger code cache with -XX:ReservedCodeCacheSize=
#   JVM is running with Unscaled Compressed Oops mode in which the Java heap is
#     placed in the first 4GB address space. The Java Heap base address is the
#     maximum limit for the native heap growth. Please use -XX:HeapBaseMinAddress
#     to set the Java Heap base and to place the Java Heap above 4GB virtual address.
# This output file may be truncated or incomplete.
#
#  Out of Memory Error (arena.cpp:189), pid=30688, tid=29044
#
# JRE version: Java(TM) SE Runtime Environment (17.0.8+9) (build 17.0.8+9-LTS-211)
# Java VM: Java HotSpot(TM) 64-Bit Server VM (17.0.8+9-LTS-211, mixed mode, sharing, tiered, compressed oops, compressed class ptrs, g1 gc, windows-amd64)
# No core dump will be written. Minidumps are not enabled by default on client versions of Windows
#

---------------  S U M M A R Y ------------

Command Line: -XX:MaxMetaspaceSize=512m --add-opens=java.base/java.util=ALL-UNNAMED --add-opens=java.base/java.lang=ALL-UNNAMED --add-opens=java.base/java.lang.invoke=ALL-UNNAMED --add-opens=java.prefs/java.util.prefs=ALL-UNNAMED --add-opens=java.base/java.nio.charset=ALL-UNNAMED --add-opens=java.base/java.net=ALL-UNNAMED --add-opens=java.base/java.util.concurrent.atomic=ALL-UNNAMED -Xmx2048m -Dfile.encoding=windows-1258 -Duser.country=VN -Duser.language=vi -Duser.variant org.gradle.launcher.daemon.bootstrap.GradleDaemon 8.0.1

Host: Intel(R) Core(TM) i5-10300H CPU @ 2.50GHz, 8 cores, 7G,  Windows 11 , 64 bit Build 22621 (10.0.22621.2428)
Time: Thu Nov  2 15:44:43 2023 SE Asia Standard Time elapsed time: 133.822396 seconds (0d 0h 2m 13s)

---------------  T H R E A D  ---------------

Current thread (0x000002368762f500):  JavaThread "C2 CompilerThread0" daemon [_thread_in_native, id=29044, stack(0x000000658b400000,0x000000658b500000)]


Current CompileTask:
C2: 133822 13955       4       org.gradle.internal.logging.sink.OutputEventTransformer::onOutput (399 bytes)

Stack: [0x000000658b400000,0x000000658b500000]
Native frames: (J=compiled Java code, j=interpreted, Vv=VM code, C=native code)
V  [jvm.dll+0x677d0a]
V  [jvm.dll+0x7d8c54]
V  [jvm.dll+0x7da3fe]
V  [jvm.dll+0x7daa63]
V  [jvm.dll+0x245c5f]
V  [jvm.dll+0xaaa6b]
V  [jvm.dll+0xab00c]
V  [jvm.dll+0x361e8e]
V  [jvm.dll+0x32c551]
V  [jvm.dll+0x32b9ea]
V  [jvm.dll+0x217fff]
V  [jvm.dll+0x217431]
V  [jvm.dll+0x1a3af0]
V  [jvm.dll+0x2270be]
V  [jvm.dll+0x22535b]
V  [jvm.dll+0x78e7bc]
V  [jvm.dll+0x788bba]
V  [jvm.dll+0x676b35]
C  [ucrtbase.dll+0x29363]
C  [KERNEL32.DLL+0x1257d]
C  [ntdll.dll+0x5aa78]


---------------  P R O C E S S  ---------------

Threads class SMR info:
_java_thread_list=0x00000236acd43ac0, length=136, elements={
0x00000236e94207f0, 0x0000023687610c30, 0x0000023687611aa0, 0x0000023687627430,
0x0000023687627fe0, 0x000002368762a9a0, 0x000002368762b350, 0x000002368762f500,
0x000002368762ffa0, 0x000002368769ac10, 0x00000236878a00d0, 0x00000236878a27d0,
0x00000236a8209a50, 0x00000236a84fd980, 0x00000236a83bdfa0, 0x00000236a82ff7d0,
0x00000236a82fdfd0, 0x00000236a8524ae0, 0x00000236a8524610, 0x00000236a8523c70,
0x00000236a8525480, 0x00000236a8524140, 0x00000236a85bc0b0, 0x00000236a85b7880,
0x00000236a85bd8c0, 0x00000236a85bbbe0, 0x00000236a85bb240, 0x00000236a85b6070,
0x00000236a85b6540, 0x00000236a85b7d50, 0x00000236a85bb710, 0x00000236a85b9f00,
0x00000236a85b8220, 0x00000236a85bcf20, 0x00000236a85bc580, 0x00000236a85b86f0,
0x00000236a85bca50, 0x00000236a85b8bc0, 0x00000236a85b9560, 0x00000236a85bd3f0,
0x00000236a85ba8a0, 0x00000236a85bad70, 0x00000236a8ada870, 0x00000236a8adb6e0,
0x00000236a8adf570, 0x00000236a8ad9a00, 0x00000236a8ad9ed0, 0x00000236a8add890,
0x00000236a8adbbb0, 0x00000236a8adca20, 0x00000236a8addd60, 0x00000236a8ad9060,
0x00000236a8adad40, 0x00000236a8ad9530, 0x00000236a8adfa40, 0x00000236a8ade230,
0x00000236a8ada3a0, 0x00000236a8adb210, 0x00000236a8adcef0, 0x00000236a8ade700,
0x00000236a8ae03e0, 0x00000236a8adc080, 0x00000236a8add3c0, 0x00000236a8adebd0,
0x00000236a8adf0a0, 0x00000236a8adff10, 0x00000236a8ae08b0, 0x00000236a9fa4900,
0x00000236a9fa1410, 0x00000236a9fa52a0, 0x00000236a9fa18e0, 0x00000236a9fa6110,
0x00000236a9fa00d0, 0x00000236a9fa35c0, 0x00000236a9fa3a90, 0x00000236a9fa3f60,
0x00000236a9fa0f40, 0x00000236a9fa4dd0, 0x00000236a9fa65e0, 0x00000236a9f9ed90,
0x00000236a9fa0a70, 0x00000236a9f9fc00, 0x00000236a9fa2280, 0x00000236a9fa05a0,
0x00000236a9fa2750, 0x00000236a9fa2c20, 0x00000236a8524fb0, 0x00000236a9d426e0,
0x00000236a9d42bb0, 0x00000236a9d43080, 0x00000236a9d3f6c0, 0x00000236a9d44d60,
0x00000236a9d3e850, 0x00000236a9d42210, 0x00000236a9d40060, 0x00000236a9d45230,
0x00000236a9d40ed0, 0x00000236a9d3e380, 0x00000236a9d44890, 0x00000236a9d413a0,
0x00000236a9d3fb90, 0x00000236a9d41870, 0x00000236a9d3deb0, 0x00000236a9d41d40,
0x00000236a9d43550, 0x00000236a9d43a20, 0x00000236a9d443c0, 0x00000236a9d3f1f0,
0x00000236a9d40530, 0x00000236aa1c7910, 0x00000236aa1c65d0, 0x00000236aa1c3a80,
0x00000236aa1c35b0, 0x00000236aa1c0590, 0x00000236aa1c3f50, 0x00000236aa1c2740,
0x00000236aa1c7de0, 0x00000236aa1c0a60, 0x00000236aa1c18d0, 0x00000236aa1c1400,
0x00000236aa1c0f30, 0x00000236aa1c1da0, 0x00000236aa1c5760, 0x00000236aa1c6100,
0x00000236aa1c5c30, 0x00000236aa1c6aa0, 0x00000236aa1c6f70, 0x00000236aa1c2270,
0x00000236aa1c2c10, 0x00000236aa1c30e0, 0x00000236aa1c7440, 0x00000236aa1c4420,
0x00000236aa1c48f0, 0x00000236aa1c4dc0, 0x00000236aa1c5290, 0x00000236aa17eb10
}

Java Threads: ( => current thread )
  0x00000236e94207f0 JavaThread "main" [_thread_blocked, id=1092, stack(0x000000658a600000,0x000000658a700000)]
  0x0000023687610c30 JavaThread "Reference Handler" daemon [_thread_blocked, id=13448, stack(0x000000658ae00000,0x000000658af00000)]
  0x0000023687611aa0 JavaThread "Finalizer" daemon [_thread_blocked, id=4976, stack(0x000000658af00000,0x000000658b000000)]
  0x0000023687627430 JavaThread "Signal Dispatcher" daemon [_thread_blocked, id=20864, stack(0x000000658b000000,0x000000658b100000)]
  0x0000023687627fe0 JavaThread "Attach Listener" daemon [_thread_blocked, id=6436, stack(0x000000658b100000,0x000000658b200000)]
  0x000002368762a9a0 JavaThread "Service Thread" daemon [_thread_blocked, id=24476, stack(0x000000658b200000,0x000000658b300000)]
  0x000002368762b350 JavaThread "Monitor Deflation Thread" daemon [_thread_blocked, id=20016, stack(0x000000658b300000,0x000000658b400000)]
=>0x000002368762f500 JavaThread "C2 CompilerThread0" daemon [_thread_in_native, id=29044, stack(0x000000658b400000,0x000000658b500000)]
  0x000002368762ffa0 JavaThread "C1 CompilerThread0" daemon [_thread_blocked, id=3232, stack(0x000000658b500000,0x000000658b600000)]
  0x000002368769ac10 JavaThread "Sweeper thread" daemon [_thread_blocked, id=16176, stack(0x000000658b600000,0x000000658b700000)]
  0x00000236878a00d0 JavaThread "Common-Cleaner" daemon [_thread_blocked, id=28740, stack(0x000000658b700000,0x000000658b800000)]
  0x00000236878a27d0 JavaThread "Notification Thread" daemon [_thread_blocked, id=19992, stack(0x000000658b800000,0x000000658b900000)]
  0x00000236a8209a50 JavaThread "Daemon health stats" [_thread_blocked, id=28952, stack(0x000000658be00000,0x000000658bf00000)]
  0x00000236a84fd980 JavaThread "Incoming local TCP Connector on port 50114" [_thread_in_native, id=21132, stack(0x000000658bf00000,0x000000658c000000)]
  0x00000236a83bdfa0 JavaThread "Daemon periodic checks" [_thread_blocked, id=25520, stack(0x000000658c000000,0x000000658c100000)]
  0x00000236a82ff7d0 JavaThread "Daemon" [_thread_blocked, id=25596, stack(0x000000658c100000,0x000000658c200000)]
  0x00000236a82fdfd0 JavaThread "Handler for socket connection from /127.0.0.1:50114 to /127.0.0.1:50118" [_thread_in_native, id=25196, stack(0x000000658c200000,0x000000658c300000)]
  0x00000236a8524ae0 JavaThread "Cancel handler" [_thread_blocked, id=29208, stack(0x000000658c300000,0x000000658c400000)]
  0x00000236a8524610 JavaThread "Daemon worker" [_thread_blocked, id=30344, stack(0x000000658c400000,0x000000658c500000)]
  0x00000236a8523c70 JavaThread "Asynchronous log dispatcher for DefaultDaemonConnection: socket connection from /127.0.0.1:50114 to /127.0.0.1:50118" [_thread_blocked, id=10828, stack(0x000000658c500000,0x000000658c600000)]
  0x00000236a8525480 JavaThread "Daemon client event forwarder" [_thread_blocked, id=7836, stack(0x000000658c700000,0x000000658c800000)]
  0x00000236a8524140 JavaThread "Cache worker for journal cache (C:\Users\xuanu\.gradle\caches\journal-1)" [_thread_blocked, id=3736, stack(0x000000658c800000,0x000000658c900000)]
  0x00000236a85bc0b0 JavaThread "File lock request listener" [_thread_in_native, id=8476, stack(0x000000658c900000,0x000000658ca00000)]
  0x00000236a85b7880 JavaThread "Cache worker for file hash cache (C:\Users\xuanu\.gradle\caches\8.0.1\fileHashes)" [_thread_blocked, id=18864, stack(0x000000658ca00000,0x000000658cb00000)]
  0x00000236a85bd8c0 JavaThread "File lock release action executor" [_thread_blocked, id=23628, stack(0x000000658cb00000,0x000000658cc00000)]
  0x00000236a85bbbe0 JavaThread "File watcher server" daemon [_thread_in_native, id=22284, stack(0x000000658cf00000,0x000000658d000000)]
  0x00000236a85bb240 JavaThread "File watcher consumer" daemon [_thread_blocked, id=7460, stack(0x000000658d000000,0x000000658d100000)]
  0x00000236a85b6070 JavaThread "Cache worker for checksums cache (E:\ReactNative\DATN_App_Shop\AppShopCli\android\.gradle\8.0.1\checksums)" [_thread_blocked, id=2620, stack(0x000000658d100000,0x000000658d200000)]
  0x00000236a85b6540 JavaThread "Cache worker for cache directory md-rule (C:\Users\xuanu\.gradle\caches\8.0.1\md-rule)" [_thread_blocked, id=28472, stack(0x000000658d200000,0x000000658d300000)]
  0x00000236a85b7d50 JavaThread "Cache worker for file content cache (C:\Users\xuanu\.gradle\caches\8.0.1\fileContent)" [_thread_blocked, id=30084, stack(0x000000658d300000,0x000000658d400000)]
  0x00000236a85bb710 JavaThread "Cache worker for file hash cache (E:\ReactNative\DATN_App_Shop\AppShopCli\android\.gradle\8.0.1\fileHashes)" [_thread_blocked, id=19568, stack(0x000000658d400000,0x000000658d500000)]
  0x00000236a85b9f00 JavaThread "Cache worker for cache directory md-supplier (C:\Users\xuanu\.gradle\caches\8.0.1\md-supplier)" [_thread_blocked, id=6372, stack(0x000000658d500000,0x000000658d600000)]
  0x00000236a85b8220 JavaThread "Cache worker for execution history cache (C:\Users\xuanu\.gradle\caches\8.0.1\executionHistory)" [_thread_blocked, id=25444, stack(0x000000658d700000,0x000000658d800000)]
  0x00000236a85bcf20 JavaThread "jar transforms" [_thread_blocked, id=30172, stack(0x000000658d800000,0x000000658d900000)]
  0x00000236a85bc580 JavaThread "jar transforms Thread 2" [_thread_blocked, id=26376, stack(0x000000658d900000,0x000000658da00000)]
  0x00000236a85b86f0 JavaThread "jar transforms Thread 3" [_thread_blocked, id=21168, stack(0x000000658da00000,0x000000658db00000)]
  0x00000236a85bca50 JavaThread "jar transforms Thread 4" [_thread_blocked, id=4728, stack(0x000000658db00000,0x000000658dc00000)]
  0x00000236a85b8bc0 JavaThread "Cache worker for kotlin-dsl (C:\Users\xuanu\.gradle\caches\8.0.1\kotlin-dsl)" [_thread_blocked, id=10540, stack(0x000000658de00000,0x000000658df00000)]
  0x00000236a85b9560 JavaThread "jar transforms Thread 5" [_thread_blocked, id=7532, stack(0x000000658df00000,0x000000658e000000)]
  0x00000236a85bd3f0 JavaThread "jar transforms Thread 6" [_thread_blocked, id=29704, stack(0x000000658e000000,0x000000658e100000)]
  0x00000236a85ba8a0 JavaThread "Cache worker for dependencies-accessors (E:\ReactNative\DATN_App_Shop\AppShopCli\android\.gradle\8.0.1\dependencies-accessors)" [_thread_blocked, id=30148, stack(0x000000658e100000,0x000000658e200000)]
  0x00000236a85bad70 JavaThread "Cache worker for Build Output Cleanup Cache (E:\ReactNative\DATN_App_Shop\AppShopCli\node_modules\@react-native\gradle-plugin\.gradle\buildOutputCleanup)" [_thread_blocked, id=11664, stack(0x000000658e200000,0x000000658e300000)]
  0x00000236a8ada870 JavaThread "jar transforms Thread 7" [_thread_blocked, id=29784, stack(0x000000658e300000,0x000000658e400000)]
  0x00000236a8adb6e0 JavaThread "Unconstrained build operations" [_thread_blocked, id=18784, stack(0x000000658e400000,0x000000658e500000)]
  0x00000236a8adf570 JavaThread "Unconstrained build operations Thread 2" [_thread_blocked, id=3964, stack(0x000000658e500000,0x000000658e600000)]
  0x00000236a8ad9a00 JavaThread "Unconstrained build operations Thread 3" [_thread_blocked, id=19248, stack(0x000000658e600000,0x000000658e700000)]
  0x00000236a8ad9ed0 JavaThread "Unconstrained build operations Thread 4" [_thread_blocked, id=23012, stack(0x000000658e700000,0x000000658e800000)]
  0x00000236a8add890 JavaThread "Unconstrained build operations Thread 5" [_thread_blocked, id=4456, stack(0x000000658e800000,0x000000658e900000)]
  0x00000236a8adbbb0 JavaThread "Unconstrained build operations Thread 6" [_thread_blocked, id=18908, stack(0x000000658e900000,0x000000658ea00000)]
  0x00000236a8adca20 JavaThread "Unconstrained build operations Thread 7" [_thread_blocked, id=8336, stack(0x000000658ea00000,0x000000658eb00000)]
  0x00000236a8addd60 JavaThread "Unconstrained build operations Thread 8" [_thread_blocked, id=4204, stack(0x000000658eb00000,0x000000658ec00000)]
  0x00000236a8ad9060 JavaThread "Unconstrained build operations Thread 9" [_thread_blocked, id=23404, stack(0x000000658ec00000,0x000000658ed00000)]
  0x00000236a8adad40 JavaThread "Unconstrained build operations Thread 10" [_thread_blocked, id=11220, stack(0x000000658ed00000,0x000000658ee00000)]
  0x00000236a8ad9530 JavaThread "Unconstrained build operations Thread 11" [_thread_blocked, id=12412, stack(0x000000658ee00000,0x000000658ef00000)]
  0x00000236a8adfa40 JavaThread "Unconstrained build operations Thread 12" [_thread_blocked, id=17168, stack(0x000000658ef00000,0x000000658f000000)]
  0x00000236a8ade230 JavaThread "Unconstrained build operations Thread 13" [_thread_blocked, id=20824, stack(0x000000658f000000,0x000000658f100000)]
  0x00000236a8ada3a0 JavaThread "Unconstrained build operations Thread 14" [_thread_blocked, id=13564, stack(0x000000658f100000,0x000000658f200000)]
  0x00000236a8adb210 JavaThread "Unconstrained build operations Thread 15" [_thread_blocked, id=10712, stack(0x000000658f200000,0x000000658f300000)]
  0x00000236a8adcef0 JavaThread "Unconstrained build operations Thread 16" [_thread_blocked, id=8636, stack(0x000000658f300000,0x000000658f400000)]
  0x00000236a8ade700 JavaThread "Unconstrained build operations Thread 17" [_thread_blocked, id=5108, stack(0x000000658f400000,0x000000658f500000)]
  0x00000236a8ae03e0 JavaThread "Unconstrained build operations Thread 18" [_thread_blocked, id=19224, stack(0x000000658f500000,0x000000658f600000)]
  0x00000236a8adc080 JavaThread "Unconstrained build operations Thread 19" [_thread_blocked, id=22140, stack(0x000000658f600000,0x000000658f700000)]
  0x00000236a8add3c0 JavaThread "Unconstrained build operations Thread 20" [_thread_blocked, id=9904, stack(0x000000658f700000,0x000000658f800000)]
  0x00000236a8adebd0 JavaThread "Unconstrained build operations Thread 21" [_thread_blocked, id=9144, stack(0x000000658f800000,0x000000658f900000)]
  0x00000236a8adf0a0 JavaThread "Unconstrained build operations Thread 22" [_thread_blocked, id=16612, stack(0x000000658f900000,0x000000658fa00000)]
  0x00000236a8adff10 JavaThread "Unconstrained build operations Thread 23" [_thread_blocked, id=6720, stack(0x000000658fa00000,0x000000658fb00000)]
  0x00000236a8ae08b0 JavaThread "Unconstrained build operations Thread 24" [_thread_blocked, id=30596, stack(0x000000658fb00000,0x000000658fc00000)]
  0x00000236a9fa4900 JavaThread "Unconstrained build operations Thread 25" [_thread_blocked, id=8072, stack(0x000000658fc00000,0x000000658fd00000)]
  0x00000236a9fa1410 JavaThread "Unconstrained build operations Thread 26" [_thread_blocked, id=31452, stack(0x000000658fd00000,0x000000658fe00000)]
  0x00000236a9fa52a0 JavaThread "jar transforms Thread 8" [_thread_blocked, id=9176, stack(0x000000658fe00000,0x000000658ff00000)]
  0x00000236a9fa18e0 JavaThread "Memory manager" [_thread_blocked, id=12456, stack(0x000000658ff00000,0x0000006590000000)]
  0x00000236a9fa6110 JavaThread "Cache worker for Build Output Cleanup Cache (E:\ReactNative\DATN_App_Shop\AppShopCli\android\.gradle\buildOutputCleanup)" [_thread_blocked, id=4804, stack(0x000000658a500000,0x000000658a600000)]
  0x00000236a9fa00d0 JavaThread "included builds" [_thread_in_vm, id=12720, stack(0x000000658a700000,0x000000658a800000)]
  0x00000236a9fa35c0 JavaThread "Execution worker" [_thread_blocked, id=19324, stack(0x0000006590000000,0x0000006590100000)]
  0x00000236a9fa3a90 JavaThread "Execution worker Thread 2" [_thread_blocked, id=20372, stack(0x0000006590100000,0x0000006590200000)]
  0x00000236a9fa3f60 JavaThread "Execution worker Thread 3" [_thread_blocked, id=13560, stack(0x0000006590200000,0x0000006590300000)]
  0x00000236a9fa0f40 JavaThread "Execution worker Thread 4" [_thread_blocked, id=7712, stack(0x0000006590300000,0x0000006590400000)]
  0x00000236a9fa4dd0 JavaThread "Execution worker Thread 5" [_thread_blocked, id=22360, stack(0x0000006590400000,0x0000006590500000)]
  0x00000236a9fa65e0 JavaThread "Execution worker Thread 6" [_thread_blocked, id=9780, stack(0x0000006590500000,0x0000006590600000)]
  0x00000236a9f9ed90 JavaThread "Execution worker Thread 7" [_thread_blocked, id=28372, stack(0x0000006590600000,0x0000006590700000)]
  0x00000236a9fa0a70 JavaThread "Cache worker for execution history cache (E:\ReactNative\DATN_App_Shop\AppShopCli\node_modules\@react-native\gradle-plugin\.gradle\8.0.1\executionHistory)" [_thread_blocked, id=17204, stack(0x000000658c600000,0x000000658c700000)]
  0x00000236a9f9fc00 JavaThread "Unconstrained build operations Thread 27" [_thread_blocked, id=13632, stack(0x0000006590700000,0x0000006590800000)]
  0x00000236a9fa2280 JavaThread "Unconstrained build operations Thread 28" [_thread_blocked, id=27636, stack(0x0000006590800000,0x0000006590900000)]
  0x00000236a9fa05a0 JavaThread "Unconstrained build operations Thread 29" [_thread_blocked, id=23388, stack(0x0000006590900000,0x0000006590a00000)]
  0x00000236a9fa2750 JavaThread "Unconstrained build operations Thread 30" [_thread_blocked, id=14592, stack(0x0000006590a00000,0x0000006590b00000)]
  0x00000236a9fa2c20 JavaThread "Unconstrained build operations Thread 31" [_thread_blocked, id=31208, stack(0x0000006590b00000,0x0000006590c00000)]
  0x00000236a8524fb0 JavaThread "Unconstrained build operations Thread 32" [_thread_blocked, id=28680, stack(0x0000006590c00000,0x0000006590d00000)]
  0x00000236a9d426e0 JavaThread "Unconstrained build operations Thread 33" [_thread_blocked, id=9248, stack(0x0000006590d00000,0x0000006590e00000)]
  0x00000236a9d42bb0 JavaThread "Unconstrained build operations Thread 34" [_thread_blocked, id=18540, stack(0x0000006590e00000,0x0000006590f00000)]
  0x00000236a9d43080 JavaThread "Unconstrained build operations Thread 35" [_thread_blocked, id=25460, stack(0x0000006590f00000,0x0000006591000000)]
  0x00000236a9d3f6c0 JavaThread "Unconstrained build operations Thread 36" [_thread_blocked, id=8460, stack(0x0000006591000000,0x0000006591100000)]
  0x00000236a9d44d60 JavaThread "Unconstrained build operations Thread 37" [_thread_blocked, id=22408, stack(0x0000006591100000,0x0000006591200000)]
  0x00000236a9d3e850 JavaThread "Unconstrained build operations Thread 38" [_thread_blocked, id=27720, stack(0x0000006591200000,0x0000006591300000)]
  0x00000236a9d42210 JavaThread "Unconstrained build operations Thread 39" [_thread_blocked, id=1412, stack(0x0000006591300000,0x0000006591400000)]
  0x00000236a9d40060 JavaThread "Unconstrained build operations Thread 40" [_thread_blocked, id=28176, stack(0x0000006591400000,0x0000006591500000)]
  0x00000236a9d45230 JavaThread "Unconstrained build operations Thread 41" [_thread_blocked, id=13288, stack(0x0000006591500000,0x0000006591600000)]
  0x00000236a9d40ed0 JavaThread "Unconstrained build operations Thread 42" [_thread_blocked, id=30760, stack(0x0000006591600000,0x0000006591700000)]
  0x00000236a9d3e380 JavaThread "Unconstrained build operations Thread 43" [_thread_blocked, id=29124, stack(0x0000006591700000,0x0000006591800000)]
  0x00000236a9d44890 JavaThread "Unconstrained build operations Thread 44" [_thread_blocked, id=1516, stack(0x0000006591800000,0x0000006591900000)]
  0x00000236a9d413a0 JavaThread "Unconstrained build operations Thread 45" [_thread_blocked, id=31264, stack(0x0000006591900000,0x0000006591a00000)]
  0x00000236a9d3fb90 JavaThread "Unconstrained build operations Thread 46" [_thread_blocked, id=25900, stack(0x0000006591a00000,0x0000006591b00000)]
  0x00000236a9d41870 JavaThread "Unconstrained build operations Thread 47" [_thread_blocked, id=3840, stack(0x0000006591b00000,0x0000006591c00000)]
  0x00000236a9d3deb0 JavaThread "Unconstrained build operations Thread 48" [_thread_blocked, id=4824, stack(0x0000006591c00000,0x0000006591d00000)]
  0x00000236a9d41d40 JavaThread "Unconstrained build operations Thread 49" [_thread_blocked, id=25904, stack(0x0000006591d00000,0x0000006591e00000)]
  0x00000236a9d43550 JavaThread "Unconstrained build operations Thread 50" [_thread_blocked, id=31280, stack(0x0000006591e00000,0x0000006591f00000)]
  0x00000236a9d43a20 JavaThread "Unconstrained build operations Thread 51" [_thread_blocked, id=27088, stack(0x0000006591f00000,0x0000006592000000)]
  0x00000236a9d443c0 JavaThread "Unconstrained build operations Thread 52" [_thread_blocked, id=5544, stack(0x0000006592000000,0x0000006592100000)]
  0x00000236a9d3f1f0 JavaThread "Unconstrained build operations Thread 53" [_thread_blocked, id=10220, stack(0x0000006592100000,0x0000006592200000)]
  0x00000236a9d40530 JavaThread "Unconstrained build operations Thread 54" [_thread_blocked, id=22356, stack(0x0000006592200000,0x0000006592300000)]
  0x00000236aa1c7910 JavaThread "Unconstrained build operations Thread 55" [_thread_blocked, id=2728, stack(0x0000006592300000,0x0000006592400000)]
  0x00000236aa1c65d0 JavaThread "Unconstrained build operations Thread 56" [_thread_blocked, id=10872, stack(0x0000006592400000,0x0000006592500000)]
  0x00000236aa1c3a80 JavaThread "Unconstrained build operations Thread 57" [_thread_blocked, id=20408, stack(0x0000006592500000,0x0000006592600000)]
  0x00000236aa1c35b0 JavaThread "Unconstrained build operations Thread 58" [_thread_blocked, id=19588, stack(0x0000006592600000,0x0000006592700000)]
  0x00000236aa1c0590 JavaThread "Unconstrained build operations Thread 59" [_thread_blocked, id=10060, stack(0x0000006592700000,0x0000006592800000)]
  0x00000236aa1c3f50 JavaThread "Unconstrained build operations Thread 60" [_thread_blocked, id=6480, stack(0x0000006592800000,0x0000006592900000)]
  0x00000236aa1c2740 JavaThread "Unconstrained build operations Thread 61" [_thread_blocked, id=5688, stack(0x0000006592900000,0x0000006592a00000)]
  0x00000236aa1c7de0 JavaThread "Unconstrained build operations Thread 62" [_thread_blocked, id=15388, stack(0x0000006592a00000,0x0000006592b00000)]
  0x00000236aa1c0a60 JavaThread "Unconstrained build operations Thread 63" [_thread_blocked, id=15496, stack(0x0000006592b00000,0x0000006592c00000)]
  0x00000236aa1c18d0 JavaThread "Unconstrained build operations Thread 64" [_thread_blocked, id=10924, stack(0x0000006592c00000,0x0000006592d00000)]
  0x00000236aa1c1400 JavaThread "Unconstrained build operations Thread 65" [_thread_blocked, id=13452, stack(0x0000006592d00000,0x0000006592e00000)]
  0x00000236aa1c0f30 JavaThread "Unconstrained build operations Thread 66" [_thread_blocked, id=26464, stack(0x0000006592e00000,0x0000006592f00000)]
  0x00000236aa1c1da0 JavaThread "Unconstrained build operations Thread 67" [_thread_blocked, id=30088, stack(0x0000006592f00000,0x0000006593000000)]
  0x00000236aa1c5760 JavaThread "Unconstrained build operations Thread 68" [_thread_blocked, id=24592, stack(0x0000006593000000,0x0000006593100000)]
  0x00000236aa1c6100 JavaThread "Unconstrained build operations Thread 69" [_thread_blocked, id=8748, stack(0x0000006593100000,0x0000006593200000)]
  0x00000236aa1c5c30 JavaThread "Unconstrained build operations Thread 70" [_thread_blocked, id=31224, stack(0x0000006593200000,0x0000006593300000)]
  0x00000236aa1c6aa0 JavaThread "Unconstrained build operations Thread 71" [_thread_blocked, id=28436, stack(0x0000006593300000,0x0000006593400000)]
  0x00000236aa1c6f70 JavaThread "Unconstrained build operations Thread 72" [_thread_blocked, id=1636, stack(0x0000006593400000,0x0000006593500000)]
  0x00000236aa1c2270 JavaThread "Unconstrained build operations Thread 73" [_thread_blocked, id=28444, stack(0x0000006593500000,0x0000006593600000)]
  0x00000236aa1c2c10 JavaThread "Unconstrained build operations Thread 74" [_thread_blocked, id=16520, stack(0x0000006593600000,0x0000006593700000)]
  0x00000236aa1c30e0 JavaThread "Unconstrained build operations Thread 75" [_thread_blocked, id=30680, stack(0x0000006593700000,0x0000006593800000)]
  0x00000236aa1c7440 JavaThread "Unconstrained build operations Thread 76" [_thread_blocked, id=4956, stack(0x0000006593800000,0x0000006593900000)]
  0x00000236aa1c4420 JavaThread "Unconstrained build operations Thread 77" [_thread_blocked, id=30892, stack(0x0000006593900000,0x0000006593a00000)]
  0x00000236aa1c48f0 JavaThread "Unconstrained build operations Thread 78" [_thread_blocked, id=23032, stack(0x0000006593a00000,0x0000006593b00000)]
  0x00000236aa1c4dc0 JavaThread "Unconstrained build operations Thread 79" [_thread_blocked, id=7628, stack(0x0000006593b00000,0x0000006593c00000)]
  0x00000236aa1c5290 JavaThread "Unconstrained build operations Thread 80" [_thread_blocked, id=8224, stack(0x0000006593c00000,0x0000006593d00000)]
  0x00000236aa17eb10 JavaThread "Cache worker for execution history cache (E:\ReactNative\DATN_App_Shop\AppShopCli\android\.gradle\8.0.1\executionHistory)" [_thread_blocked, id=30468, stack(0x0000006593d00000,0x0000006593e00000)]

Other Threads:
  0x000002368760c890 VMThread "VM Thread" [stack: 0x000000658ad00000,0x000000658ae00000] [id=23496]
  0x00000236878a2ca0 WatcherThread [stack: 0x000000658b900000,0x000000658ba00000] [id=17680]
  0x00000236e947ad90 GCTaskThread "GC Thread#0" [stack: 0x000000658a800000,0x000000658a900000] [id=944]
  0x00000236a75dae00 GCTaskThread "GC Thread#1" [stack: 0x000000658ba00000,0x000000658bb00000] [id=28916]
  0x00000236a75db0b0 GCTaskThread "GC Thread#2" [stack: 0x000000658bb00000,0x000000658bc00000] [id=26400]
  0x00000236a78e6010 GCTaskThread "GC Thread#3" [stack: 0x000000658bc00000,0x000000658bd00000] [id=18076]
  0x00000236a80bdf90 GCTaskThread "GC Thread#4" [stack: 0x000000658bd00000,0x000000658be00000] [id=26780]
  0x00000236a875a510 GCTaskThread "GC Thread#5" [stack: 0x000000658cc00000,0x000000658cd00000] [id=26516]
  0x00000236a875a7c0 GCTaskThread "GC Thread#6" [stack: 0x000000658cd00000,0x000000658ce00000] [id=4516]
  0x00000236a9576b60 GCTaskThread "GC Thread#7" [stack: 0x000000658ce00000,0x000000658cf00000] [id=6896]
  0x00000236e948bcd0 ConcurrentGCThread "G1 Main Marker" [stack: 0x000000658a900000,0x000000658aa00000] [id=10032]
  0x00000236e948c6e0 ConcurrentGCThread "G1 Conc#0" [stack: 0x000000658aa00000,0x000000658ab00000] [id=1392]
  0x00000236a95778d0 ConcurrentGCThread "G1 Conc#1" [stack: 0x000000658d600000,0x000000658d700000] [id=29500]
  0x00000236e94ee8c0 ConcurrentGCThread "G1 Refine#0" [stack: 0x000000658ab00000,0x000000658ac00000] [id=13944]
  0x00000236874c6420 ConcurrentGCThread "G1 Service" [stack: 0x000000658ac00000,0x000000658ad00000] [id=13364]

Threads with active compile tasks:
C2 CompilerThread0   133901 13955       4       org.gradle.internal.logging.sink.OutputEventTransformer::onOutput (399 bytes)

VM state: not at safepoint (normal execution)

VM Mutex/Monitor currently owned by a thread: None

Heap address: 0x0000000080000000, size: 2048 MB, Compressed Oops mode: 32-bit

CDS archive(s) mapped at: [0x0000023688000000-0x0000023688bd0000-0x0000023688bd0000), size 12386304, SharedBaseAddress: 0x0000023688000000, ArchiveRelocationMode: 1.
Compressed class space mapped at: 0x0000023689000000-0x00000236a3000000, reserved size: 436207616
Narrow klass base: 0x0000023688000000, Narrow klass shift: 0, Narrow klass range: 0x100000000

GC Precious Log:
 CPUs: 8 total, 8 available
 Memory: 8029M
 Large Page Support: Disabled
 NUMA Support: Disabled
 Compressed Oops: Enabled (32-bit)
 Heap Region Size: 1M
 Heap Min Capacity: 8M
 Heap Initial Capacity: 126M
 Heap Max Capacity: 2G
 Pre-touch: Disabled
 Parallel Workers: 8
 Concurrent Workers: 2
 Concurrent Refinement Workers: 8
 Periodic GC: Disabled

Heap:
 garbage-first heap   total 214016K, used 180978K [0x0000000080000000, 0x0000000100000000)
  region size 1024K, 22 young (22528K), 4 survivors (4096K)
 Metaspace       used 95138K, committed 96128K, reserved 557056K
  class space    used 13147K, committed 13632K, reserved 425984K

Heap Regions: E=young(eden), S=young(survivor), O=old, HS=humongous(starts), HC=humongous(continues), CS=collection set, F=free, OA=open archive, CA=closed archive, TAMS=top-at-mark-start (previous, next)
|   0|0x0000000080000000, 0x0000000080100000, 0x0000000080100000|100%|HS|  |TAMS 0x0000000080100000, 0x0000000080000000| Complete 
|   1|0x0000000080100000, 0x0000000080200000, 0x0000000080200000|100%|HC|  |TAMS 0x0000000080200000, 0x0000000080100000| Complete 
|   2|0x0000000080200000, 0x0000000080300000, 0x0000000080300000|100%|HC|  |TAMS 0x0000000080300000, 0x0000000080200000| Complete 
|   3|0x0000000080300000, 0x0000000080400000, 0x0000000080400000|100%|HC|  |TAMS 0x0000000080400000, 0x0000000080300000| Complete 
|   4|0x0000000080400000, 0x0000000080500000, 0x0000000080500000|100%| O|  |TAMS 0x0000000080500000, 0x0000000080400000| Untracked 
|   5|0x0000000080500000, 0x0000000080600000, 0x0000000080600000|100%| O|  |TAMS 0x0000000080600000, 0x0000000080500000| Untracked 
|   6|0x0000000080600000, 0x0000000080700000, 0x0000000080700000|100%| O|  |TAMS 0x0000000080700000, 0x0000000080600000| Untracked 
|   7|0x0000000080700000, 0x0000000080800000, 0x0000000080800000|100%| O|  |TAMS 0x0000000080800000, 0x0000000080700000| Untracked 
|   8|0x0000000080800000, 0x0000000080900000, 0x0000000080900000|100%| O|  |TAMS 0x0000000080900000, 0x0000000080800000| Untracked 
|   9|0x0000000080900000, 0x0000000080a00000, 0x0000000080a00000|100%| O|  |TAMS 0x0000000080a00000, 0x0000000080900000| Untracked 
|  10|0x0000000080a00000, 0x0000000080b00000, 0x0000000080b00000|100%| O|  |TAMS 0x0000000080b00000, 0x0000000080a00000| Untracked 
|  11|0x0000000080b00000, 0x0000000080c00000, 0x0000000080c00000|100%| O|  |TAMS 0x0000000080c00000, 0x0000000080b00000| Untracked 
|  12|0x0000000080c00000, 0x0000000080d00000, 0x0000000080d00000|100%| O|  |TAMS 0x0000000080d00000, 0x0000000080c00000| Untracked 
|  13|0x0000000080d00000, 0x0000000080e00000, 0x0000000080e00000|100%| O|  |TAMS 0x0000000080e00000, 0x0000000080d00000| Untracked 
|  14|0x0000000080e00000, 0x0000000080f00000, 0x0000000080f00000|100%| O|  |TAMS 0x0000000080f00000, 0x0000000080e00000| Untracked 
|  15|0x0000000080f00000, 0x0000000081000000, 0x0000000081000000|100%| O|  |TAMS 0x0000000081000000, 0x0000000080f00000| Untracked 
|  16|0x0000000081000000, 0x0000000081100000, 0x0000000081100000|100%| O|  |TAMS 0x0000000081100000, 0x0000000081000000| Untracked 
|  17|0x0000000081100000, 0x0000000081200000, 0x0000000081200000|100%| O|  |TAMS 0x0000000081200000, 0x0000000081100000| Untracked 
|  18|0x0000000081200000, 0x0000000081300000, 0x0000000081300000|100%| O|  |TAMS 0x0000000081300000, 0x0000000081200000| Untracked 
|  19|0x0000000081300000, 0x00000000813e4200, 0x0000000081400000| 89%| O|  |TAMS 0x00000000813e4200, 0x0000000081300000| Untracked 
|  20|0x0000000081400000, 0x0000000081500000, 0x0000000081500000|100%| O|  |TAMS 0x0000000081500000, 0x0000000081400000| Untracked 
|  21|0x0000000081500000, 0x0000000081600000, 0x0000000081600000|100%| O|  |TAMS 0x0000000081600000, 0x0000000081500000| Untracked 
|  22|0x0000000081600000, 0x0000000081700000, 0x0000000081700000|100%| O|  |TAMS 0x0000000081700000, 0x0000000081600000| Untracked 
|  23|0x0000000081700000, 0x0000000081800000, 0x0000000081800000|100%| O|  |TAMS 0x0000000081800000, 0x0000000081700000| Untracked 
|  24|0x0000000081800000, 0x0000000081900000, 0x0000000081900000|100%| O|  |TAMS 0x0000000081900000, 0x0000000081800000| Untracked 
|  25|0x0000000081900000, 0x0000000081a00000, 0x0000000081a00000|100%| O|  |TAMS 0x0000000081a00000, 0x0000000081900000| Untracked 
|  26|0x0000000081a00000, 0x0000000081b00000, 0x0000000081b00000|100%| O|  |TAMS 0x0000000081b00000, 0x0000000081a00000| Untracked 
|  27|0x0000000081b00000, 0x0000000081c00000, 0x0000000081c00000|100%| O|  |TAMS 0x0000000081c00000, 0x0000000081b00000| Untracked 
|  28|0x0000000081c00000, 0x0000000081d00000, 0x0000000081d00000|100%| O|  |TAMS 0x0000000081d00000, 0x0000000081c00000| Untracked 
|  29|0x0000000081d00000, 0x0000000081e00000, 0x0000000081e00000|100%| O|  |TAMS 0x0000000081e00000, 0x0000000081d00000| Untracked 
|  30|0x0000000081e00000, 0x0000000081f00000, 0x0000000081f00000|100%| O|  |TAMS 0x0000000081f00000, 0x0000000081e00000| Untracked 
|  31|0x0000000081f00000, 0x0000000082000000, 0x0000000082000000|100%| O|  |TAMS 0x0000000082000000, 0x0000000081f00000| Untracked 
|  32|0x0000000082000000, 0x0000000082100000, 0x0000000082100000|100%| O|  |TAMS 0x0000000082100000, 0x0000000082000000| Untracked 
|  33|0x0000000082100000, 0x0000000082200000, 0x0000000082200000|100%| O|  |TAMS 0x0000000082200000, 0x0000000082100000| Untracked 
|  34|0x0000000082200000, 0x0000000082300000, 0x0000000082300000|100%|HS|  |TAMS 0x0000000082300000, 0x0000000082200000| Complete 
|  35|0x0000000082300000, 0x0000000082400000, 0x0000000082400000|100%|HC|  |TAMS 0x0000000082400000, 0x0000000082300000| Complete 
|  36|0x0000000082400000, 0x0000000082500000, 0x0000000082500000|100%|HS|  |TAMS 0x0000000082500000, 0x0000000082400000| Complete 
|  37|0x0000000082500000, 0x0000000082600000, 0x0000000082600000|100%|HC|  |TAMS 0x0000000082600000, 0x0000000082500000| Complete 
|  38|0x0000000082600000, 0x0000000082700000, 0x0000000082700000|100%|HC|  |TAMS 0x0000000082700000, 0x0000000082600000| Complete 
|  39|0x0000000082700000, 0x0000000082800000, 0x0000000082800000|100%|HC|  |TAMS 0x0000000082800000, 0x0000000082700000| Complete 
|  40|0x0000000082800000, 0x0000000082900000, 0x0000000082900000|100%| O|  |TAMS 0x0000000082900000, 0x0000000082800000| Untracked 
|  41|0x0000000082900000, 0x0000000082a00000, 0x0000000082a00000|100%| O|  |TAMS 0x0000000082a00000, 0x0000000082900000| Untracked 
|  42|0x0000000082a00000, 0x0000000082b00000, 0x0000000082b00000|100%| O|  |TAMS 0x0000000082b00000, 0x0000000082a00000| Untracked 
|  43|0x0000000082b00000, 0x0000000082c00000, 0x0000000082c00000|100%| O|  |TAMS 0x0000000082c00000, 0x0000000082b00000| Untracked 
|  44|0x0000000082c00000, 0x0000000082d00000, 0x0000000082d00000|100%| O|  |TAMS 0x0000000082d00000, 0x0000000082c00000| Untracked 
|  45|0x0000000082d00000, 0x0000000082e00000, 0x0000000082e00000|100%| O|  |TAMS 0x0000000082e00000, 0x0000000082d00000| Untracked 
|  46|0x0000000082e00000, 0x0000000082f00000, 0x0000000082f00000|100%| O|  |TAMS 0x0000000082f00000, 0x0000000082e00000| Untracked 
|  47|0x0000000082f00000, 0x0000000083000000, 0x0000000083000000|100%| O|  |TAMS 0x0000000083000000, 0x0000000082f00000| Untracked 
|  48|0x0000000083000000, 0x0000000083100000, 0x0000000083100000|100%| O|  |TAMS 0x0000000083100000, 0x0000000083000000| Untracked 
|  49|0x0000000083100000, 0x0000000083200000, 0x0000000083200000|100%| O|  |TAMS 0x0000000083200000, 0x0000000083100000| Untracked 
|  50|0x0000000083200000, 0x0000000083300000, 0x0000000083300000|100%| O|  |TAMS 0x0000000083300000, 0x0000000083200000| Untracked 
|  51|0x0000000083300000, 0x0000000083400000, 0x0000000083400000|100%| O|  |TAMS 0x0000000083400000, 0x0000000083300000| Untracked 
|  52|0x0000000083400000, 0x0000000083500000, 0x0000000083500000|100%| O|  |TAMS 0x0000000083500000, 0x0000000083400000| Untracked 
|  53|0x0000000083500000, 0x0000000083600000, 0x0000000083600000|100%| O|  |TAMS 0x0000000083600000, 0x0000000083500000| Untracked 
|  54|0x0000000083600000, 0x0000000083700000, 0x0000000083700000|100%| O|  |TAMS 0x0000000083700000, 0x0000000083600000| Untracked 
|  55|0x0000000083700000, 0x0000000083800000, 0x0000000083800000|100%| O|  |TAMS 0x0000000083800000, 0x0000000083700000| Untracked 
|  56|0x0000000083800000, 0x0000000083900000, 0x0000000083900000|100%|HS|  |TAMS 0x0000000083900000, 0x0000000083800000| Complete 
|  57|0x0000000083900000, 0x0000000083a00000, 0x0000000083a00000|100%|HS|  |TAMS 0x0000000083a00000, 0x0000000083900000| Complete 
|  58|0x0000000083a00000, 0x0000000083b00000, 0x0000000083b00000|100%| O|  |TAMS 0x0000000083b00000, 0x0000000083a00000| Untracked 
|  59|0x0000000083b00000, 0x0000000083c00000, 0x0000000083c00000|100%| O|  |TAMS 0x0000000083c00000, 0x0000000083b00000| Untracked 
|  60|0x0000000083c00000, 0x0000000083d00000, 0x0000000083d00000|100%| O|  |TAMS 0x0000000083d00000, 0x0000000083c00000| Untracked 
|  61|0x0000000083d00000, 0x0000000083e00000, 0x0000000083e00000|100%| O|  |TAMS 0x0000000083e00000, 0x0000000083d00000| Untracked 
|  62|0x0000000083e00000, 0x0000000083f00000, 0x0000000083f00000|100%| O|  |TAMS 0x0000000083f00000, 0x0000000083e00000| Untracked 
|  63|0x0000000083f00000, 0x0000000084000000, 0x0000000084000000|100%|HS|  |TAMS 0x0000000083f00000, 0x0000000083f00000| Complete 
|  64|0x0000000084000000, 0x0000000084100000, 0x0000000084100000|100%| O|  |TAMS 0x0000000084100000, 0x0000000084000000| Untracked 
|  65|0x0000000084100000, 0x0000000084200000, 0x0000000084200000|100%| O|  |TAMS 0x0000000084200000, 0x0000000084100000| Untracked 
|  66|0x0000000084200000, 0x0000000084300000, 0x0000000084300000|100%| O|  |TAMS 0x0000000084300000, 0x0000000084200000| Untracked 
|  67|0x0000000084300000, 0x0000000084400000, 0x0000000084400000|100%| O|  |TAMS 0x0000000084400000, 0x0000000084300000| Untracked 
|  68|0x0000000084400000, 0x0000000084500000, 0x0000000084500000|100%| O|  |TAMS 0x0000000084500000, 0x0000000084400000| Untracked 
|  69|0x0000000084500000, 0x0000000084600000, 0x0000000084600000|100%| O|  |TAMS 0x0000000084600000, 0x0000000084500000| Untracked 
|  70|0x0000000084600000, 0x0000000084700000, 0x0000000084700000|100%| O|  |TAMS 0x0000000084700000, 0x0000000084600000| Untracked 
|  71|0x0000000084700000, 0x0000000084800000, 0x0000000084800000|100%| O|  |TAMS 0x0000000084800000, 0x0000000084700000| Untracked 
|  72|0x0000000084800000, 0x0000000084900000, 0x0000000084900000|100%| O|  |TAMS 0x0000000084900000, 0x0000000084800000| Untracked 
|  73|0x0000000084900000, 0x0000000084a00000, 0x0000000084a00000|100%| O|  |TAMS 0x0000000084a00000, 0x0000000084900000| Untracked 
|  74|0x0000000084a00000, 0x0000000084b00000, 0x0000000084b00000|100%| O|  |TAMS 0x0000000084b00000, 0x0000000084a00000| Untracked 
|  75|0x0000000084b00000, 0x0000000084c00000, 0x0000000084c00000|100%| O|  |TAMS 0x0000000084c00000, 0x0000000084b00000| Untracked 
|  76|0x0000000084c00000, 0x0000000084d00000, 0x0000000084d00000|100%| O|  |TAMS 0x0000000084d00000, 0x0000000084c00000| Untracked 
|  77|0x0000000084d00000, 0x0000000084e00000, 0x0000000084e00000|100%| O|  |TAMS 0x0000000084e00000, 0x0000000084d00000| Untracked 
|  78|0x0000000084e00000, 0x0000000084f00000, 0x0000000084f00000|100%| O|  |TAMS 0x0000000084f00000, 0x0000000084e00000| Untracked 
|  79|0x0000000084f00000, 0x0000000085000000, 0x0000000085000000|100%| O|  |TAMS 0x0000000085000000, 0x0000000084f00000| Untracked 
|  80|0x0000000085000000, 0x0000000085100000, 0x0000000085100000|100%| O|  |TAMS 0x0000000085100000, 0x0000000085000000| Untracked 
|  81|0x0000000085100000, 0x0000000085200000, 0x0000000085200000|100%| O|  |TAMS 0x0000000085200000, 0x0000000085100000| Untracked 
|  82|0x0000000085200000, 0x0000000085300000, 0x0000000085300000|100%| O|  |TAMS 0x0000000085300000, 0x0000000085200000| Untracked 
|  83|0x0000000085300000, 0x0000000085400000, 0x0000000085400000|100%|HS|  |TAMS 0x0000000085400000, 0x0000000085300000| Complete 
|  84|0x0000000085400000, 0x0000000085500000, 0x0000000085500000|100%|HC|  |TAMS 0x0000000085500000, 0x0000000085400000| Complete 
|  85|0x0000000085500000, 0x0000000085600000, 0x0000000085600000|100%|HS|  |TAMS 0x0000000085600000, 0x0000000085500000| Complete 
|  86|0x0000000085600000, 0x0000000085700000, 0x0000000085700000|100%|HC|  |TAMS 0x0000000085700000, 0x0000000085600000| Complete 
|  87|0x0000000085700000, 0x0000000085800000, 0x0000000085800000|100%| O|  |TAMS 0x0000000085800000, 0x0000000085700000| Untracked 
|  88|0x0000000085800000, 0x0000000085900000, 0x0000000085900000|100%| O|  |TAMS 0x0000000085900000, 0x0000000085800000| Untracked 
|  89|0x0000000085900000, 0x0000000085a00000, 0x0000000085a00000|100%| O|  |TAMS 0x0000000085a00000, 0x0000000085900000| Untracked 
|  90|0x0000000085a00000, 0x0000000085b00000, 0x0000000085b00000|100%| O|  |TAMS 0x0000000085b00000, 0x0000000085a00000| Untracked 
|  91|0x0000000085b00000, 0x0000000085c00000, 0x0000000085c00000|100%| O|  |TAMS 0x0000000085c00000, 0x0000000085b00000| Untracked 
|  92|0x0000000085c00000, 0x0000000085d00000, 0x0000000085d00000|100%| O|  |TAMS 0x0000000085d00000, 0x0000000085c00000| Untracked 
|  93|0x0000000085d00000, 0x0000000085e00000, 0x0000000085e00000|100%| O|  |TAMS 0x0000000085d00000, 0x0000000085d00000| Untracked 
|  94|0x0000000085e00000, 0x0000000085f00000, 0x0000000085f00000|100%| O|  |TAMS 0x0000000085e1d200, 0x0000000085e00000| Untracked 
|  95|0x0000000085f00000, 0x0000000086000000, 0x0000000086000000|100%|HS|  |TAMS 0x0000000086000000, 0x0000000085f00000| Complete 
|  96|0x0000000086000000, 0x0000000086100000, 0x0000000086100000|100%|HS|  |TAMS 0x0000000086100000, 0x0000000086000000| Complete 
|  97|0x0000000086100000, 0x0000000086200000, 0x0000000086200000|100%|HS|  |TAMS 0x0000000086200000, 0x0000000086100000| Complete 
|  98|0x0000000086200000, 0x0000000086300000, 0x0000000086300000|100%|HS|  |TAMS 0x0000000086300000, 0x0000000086200000| Complete 
|  99|0x0000000086300000, 0x0000000086400000, 0x0000000086400000|100%|HC|  |TAMS 0x0000000086400000, 0x0000000086300000| Complete 
| 100|0x0000000086400000, 0x0000000086500000, 0x0000000086500000|100%|HC|  |TAMS 0x0000000086500000, 0x0000000086400000| Complete 
| 101|0x0000000086500000, 0x0000000086600000, 0x0000000086600000|100%| O|  |TAMS 0x0000000086500000, 0x0000000086500000| Untracked 
| 102|0x0000000086600000, 0x0000000086700000, 0x0000000086700000|100%|HS|  |TAMS 0x0000000086700000, 0x0000000086600000| Complete 
| 103|0x0000000086700000, 0x0000000086800000, 0x0000000086800000|100%|HC|  |TAMS 0x0000000086800000, 0x0000000086700000| Complete 
| 104|0x0000000086800000, 0x0000000086900000, 0x0000000086900000|100%| O|  |TAMS 0x0000000086800000, 0x0000000086800000| Untracked 
| 105|0x0000000086900000, 0x0000000086a00000, 0x0000000086a00000|100%| O|  |TAMS 0x0000000086900000, 0x0000000086900000| Untracked 
| 106|0x0000000086a00000, 0x0000000086b00000, 0x0000000086b00000|100%| O|  |TAMS 0x0000000086a00000, 0x0000000086a00000| Untracked 
| 107|0x0000000086b00000, 0x0000000086c00000, 0x0000000086c00000|100%| O|  |TAMS 0x0000000086b00000, 0x0000000086b00000| Untracked 
| 108|0x0000000086c00000, 0x0000000086d00000, 0x0000000086d00000|100%| O|  |TAMS 0x0000000086c00000, 0x0000000086c00000| Untracked 
| 109|0x0000000086d00000, 0x0000000086e00000, 0x0000000086e00000|100%| O|  |TAMS 0x0000000086d00000, 0x0000000086d00000| Untracked 
| 110|0x0000000086e00000, 0x0000000086f00000, 0x0000000086f00000|100%| O|  |TAMS 0x0000000086e00000, 0x0000000086e00000| Untracked 
| 111|0x0000000086f00000, 0x0000000087000000, 0x0000000087000000|100%| O|  |TAMS 0x0000000086f00000, 0x0000000086f00000| Untracked 
| 112|0x0000000087000000, 0x0000000087100000, 0x0000000087100000|100%| O|  |TAMS 0x0000000087000000, 0x0000000087000000| Untracked 
| 113|0x0000000087100000, 0x0000000087200000, 0x0000000087200000|100%| O|  |TAMS 0x0000000087100000, 0x0000000087100000| Untracked 
| 114|0x0000000087200000, 0x0000000087300000, 0x0000000087300000|100%| O|  |TAMS 0x0000000087200000, 0x0000000087200000| Untracked 
| 115|0x0000000087300000, 0x0000000087400000, 0x0000000087400000|100%| O|  |TAMS 0x0000000087300000, 0x0000000087300000| Untracked 
| 116|0x0000000087400000, 0x0000000087500000, 0x0000000087500000|100%| O|  |TAMS 0x0000000087400000, 0x0000000087400000| Untracked 
| 117|0x0000000087500000, 0x0000000087600000, 0x0000000087600000|100%| O|  |TAMS 0x0000000087500000, 0x0000000087500000| Untracked 
| 118|0x0000000087600000, 0x0000000087700000, 0x0000000087700000|100%| O|  |TAMS 0x0000000087600000, 0x0000000087600000| Untracked 
| 119|0x0000000087700000, 0x0000000087800000, 0x0000000087800000|100%|HS|  |TAMS 0x0000000087700000, 0x0000000087700000| Complete 
| 120|0x0000000087800000, 0x0000000087900000, 0x0000000087900000|100%|HC|  |TAMS 0x0000000087800000, 0x0000000087800000| Complete 
| 121|0x0000000087900000, 0x0000000087a00000, 0x0000000087a00000|100%|HS|  |TAMS 0x0000000087900000, 0x0000000087900000| Complete 
| 122|0x0000000087a00000, 0x0000000087b00000, 0x0000000087b00000|100%|HC|  |TAMS 0x0000000087a00000, 0x0000000087a00000| Complete 
| 123|0x0000000087b00000, 0x0000000087c00000, 0x0000000087c00000|100%|HC|  |TAMS 0x0000000087b00000, 0x0000000087b00000| Complete 
| 124|0x0000000087c00000, 0x0000000087d00000, 0x0000000087d00000|100%|HC|  |TAMS 0x0000000087c00000, 0x0000000087c00000| Complete 
| 125|0x0000000087d00000, 0x0000000087e00000, 0x0000000087e00000|100%| O|  |TAMS 0x0000000087d00000, 0x0000000087d00000| Untracked 
| 126|0x0000000087e00000, 0x0000000087f00000, 0x0000000087f00000|100%| O|  |TAMS 0x0000000087e00000, 0x0000000087e00000| Untracked 
| 127|0x0000000087f00000, 0x0000000088000000, 0x0000000088000000|100%|HS|  |TAMS 0x0000000087f00000, 0x0000000087f00000| Complete 
| 128|0x0000000088000000, 0x0000000088100000, 0x0000000088100000|100%|HS|  |TAMS 0x0000000088000000, 0x0000000088000000| Complete 
| 129|0x0000000088100000, 0x0000000088200000, 0x0000000088200000|100%| O|  |TAMS 0x0000000088100000, 0x0000000088100000| Untracked 
| 130|0x0000000088200000, 0x0000000088300000, 0x0000000088300000|100%| O|  |TAMS 0x0000000088200000, 0x0000000088200000| Untracked 
| 131|0x0000000088300000, 0x0000000088400000, 0x0000000088400000|100%| O|  |TAMS 0x0000000088300000, 0x0000000088300000| Untracked 
| 132|0x0000000088400000, 0x0000000088500000, 0x0000000088500000|100%| O|  |TAMS 0x0000000088400000, 0x0000000088400000| Untracked 
| 133|0x0000000088500000, 0x0000000088600000, 0x0000000088600000|100%| O|  |TAMS 0x0000000088500000, 0x0000000088500000| Untracked 
| 134|0x0000000088600000, 0x0000000088700000, 0x0000000088700000|100%| O|  |TAMS 0x0000000088600000, 0x0000000088600000| Untracked 
| 135|0x0000000088700000, 0x0000000088800000, 0x0000000088800000|100%| O|  |TAMS 0x0000000088700000, 0x0000000088700000| Untracked 
| 136|0x0000000088800000, 0x0000000088900000, 0x0000000088900000|100%| O|  |TAMS 0x0000000088800000, 0x0000000088800000| Untracked 
| 137|0x0000000088900000, 0x0000000088a00000, 0x0000000088a00000|100%| O|  |TAMS 0x0000000088900000, 0x0000000088900000| Untracked 
| 138|0x0000000088a00000, 0x0000000088b00000, 0x0000000088b00000|100%| O|  |TAMS 0x0000000088a00000, 0x0000000088a00000| Untracked 
| 139|0x0000000088b00000, 0x0000000088c00000, 0x0000000088c00000|100%| O|  |TAMS 0x0000000088b00000, 0x0000000088b00000| Untracked 
| 140|0x0000000088c00000, 0x0000000088d00000, 0x0000000088d00000|100%| O|  |TAMS 0x0000000088c00000, 0x0000000088c00000| Untracked 
| 141|0x0000000088d00000, 0x0000000088e00000, 0x0000000088e00000|100%| O|  |TAMS 0x0000000088d00000, 0x0000000088d00000| Untracked 
| 142|0x0000000088e00000, 0x0000000088f00000, 0x0000000088f00000|100%| O|  |TAMS 0x0000000088e00000, 0x0000000088e00000| Untracked 
| 143|0x0000000088f00000, 0x0000000089000000, 0x0000000089000000|100%| O|  |TAMS 0x0000000088f00000, 0x0000000088f00000| Untracked 
| 144|0x0000000089000000, 0x0000000089100000, 0x0000000089100000|100%| O|  |TAMS 0x0000000089000000, 0x0000000089000000| Untracked 
| 145|0x0000000089100000, 0x0000000089200000, 0x0000000089200000|100%| O|  |TAMS 0x0000000089100000, 0x0000000089100000| Untracked 
| 146|0x0000000089200000, 0x0000000089300000, 0x0000000089300000|100%| O|  |TAMS 0x0000000089200000, 0x0000000089200000| Untracked 
| 147|0x0000000089300000, 0x0000000089400000, 0x0000000089400000|100%| O|  |TAMS 0x0000000089300000, 0x0000000089300000| Untracked 
| 148|0x0000000089400000, 0x0000000089500000, 0x0000000089500000|100%| O|  |TAMS 0x0000000089400000, 0x0000000089400000| Untracked 
| 149|0x0000000089500000, 0x0000000089600000, 0x0000000089600000|100%| O|  |TAMS 0x0000000089500000, 0x0000000089500000| Untracked 
| 150|0x0000000089600000, 0x0000000089700000, 0x0000000089700000|100%| O|  |TAMS 0x0000000089600000, 0x0000000089600000| Untracked 
| 151|0x0000000089700000, 0x0000000089800000, 0x0000000089800000|100%| O|  |TAMS 0x0000000089700000, 0x0000000089700000| Untracked 
| 152|0x0000000089800000, 0x0000000089900000, 0x0000000089900000|100%| O|  |TAMS 0x0000000089800000, 0x0000000089800000| Untracked 
| 153|0x0000000089900000, 0x0000000089a00000, 0x0000000089a00000|100%| O|  |TAMS 0x0000000089900000, 0x0000000089900000| Untracked 
| 154|0x0000000089a00000, 0x0000000089b00000, 0x0000000089b00000|100%| O|  |TAMS 0x0000000089a00000, 0x0000000089a00000| Untracked 
| 155|0x0000000089b00000, 0x0000000089bd8800, 0x0000000089c00000| 84%| O|  |TAMS 0x0000000089b00000, 0x0000000089b00000| Untracked 
| 156|0x0000000089c00000, 0x0000000089c00000, 0x0000000089d00000|  0%| F|  |TAMS 0x0000000089c00000, 0x0000000089c00000| Untracked 
| 157|0x0000000089d00000, 0x0000000089d00000, 0x0000000089e00000|  0%| F|  |TAMS 0x0000000089d00000, 0x0000000089d00000| Untracked 
| 158|0x0000000089e00000, 0x0000000089e00000, 0x0000000089f00000|  0%| F|  |TAMS 0x0000000089e00000, 0x0000000089e00000| Untracked 
| 159|0x0000000089f00000, 0x0000000089f00000, 0x000000008a000000|  0%| F|  |TAMS 0x0000000089f00000, 0x0000000089f00000| Untracked 
| 160|0x000000008a000000, 0x000000008a000000, 0x000000008a100000|  0%| F|  |TAMS 0x000000008a000000, 0x000000008a000000| Untracked 
| 161|0x000000008a100000, 0x000000008a100000, 0x000000008a200000|  0%| F|  |TAMS 0x000000008a100000, 0x000000008a100000| Untracked 
| 162|0x000000008a200000, 0x000000008a200000, 0x000000008a300000|  0%| F|  |TAMS 0x000000008a200000, 0x000000008a200000| Untracked 
| 163|0x000000008a300000, 0x000000008a300000, 0x000000008a400000|  0%| F|  |TAMS 0x000000008a300000, 0x000000008a300000| Untracked 
| 164|0x000000008a400000, 0x000000008a400000, 0x000000008a500000|  0%| F|  |TAMS 0x000000008a400000, 0x000000008a400000| Untracked 
| 165|0x000000008a500000, 0x000000008a500000, 0x000000008a600000|  0%| F|  |TAMS 0x000000008a500000, 0x000000008a500000| Untracked 
| 166|0x000000008a600000, 0x000000008a600000, 0x000000008a700000|  0%| F|  |TAMS 0x000000008a600000, 0x000000008a600000| Untracked 
| 167|0x000000008a700000, 0x000000008a700000, 0x000000008a800000|  0%| F|  |TAMS 0x000000008a700000, 0x000000008a700000| Untracked 
| 168|0x000000008a800000, 0x000000008a800000, 0x000000008a900000|  0%| F|  |TAMS 0x000000008a800000, 0x000000008a800000| Untracked 
| 169|0x000000008a900000, 0x000000008a900000, 0x000000008aa00000|  0%| F|  |TAMS 0x000000008a900000, 0x000000008a900000| Untracked 
| 170|0x000000008aa00000, 0x000000008aa00000, 0x000000008ab00000|  0%| F|  |TAMS 0x000000008aa00000, 0x000000008aa00000| Untracked 
| 171|0x000000008ab00000, 0x000000008ab00000, 0x000000008ac00000|  0%| F|  |TAMS 0x000000008ab00000, 0x000000008ab00000| Untracked 
| 172|0x000000008ac00000, 0x000000008ac00000, 0x000000008ad00000|  0%| F|  |TAMS 0x000000008ac00000, 0x000000008ac00000| Untracked 
| 173|0x000000008ad00000, 0x000000008ad00000, 0x000000008ae00000|  0%| F|  |TAMS 0x000000008ad00000, 0x000000008ad00000| Untracked 
| 174|0x000000008ae00000, 0x000000008ae00000, 0x000000008af00000|  0%| F|  |TAMS 0x000000008ae00000, 0x000000008ae00000| Untracked 
| 175|0x000000008af00000, 0x000000008af00000, 0x000000008b000000|  0%| F|  |TAMS 0x000000008af00000, 0x000000008af00000| Untracked 
| 176|0x000000008b000000, 0x000000008b000000, 0x000000008b100000|  0%| F|  |TAMS 0x000000008b000000, 0x000000008b000000| Untracked 
| 177|0x000000008b100000, 0x000000008b100000, 0x000000008b200000|  0%| F|  |TAMS 0x000000008b100000, 0x000000008b100000| Untracked 
| 178|0x000000008b200000, 0x000000008b200000, 0x000000008b300000|  0%| F|  |TAMS 0x000000008b200000, 0x000000008b200000| Untracked 
| 179|0x000000008b300000, 0x000000008b400000, 0x000000008b400000|100%| S|CS|TAMS 0x000000008b300000, 0x000000008b300000| Complete 
| 180|0x000000008b400000, 0x000000008b500000, 0x000000008b500000|100%| S|CS|TAMS 0x000000008b400000, 0x000000008b400000| Complete 
| 181|0x000000008b500000, 0x000000008b500000, 0x000000008b600000|  0%| F|  |TAMS 0x000000008b500000, 0x000000008b500000| Untracked 
| 182|0x000000008b600000, 0x000000008b600000, 0x000000008b700000|  0%| F|  |TAMS 0x000000008b600000, 0x000000008b600000| Untracked 
| 183|0x000000008b700000, 0x000000008b800000, 0x000000008b800000|100%| S|CS|TAMS 0x000000008b700000, 0x000000008b700000| Complete 
| 184|0x000000008b800000, 0x000000008b900000, 0x000000008b900000|100%| S|CS|TAMS 0x000000008b800000, 0x000000008b800000| Complete 
| 185|0x000000008b900000, 0x000000008b900000, 0x000000008ba00000|  0%| F|  |TAMS 0x000000008b900000, 0x000000008b900000| Untracked 
| 186|0x000000008ba00000, 0x000000008ba00000, 0x000000008bb00000|  0%| F|  |TAMS 0x000000008ba00000, 0x000000008ba00000| Untracked 
| 187|0x000000008bb00000, 0x000000008bb00000, 0x000000008bc00000|  0%| F|  |TAMS 0x000000008bb00000, 0x000000008bb00000| Untracked 
| 188|0x000000008bc00000, 0x000000008bc00000, 0x000000008bd00000|  0%| F|  |TAMS 0x000000008bc00000, 0x000000008bc00000| Untracked 
| 189|0x000000008bd00000, 0x000000008bd00000, 0x000000008be00000|  0%| F|  |TAMS 0x000000008bd00000, 0x000000008bd00000| Untracked 
| 190|0x000000008be00000, 0x000000008be00000, 0x000000008bf00000|  0%| F|  |TAMS 0x000000008be00000, 0x000000008be00000| Untracked 
| 191|0x000000008bf00000, 0x000000008bffcc90, 0x000000008c000000| 98%| E|  |TAMS 0x000000008bf00000, 0x000000008bf00000| Complete 
| 192|0x000000008c000000, 0x000000008c100000, 0x000000008c100000|100%| E|CS|TAMS 0x000000008c000000, 0x000000008c000000| Complete 
| 193|0x000000008c100000, 0x000000008c200000, 0x000000008c200000|100%| E|CS|TAMS 0x000000008c100000, 0x000000008c100000| Complete 
| 194|0x000000008c200000, 0x000000008c300000, 0x000000008c300000|100%| E|CS|TAMS 0x000000008c200000, 0x000000008c200000| Complete 
| 195|0x000000008c300000, 0x000000008c400000, 0x000000008c400000|100%| E|CS|TAMS 0x000000008c300000, 0x000000008c300000| Complete 
| 196|0x000000008c400000, 0x000000008c500000, 0x000000008c500000|100%| E|CS|TAMS 0x000000008c400000, 0x000000008c400000| Complete 
| 197|0x000000008c500000, 0x000000008c600000, 0x000000008c600000|100%| E|CS|TAMS 0x000000008c500000, 0x000000008c500000| Complete 
| 198|0x000000008c600000, 0x000000008c700000, 0x000000008c700000|100%| E|CS|TAMS 0x000000008c600000, 0x000000008c600000| Complete 
| 199|0x000000008c700000, 0x000000008c800000, 0x000000008c800000|100%| E|CS|TAMS 0x000000008c700000, 0x000000008c700000| Complete 
| 200|0x000000008c800000, 0x000000008c900000, 0x000000008c900000|100%| E|CS|TAMS 0x000000008c800000, 0x000000008c800000| Complete 
| 201|0x000000008c900000, 0x000000008ca00000, 0x000000008ca00000|100%| E|CS|TAMS 0x000000008c900000, 0x000000008c900000| Complete 
| 202|0x000000008ca00000, 0x000000008cb00000, 0x000000008cb00000|100%| E|CS|TAMS 0x000000008ca00000, 0x000000008ca00000| Complete 
| 203|0x000000008cb00000, 0x000000008cc00000, 0x000000008cc00000|100%| E|CS|TAMS 0x000000008cb00000, 0x000000008cb00000| Complete 
| 204|0x000000008cc00000, 0x000000008cd00000, 0x000000008cd00000|100%| E|CS|TAMS 0x000000008cc00000, 0x000000008cc00000| Complete 
| 205|0x000000008cd00000, 0x000000008ce00000, 0x000000008ce00000|100%| E|CS|TAMS 0x000000008cd00000, 0x000000008cd00000| Complete 
| 206|0x000000008ce00000, 0x000000008cf00000, 0x000000008cf00000|100%| E|CS|TAMS 0x000000008ce00000, 0x000000008ce00000| Complete 
| 207|0x000000008cf00000, 0x000000008d000000, 0x000000008d000000|100%| E|CS|TAMS 0x000000008cf00000, 0x000000008cf00000| Complete 
| 208|0x000000008d000000, 0x000000008d100000, 0x000000008d100000|100%| E|CS|TAMS 0x000000008d000000, 0x000000008d000000| Complete 

Card table byte_map: [0x0000023680400000,0x0000023680800000] _byte_map_base: 0x0000023680000000

Marking Bits (Prev, Next): (CMBitMap*) 0x00000236e947b3a0, (CMBitMap*) 0x00000236e947b3e0
 Prev Bits: [0x0000023680c00000, 0x0000023682c00000)
 Next Bits: [0x0000023682c00000, 0x0000023684c00000)

Polling page: 0x00000236e8bf0000

Metaspace:

Usage:
  Non-class:     80.07 MB used.
      Class:     12.84 MB used.
       Both:     92.91 MB used.

Virtual space:
  Non-class space:      128.00 MB reserved,      80.56 MB ( 63%) committed,  2 nodes.
      Class space:      416.00 MB reserved,      13.31 MB (  3%) committed,  1 nodes.
             Both:      544.00 MB reserved,      93.88 MB ( 17%) committed. 

Chunk freelists:
   Non-Class:  14.80 MB
       Class:  2.72 MB
        Both:  17.51 MB

MaxMetaspaceSize: 512.00 MB
CompressedClassSpaceSize: 416.00 MB
Initial GC threshold: 21.00 MB
Current GC threshold: 139.06 MB
CDS: on
MetaspaceReclaimPolicy: balanced
 - commit_granule_bytes: 65536.
 - commit_granule_words: 8192.
 - virtual_space_node_default_size: 8388608.
 - enlarge_chunks_in_place: 1.
 - new_chunks_are_fully_committed: 0.
 - uncommit_free_chunks: 1.
 - use_allocation_guard: 0.
 - handle_deallocations: 1.


Internal statistics:

num_allocs_failed_limit: 6.
num_arena_births: 1198.
num_arena_deaths: 0.
num_vsnodes_births: 3.
num_vsnodes_deaths: 0.
num_space_committed: 1502.
num_space_uncommitted: 0.
num_chunks_returned_to_freelist: 6.
num_chunks_taken_from_freelist: 5332.
num_chunk_merges: 6.
num_chunk_splits: 3515.
num_chunks_enlarged: 2324.
num_purges: 0.
num_inconsistent_stats: 0.

CodeHeap 'non-profiled nmethods': size=120000Kb used=8156Kb max_used=8156Kb free=111843Kb
 bounds [0x00000236f8790000, 0x00000236f8f90000, 0x00000236ffcc0000]
CodeHeap 'profiled nmethods': size=120000Kb used=25490Kb max_used=25534Kb free=94509Kb
 bounds [0x00000236f0cc0000, 0x00000236f25b0000, 0x00000236f81f0000]
CodeHeap 'non-nmethods': size=5760Kb used=2394Kb max_used=2473Kb free=3365Kb
 bounds [0x00000236f81f0000, 0x00000236f8480000, 0x00000236f8790000]
 total_blobs=13519 nmethods=12586 adapters=845
 compilation: enabled
              stopped_count=0, restarted_count=0
 full_count=0

Compilation events (20 events):
Event: 133.750 Thread 0x000002368762ffa0 13950       1       org.gradle.internal.logging.events.StyledTextOutputEvent$Span::getStyle (5 bytes)
Event: 133.750 Thread 0x000002368762ffa0 nmethod 13950 0x00000236f8f84e10 code [0x00000236f8f84fa0, 0x00000236f8f85078]
Event: 133.750 Thread 0x000002368762ffa0 13951       3       org.gradle.internal.logging.events.StyledTextOutputEvent::<init> (24 bytes)
Event: 133.750 Thread 0x000002368762ffa0 nmethod 13951 0x00000236f25ade90 code [0x00000236f25ae040, 0x00000236f25ae278]
Event: 133.750 Thread 0x000002368762ffa0 13952       3       org.gradle.internal.operations.CurrentBuildOperationRef::getId (20 bytes)
Event: 133.751 Thread 0x000002368762ffa0 nmethod 13952 0x00000236f25ae390 code [0x00000236f25ae560, 0x00000236f25aea08]
Event: 133.752 Thread 0x000002368762f500 nmethod 13928 0x00000236f8f85110 code [0x00000236f8f852c0, 0x00000236f8f859b8]
Event: 133.752 Thread 0x000002368762ffa0 13953       1       org.gradle.internal.logging.events.StyledTextOutputEvent$Span::getText (5 bytes)
Event: 133.752 Thread 0x000002368762f500 13929       4       org.gradle.internal.logging.text.AbstractLineChoppingStyledTextOutput$2::execute (77 bytes)
Event: 133.752 Thread 0x000002368762ffa0 nmethod 13953 0x00000236f8f85f90 code [0x00000236f8f86120, 0x00000236f8f861f8]
Event: 133.752 Thread 0x000002368762ffa0 13954       3       org.gradle.internal.logging.services.LoggingBackedStyledTextOutput::doStyleChange (52 bytes)
Event: 133.753 Thread 0x000002368762ffa0 nmethod 13954 0x00000236f25aec10 code [0x00000236f25aee20, 0x00000236f25af5b8]
Event: 133.758 Thread 0x000002368762f500 nmethod 13929 0x00000236f8f86290 code [0x00000236f8f86440, 0x00000236f8f868f8]
Event: 133.758 Thread 0x000002368762f500 13955       4       org.gradle.internal.logging.sink.OutputEventTransformer::onOutput (399 bytes)
Event: 133.759 Thread 0x000002368762ffa0 13956       3       org.gradle.internal.serialize.BaseSerializerFactory$EnumSerializer::write (10 bytes)
Event: 133.759 Thread 0x000002368762ffa0 nmethod 13956 0x00000236f11e8790 code [0x00000236f11e8940, 0x00000236f11e8ca8]
Event: 133.763 Thread 0x000002368762ffa0 13957       3       org.gradle.internal.serialize.kryo.KryoBackedEncoder::writeSmallLong (11 bytes)
Event: 133.763 Thread 0x000002368762ffa0 nmethod 13957 0x00000236f11ca790 code [0x00000236f11ca940, 0x00000236f11cab08]
Event: 133.764 Thread 0x000002368762ffa0 13958       1       org.gradle.internal.logging.text.AbstractStyledTextOutput::getStyle (5 bytes)
Event: 133.764 Thread 0x000002368762ffa0 nmethod 13958 0x00000236f8f86d90 code [0x00000236f8f86f20, 0x00000236f8f86ff8]

GC Heap History (20 events):
Event: 119.937 GC heap before
{Heap before GC invocations=49 (full 0):
 garbage-first heap   total 155648K, used 135173K [0x0000000080000000, 0x0000000100000000)
  region size 1024K, 30 young (30720K), 6 survivors (6144K)
 Metaspace       used 84163K, committed 84928K, reserved 557056K
  class space    used 11668K, committed 12032K, reserved 425984K
}
Event: 120.005 GC heap after
{Heap after GC invocations=50 (full 0):
 garbage-first heap   total 155648K, used 118490K [0x0000000080000000, 0x0000000100000000)
  region size 1024K, 4 young (4096K), 4 survivors (4096K)
 Metaspace       used 84163K, committed 84928K, reserved 557056K
  class space    used 11668K, committed 12032K, reserved 425984K
}
Event: 120.951 GC heap before
{Heap before GC invocations=51 (full 0):
 garbage-first heap   total 214016K, used 128730K [0x0000000080000000, 0x0000000100000000)
  region size 1024K, 14 young (14336K), 4 survivors (4096K)
 Metaspace       used 84714K, committed 85568K, reserved 557056K
  class space    used 11747K, committed 12160K, reserved 425984K
}
Event: 120.958 GC heap after
{Heap after GC invocations=52 (full 0):
 garbage-first heap   total 214016K, used 120811K [0x0000000080000000, 0x0000000100000000)
  region size 1024K, 2 young (2048K), 2 survivors (2048K)
 Metaspace       used 84714K, committed 85568K, reserved 557056K
  class space    used 11747K, committed 12160K, reserved 425984K
}
Event: 121.458 GC heap before
{Heap before GC invocations=52 (full 0):
 garbage-first heap   total 214016K, used 129003K [0x0000000080000000, 0x0000000100000000)
  region size 1024K, 10 young (10240K), 2 survivors (2048K)
 Metaspace       used 84945K, committed 85760K, reserved 557056K
  class space    used 11772K, committed 12160K, reserved 425984K
}
Event: 121.466 GC heap after
{Heap after GC invocations=53 (full 0):
 garbage-first heap   total 214016K, used 121465K [0x0000000080000000, 0x0000000100000000)
  region size 1024K, 2 young (2048K), 2 survivors (2048K)
 Metaspace       used 84945K, committed 85760K, reserved 557056K
  class space    used 11772K, committed 12160K, reserved 425984K
}
Event: 123.886 GC heap before
{Heap before GC invocations=53 (full 0):
 garbage-first heap   total 214016K, used 175737K [0x0000000080000000, 0x0000000100000000)
  region size 1024K, 48 young (49152K), 2 survivors (2048K)
 Metaspace       used 87176K, committed 88064K, reserved 557056K
  class space    used 12057K, committed 12480K, reserved 425984K
}
Event: 123.893 GC heap after
{Heap after GC invocations=54 (full 0):
 garbage-first heap   total 214016K, used 135694K [0x0000000080000000, 0x0000000100000000)
  region size 1024K, 6 young (6144K), 6 survivors (6144K)
 Metaspace       used 87176K, committed 88064K, reserved 557056K
  class space    used 12057K, committed 12480K, reserved 425984K
}
Event: 125.273 GC heap before
{Heap before GC invocations=54 (full 0):
 garbage-first heap   total 214016K, used 172558K [0x0000000080000000, 0x0000000100000000)
  region size 1024K, 41 young (41984K), 6 survivors (6144K)
 Metaspace       used 88067K, committed 88960K, reserved 557056K
  class space    used 12174K, committed 12608K, reserved 425984K
}
Event: 125.280 GC heap after
{Heap after GC invocations=55 (full 0):
 garbage-first heap   total 214016K, used 145141K [0x0000000080000000, 0x0000000100000000)
  region size 1024K, 6 young (6144K), 6 survivors (6144K)
 Metaspace       used 88067K, committed 88960K, reserved 557056K
  class space    used 12174K, committed 12608K, reserved 425984K
}
Event: 126.530 GC heap before
{Heap before GC invocations=55 (full 0):
 garbage-first heap   total 214016K, used 173813K [0x0000000080000000, 0x0000000100000000)
  region size 1024K, 34 young (34816K), 6 survivors (6144K)
 Metaspace       used 89138K, committed 89984K, reserved 557056K
  class space    used 12353K, committed 12736K, reserved 425984K
}
Event: 126.548 GC heap after
{Heap after GC invocations=56 (full 0):
 garbage-first heap   total 214016K, used 150215K [0x0000000080000000, 0x0000000100000000)
  region size 1024K, 5 young (5120K), 5 survivors (5120K)
 Metaspace       used 89138K, committed 89984K, reserved 557056K
  class space    used 12353K, committed 12736K, reserved 425984K
}
Event: 127.204 GC heap before
{Heap before GC invocations=56 (full 0):
 garbage-first heap   total 214016K, used 176839K [0x0000000080000000, 0x0000000100000000)
  region size 1024K, 31 young (31744K), 5 survivors (5120K)
 Metaspace       used 90619K, committed 91520K, reserved 557056K
  class space    used 12557K, committed 12992K, reserved 425984K
}
Event: 127.211 GC heap after
{Heap after GC invocations=57 (full 0):
 garbage-first heap   total 214016K, used 151834K [0x0000000080000000, 0x0000000100000000)
  region size 1024K, 2 young (2048K), 2 survivors (2048K)
 Metaspace       used 90619K, committed 91520K, reserved 557056K
  class space    used 12557K, committed 12992K, reserved 425984K
}
Event: 127.961 GC heap before
{Heap before GC invocations=57 (full 0):
 garbage-first heap   total 214016K, used 178458K [0x0000000080000000, 0x0000000100000000)
  region size 1024K, 28 young (28672K), 2 survivors (2048K)
 Metaspace       used 92345K, committed 93184K, reserved 557056K
  class space    used 12796K, committed 13184K, reserved 425984K
}
Event: 127.965 GC heap after
{Heap after GC invocations=58 (full 0):
 garbage-first heap   total 214016K, used 153431K [0x0000000080000000, 0x0000000100000000)
  region size 1024K, 4 young (4096K), 4 survivors (4096K)
 Metaspace       used 92345K, committed 93184K, reserved 557056K
  class space    used 12796K, committed 13184K, reserved 425984K
}
Event: 128.877 GC heap before
{Heap before GC invocations=58 (full 0):
 garbage-first heap   total 214016K, used 180055K [0x0000000080000000, 0x0000000100000000)
  region size 1024K, 30 young (30720K), 4 survivors (4096K)
 Metaspace       used 93381K, committed 94336K, reserved 557056K
  class space    used 12936K, committed 13376K, reserved 425984K
}
Event: 128.884 GC heap after
{Heap after GC invocations=59 (full 0):
 garbage-first heap   total 214016K, used 157025K [0x0000000080000000, 0x0000000100000000)
  region size 1024K, 4 young (4096K), 4 survivors (4096K)
 Metaspace       used 93381K, committed 94336K, reserved 557056K
  class space    used 12936K, committed 13376K, reserved 425984K
}
Event: 130.745 GC heap before
{Heap before GC invocations=59 (full 0):
 garbage-first heap   total 214016K, used 181601K [0x0000000080000000, 0x0000000100000000)
  region size 1024K, 28 young (28672K), 4 survivors (4096K)
 Metaspace       used 94281K, committed 95232K, reserved 557056K
  class space    used 13034K, committed 13440K, reserved 425984K
}
Event: 130.757 GC heap after
{Heap after GC invocations=60 (full 0):
 garbage-first heap   total 214016K, used 163570K [0x0000000080000000, 0x0000000100000000)
  region size 1024K, 4 young (4096K), 4 survivors (4096K)
 Metaspace       used 94281K, committed 95232K, reserved 557056K
  class space    used 13034K, committed 13440K, reserved 425984K
}

Deoptimization events (20 events):
Event: 133.682 Thread 0x00000236a9fa00d0 Uncommon trap: trap_request=0xffffffc6 fr.pc=0x00000236f8d730fc relative=0x000000000000039c
Event: 133.682 Thread 0x00000236a9fa00d0 Uncommon trap: reason=bimorphic_or_optimized_type_check action=maybe_recompile pc=0x00000236f8d730fc method=org.gradle.internal.logging.sink.OutputEventRenderer.onOutput(Lorg/gradle/internal/logging/events/OutputEvent;)V @ 1 c2
Event: 133.682 Thread 0x00000236a9fa00d0 DEOPT PACKING pc=0x00000236f8d730fc sp=0x000000658a7fa0e0
Event: 133.682 Thread 0x00000236a9fa00d0 DEOPT UNPACKING pc=0x00000236f82423a3 sp=0x000000658a7fa038 mode 2
Event: 133.682 Thread 0x00000236a9fa00d0 Uncommon trap: trap_request=0xffffffde fr.pc=0x00000236f8d60dbc relative=0x0000000000002f1c
Event: 133.682 Thread 0x00000236a9fa00d0 Uncommon trap: reason=class_check action=maybe_recompile pc=0x00000236f8d60dbc method=org.gradle.internal.logging.sink.OutputEventTransformer.onOutput(Lorg/gradle/internal/logging/events/OutputEvent;)V @ 225 c2
Event: 133.682 Thread 0x00000236a9fa00d0 DEOPT PACKING pc=0x00000236f8d60dbc sp=0x000000658a7f9fa0
Event: 133.682 Thread 0x00000236a9fa00d0 DEOPT UNPACKING pc=0x00000236f82423a3 sp=0x000000658a7f9f98 mode 2
Event: 133.682 Thread 0x00000236a9fa00d0 Uncommon trap: trap_request=0xffffffc6 fr.pc=0x00000236f8d730fc relative=0x000000000000039c
Event: 133.682 Thread 0x00000236a9fa00d0 Uncommon trap: reason=bimorphic_or_optimized_type_check action=maybe_recompile pc=0x00000236f8d730fc method=org.gradle.internal.logging.sink.OutputEventRenderer.onOutput(Lorg/gradle/internal/logging/events/OutputEvent;)V @ 1 c2
Event: 133.682 Thread 0x00000236a9fa00d0 DEOPT PACKING pc=0x00000236f8d730fc sp=0x000000658a7fa150
Event: 133.682 Thread 0x00000236a9fa00d0 DEOPT UNPACKING pc=0x00000236f82423a3 sp=0x000000658a7fa0a8 mode 2
Event: 133.682 Thread 0x00000236a9fa00d0 Uncommon trap: trap_request=0xffffffde fr.pc=0x00000236f8d60dbc relative=0x0000000000002f1c
Event: 133.682 Thread 0x00000236a9fa00d0 Uncommon trap: reason=class_check action=maybe_recompile pc=0x00000236f8d60dbc method=org.gradle.internal.logging.sink.OutputEventTransformer.onOutput(Lorg/gradle/internal/logging/events/OutputEvent;)V @ 225 c2
Event: 133.683 Thread 0x00000236a9fa00d0 DEOPT PACKING pc=0x00000236f8d60dbc sp=0x000000658a7fa010
Event: 133.683 Thread 0x00000236a9fa00d0 DEOPT UNPACKING pc=0x00000236f82423a3 sp=0x000000658a7fa008 mode 2
Event: 133.686 Thread 0x00000236a9fa00d0 Uncommon trap: trap_request=0xffffffc6 fr.pc=0x00000236f8d66168 relative=0x00000000000002a8
Event: 133.686 Thread 0x00000236a9fa00d0 Uncommon trap: reason=bimorphic_or_optimized_type_check action=maybe_recompile pc=0x00000236f8d66168 method=org.gradle.internal.logging.sink.OutputEventRenderer.onOutput(Lorg/gradle/internal/logging/events/OutputEvent;)V @ 1 c2
Event: 133.686 Thread 0x00000236a9fa00d0 DEOPT PACKING pc=0x00000236f8d66168 sp=0x000000658a7fa0f0
Event: 133.686 Thread 0x00000236a9fa00d0 DEOPT UNPACKING pc=0x00000236f82423a3 sp=0x000000658a7fa0a8 mode 2

Classes unloaded (0 events):
No events

Classes redefined (0 events):
No events

Internal exceptions (20 events):
Event: 123.585 Thread 0x00000236a8524610 Exception <a 'java/lang/ClassNotFoundException'{0x000000008a5696c0}: org/jetbrains/kotlin/gradle/plugin/sources/DefaultKotlinSourceSetCustomizer> (0x000000008a5696c0) 
thrown [s\open\src\hotspot\share\classfile\systemDictionary.cpp, line 256]
Event: 123.591 Thread 0x00000236a8524610 Exception <a 'java/lang/ClassNotFoundException'{0x000000008a5b24a8}: org/jetbrains/kotlin/gradle/plugin/sources/DefaultKotlinSourceSet_DecoratedCustomizer> (0x000000008a5b24a8) 
thrown [s\open\src\hotspot\share\classfile\systemDictionary.cpp, line 256]
Event: 123.602 Thread 0x00000236a8524610 Exception <a 'java/lang/ClassNotFoundException'{0x000000008a412b98}: build_b2lubf6nycjlbw5ajhfv7t0xm$_run_closure1$_closure8BeanInfo> (0x000000008a412b98) 
thrown [s\open\src\hotspot\share\classfile\systemDictionary.cpp, line 256]
Event: 123.603 Thread 0x00000236a8524610 Exception <a 'java/lang/ClassNotFoundException'{0x000000008a41e4b0}: build_b2lubf6nycjlbw5ajhfv7t0xm$_run_closure1$_closure8Customizer> (0x000000008a41e4b0) 
thrown [s\open\src\hotspot\share\classfile\systemDictionary.cpp, line 256]
Event: 124.083 Thread 0x00000236a8524610 Exception <a 'java/lang/NoClassDefFoundError'{0x000000008cb165f0}: org/jetbrains/kotlin/gradle/plugin/KotlinBasePluginWrapper> (0x000000008cb165f0) 
thrown [s\open\src\hotspot\share\oops\constantPool.cpp, line 835]
Event: 124.334 Thread 0x00000236a8524610 Exception <a 'java/lang/ClassNotFoundException'{0x000000008c863d60}: build_bhtyommingngyc1yzm2z3zh3xBeanInfo> (0x000000008c863d60) 
thrown [s\open\src\hotspot\share\classfile\systemDictionary.cpp, line 256]
Event: 124.335 Thread 0x00000236a8524610 Exception <a 'java/lang/ClassNotFoundException'{0x000000008c86a5e0}: build_bhtyommingngyc1yzm2z3zh3xCustomizer> (0x000000008c86a5e0) 
thrown [s\open\src\hotspot\share\classfile\systemDictionary.cpp, line 256]
Event: 124.858 Thread 0x00000236a8524610 Exception <a 'java/lang/ClassNotFoundException'{0x000000008b54f8e8}: build_bhtyommingngyc1yzm2z3zh3xBeanInfo> (0x000000008b54f8e8) 
thrown [s\open\src\hotspot\share\classfile\systemDictionary.cpp, line 256]
Event: 124.858 Thread 0x00000236a8524610 Exception <a 'java/lang/ClassNotFoundException'{0x000000008b556108}: build_bhtyommingngyc1yzm2z3zh3xCustomizer> (0x000000008b556108) 
thrown [s\open\src\hotspot\share\classfile\systemDictionary.cpp, line 256]
Event: 125.212 Thread 0x00000236a8524610 Exception <a 'java/lang/ClassNotFoundException'{0x000000008afa1cd8}: build_bhtyommingngyc1yzm2z3zh3x$_run_closure1BeanInfo> (0x000000008afa1cd8) 
thrown [s\open\src\hotspot\share\classfile\systemDictionary.cpp, line 256]
Event: 125.213 Thread 0x00000236a8524610 Exception <a 'java/lang/ClassNotFoundException'{0x000000008afad6b8}: build_bhtyommingngyc1yzm2z3zh3x$_run_closure1Customizer> (0x000000008afad6b8) 
thrown [s\open\src\hotspot\share\classfile\systemDictionary.cpp, line 256]
Event: 125.314 Thread 0x00000236a8524610 Exception <a 'java/lang/NoClassDefFoundError'{0x000000008cf2fbb0}: org/jetbrains/kotlin/gradle/plugin/KotlinBasePluginWrapper> (0x000000008cf2fbb0) 
thrown [s\open\src\hotspot\share\oops\constantPool.cpp, line 835]
Event: 126.191 Thread 0x00000236a9fa00d0 Exception <a 'java/lang/NoSuchMethodError'{0x000000008c02e038}: 'void java.lang.invoke.DirectMethodHandle$Holder.invokeVirtual(java.lang.Object, java.lang.Object)'> (0x000000008c02e038) 
thrown [s\open\src\hotspot\share\interpreter\linkResolver.cpp, line 759]
Event: 127.186 Thread 0x00000236a9fa00d0 Implicit null exception at 0x00000236f8ea2856 to 0x00000236f8ea324c
Event: 127.203 Thread 0x00000236a9fa00d0 Implicit null exception at 0x00000236f8ea3b12 to 0x00000236f8ea4394
Event: 127.245 Thread 0x00000236a9fa00d0 Implicit null exception at 0x00000236f8ea64cb to 0x00000236f8ea70c8
Event: 127.255 Thread 0x00000236a9fa00d0 Implicit null exception at 0x00000236f8ea8ea9 to 0x00000236f8ea96c4
Event: 127.285 Thread 0x00000236a9fa00d0 Implicit null exception at 0x00000236f8eabb72 to 0x00000236f8eac344
Event: 127.327 Thread 0x00000236a9fa00d0 Implicit null exception at 0x00000236f8eada68 to 0x00000236f8eae9b0
Event: 127.332 Thread 0x00000236a9fa00d0 Implicit null exception at 0x00000236f8eaa646 to 0x00000236f8eaaff4

VM Operations (20 events):
Event: 125.715 Executing VM operation: ICBufferFull
Event: 125.716 Executing VM operation: ICBufferFull done
Event: 126.529 Executing VM operation: G1CollectForAllocation
Event: 126.548 Executing VM operation: G1CollectForAllocation done
Event: 127.204 Executing VM operation: G1CollectForAllocation
Event: 127.211 Executing VM operation: G1CollectForAllocation done
Event: 127.961 Executing VM operation: G1CollectForAllocation
Event: 127.965 Executing VM operation: G1CollectForAllocation done
Event: 128.877 Executing VM operation: G1CollectForAllocation
Event: 128.884 Executing VM operation: G1CollectForAllocation done
Event: 129.888 Executing VM operation: Cleanup
Event: 129.910 Executing VM operation: Cleanup done
Event: 130.745 Executing VM operation: G1CollectForAllocation
Event: 130.757 Executing VM operation: G1CollectForAllocation done
Event: 131.765 Executing VM operation: Cleanup
Event: 131.797 Executing VM operation: Cleanup done
Event: 132.799 Executing VM operation: Cleanup
Event: 132.985 Executing VM operation: Cleanup done
Event: 133.682 Executing VM operation: HandshakeAllThreads
Event: 133.683 Executing VM operation: HandshakeAllThreads done

Events (20 events):
Event: 132.251 loading class java/net/InetAddress$NameServiceAddresses
Event: 132.252 loading class java/net/InetAddress$Addresses
Event: 132.252 loading class java/net/InetAddress$Addresses done
Event: 132.252 loading class java/net/InetAddress$NameServiceAddresses done
Event: 132.286 loading class sun/net/InetAddressCachePolicy
Event: 132.287 loading class sun/net/InetAddressCachePolicy done
Event: 132.287 loading class sun/net/InetAddressCachePolicy$1
Event: 132.287 loading class sun/net/InetAddressCachePolicy$1 done
Event: 132.289 loading class sun/net/InetAddressCachePolicy$2
Event: 132.289 loading class sun/net/InetAddressCachePolicy$2 done
Event: 132.290 loading class java/net/InetAddress$CachedAddresses
Event: 132.291 loading class java/net/InetAddress$CachedAddresses done
Event: 132.292 loading class java/net/InetAddress$CachedLocalHost
Event: 132.293 loading class java/net/InetAddress$CachedLocalHost done
Event: 133.699 Thread 0x000002368769ac10 flushing nmethod 0x00000236f8a98110
Event: 133.701 Thread 0x000002368769ac10 flushing nmethod 0x00000236f8b06190
Event: 133.707 Thread 0x000002368769ac10 flushing nmethod 0x00000236f8c3fb90
Event: 133.756 Thread 0x000002368769ac10 flushing nmethod 0x00000236f11c9b10
Event: 133.756 Thread 0x000002368769ac10 flushing nmethod 0x00000236f11c9e90
Event: 133.757 Thread 0x000002368769ac10 flushing nmethod 0x00000236f11e8790


Dynamic libraries:
0x00007ff7404d0000 - 0x00007ff7404e0000 	D:\Java\jdk-17.0.8\bin\java.exe
0x00007ffb6e190000 - 0x00007ffb6e3a7000 	C:\Windows\SYSTEM32\ntdll.dll
0x00007ffb6d520000 - 0x00007ffb6d5e4000 	C:\Windows\System32\KERNEL32.DLL
0x00007ffb6b910000 - 0x00007ffb6bcb6000 	C:\Windows\System32\KERNELBASE.dll
0x00007ffb6b780000 - 0x00007ffb6b891000 	C:\Windows\System32\ucrtbase.dll
0x00007ffb53ed0000 - 0x00007ffb53ee9000 	D:\Java\jdk-17.0.8\bin\jli.dll
0x00007ffb6c3c0000 - 0x00007ffb6c470000 	C:\Windows\System32\ADVAPI32.dll
0x00007ffb6c100000 - 0x00007ffb6c1a7000 	C:\Windows\System32\msvcrt.dll
0x00007ffb6d8a0000 - 0x00007ffb6d946000 	C:\Windows\System32\sechost.dll
0x00007ffb6dda0000 - 0x00007ffb6deb7000 	C:\Windows\System32\RPCRT4.dll
0x00007ffb6c560000 - 0x00007ffb6c70d000 	C:\Windows\System32\USER32.dll
0x00007ffb6b510000 - 0x00007ffb6b536000 	C:\Windows\System32\win32u.dll
0x00007ffb6dec0000 - 0x00007ffb6dee9000 	C:\Windows\System32\GDI32.dll
0x00007ffb6b5e0000 - 0x00007ffb6b6f8000 	C:\Windows\System32\gdi32full.dll
0x00007ffb6b540000 - 0x00007ffb6b5da000 	C:\Windows\System32\msvcp_win.dll
0x00007ffb567d0000 - 0x00007ffb567eb000 	D:\Java\jdk-17.0.8\bin\VCRUNTIME140.dll
0x00007ffb53700000 - 0x00007ffb53993000 	C:\Windows\WinSxS\amd64_microsoft.windows.common-controls_6595b64144ccf1df_6.0.22621.2361_none_2712ced57382f843\COMCTL32.dll
0x00007ffb63350000 - 0x00007ffb6335a000 	C:\Windows\SYSTEM32\VERSION.dll
0x00007ffb6bf00000 - 0x00007ffb6bf31000 	C:\Windows\System32\IMM32.DLL
0x00007ffb56a10000 - 0x00007ffb56a1c000 	D:\Java\jdk-17.0.8\bin\vcruntime140_1.dll
0x00007ffb24490000 - 0x00007ffb2451e000 	D:\Java\jdk-17.0.8\bin\msvcp140.dll
0x00007ffafedf0000 - 0x00007ffaff9ce000 	D:\Java\jdk-17.0.8\bin\server\jvm.dll
0x00007ffb6bef0000 - 0x00007ffb6bef8000 	C:\Windows\System32\PSAPI.DLL
0x00007ffb4d970000 - 0x00007ffb4d979000 	C:\Windows\SYSTEM32\WSOCK32.dll
0x00007ffb6def0000 - 0x00007ffb6df61000 	C:\Windows\System32\WS2_32.dll
0x00007ffb631a0000 - 0x00007ffb631d4000 	C:\Windows\SYSTEM32\WINMM.dll
0x00007ffb6a5e0000 - 0x00007ffb6a5f8000 	C:\Windows\SYSTEM32\kernel.appcore.dll
0x00007ffb53be0000 - 0x00007ffb53bea000 	D:\Java\jdk-17.0.8\bin\jimage.dll
0x00007ffb68e70000 - 0x00007ffb6909e000 	C:\Windows\SYSTEM32\DBGHELP.DLL
0x00007ffb6d950000 - 0x00007ffb6dcda000 	C:\Windows\System32\combase.dll
0x00007ffb6bfa0000 - 0x00007ffb6c077000 	C:\Windows\System32\OLEAUT32.dll
0x00007ffb51e10000 - 0x00007ffb51e42000 	C:\Windows\SYSTEM32\dbgcore.DLL
0x00007ffb6b700000 - 0x00007ffb6b77a000 	C:\Windows\System32\bcryptPrimitives.dll
0x00007ffb3c660000 - 0x00007ffb3c685000 	D:\Java\jdk-17.0.8\bin\java.dll
0x00007ffb18ec0000 - 0x00007ffb18f97000 	D:\Java\jdk-17.0.8\bin\jsvml.dll
0x00007ffb6c840000 - 0x00007ffb6d098000 	C:\Windows\System32\SHELL32.dll
0x00007ffb69480000 - 0x00007ffb69d72000 	C:\Windows\SYSTEM32\windows.storage.dll
0x00007ffb69340000 - 0x00007ffb6947e000 	C:\Windows\SYSTEM32\wintypes.dll
0x00007ffb6c710000 - 0x00007ffb6c803000 	C:\Windows\System32\SHCORE.dll
0x00007ffb6bf40000 - 0x00007ffb6bf9e000 	C:\Windows\System32\shlwapi.dll
0x00007ffb6b440000 - 0x00007ffb6b466000 	C:\Windows\SYSTEM32\profapi.dll
0x00007ffb3c4e0000 - 0x00007ffb3c4f9000 	D:\Java\jdk-17.0.8\bin\net.dll
0x00007ffb62ab0000 - 0x00007ffb62be7000 	C:\Windows\SYSTEM32\WINHTTP.dll
0x00007ffb6aac0000 - 0x00007ffb6ab29000 	C:\Windows\system32\mswsock.dll
0x00007ffb3b150000 - 0x00007ffb3b166000 	D:\Java\jdk-17.0.8\bin\nio.dll
0x00007ffb3d000000 - 0x00007ffb3d018000 	D:\Java\jdk-17.0.8\bin\zip.dll
0x00007ffb52790000 - 0x00007ffb527a0000 	D:\Java\jdk-17.0.8\bin\verify.dll
0x00007ffb56840000 - 0x00007ffb56867000 	C:\Users\xuanu\.gradle\native\68d5fa5c4cc2d200863cafc0d521ce42e7d3e7ee720ec0a83991735586a16f82\windows-amd64\native-platform.dll
0x00007ffb22060000 - 0x00007ffb221a4000 	C:\Users\xuanu\.gradle\native\e376f236ea51e6404a007f0833ffe2c6e607c4080706a723a18a27aeea778392\windows-amd64\native-platform-file-events.dll
0x00007ffb527f0000 - 0x00007ffb527fa000 	D:\Java\jdk-17.0.8\bin\management.dll
0x00007ffb51480000 - 0x00007ffb5148b000 	D:\Java\jdk-17.0.8\bin\management_ext.dll
0x00007ffb6ad10000 - 0x00007ffb6ad2b000 	C:\Windows\SYSTEM32\CRYPTSP.dll
0x00007ffb6a5a0000 - 0x00007ffb6a5d5000 	C:\Windows\system32\rsaenh.dll
0x00007ffb6abb0000 - 0x00007ffb6abdc000 	C:\Windows\SYSTEM32\USERENV.dll
0x00007ffb6aed0000 - 0x00007ffb6aef8000 	C:\Windows\SYSTEM32\bcrypt.dll
0x00007ffb6ad30000 - 0x00007ffb6ad3c000 	C:\Windows\SYSTEM32\CRYPTBASE.dll
0x00007ffb6a050000 - 0x00007ffb6a07d000 	C:\Windows\SYSTEM32\IPHLPAPI.DLL
0x00007ffb6c830000 - 0x00007ffb6c839000 	C:\Windows\System32\NSI.dll
0x00007ffb632a0000 - 0x00007ffb632b9000 	C:\Windows\SYSTEM32\dhcpcsvc6.DLL
0x00007ffb63260000 - 0x00007ffb6327f000 	C:\Windows\SYSTEM32\dhcpcsvc.DLL
0x00007ffb6a0c0000 - 0x00007ffb6a1b9000 	C:\Windows\SYSTEM32\DNSAPI.dll
0x00007ffb513e0000 - 0x00007ffb513ee000 	D:\Java\jdk-17.0.8\bin\sunmscapi.dll
0x00007ffb6bd80000 - 0x00007ffb6bee6000 	C:\Windows\System32\CRYPT32.dll
0x00007ffb6aea0000 - 0x00007ffb6aecd000 	C:\Windows\SYSTEM32\ncrypt.dll
0x00007ffb6ae60000 - 0x00007ffb6ae97000 	C:\Windows\SYSTEM32\NTASN1.dll
0x00007ffb491d0000 - 0x00007ffb491d8000 	C:\Windows\system32\wshunix.dll
0x00007ffb46ba0000 - 0x00007ffb46bb7000 	C:\Windows\system32\napinsp.dll
0x00007ffb46700000 - 0x00007ffb4671b000 	C:\Windows\system32\pnrpnsp.dll
0x00007ffb466e0000 - 0x00007ffb466f1000 	C:\Windows\System32\winrnr.dll
0x00007ffb63370000 - 0x00007ffb63385000 	C:\Windows\system32\wshbth.dll
0x00007ffb466b0000 - 0x00007ffb466d1000 	C:\Windows\system32\nlansp_c.dll
0x00007ffb617a0000 - 0x00007ffb617aa000 	C:\Windows\System32\rasadhlp.dll
0x00007ffb61880000 - 0x00007ffb61904000 	C:\Windows\System32\fwpuclnt.dll

dbghelp: loaded successfully - version: 4.0.5 - missing functions: none
symbol engine: initialized successfully - sym options: 0x614 - pdb path: .;D:\Java\jdk-17.0.8\bin;C:\Windows\SYSTEM32;C:\Windows\WinSxS\amd64_microsoft.windows.common-controls_6595b64144ccf1df_6.0.22621.2361_none_2712ced57382f843;D:\Java\jdk-17.0.8\bin\server;C:\Users\xuanu\.gradle\native\68d5fa5c4cc2d200863cafc0d521ce42e7d3e7ee720ec0a83991735586a16f82\windows-amd64;C:\Users\xuanu\.gradle\native\e376f236ea51e6404a007f0833ffe2c6e607c4080706a723a18a27aeea778392\windows-amd64

VM Arguments:
jvm_args: -XX:MaxMetaspaceSize=512m --add-opens=java.base/java.util=ALL-UNNAMED --add-opens=java.base/java.lang=ALL-UNNAMED --add-opens=java.base/java.lang.invoke=ALL-UNNAMED --add-opens=java.prefs/java.util.prefs=ALL-UNNAMED --add-opens=java.base/java.nio.charset=ALL-UNNAMED --add-opens=java.base/java.net=ALL-UNNAMED --add-opens=java.base/java.util.concurrent.atomic=ALL-UNNAMED -Xmx2048m -Dfile.encoding=windows-1258 -Duser.country=VN -Duser.language=vi -Duser.variant 
java_command: org.gradle.launcher.daemon.bootstrap.GradleDaemon 8.0.1
java_class_path (initial): C:\Users\xuanu\.gradle\wrapper\dists\gradle-8.0.1-all\aro4hu1c3oeioove7l0i4i14o\gradle-8.0.1\lib\gradle-launcher-8.0.1.jar
Launcher Type: SUN_STANDARD

[Global flags]
     intx CICompilerCount                          = 4                                         {product} {ergonomic}
   size_t CompressedClassSpaceSize                 = 436207616                                 {product} {ergonomic}
     uint ConcGCThreads                            = 2                                         {product} {ergonomic}
     uint G1ConcRefinementThreads                  = 8                                         {product} {ergonomic}
   size_t G1HeapRegionSize                         = 1048576                                   {product} {ergonomic}
    uintx GCDrainStackTargetSize                   = 64                                        {product} {ergonomic}
   size_t InitialHeapSize                          = 132120576                                 {product} {ergonomic}
   size_t MarkStackSize                            = 4194304                                   {product} {ergonomic}
   size_t MaxHeapSize                              = 2147483648                                {product} {command line}
   size_t MaxMetaspaceSize                         = 536870912                                 {product} {command line}
   size_t MaxNewSize                               = 1287651328                                {product} {ergonomic}
   size_t MinHeapDeltaBytes                        = 1048576                                   {product} {ergonomic}
   size_t MinHeapSize                              = 8388608                                   {product} {ergonomic}
    uintx NonNMethodCodeHeapSize                   = 5839372                                {pd product} {ergonomic}
    uintx NonProfiledCodeHeapSize                  = 122909434                              {pd product} {ergonomic}
    uintx ProfiledCodeHeapSize                     = 122909434                              {pd product} {ergonomic}
    uintx ReservedCodeCacheSize                    = 251658240                              {pd product} {ergonomic}
     bool SegmentedCodeCache                       = true                                      {product} {ergonomic}
   size_t SoftMaxHeapSize                          = 2147483648                             {manageable} {ergonomic}
     bool UseCompressedClassPointers               = true                           {product lp64_product} {ergonomic}
     bool UseCompressedOops                        = true                           {product lp64_product} {ergonomic}
     bool UseG1GC                                  = true                                      {product} {ergonomic}
     bool UseLargePagesIndividualAllocation        = false                                  {pd product} {ergonomic}

Logging:
Log output configuration:
 #0: stdout all=warning uptime,level,tags
 #1: stderr all=off uptime,level,tags

Environment Variables:
JAVA_HOME=D:\Java\jdk-17.0.8
CLASSPATH=E:\ReactNative\DATN_App_Shop\AppShopCli\android\\gradle\wrapper\gradle-wrapper.jar
PATH=E:\ReactNative\DATN_App_Shop\AppShopCli\node_modules\.bin;E:\ReactNative\DATN_App_Shop\AppShopCli\node_modules\.bin;E:\ReactNative\DATN_App_Shop\node_modules\.bin;E:\ReactNative\node_modules\.bin;E:\node_modules\.bin;D:\NodeJs\node_modules\npm\node_modules\@npmcli\run-script\lib\node-gyp-bin;E:\ReactNative\DATN_App_Shop\AppShopCli\node_modules\.bin;E:\ReactNative\DATN_App_Shop\node_modules\.bin;E:\ReactNative\node_modules\.bin;E:\node_modules\.bin;D:\NodeJs\node_modules\npm\node_modules\@npmcli\run-script\lib\node-gyp-bin;C:\Windows\system32;C:\Windows;C:\Windows\System32\Wbem;C:\Windows\System32\WindowsPowerShell\v1.0\;C:\Windows\System32\OpenSSH\;D:\NodeJs\;D:\Git\cmd;D:\Java\jdk-17.0.8\bin;C:\Users\xuanu\AppData\Local\Microsoft\WindowsApps;C:\Users\xuanu\AppData\Roaming\npm;C:\Users\xuanu\AppData\Local\Programs\Microsoft VS Code\bin;D:\Flutter\bin;
USERNAME=xuanu
LANG=en_US.UTF-8
OS=Windows_NT
PROCESSOR_IDENTIFIER=Intel64 Family 6 Model 165 Stepping 2, GenuineIntel



---------------  S Y S T E M  ---------------

OS:
 Windows 11 , 64 bit Build 22621 (10.0.22621.2428)
OS uptime: 4 days 13:46 hours

CPU: total 8 (initial active 8) (4 cores per cpu, 2 threads per core) family 6 model 165 stepping 2 microcode 0xe0, cx8, cmov, fxsr, ht, mmx, 3dnowpref, sse, sse2, sse3, ssse3, sse4.1, sse4.2, popcnt, lzcnt, tsc, tscinvbit, avx, avx2, aes, erms, clmul, bmi1, bmi2, adx, fma, vzeroupper, clflush, clflushopt

Memory: 4k page, system-wide physical 8029M (92M free)
TotalPageFile size 29903M (AvailPageFile size 21M)
current process WorkingSet (physical memory assigned to process): 244M, peak: 298M
current process commit charge ("private bytes"): 526M, peak: 528M

vm_info: Java HotSpot(TM) 64-Bit Server VM (17.0.8+9-LTS-211) for windows-amd64 JRE (17.0.8+9-LTS-211), built on Jun 14 2023 10:34:31 by "mach5one" with MS VC++ 17.1 (VS2022)

END.
