#
# There is insufficient memory for the Java Runtime Environment to continue.
# Native memory allocation (malloc) failed to allocate 32744 bytes for ChunkPool::allocate
# Possible reasons:
#   The system is out of physical RAM or swap space
#   The process is running with CompressedOops enabled, and the Java Heap may be blocking the growth of the native heap
# Possible solutions:
#   Reduce memory load on the system
#   Increase physical memory or swap space
#   Check if swap backing store is full
#   Decrease Java heap size (-Xmx/-Xms)
#   Decrease number of Java threads
#   Decrease Java thread stack sizes (-Xss)
#   Set larger code cache with -XX:ReservedCodeCacheSize=
#   JVM is running with Unscaled Compressed Oops mode in which the Java heap is
#     placed in the first 4GB address space. The Java Heap base address is the
#     maximum limit for the native heap growth. Please use -XX:HeapBaseMinAddress
#     to set the Java Heap base and to place the Java Heap above 4GB virtual address.
# This output file may be truncated or incomplete.
#
#  Out of Memory Error (arena.cpp:78), pid=23884, tid=8068
#
# JRE version: Java(TM) SE Runtime Environment (17.0.8+9) (build 17.0.8+9-LTS-211)
# Java VM: Java HotSpot(TM) 64-Bit Server VM (17.0.8+9-LTS-211, mixed mode, sharing, tiered, compressed oops, compressed class ptrs, g1 gc, windows-amd64)
# No core dump will be written. Minidumps are not enabled by default on client versions of Windows
#

---------------  S U M M A R Y ------------

Command Line: -Xmx64m -Xms64m -Dorg.gradle.appname=gradlew org.gradle.wrapper.GradleWrapperMain tasks

Host: Intel(R) Core(TM) i5-10300H CPU @ 2.50GHz, 8 cores, 7G,  Windows 11 , 64 bit Build 22621 (10.0.22621.2428)
Time: Thu Nov  2 15:44:44 2023 SE Asia Standard Time elapsed time: 144.138924 seconds (0d 0h 2m 24s)

---------------  T H R E A D  ---------------

Current thread (0x000002577a071980):  JavaThread "C2 CompilerThread0" daemon [_thread_in_native, id=8068, stack(0x000000c6cf600000,0x000000c6cf700000)]


Current CompileTask:
C2: 144141 1720       4       org.gradle.internal.logging.text.AbstractLineChoppingStyledTextOutput$1::execute (9 bytes)

Stack: [0x000000c6cf600000,0x000000c6cf700000]
Native frames: (J=compiled Java code, j=interpreted, Vv=VM code, C=native code)
V  [jvm.dll+0x677d0a]
V  [jvm.dll+0x7d8c54]
V  [jvm.dll+0x7da3fe]
V  [jvm.dll+0x7daa63]
V  [jvm.dll+0x245c5f]
V  [jvm.dll+0xaacc0]
V  [jvm.dll+0xab00c]
V  [jvm.dll+0x11d465]
V  [jvm.dll+0x6a1707]
V  [jvm.dll+0x1bbb37]
V  [jvm.dll+0x218157]
V  [jvm.dll+0x217431]
V  [jvm.dll+0x1a3af0]
V  [jvm.dll+0x2270be]
V  [jvm.dll+0x22535b]
V  [jvm.dll+0x78e7bc]
V  [jvm.dll+0x788bba]
V  [jvm.dll+0x676b35]
C  [ucrtbase.dll+0x29363]
C  [KERNEL32.DLL+0x1257d]
C  [ntdll.dll+0x5aa78]


---------------  P R O C E S S  ---------------

Threads class SMR info:
_java_thread_list=0x000002577a133090, length=13, elements={
0x000002576d94f050, 0x000002577a052cd0, 0x000002577a054890, 0x000002577a0687b0,
0x000002577a069360, 0x000002577a06be20, 0x000002577a06c7d0, 0x000002577a071980,
0x000002577a075350, 0x000002577a07ebc0, 0x000002577a2dcbf0, 0x000002577a2e1990,
0x000002577ac7b760
}

Java Threads: ( => current thread )
  0x000002576d94f050 JavaThread "main" [_thread_in_native, id=20912, stack(0x000000c6ce900000,0x000000c6cea00000)]
  0x000002577a052cd0 JavaThread "Reference Handler" daemon [_thread_blocked, id=13852, stack(0x000000c6cf000000,0x000000c6cf100000)]
  0x000002577a054890 JavaThread "Finalizer" daemon [_thread_blocked, id=16444, stack(0x000000c6cf100000,0x000000c6cf200000)]
  0x000002577a0687b0 JavaThread "Signal Dispatcher" daemon [_thread_blocked, id=4448, stack(0x000000c6cf200000,0x000000c6cf300000)]
  0x000002577a069360 JavaThread "Attach Listener" daemon [_thread_blocked, id=5724, stack(0x000000c6cf300000,0x000000c6cf400000)]
  0x000002577a06be20 JavaThread "Service Thread" daemon [_thread_blocked, id=29128, stack(0x000000c6cf400000,0x000000c6cf500000)]
  0x000002577a06c7d0 JavaThread "Monitor Deflation Thread" daemon [_thread_blocked, id=2560, stack(0x000000c6cf500000,0x000000c6cf600000)]
=>0x000002577a071980 JavaThread "C2 CompilerThread0" daemon [_thread_in_native, id=8068, stack(0x000000c6cf600000,0x000000c6cf700000)]
  0x000002577a075350 JavaThread "C1 CompilerThread0" daemon [_thread_blocked, id=10652, stack(0x000000c6cf700000,0x000000c6cf800000)]
  0x000002577a07ebc0 JavaThread "Sweeper thread" daemon [_thread_blocked, id=17660, stack(0x000000c6cf800000,0x000000c6cf900000)]
  0x000002577a2dcbf0 JavaThread "Notification Thread" daemon [_thread_blocked, id=5032, stack(0x000000c6cf900000,0x000000c6cfa00000)]
  0x000002577a2e1990 JavaThread "Common-Cleaner" daemon [_thread_blocked, id=7084, stack(0x000000c6cfb00000,0x000000c6cfc00000)]
  0x000002577ac7b760 JavaThread "pool-1-thread-1" [_thread_blocked, id=22740, stack(0x000000c6d0000000,0x000000c6d0100000)]

Other Threads:
  0x000002577a04c930 VMThread "VM Thread" [stack: 0x000000c6cef00000,0x000000c6cf000000] [id=8560]
  0x000002577a2e14f0 WatcherThread [stack: 0x000000c6cfa00000,0x000000c6cfb00000] [id=22956]
  0x000002576d96e960 GCTaskThread "GC Thread#0" [stack: 0x000000c6cea00000,0x000000c6ceb00000] [id=22688]
  0x000002577abc7c50 GCTaskThread "GC Thread#1" [stack: 0x000000c6cfc00000,0x000000c6cfd00000] [id=4820]
  0x000002577f0229c0 GCTaskThread "GC Thread#2" [stack: 0x000000c6cfd00000,0x000000c6cfe00000] [id=3624]
  0x000002577f022c70 GCTaskThread "GC Thread#3" [stack: 0x000000c6cfe00000,0x000000c6cff00000] [id=30592]
  0x000002577f023330 GCTaskThread "GC Thread#4" [stack: 0x000000c6cff00000,0x000000c6d0000000] [id=14520]
  0x000002577f0d8790 GCTaskThread "GC Thread#5" [stack: 0x000000c6d0500000,0x000000c6d0600000] [id=30616]
  0x000002577ae34b00 GCTaskThread "GC Thread#6" [stack: 0x000000c6d0600000,0x000000c6d0700000] [id=25780]
  0x000002577ae39ae0 GCTaskThread "GC Thread#7" [stack: 0x000000c6d0700000,0x000000c6d0800000] [id=1172]
  0x000002576d9700a0 ConcurrentGCThread "G1 Main Marker" [stack: 0x000000c6ceb00000,0x000000c6cec00000] [id=20460]
  0x000002576d970ab0 ConcurrentGCThread "G1 Conc#0" [stack: 0x000000c6cec00000,0x000000c6ced00000] [id=2612]
  0x000002576d9cfac0 ConcurrentGCThread "G1 Refine#0" [stack: 0x000000c6ced00000,0x000000c6cee00000] [id=26900]
  0x000002576d9d04e0 ConcurrentGCThread "G1 Service" [stack: 0x000000c6cee00000,0x000000c6cef00000] [id=29536]

Threads with active compile tasks:
C2 CompilerThread0   144186 1720       4       org.gradle.internal.logging.text.AbstractLineChoppingStyledTextOutput$1::execute (9 bytes)

VM state: not at safepoint (normal execution)

VM Mutex/Monitor currently owned by a thread: None

Heap address: 0x00000000fc000000, size: 64 MB, Compressed Oops mode: 32-bit

CDS archive(s) mapped at: [0x000002570f000000-0x000002570fbd0000-0x000002570fbd0000), size 12386304, SharedBaseAddress: 0x000002570f000000, ArchiveRelocationMode: 1.
Compressed class space mapped at: 0x0000025710000000-0x0000025750000000, reserved size: 1073741824
Narrow klass base: 0x000002570f000000, Narrow klass shift: 0, Narrow klass range: 0x100000000

GC Precious Log:
 CPUs: 8 total, 8 available
 Memory: 8029M
 Large Page Support: Disabled
 NUMA Support: Disabled
 Compressed Oops: Enabled (32-bit)
 Heap Region Size: 1M
 Heap Min Capacity: 64M
 Heap Initial Capacity: 64M
 Heap Max Capacity: 64M
 Pre-touch: Disabled
 Parallel Workers: 8
 Concurrent Workers: 2
 Concurrent Refinement Workers: 8
 Periodic GC: Disabled

Heap:
 garbage-first heap   total 65536K, used 14138K [0x00000000fc000000, 0x0000000100000000)
  region size 1024K, 5 young (5120K), 3 survivors (3072K)
 Metaspace       used 9371K, committed 9600K, reserved 1114112K
  class space    used 1202K, committed 1280K, reserved 1048576K

Heap Regions: E=young(eden), S=young(survivor), O=old, HS=humongous(starts), HC=humongous(continues), CS=collection set, F=free, OA=open archive, CA=closed archive, TAMS=top-at-mark-start (previous, next)
|   0|0x00000000fc000000, 0x00000000fc100000, 0x00000000fc100000|100%|HS|  |TAMS 0x00000000fc000000, 0x00000000fc000000| Complete 
|   1|0x00000000fc100000, 0x00000000fc200000, 0x00000000fc200000|100%|HC|  |TAMS 0x00000000fc100000, 0x00000000fc100000| Complete 
|   2|0x00000000fc200000, 0x00000000fc300000, 0x00000000fc300000|100%|HC|  |TAMS 0x00000000fc200000, 0x00000000fc200000| Complete 
|   3|0x00000000fc300000, 0x00000000fc400000, 0x00000000fc400000|100%|HC|  |TAMS 0x00000000fc300000, 0x00000000fc300000| Complete 
|   4|0x00000000fc400000, 0x00000000fc500000, 0x00000000fc500000|100%| O|  |TAMS 0x00000000fc400000, 0x00000000fc400000| Untracked 
|   5|0x00000000fc500000, 0x00000000fc600000, 0x00000000fc600000|100%| O|  |TAMS 0x00000000fc500000, 0x00000000fc500000| Untracked 
|   6|0x00000000fc600000, 0x00000000fc700000, 0x00000000fc700000|100%| O|  |TAMS 0x00000000fc600000, 0x00000000fc600000| Untracked 
|   7|0x00000000fc700000, 0x00000000fc800000, 0x00000000fc800000|100%| O|  |TAMS 0x00000000fc700000, 0x00000000fc700000| Untracked 
|   8|0x00000000fc800000, 0x00000000fc900000, 0x00000000fc900000|100%| O|  |TAMS 0x00000000fc800000, 0x00000000fc800000| Untracked 
|   9|0x00000000fc900000, 0x00000000fca00000, 0x00000000fca00000|100%| O|  |TAMS 0x00000000fc900000, 0x00000000fc900000| Untracked 
|  10|0x00000000fca00000, 0x00000000fca54c00, 0x00000000fcb00000| 33%| O|  |TAMS 0x00000000fca00000, 0x00000000fca00000| Untracked 
|  11|0x00000000fcb00000, 0x00000000fcb00000, 0x00000000fcc00000|  0%| F|  |TAMS 0x00000000fcb00000, 0x00000000fcb00000| Untracked 
|  12|0x00000000fcc00000, 0x00000000fcc00000, 0x00000000fcd00000|  0%| F|  |TAMS 0x00000000fcc00000, 0x00000000fcc00000| Untracked 
|  13|0x00000000fcd00000, 0x00000000fcd00000, 0x00000000fce00000|  0%| F|  |TAMS 0x00000000fcd00000, 0x00000000fcd00000| Untracked 
|  14|0x00000000fce00000, 0x00000000fce00000, 0x00000000fcf00000|  0%| F|  |TAMS 0x00000000fce00000, 0x00000000fce00000| Untracked 
|  15|0x00000000fcf00000, 0x00000000fcf00000, 0x00000000fd000000|  0%| F|  |TAMS 0x00000000fcf00000, 0x00000000fcf00000| Untracked 
|  16|0x00000000fd000000, 0x00000000fd000000, 0x00000000fd100000|  0%| F|  |TAMS 0x00000000fd000000, 0x00000000fd000000| Untracked 
|  17|0x00000000fd100000, 0x00000000fd100000, 0x00000000fd200000|  0%| F|  |TAMS 0x00000000fd100000, 0x00000000fd100000| Untracked 
|  18|0x00000000fd200000, 0x00000000fd200000, 0x00000000fd300000|  0%| F|  |TAMS 0x00000000fd200000, 0x00000000fd200000| Untracked 
|  19|0x00000000fd300000, 0x00000000fd300000, 0x00000000fd400000|  0%| F|  |TAMS 0x00000000fd300000, 0x00000000fd300000| Untracked 
|  20|0x00000000fd400000, 0x00000000fd400000, 0x00000000fd500000|  0%| F|  |TAMS 0x00000000fd400000, 0x00000000fd400000| Untracked 
|  21|0x00000000fd500000, 0x00000000fd500000, 0x00000000fd600000|  0%| F|  |TAMS 0x00000000fd500000, 0x00000000fd500000| Untracked 
|  22|0x00000000fd600000, 0x00000000fd600000, 0x00000000fd700000|  0%| F|  |TAMS 0x00000000fd600000, 0x00000000fd600000| Untracked 
|  23|0x00000000fd700000, 0x00000000fd700000, 0x00000000fd800000|  0%| F|  |TAMS 0x00000000fd700000, 0x00000000fd700000| Untracked 
|  24|0x00000000fd800000, 0x00000000fd800000, 0x00000000fd900000|  0%| F|  |TAMS 0x00000000fd800000, 0x00000000fd800000| Untracked 
|  25|0x00000000fd900000, 0x00000000fd900000, 0x00000000fda00000|  0%| F|  |TAMS 0x00000000fd900000, 0x00000000fd900000| Untracked 
|  26|0x00000000fda00000, 0x00000000fda00000, 0x00000000fdb00000|  0%| F|  |TAMS 0x00000000fda00000, 0x00000000fda00000| Untracked 
|  27|0x00000000fdb00000, 0x00000000fdb00000, 0x00000000fdc00000|  0%| F|  |TAMS 0x00000000fdb00000, 0x00000000fdb00000| Untracked 
|  28|0x00000000fdc00000, 0x00000000fdc00000, 0x00000000fdd00000|  0%| F|  |TAMS 0x00000000fdc00000, 0x00000000fdc00000| Untracked 
|  29|0x00000000fdd00000, 0x00000000fdd00000, 0x00000000fde00000|  0%| F|  |TAMS 0x00000000fdd00000, 0x00000000fdd00000| Untracked 
|  30|0x00000000fde00000, 0x00000000fde00000, 0x00000000fdf00000|  0%| F|  |TAMS 0x00000000fde00000, 0x00000000fde00000| Untracked 
|  31|0x00000000fdf00000, 0x00000000fdf00000, 0x00000000fe000000|  0%| F|  |TAMS 0x00000000fdf00000, 0x00000000fdf00000| Untracked 
|  32|0x00000000fe000000, 0x00000000fe000000, 0x00000000fe100000|  0%| F|  |TAMS 0x00000000fe000000, 0x00000000fe000000| Untracked 
|  33|0x00000000fe100000, 0x00000000fe100000, 0x00000000fe200000|  0%| F|  |TAMS 0x00000000fe100000, 0x00000000fe100000| Untracked 
|  34|0x00000000fe200000, 0x00000000fe200000, 0x00000000fe300000|  0%| F|  |TAMS 0x00000000fe200000, 0x00000000fe200000| Untracked 
|  35|0x00000000fe300000, 0x00000000fe300000, 0x00000000fe400000|  0%| F|  |TAMS 0x00000000fe300000, 0x00000000fe300000| Untracked 
|  36|0x00000000fe400000, 0x00000000fe479ce0, 0x00000000fe500000| 47%| S|CS|TAMS 0x00000000fe400000, 0x00000000fe400000| Complete 
|  37|0x00000000fe500000, 0x00000000fe600000, 0x00000000fe600000|100%| S|CS|TAMS 0x00000000fe500000, 0x00000000fe500000| Complete 
|  38|0x00000000fe600000, 0x00000000fe600000, 0x00000000fe700000|  0%| F|  |TAMS 0x00000000fe600000, 0x00000000fe600000| Untracked 
|  39|0x00000000fe700000, 0x00000000fe700000, 0x00000000fe800000|  0%| F|  |TAMS 0x00000000fe700000, 0x00000000fe700000| Untracked 
|  40|0x00000000fe800000, 0x00000000fe800000, 0x00000000fe900000|  0%| F|  |TAMS 0x00000000fe800000, 0x00000000fe800000| Untracked 
|  41|0x00000000fe900000, 0x00000000fea00000, 0x00000000fea00000|100%| S|CS|TAMS 0x00000000fe900000, 0x00000000fe900000| Complete 
|  42|0x00000000fea00000, 0x00000000fea00000, 0x00000000feb00000|  0%| F|  |TAMS 0x00000000fea00000, 0x00000000fea00000| Untracked 
|  43|0x00000000feb00000, 0x00000000feb00000, 0x00000000fec00000|  0%| F|  |TAMS 0x00000000feb00000, 0x00000000feb00000| Untracked 
|  44|0x00000000fec00000, 0x00000000fec00000, 0x00000000fed00000|  0%| F|  |TAMS 0x00000000fec00000, 0x00000000fec00000| Untracked 
|  45|0x00000000fed00000, 0x00000000fed00000, 0x00000000fee00000|  0%| F|  |TAMS 0x00000000fed00000, 0x00000000fed00000| Untracked 
|  46|0x00000000fee00000, 0x00000000fee00000, 0x00000000fef00000|  0%| F|  |TAMS 0x00000000fee00000, 0x00000000fee00000| Untracked 
|  47|0x00000000fef00000, 0x00000000fef00000, 0x00000000ff000000|  0%| F|  |TAMS 0x00000000fef00000, 0x00000000fef00000| Untracked 
|  48|0x00000000ff000000, 0x00000000ff000000, 0x00000000ff100000|  0%| F|  |TAMS 0x00000000ff000000, 0x00000000ff000000| Untracked 
|  49|0x00000000ff100000, 0x00000000ff100000, 0x00000000ff200000|  0%| F|  |TAMS 0x00000000ff100000, 0x00000000ff100000| Untracked 
|  50|0x00000000ff200000, 0x00000000ff200000, 0x00000000ff300000|  0%| F|  |TAMS 0x00000000ff200000, 0x00000000ff200000| Untracked 
|  51|0x00000000ff300000, 0x00000000ff300000, 0x00000000ff400000|  0%| F|  |TAMS 0x00000000ff300000, 0x00000000ff300000| Untracked 
|  52|0x00000000ff400000, 0x00000000ff400000, 0x00000000ff500000|  0%| F|  |TAMS 0x00000000ff400000, 0x00000000ff400000| Untracked 
|  53|0x00000000ff500000, 0x00000000ff500000, 0x00000000ff600000|  0%| F|  |TAMS 0x00000000ff500000, 0x00000000ff500000| Untracked 
|  54|0x00000000ff600000, 0x00000000ff600000, 0x00000000ff700000|  0%| F|  |TAMS 0x00000000ff600000, 0x00000000ff600000| Untracked 
|  55|0x00000000ff700000, 0x00000000ff700000, 0x00000000ff800000|  0%| F|  |TAMS 0x00000000ff700000, 0x00000000ff700000| Untracked 
|  56|0x00000000ff800000, 0x00000000ff800000, 0x00000000ff900000|  0%| F|  |TAMS 0x00000000ff800000, 0x00000000ff800000| Untracked 
|  57|0x00000000ff900000, 0x00000000ff900000, 0x00000000ffa00000|  0%| F|  |TAMS 0x00000000ff900000, 0x00000000ff900000| Untracked 
|  58|0x00000000ffa00000, 0x00000000ffa00000, 0x00000000ffb00000|  0%| F|  |TAMS 0x00000000ffa00000, 0x00000000ffa00000| Untracked 
|  59|0x00000000ffb00000, 0x00000000ffb00000, 0x00000000ffc00000|  0%| F|  |TAMS 0x00000000ffb00000, 0x00000000ffb00000| Untracked 
|  60|0x00000000ffc00000, 0x00000000ffc00000, 0x00000000ffd00000|  0%| F|  |TAMS 0x00000000ffc00000, 0x00000000ffc00000| Untracked 
|  61|0x00000000ffd00000, 0x00000000ffd00000, 0x00000000ffe00000|  0%| F|  |TAMS 0x00000000ffd00000, 0x00000000ffd00000| Untracked 
|  62|0x00000000ffe00000, 0x00000000ffed7960, 0x00000000fff00000| 84%| E|  |TAMS 0x00000000ffe00000, 0x00000000ffe00000| Complete 
|  63|0x00000000fff00000, 0x0000000100000000, 0x0000000100000000|100%| E|CS|TAMS 0x00000000fff00000, 0x00000000fff00000| Complete 

Card table byte_map: [0x0000025777450000,0x0000025777470000] _byte_map_base: 0x0000025776c70000

Marking Bits (Prev, Next): (CMBitMap*) 0x000002576d96ef70, (CMBitMap*) 0x000002576d96efb0
 Prev Bits: [0x0000025777490000, 0x0000025777590000)
 Next Bits: [0x0000025777590000, 0x0000025777690000)

Polling page: 0x000002576da20000

Metaspace:

Usage:
  Non-class:      7.98 MB used.
      Class:      1.17 MB used.
       Both:      9.15 MB used.

Virtual space:
  Non-class space:       64.00 MB reserved,       8.12 MB ( 13%) committed,  1 nodes.
      Class space:        1.00 GB reserved,       1.25 MB ( <1%) committed,  1 nodes.
             Both:        1.06 GB reserved,       9.38 MB ( <1%) committed. 

Chunk freelists:
   Non-Class:  7.92 MB
       Class:  14.63 MB
        Both:  22.56 MB

MaxMetaspaceSize: unlimited
CompressedClassSpaceSize: 1.00 GB
Initial GC threshold: 21.00 MB
Current GC threshold: 21.00 MB
CDS: on
MetaspaceReclaimPolicy: balanced
 - commit_granule_bytes: 65536.
 - commit_granule_words: 8192.
 - virtual_space_node_default_size: 8388608.
 - enlarge_chunks_in_place: 1.
 - new_chunks_are_fully_committed: 0.
 - uncommit_free_chunks: 1.
 - use_allocation_guard: 0.
 - handle_deallocations: 1.


Internal statistics:

num_allocs_failed_limit: 0.
num_arena_births: 88.
num_arena_deaths: 0.
num_vsnodes_births: 2.
num_vsnodes_deaths: 0.
num_space_committed: 150.
num_space_uncommitted: 0.
num_chunks_returned_to_freelist: 0.
num_chunks_taken_from_freelist: 313.
num_chunk_merges: 0.
num_chunk_splits: 218.
num_chunks_enlarged: 182.
num_purges: 0.
num_inconsistent_stats: 0.

CodeHeap 'non-profiled nmethods': size=120000Kb used=665Kb max_used=665Kb free=119334Kb
 bounds [0x0000025707ad0000, 0x0000025707d40000, 0x000002570f000000]
CodeHeap 'profiled nmethods': size=120000Kb used=3342Kb max_used=3342Kb free=116658Kb
 bounds [0x0000025700000000, 0x0000025700350000, 0x0000025707530000]
CodeHeap 'non-nmethods': size=5760Kb used=1179Kb max_used=1207Kb free=4580Kb
 bounds [0x0000025707530000, 0x00000257077a0000, 0x0000025707ad0000]
 total_blobs=2196 nmethods=1715 adapters=394
 compilation: enabled
              stopped_count=0, restarted_count=0
 full_count=0

Compilation events (20 events):
Event: 143.274 Thread 0x000002577a075350 nmethod 1711 0x0000025700340810 code [0x00000257003409a0, 0x0000025700340ab8]
Event: 143.274 Thread 0x000002577a075350 1712       3       java.io.BufferedOutputStream::flushBuffer (29 bytes)
Event: 143.276 Thread 0x000002577a075350 nmethod 1712 0x0000025700340b90 code [0x0000025700340d40, 0x0000025700340f68]
Event: 143.276 Thread 0x000002577a075350 1713  s    3       java.io.BufferedOutputStream::flush (12 bytes)
Event: 143.276 Thread 0x000002577a075350 nmethod 1713 0x0000025700341010 code [0x00000257003411e0, 0x00000257003415f8]
Event: 143.276 Thread 0x000002577a075350 1714       3       sun.nio.cs.StreamEncoder::ensureOpen (18 bytes)
Event: 143.278 Thread 0x000002577a075350 nmethod 1714 0x0000025700341710 code [0x00000257003418c0, 0x0000025700341ae8]
Event: 143.278 Thread 0x000002577a075350 1715       3       java.io.PrintStream::ensureOpen (18 bytes)
Event: 143.279 Thread 0x000002577a075350 nmethod 1715 0x0000025700341c10 code [0x0000025700341dc0, 0x0000025700341fe8]
Event: 143.279 Thread 0x000002577a075350 1716       3       java.nio.CharBuffer::position (8 bytes)
Event: 143.279 Thread 0x000002577a075350 nmethod 1716 0x0000025700342110 code [0x00000257003422a0, 0x00000257003423e8]
Event: 143.279 Thread 0x000002577a075350 1717       3       java.nio.CharBuffer::position (6 bytes)
Event: 143.279 Thread 0x000002577a075350 nmethod 1717 0x0000025700342490 code [0x0000025700342640, 0x00000257003427e8]
Event: 143.279 Thread 0x000002577a075350 1718       3       java.nio.ByteBuffer::array (35 bytes)
Event: 143.280 Thread 0x000002577a075350 nmethod 1718 0x0000025700342890 code [0x0000025700342a60, 0x0000025700342d38]
Event: 144.103 Thread 0x000002577a075350 1719       3       java.nio.ByteBuffer::position (6 bytes)
Event: 144.103 Thread 0x000002577a075350 nmethod 1719 0x0000025700342e90 code [0x0000025700343040, 0x0000025700343208]
Event: 144.105 Thread 0x000002577a075350 1721       3       java.nio.Buffer::limit (65 bytes)
Event: 144.105 Thread 0x000002577a071980 1720       4       org.gradle.internal.logging.text.AbstractLineChoppingStyledTextOutput$1::execute (9 bytes)
Event: 144.105 Thread 0x000002577a075350 nmethod 1721 0x0000025700343290 code [0x0000025700343440, 0x0000025700343708]

GC Heap History (4 events):
Event: 3.340 GC heap before
{Heap before GC invocations=0 (full 0):
 garbage-first heap   total 65536K, used 26624K [0x00000000fc000000, 0x0000000100000000)
  region size 1024K, 23 young (23552K), 0 survivors (0K)
 Metaspace       used 3906K, committed 4096K, reserved 1114112K
  class space    used 506K, committed 576K, reserved 1048576K
}
Event: 3.351 GC heap after
{Heap after GC invocations=1 (full 0):
 garbage-first heap   total 65536K, used 10528K [0x00000000fc000000, 0x0000000100000000)
  region size 1024K, 3 young (3072K), 3 survivors (3072K)
 Metaspace       used 3906K, committed 4096K, reserved 1114112K
  class space    used 506K, committed 576K, reserved 1048576K
}
Event: 8.896 GC heap before
{Heap before GC invocations=1 (full 0):
 garbage-first heap   total 65536K, used 33056K [0x00000000fc000000, 0x0000000100000000)
  region size 1024K, 25 young (25600K), 3 survivors (3072K)
 Metaspace       used 8983K, committed 9216K, reserved 1114112K
  class space    used 1172K, committed 1280K, reserved 1048576K
}
Event: 8.924 GC heap after
{Heap after GC invocations=2 (full 0):
 garbage-first heap   total 65536K, used 13114K [0x00000000fc000000, 0x0000000100000000)
  region size 1024K, 3 young (3072K), 3 survivors (3072K)
 Metaspace       used 8983K, committed 9216K, reserved 1114112K
  class space    used 1172K, committed 1280K, reserved 1048576K
}

Deoptimization events (20 events):
Event: 8.847 Thread 0x000002577a4dc4b0 Uncommon trap: trap_request=0xffffff45 fr.pc=0x0000025707afbacc relative=0x000000000000042c
Event: 8.847 Thread 0x000002577a4dc4b0 Uncommon trap: reason=unstable_if action=reinterpret pc=0x0000025707afbacc method=java.lang.AbstractStringBuilder.isLatin1()Z @ 10 c2
Event: 8.847 Thread 0x000002577a4dc4b0 DEOPT PACKING pc=0x0000025707afbacc sp=0x000000c6d02fe9e0
Event: 8.847 Thread 0x000002577a4dc4b0 DEOPT UNPACKING pc=0x00000257075823a3 sp=0x000000c6d02fe960 mode 2
Event: 8.847 Thread 0x000002577a4dc4b0 Uncommon trap: trap_request=0xffffff45 fr.pc=0x0000025707b3f2ec relative=0x000000000000014c
Event: 8.847 Thread 0x000002577a4dc4b0 Uncommon trap: reason=unstable_if action=reinterpret pc=0x0000025707b3f2ec method=java.lang.AbstractStringBuilder.putStringAt(ILjava/lang/String;II)V @ 8 c2
Event: 8.848 Thread 0x000002577a4dc4b0 DEOPT PACKING pc=0x0000025707b3f2ec sp=0x000000c6d02fe8f0
Event: 8.848 Thread 0x000002577a4dc4b0 DEOPT UNPACKING pc=0x00000257075823a3 sp=0x000000c6d02fe8b8 mode 2
Event: 8.848 Thread 0x000002577a4dc4b0 Uncommon trap: trap_request=0xffffff45 fr.pc=0x0000025707b3c520 relative=0x0000000000000400
Event: 8.848 Thread 0x000002577a4dc4b0 Uncommon trap: reason=unstable_if action=reinterpret pc=0x0000025707b3c520 method=java.lang.AbstractStringBuilder.isLatin1()Z @ 10 c2
Event: 8.848 Thread 0x000002577a4dc4b0 DEOPT PACKING pc=0x0000025707b3c520 sp=0x000000c6d02feac0
Event: 8.848 Thread 0x000002577a4dc4b0 DEOPT UNPACKING pc=0x00000257075823a3 sp=0x000000c6d02fea40 mode 2
Event: 8.930 Thread 0x000002577a4dc4b0 Uncommon trap: trap_request=0xffffff45 fr.pc=0x0000025707b288c8 relative=0x0000000000000048
Event: 8.930 Thread 0x000002577a4dc4b0 Uncommon trap: reason=unstable_if action=reinterpret pc=0x0000025707b288c8 method=java.lang.CharacterData.of(I)Ljava/lang/CharacterData; @ 4 c2
Event: 8.930 Thread 0x000002577a4dc4b0 DEOPT PACKING pc=0x0000025707b288c8 sp=0x000000c6d02fe3f0
Event: 8.930 Thread 0x000002577a4dc4b0 DEOPT UNPACKING pc=0x00000257075823a3 sp=0x000000c6d02fe388 mode 2
Event: 13.987 Thread 0x000002577a4dc4b0 Uncommon trap: trap_request=0xffffff45 fr.pc=0x0000025707ae9f04 relative=0x0000000000000084
Event: 13.987 Thread 0x000002577a4dc4b0 Uncommon trap: reason=unstable_if action=reinterpret pc=0x0000025707ae9f04 method=java.lang.String.codePointAt(I)I @ 4 c2
Event: 13.987 Thread 0x000002577a4dc4b0 DEOPT PACKING pc=0x0000025707ae9f04 sp=0x000000c6d02fec70
Event: 13.987 Thread 0x000002577a4dc4b0 DEOPT UNPACKING pc=0x00000257075823a3 sp=0x000000c6d02fec08 mode 2

Classes unloaded (0 events):
No events

Classes redefined (0 events):
No events

Internal exceptions (20 events):
Event: 3.195 Thread 0x000002576d94f050 Exception <a 'java/lang/NoSuchMethodError'{0x00000000feac0340}: 'java.lang.Object java.lang.invoke.Invokers$Holder.invoker(java.lang.Object, java.lang.Object, java.lang.Object)'> (0x00000000feac0340) 
thrown [s\open\src\hotspot\share\interpreter\linkResolver.cpp, line 759]
Event: 3.196 Thread 0x000002576d94f050 Exception <a 'java/lang/NoSuchMethodError'{0x00000000feac9410}: 'java.lang.Object java.lang.invoke.DirectMethodHandle$Holder.invokeStatic(java.lang.Object, java.lang.Object, int)'> (0x00000000feac9410) 
thrown [s\open\src\hotspot\share\interpreter\linkResolver.cpp, line 759]
Event: 3.204 Thread 0x000002576d94f050 Exception <a 'java/lang/NoSuchMethodError'{0x00000000fead5100}: 'void java.lang.invoke.DelegatingMethodHandle$Holder.delegate(java.lang.Object, java.lang.Object, int, java.lang.Object)'> (0x00000000fead5100) 
thrown [s\open\src\hotspot\share\interpreter\linkResolver.cpp, line 759]
Event: 3.205 Thread 0x000002576d94f050 Exception <a 'java/lang/NoSuchMethodError'{0x00000000fead9248}: 'int java.lang.invoke.DirectMethodHandle$Holder.invokeSpecial(java.lang.Object, java.lang.Object, java.lang.Object)'> (0x00000000fead9248) 
thrown [s\open\src\hotspot\share\interpreter\linkResolver.cpp, line 759]
Event: 3.209 Thread 0x000002576d94f050 Exception <a 'java/lang/NoSuchMethodError'{0x00000000feaec5d0}: 'java.lang.Object java.lang.invoke.Invokers$Holder.invokeExact_MT(java.lang.Object, java.lang.Object, java.lang.Object, java.lang.Object)'> (0x00000000feaec5d0) 
thrown [s\open\src\hotspot\share\interpreter\linkResolver.cpp, line 759]
Event: 3.551 Thread 0x000002576d94f050 Exception <a 'java/lang/NoSuchMethodError'{0x00000000ffc589d8}: 'void java.lang.invoke.DirectMethodHandle$Holder.invokeSpecial(java.lang.Object, java.lang.Object, java.lang.Object)'> (0x00000000ffc589d8) 
thrown [s\open\src\hotspot\share\interpreter\linkResolver.cpp, line 759]
Event: 3.577 Thread 0x000002576d94f050 Implicit null exception at 0x0000025707b1968e to 0x0000025707b19af0
Event: 3.577 Thread 0x000002576d94f050 Implicit null exception at 0x0000025707b27c13 to 0x0000025707b28068
Event: 3.613 Thread 0x000002576d94f050 Exception <a 'java/lang/NoSuchMethodError'{0x00000000ffbf5938}: 'java.lang.Object java.lang.invoke.DirectMethodHandle$Holder.invokeStaticInit(java.lang.Object)'> (0x00000000ffbf5938) 
thrown [s\open\src\hotspot\share\interpreter\linkResolver.cpp, line 759]
Event: 3.923 Thread 0x000002576d94f050 Exception <a 'java/lang/NoSuchMethodError'{0x00000000ff608b78}: 'java.lang.Object java.lang.invoke.DirectMethodHandle$Holder.invokeStaticInit(java.lang.Object, int, int, int, int)'> (0x00000000ff608b78) 
thrown [s\open\src\hotspot\share\interpreter\linkResolver.cpp, line 759]
Event: 4.251 Thread 0x000002576d94f050 Exception <a 'java/lang/NoSuchMethodError'{0x00000000ff6883d8}: 'java.lang.Object java.lang.invoke.DirectMethodHandle$Holder.invokeStaticInit(java.lang.Object, java.lang.Object, int, int, int, int)'> (0x00000000ff6883d8) 
thrown [s\open\src\hotspot\share\interpreter\linkResolver.cpp, line 759]
Event: 4.506 Thread 0x000002576d94f050 Exception <a 'java/lang/NoSuchMethodError'{0x00000000ff6b4d20}: 'void java.lang.invoke.DirectMethodHandle$Holder.invokeStatic(java.lang.Object, java.lang.Object, java.lang.Object)'> (0x00000000ff6b4d20) 
thrown [s\open\src\hotspot\share\interpreter\linkResolver.cpp, line 759]
Event: 4.541 Thread 0x000002576d94f050 Implicit null exception at 0x0000025707b05b72 to 0x0000025707b0618c
Event: 4.541 Thread 0x000002576d94f050 Implicit null exception at 0x0000025707b156f2 to 0x0000025707b15d0c
Event: 8.871 Thread 0x000002577a4dc4b0 Exception <a 'java/lang/NoSuchMethodError'{0x00000000fea81ab8}: 'void java.lang.invoke.DirectMethodHandle$Holder.invokeStatic(java.lang.Object, long)'> (0x00000000fea81ab8) 
thrown [s\open\src\hotspot\share\interpreter\linkResolver.cpp, line 759]
Event: 8.872 Thread 0x000002577a4dc4b0 Exception <a 'java/lang/NoSuchMethodError'{0x00000000fea87168}: 'java.lang.Object java.lang.invoke.DirectMethodHandle$Holder.newInvokeSpecial(java.lang.Object, long)'> (0x00000000fea87168) 
thrown [s\open\src\hotspot\share\interpreter\linkResolver.cpp, line 759]
Event: 8.874 Thread 0x000002577a4dc4b0 Exception <a 'java/lang/NoSuchMethodError'{0x00000000fea91d10}: 'java.lang.Object java.lang.invoke.DirectMethodHandle$Holder.invokeStaticInit(java.lang.Object, java.lang.Object, long, java.lang.Object)'> (0x00000000fea91d10) 
thrown [s\open\src\hotspot\share\interpreter\linkResolver.cpp, line 759]
Event: 8.875 Thread 0x000002577a4dc4b0 Exception <a 'java/lang/NoSuchMethodError'{0x00000000fea98398}: 'java.lang.Object java.lang.invoke.DirectMethodHandle$Holder.newInvokeSpecial(java.lang.Object, java.lang.Object, long)'> (0x00000000fea98398) 
thrown [s\open\src\hotspot\share\interpreter\linkResolver.cpp, line 759]
Event: 8.875 Thread 0x000002577a4dc4b0 Exception <a 'java/lang/NoSuchMethodError'{0x00000000fea9c688}: 'java.lang.Object java.lang.invoke.Invokers$Holder.linkToTargetMethod(java.lang.Object, long, java.lang.Object)'> (0x00000000fea9c688) 
thrown [s\open\src\hotspot\share\interpreter\linkResolver.cpp, line 759]
Event: 143.826 Thread 0x000002576d94f050 Exception <a 'sun/net/ConnectionResetException'{0x00000000ffe43388}: Connection reset> (0x00000000ffe43388) 
thrown [s\open\src\hotspot\share\prims\jni.cpp, line 535]

VM Operations (20 events):
Event: 27.036 Executing VM operation: Cleanup
Event: 27.036 Executing VM operation: Cleanup done
Event: 29.052 Executing VM operation: Cleanup
Event: 29.052 Executing VM operation: Cleanup done
Event: 30.053 Executing VM operation: Cleanup
Event: 30.054 Executing VM operation: Cleanup done
Event: 42.153 Executing VM operation: Cleanup
Event: 42.154 Executing VM operation: Cleanup done
Event: 47.189 Executing VM operation: Cleanup
Event: 47.190 Executing VM operation: Cleanup done
Event: 54.091 Executing VM operation: HandshakeAllThreads
Event: 54.094 Executing VM operation: HandshakeAllThreads done
Event: 67.230 Executing VM operation: Cleanup
Event: 67.237 Executing VM operation: Cleanup done
Event: 94.452 Executing VM operation: Cleanup
Event: 94.459 Executing VM operation: Cleanup done
Event: 135.858 Executing VM operation: Cleanup
Event: 135.867 Executing VM operation: Cleanup done
Event: 143.919 Executing VM operation: Cleanup
Event: 144.025 Executing VM operation: Cleanup done

Events (20 events):
Event: 53.800 loading class jdk/internal/reflect/ByteVector
Event: 53.801 loading class jdk/internal/reflect/ByteVector done
Event: 53.801 loading class jdk/internal/reflect/ByteVectorImpl done
Event: 53.801 loading class jdk/internal/reflect/ClassFileAssembler
Event: 53.803 loading class jdk/internal/reflect/ClassFileAssembler done
Event: 53.815 loading class jdk/internal/reflect/UTF8
Event: 53.816 loading class jdk/internal/reflect/UTF8 done
Event: 53.860 loading class jdk/internal/reflect/Label
Event: 53.860 loading class jdk/internal/reflect/Label done
Event: 53.861 loading class jdk/internal/reflect/Label$PatchInfo
Event: 53.862 loading class jdk/internal/reflect/Label$PatchInfo done
Event: 53.875 loading class jdk/internal/reflect/MethodAccessorGenerator$1
Event: 53.876 loading class jdk/internal/reflect/MethodAccessorGenerator$1 done
Event: 53.887 loading class jdk/internal/reflect/ClassDefiner
Event: 53.889 loading class jdk/internal/reflect/ClassDefiner done
Event: 53.890 loading class jdk/internal/reflect/ClassDefiner$1
Event: 53.890 loading class jdk/internal/reflect/ClassDefiner$1 done
Event: 74.540 Thread 0x000002577a14c650 Thread exited: 0x000002577a14c650
Event: 143.812 loading class sun/net/ConnectionResetException
Event: 143.820 loading class sun/net/ConnectionResetException done


Dynamic libraries:
0x00007ff7404d0000 - 0x00007ff7404e0000 	D:\Java\jdk-17.0.8\bin\java.exe
0x00007ffb6e190000 - 0x00007ffb6e3a7000 	C:\Windows\SYSTEM32\ntdll.dll
0x00007ffb6d520000 - 0x00007ffb6d5e4000 	C:\Windows\System32\KERNEL32.DLL
0x00007ffb6b910000 - 0x00007ffb6bcb6000 	C:\Windows\System32\KERNELBASE.dll
0x00007ffb6b780000 - 0x00007ffb6b891000 	C:\Windows\System32\ucrtbase.dll
0x00007ffb53ed0000 - 0x00007ffb53ee9000 	D:\Java\jdk-17.0.8\bin\jli.dll
0x00007ffb567d0000 - 0x00007ffb567eb000 	D:\Java\jdk-17.0.8\bin\VCRUNTIME140.dll
0x00007ffb6c3c0000 - 0x00007ffb6c470000 	C:\Windows\System32\ADVAPI32.dll
0x00007ffb6c100000 - 0x00007ffb6c1a7000 	C:\Windows\System32\msvcrt.dll
0x00007ffb6d8a0000 - 0x00007ffb6d946000 	C:\Windows\System32\sechost.dll
0x00007ffb6dda0000 - 0x00007ffb6deb7000 	C:\Windows\System32\RPCRT4.dll
0x00007ffb6c560000 - 0x00007ffb6c70d000 	C:\Windows\System32\USER32.dll
0x00007ffb6b510000 - 0x00007ffb6b536000 	C:\Windows\System32\win32u.dll
0x00007ffb6dec0000 - 0x00007ffb6dee9000 	C:\Windows\System32\GDI32.dll
0x00007ffb6b5e0000 - 0x00007ffb6b6f8000 	C:\Windows\System32\gdi32full.dll
0x00007ffb6b540000 - 0x00007ffb6b5da000 	C:\Windows\System32\msvcp_win.dll
0x00007ffb53700000 - 0x00007ffb53993000 	C:\Windows\WinSxS\amd64_microsoft.windows.common-controls_6595b64144ccf1df_6.0.22621.2361_none_2712ced57382f843\COMCTL32.dll
0x00007ffb63350000 - 0x00007ffb6335a000 	C:\Windows\SYSTEM32\VERSION.dll
0x00007ffb6bf00000 - 0x00007ffb6bf31000 	C:\Windows\System32\IMM32.DLL
0x00007ffb56a10000 - 0x00007ffb56a1c000 	D:\Java\jdk-17.0.8\bin\vcruntime140_1.dll
0x00007ffb24490000 - 0x00007ffb2451e000 	D:\Java\jdk-17.0.8\bin\msvcp140.dll
0x00007ffafedf0000 - 0x00007ffaff9ce000 	D:\Java\jdk-17.0.8\bin\server\jvm.dll
0x00007ffb6bef0000 - 0x00007ffb6bef8000 	C:\Windows\System32\PSAPI.DLL
0x00007ffb4d970000 - 0x00007ffb4d979000 	C:\Windows\SYSTEM32\WSOCK32.dll
0x00007ffb6def0000 - 0x00007ffb6df61000 	C:\Windows\System32\WS2_32.dll
0x00007ffb631a0000 - 0x00007ffb631d4000 	C:\Windows\SYSTEM32\WINMM.dll
0x00007ffb6a5e0000 - 0x00007ffb6a5f8000 	C:\Windows\SYSTEM32\kernel.appcore.dll
0x00007ffb53be0000 - 0x00007ffb53bea000 	D:\Java\jdk-17.0.8\bin\jimage.dll
0x00007ffb68e70000 - 0x00007ffb6909e000 	C:\Windows\SYSTEM32\DBGHELP.DLL
0x00007ffb6d950000 - 0x00007ffb6dcda000 	C:\Windows\System32\combase.dll
0x00007ffb6bfa0000 - 0x00007ffb6c077000 	C:\Windows\System32\OLEAUT32.dll
0x00007ffb51e10000 - 0x00007ffb51e42000 	C:\Windows\SYSTEM32\dbgcore.DLL
0x00007ffb6b700000 - 0x00007ffb6b77a000 	C:\Windows\System32\bcryptPrimitives.dll
0x00007ffb3c660000 - 0x00007ffb3c685000 	D:\Java\jdk-17.0.8\bin\java.dll
0x00007ffb18ec0000 - 0x00007ffb18f97000 	D:\Java\jdk-17.0.8\bin\jsvml.dll
0x00007ffb6c840000 - 0x00007ffb6d098000 	C:\Windows\System32\SHELL32.dll
0x00007ffb69480000 - 0x00007ffb69d72000 	C:\Windows\SYSTEM32\windows.storage.dll
0x00007ffb69340000 - 0x00007ffb6947e000 	C:\Windows\SYSTEM32\wintypes.dll
0x00007ffb6c710000 - 0x00007ffb6c803000 	C:\Windows\System32\SHCORE.dll
0x00007ffb6bf40000 - 0x00007ffb6bf9e000 	C:\Windows\System32\shlwapi.dll
0x00007ffb6b440000 - 0x00007ffb6b466000 	C:\Windows\SYSTEM32\profapi.dll
0x00007ffb3c4e0000 - 0x00007ffb3c4f9000 	D:\Java\jdk-17.0.8\bin\net.dll
0x00007ffb62ab0000 - 0x00007ffb62be7000 	C:\Windows\SYSTEM32\WINHTTP.dll
0x00007ffb6aac0000 - 0x00007ffb6ab29000 	C:\Windows\system32\mswsock.dll
0x00007ffb3b150000 - 0x00007ffb3b166000 	D:\Java\jdk-17.0.8\bin\nio.dll
0x00007ffb3d000000 - 0x00007ffb3d018000 	D:\Java\jdk-17.0.8\bin\zip.dll
0x00007ffb52790000 - 0x00007ffb527a0000 	D:\Java\jdk-17.0.8\bin\verify.dll
0x00007ffb56840000 - 0x00007ffb56867000 	C:\Users\xuanu\.gradle\native\68d5fa5c4cc2d200863cafc0d521ce42e7d3e7ee720ec0a83991735586a16f82\windows-amd64\native-platform.dll
0x00007ffb527f0000 - 0x00007ffb527fa000 	D:\Java\jdk-17.0.8\bin\management.dll
0x00007ffb51480000 - 0x00007ffb5148b000 	D:\Java\jdk-17.0.8\bin\management_ext.dll
0x00007ffb6ad10000 - 0x00007ffb6ad2b000 	C:\Windows\SYSTEM32\CRYPTSP.dll
0x00007ffb6a5a0000 - 0x00007ffb6a5d5000 	C:\Windows\system32\rsaenh.dll
0x00007ffb6abb0000 - 0x00007ffb6abdc000 	C:\Windows\SYSTEM32\USERENV.dll
0x00007ffb6aed0000 - 0x00007ffb6aef8000 	C:\Windows\SYSTEM32\bcrypt.dll
0x00007ffb6ad30000 - 0x00007ffb6ad3c000 	C:\Windows\SYSTEM32\CRYPTBASE.dll
0x00007ffb6a050000 - 0x00007ffb6a07d000 	C:\Windows\SYSTEM32\IPHLPAPI.DLL
0x00007ffb6c830000 - 0x00007ffb6c839000 	C:\Windows\System32\NSI.dll
0x00007ffb632a0000 - 0x00007ffb632b9000 	C:\Windows\SYSTEM32\dhcpcsvc6.DLL
0x00007ffb63260000 - 0x00007ffb6327f000 	C:\Windows\SYSTEM32\dhcpcsvc.DLL
0x00007ffb6a0c0000 - 0x00007ffb6a1b9000 	C:\Windows\SYSTEM32\DNSAPI.dll
0x00007ffb513e0000 - 0x00007ffb513ee000 	D:\Java\jdk-17.0.8\bin\sunmscapi.dll
0x00007ffb6bd80000 - 0x00007ffb6bee6000 	C:\Windows\System32\CRYPT32.dll
0x00007ffb6aea0000 - 0x00007ffb6aecd000 	C:\Windows\SYSTEM32\ncrypt.dll
0x00007ffb6ae60000 - 0x00007ffb6ae97000 	C:\Windows\SYSTEM32\NTASN1.dll
0x00007ffb491d0000 - 0x00007ffb491d8000 	C:\Windows\system32\wshunix.dll

dbghelp: loaded successfully - version: 4.0.5 - missing functions: none
symbol engine: initialized successfully - sym options: 0x614 - pdb path: .;D:\Java\jdk-17.0.8\bin;C:\Windows\SYSTEM32;C:\Windows\WinSxS\amd64_microsoft.windows.common-controls_6595b64144ccf1df_6.0.22621.2361_none_2712ced57382f843;D:\Java\jdk-17.0.8\bin\server;C:\Users\xuanu\.gradle\native\68d5fa5c4cc2d200863cafc0d521ce42e7d3e7ee720ec0a83991735586a16f82\windows-amd64

VM Arguments:
jvm_args: -Xmx64m -Xms64m -Dorg.gradle.appname=gradlew 
java_command: org.gradle.wrapper.GradleWrapperMain tasks
java_class_path (initial): E:\ReactNative\DATN_App_Shop\AppShopCli\android\\gradle\wrapper\gradle-wrapper.jar
Launcher Type: SUN_STANDARD

[Global flags]
     intx CICompilerCount                          = 4                                         {product} {ergonomic}
     uint ConcGCThreads                            = 2                                         {product} {ergonomic}
     uint G1ConcRefinementThreads                  = 8                                         {product} {ergonomic}
   size_t G1HeapRegionSize                         = 1048576                                   {product} {ergonomic}
    uintx GCDrainStackTargetSize                   = 64                                        {product} {ergonomic}
   size_t InitialHeapSize                          = 67108864                                  {product} {command line}
   size_t MarkStackSize                            = 4194304                                   {product} {ergonomic}
   size_t MaxHeapSize                              = 67108864                                  {product} {command line}
   size_t MaxNewSize                               = 39845888                                  {product} {ergonomic}
   size_t MinHeapDeltaBytes                        = 1048576                                   {product} {ergonomic}
   size_t MinHeapSize                              = 67108864                                  {product} {command line}
    uintx NonNMethodCodeHeapSize                   = 5839372                                {pd product} {ergonomic}
    uintx NonProfiledCodeHeapSize                  = 122909434                              {pd product} {ergonomic}
    uintx ProfiledCodeHeapSize                     = 122909434                              {pd product} {ergonomic}
    uintx ReservedCodeCacheSize                    = 251658240                              {pd product} {ergonomic}
     bool SegmentedCodeCache                       = true                                      {product} {ergonomic}
   size_t SoftMaxHeapSize                          = 67108864                               {manageable} {ergonomic}
     bool UseCompressedClassPointers               = true                           {product lp64_product} {ergonomic}
     bool UseCompressedOops                        = true                           {product lp64_product} {ergonomic}
     bool UseG1GC                                  = true                                      {product} {ergonomic}
     bool UseLargePagesIndividualAllocation        = false                                  {pd product} {ergonomic}

Logging:
Log output configuration:
 #0: stdout all=warning uptime,level,tags
 #1: stderr all=off uptime,level,tags

Environment Variables:
JAVA_HOME=D:\Java\jdk-17.0.8
CLASSPATH=E:\ReactNative\DATN_App_Shop\AppShopCli\android\\gradle\wrapper\gradle-wrapper.jar
PATH=E:\ReactNative\DATN_App_Shop\AppShopCli\node_modules\.bin;E:\ReactNative\DATN_App_Shop\AppShopCli\node_modules\.bin;E:\ReactNative\DATN_App_Shop\node_modules\.bin;E:\ReactNative\node_modules\.bin;E:\node_modules\.bin;D:\NodeJs\node_modules\npm\node_modules\@npmcli\run-script\lib\node-gyp-bin;E:\ReactNative\DATN_App_Shop\AppShopCli\node_modules\.bin;E:\ReactNative\DATN_App_Shop\node_modules\.bin;E:\ReactNative\node_modules\.bin;E:\node_modules\.bin;D:\NodeJs\node_modules\npm\node_modules\@npmcli\run-script\lib\node-gyp-bin;C:\Windows\system32;C:\Windows;C:\Windows\System32\Wbem;C:\Windows\System32\WindowsPowerShell\v1.0\;C:\Windows\System32\OpenSSH\;D:\NodeJs\;D:\Git\cmd;D:\Java\jdk-17.0.8\bin;C:\Users\xuanu\AppData\Local\Microsoft\WindowsApps;C:\Users\xuanu\AppData\Roaming\npm;C:\Users\xuanu\AppData\Local\Programs\Microsoft VS Code\bin;D:\Flutter\bin;
USERNAME=xuanu
LANG=en_US.UTF-8
OS=Windows_NT
PROCESSOR_IDENTIFIER=Intel64 Family 6 Model 165 Stepping 2, GenuineIntel



---------------  S Y S T E M  ---------------

OS:
 Windows 11 , 64 bit Build 22621 (10.0.22621.2428)
OS uptime: 4 days 13:47 hours

CPU: total 8 (initial active 8) (4 cores per cpu, 2 threads per core) family 6 model 165 stepping 2 microcode 0xe0, cx8, cmov, fxsr, ht, mmx, 3dnowpref, sse, sse2, sse3, ssse3, sse4.1, sse4.2, popcnt, lzcnt, tsc, tscinvbit, avx, avx2, aes, erms, clmul, bmi1, bmi2, adx, fma, vzeroupper, clflush, clflushopt

Memory: 4k page, system-wide physical 8029M (33M free)
TotalPageFile size 29903M (AvailPageFile size 0M)
current process WorkingSet (physical memory assigned to process): 19M, peak: 97M
current process commit charge ("private bytes"): 164M, peak: 167M

vm_info: Java HotSpot(TM) 64-Bit Server VM (17.0.8+9-LTS-211) for windows-amd64 JRE (17.0.8+9-LTS-211), built on Jun 14 2023 10:34:31 by "mach5one" with MS VC++ 17.1 (VS2022)

END.
