#
# There is insufficient memory for the Java Runtime Environment to continue.
# Native memory allocation (malloc) failed to allocate 764976 bytes for Chunk::new
# Possible reasons:
#   The system is out of physical RAM or swap space
#   The process is running with CompressedOops enabled, and the Java Heap may be blocking the growth of the native heap
# Possible solutions:
#   Reduce memory load on the system
#   Increase physical memory or swap space
#   Check if swap backing store is full
#   Decrease Java heap size (-Xmx/-Xms)
#   Decrease number of Java threads
#   Decrease Java thread stack sizes (-Xss)
#   Set larger code cache with -XX:ReservedCodeCacheSize=
#   JVM is running with Unscaled Compressed Oops mode in which the Java heap is
#     placed in the first 4GB address space. The Java Heap base address is the
#     maximum limit for the native heap growth. Please use -XX:HeapBaseMinAddress
#     to set the Java Heap base and to place the Java Heap above 4GB virtual address.
# This output file may be truncated or incomplete.
#
#  Out of Memory Error (arena.cpp:189), pid=5452, tid=5672
#
# JRE version: Java(TM) SE Runtime Environment (17.0.8+9) (build 17.0.8+9-LTS-211)
# Java VM: Java HotSpot(TM) 64-Bit Server VM (17.0.8+9-LTS-211, mixed mode, sharing, tiered, compressed oops, compressed class ptrs, g1 gc, windows-amd64)
# No core dump will be written. Minidumps are not enabled by default on client versions of Windows
#

---------------  S U M M A R Y ------------

Command Line: -XX:MaxMetaspaceSize=512m --add-opens=java.base/java.util=ALL-UNNAMED --add-opens=java.base/java.lang=ALL-UNNAMED --add-opens=java.base/java.lang.invoke=ALL-UNNAMED --add-opens=java.prefs/java.util.prefs=ALL-UNNAMED --add-opens=java.base/java.nio.charset=ALL-UNNAMED --add-opens=java.base/java.net=ALL-UNNAMED --add-opens=java.base/java.util.concurrent.atomic=ALL-UNNAMED -Xmx2048m -Dfile.encoding=windows-1258 -Duser.country=VN -Duser.language=vi -Duser.variant org.gradle.launcher.daemon.bootstrap.GradleDaemon 8.0.1

Host: Intel(R) Core(TM) i5-10300H CPU @ 2.50GHz, 8 cores, 7G,  Windows 11 , 64 bit Build 22621 (10.0.22621.2428)
Time: Thu Nov  2 15:44:44 2023 SE Asia Standard Time elapsed time: 134.958333 seconds (0d 0h 2m 14s)

---------------  T H R E A D  ---------------

Current thread (0x0000015d41e700f0):  JavaThread "C2 CompilerThread0" daemon [_thread_in_native, id=5672, stack(0x0000005159700000,0x0000005159800000)]


Current CompileTask:
C2: 134958 13235       4       java.util.regex.Pattern::compile (500 bytes)

Stack: [0x0000005159700000,0x0000005159800000]
Native frames: (J=compiled Java code, j=interpreted, Vv=VM code, C=native code)
V  [jvm.dll+0x677d0a]
V  [jvm.dll+0x7d8c54]
V  [jvm.dll+0x7da3fe]
V  [jvm.dll+0x7daa63]
V  [jvm.dll+0x245c5f]
V  [jvm.dll+0xaaa6b]
V  [jvm.dll+0xab00c]
V  [jvm.dll+0x361e3f]
V  [jvm.dll+0x32c551]
V  [jvm.dll+0x32b9ea]
V  [jvm.dll+0x217fff]
V  [jvm.dll+0x217431]
V  [jvm.dll+0x1a3af0]
V  [jvm.dll+0x2270be]
V  [jvm.dll+0x22535b]
V  [jvm.dll+0x78e7bc]
V  [jvm.dll+0x788bba]
V  [jvm.dll+0x676b35]
C  [ucrtbase.dll+0x29363]
C  [KERNEL32.DLL+0x1257d]
C  [ntdll.dll+0x5aa78]


---------------  P R O C E S S  ---------------

Threads class SMR info:
_java_thread_list=0x0000015d65de17d0, length=136, elements={
0x0000015d23c907a0, 0x0000015d41e50c20, 0x0000015d41e520a0, 0x0000015d41e6a230,
0x0000015d41e6ade0, 0x0000015d41e6b990, 0x0000015d41e6e350, 0x0000015d41e700f0,
0x0000015d41e71330, 0x0000015d41e763a0, 0x0000015d610cf220, 0x0000015d610d1d20,
0x0000015d626db730, 0x0000015d6244d430, 0x0000015d626359b0, 0x0000015d62616050,
0x0000015d6108a6d0, 0x0000015d612b16a0, 0x0000015d612af6a0, 0x0000015d61bb30b0,
0x0000015d62a24420, 0x0000015d62a25c30, 0x0000015d62a26100, 0x0000015d62a265d0,
0x0000015d62a230e0, 0x0000015d62a235b0, 0x0000015d62a26aa0, 0x0000015d62a23a80,
0x0000015d62a23f50, 0x0000015d62a248f0, 0x0000015d62a25290, 0x0000015d62a25760,
0x0000015d6107bec0, 0x0000015d6107d200, 0x0000015d6107e540, 0x0000015d6107dba0,
0x0000015d61080220, 0x0000015d6107e070, 0x0000015d61081090, 0x0000015d61081560,
0x0000015d6107f3b0, 0x0000015d6107f880, 0x0000015d610806f0, 0x0000015d6107ea10,
0x0000015d6107fd50, 0x0000015d6107cd30, 0x0000015d61080bc0, 0x0000015d610828a0,
0x0000015d6107eee0, 0x0000015d61082d70, 0x0000015d6107d6d0, 0x0000015d6107c390,
0x0000015d61083240, 0x0000015d61526360, 0x0000015d61526d00, 0x0000015d615229a0,
0x0000015d61523810, 0x0000015d615241b0, 0x0000015d61528eb0, 0x0000015d615289e0,
0x0000015d61524b50, 0x0000015d61525e90, 0x0000015d61529380, 0x0000015d615259c0,
0x0000015d61522000, 0x0000015d61521b30, 0x0000015d61524680, 0x0000015d61522e70,
0x0000015d61526830, 0x0000015d615271d0, 0x0000015d615276a0, 0x0000015d61528040,
0x0000015d615254f0, 0x0000015d641e2350, 0x0000015d641e1e80, 0x0000015d641e31c0,
0x0000015d641e2820, 0x0000015d641dee60, 0x0000015d641e4500, 0x0000015d641e0b40,
0x0000015d641e5840, 0x0000015d641ddff0, 0x0000015d641e1010, 0x0000015d641e0670,
0x0000015d641e19b0, 0x0000015d641df800, 0x0000015d641e14e0, 0x0000015d641de4c0,
0x0000015d641e2cf0, 0x0000015d641e3690, 0x0000015d641e3b60, 0x0000015d641df330,
0x0000015d641e49d0, 0x0000015d641dfcd0, 0x0000015d641e4030, 0x0000015d641e01a0,
0x0000015d641e4ea0, 0x0000015d641e5370, 0x0000015d641de990, 0x0000015d62a24dc0,
0x0000015d63a20ef0, 0x0000015d63a20a20, 0x0000015d63a213c0, 0x0000015d63a1fbb0,
0x0000015d63a260c0, 0x0000015d63a24d80, 0x0000015d63a22230, 0x0000015d63a20550,
0x0000015d63a23f10, 0x0000015d63a21890, 0x0000015d63a26590, 0x0000015d63a21d60,
0x0000015d63a26f30, 0x0000015d63a22700, 0x0000015d63a23570, 0x0000015d63a248b0,
0x0000015d63a26a60, 0x0000015d63a25250, 0x0000015d63a25720, 0x0000015d63a25bf0,
0x0000015d63a1f6e0, 0x0000015d63a20080, 0x0000015d6476df50, 0x0000015d6476d5b0,
0x0000015d64772780, 0x0000015d64771440, 0x0000015d6476e420, 0x0000015d6476f290,
0x0000015d6476b8d0, 0x0000015d64770aa0, 0x0000015d6476b400, 0x0000015d6476af30,
0x0000015d6476bda0, 0x0000015d6476c270, 0x0000015d64770f70, 0x0000015d6476fc30
}

Java Threads: ( => current thread )
  0x0000015d23c907a0 JavaThread "main" [_thread_blocked, id=7700, stack(0x0000005158a00000,0x0000005158b00000)]
  0x0000015d41e50c20 JavaThread "Reference Handler" daemon [_thread_blocked, id=4864, stack(0x0000005159100000,0x0000005159200000)]
  0x0000015d41e520a0 JavaThread "Finalizer" daemon [_thread_blocked, id=1744, stack(0x0000005159200000,0x0000005159300000)]
  0x0000015d41e6a230 JavaThread "Signal Dispatcher" daemon [_thread_blocked, id=16660, stack(0x0000005159300000,0x0000005159400000)]
  0x0000015d41e6ade0 JavaThread "Attach Listener" daemon [_thread_blocked, id=2736, stack(0x0000005159400000,0x0000005159500000)]
  0x0000015d41e6b990 JavaThread "Service Thread" daemon [_thread_blocked, id=29020, stack(0x0000005159500000,0x0000005159600000)]
  0x0000015d41e6e350 JavaThread "Monitor Deflation Thread" daemon [_thread_blocked, id=23360, stack(0x0000005159600000,0x0000005159700000)]
=>0x0000015d41e700f0 JavaThread "C2 CompilerThread0" daemon [_thread_in_native, id=5672, stack(0x0000005159700000,0x0000005159800000)]
  0x0000015d41e71330 JavaThread "C1 CompilerThread0" daemon [_thread_blocked, id=16164, stack(0x0000005159800000,0x0000005159900000)]
  0x0000015d41e763a0 JavaThread "Sweeper thread" daemon [_thread_blocked, id=4304, stack(0x0000005159900000,0x0000005159a00000)]
  0x0000015d610cf220 JavaThread "Common-Cleaner" daemon [_thread_blocked, id=18648, stack(0x0000005159a00000,0x0000005159b00000)]
  0x0000015d610d1d20 JavaThread "Notification Thread" daemon [_thread_blocked, id=22164, stack(0x0000005159b00000,0x0000005159c00000)]
  0x0000015d626db730 JavaThread "Daemon health stats" [_thread_blocked, id=25424, stack(0x000000515a100000,0x000000515a200000)]
  0x0000015d6244d430 JavaThread "Incoming local TCP Connector on port 50119" [_thread_in_native, id=12532, stack(0x000000515a200000,0x000000515a300000)]
  0x0000015d626359b0 JavaThread "Daemon periodic checks" [_thread_blocked, id=24892, stack(0x000000515a300000,0x000000515a400000)]
  0x0000015d62616050 JavaThread "Daemon" [_thread_blocked, id=7260, stack(0x000000515a400000,0x000000515a500000)]
  0x0000015d6108a6d0 JavaThread "Handler for socket connection from /127.0.0.1:50119 to /127.0.0.1:50120" [_thread_in_native, id=19008, stack(0x000000515a500000,0x000000515a600000)]
  0x0000015d612b16a0 JavaThread "Cancel handler" [_thread_blocked, id=24980, stack(0x000000515a600000,0x000000515a700000)]
  0x0000015d612af6a0 JavaThread "Daemon worker" [_thread_blocked, id=8904, stack(0x000000515a700000,0x000000515a800000)]
  0x0000015d61bb30b0 JavaThread "Asynchronous log dispatcher for DefaultDaemonConnection: socket connection from /127.0.0.1:50119 to /127.0.0.1:50120" [_thread_blocked, id=19676, stack(0x000000515a800000,0x000000515a900000)]
  0x0000015d62a24420 JavaThread "Daemon client event forwarder" [_thread_blocked, id=27480, stack(0x000000515aa00000,0x000000515ab00000)]
  0x0000015d62a25c30 JavaThread "Cache worker for journal cache (C:\Users\xuanu\.gradle\caches\journal-1)" [_thread_blocked, id=31576, stack(0x000000515ab00000,0x000000515ac00000)]
  0x0000015d62a26100 JavaThread "File lock request listener" [_thread_in_native, id=4068, stack(0x000000515ac00000,0x000000515ad00000)]
  0x0000015d62a265d0 JavaThread "Cache worker for file hash cache (C:\Users\xuanu\.gradle\caches\8.0.1\fileHashes)" [_thread_blocked, id=12304, stack(0x000000515ad00000,0x000000515ae00000)]
  0x0000015d62a230e0 JavaThread "File lock release action executor" [_thread_blocked, id=27280, stack(0x000000515ae00000,0x000000515af00000)]
  0x0000015d62a235b0 JavaThread "File watcher server" daemon [_thread_in_native, id=26364, stack(0x000000515b200000,0x000000515b300000)]
  0x0000015d62a26aa0 JavaThread "File watcher consumer" daemon [_thread_blocked, id=13120, stack(0x000000515b300000,0x000000515b400000)]
  0x0000015d62a23a80 JavaThread "Cache worker for checksums cache (E:\ReactNative\DATN_App_Shop\AppShopCli\android\.gradle\8.0.1\checksums)" [_thread_blocked, id=25876, stack(0x000000515b400000,0x000000515b500000)]
  0x0000015d62a23f50 JavaThread "Cache worker for cache directory md-rule (C:\Users\xuanu\.gradle\caches\8.0.1\md-rule)" [_thread_blocked, id=12588, stack(0x000000515b500000,0x000000515b600000)]
  0x0000015d62a248f0 JavaThread "Cache worker for file content cache (C:\Users\xuanu\.gradle\caches\8.0.1\fileContent)" [_thread_blocked, id=7520, stack(0x000000515b600000,0x000000515b700000)]
  0x0000015d62a25290 JavaThread "Cache worker for file hash cache (E:\ReactNative\DATN_App_Shop\AppShopCli\android\.gradle\8.0.1\fileHashes)" [_thread_blocked, id=28820, stack(0x000000515b700000,0x000000515b800000)]
  0x0000015d62a25760 JavaThread "Cache worker for cache directory md-supplier (C:\Users\xuanu\.gradle\caches\8.0.1\md-supplier)" [_thread_blocked, id=18136, stack(0x000000515b800000,0x000000515b900000)]
  0x0000015d6107bec0 JavaThread "Cache worker for execution history cache (C:\Users\xuanu\.gradle\caches\8.0.1\executionHistory)" [_thread_blocked, id=4816, stack(0x000000515ba00000,0x000000515bb00000)]
  0x0000015d6107d200 JavaThread "jar transforms" [_thread_blocked, id=24120, stack(0x000000515bb00000,0x000000515bc00000)]
  0x0000015d6107e540 JavaThread "jar transforms Thread 2" [_thread_blocked, id=1588, stack(0x000000515bc00000,0x000000515bd00000)]
  0x0000015d6107dba0 JavaThread "jar transforms Thread 3" [_thread_blocked, id=14156, stack(0x000000515bd00000,0x000000515be00000)]
  0x0000015d61080220 JavaThread "jar transforms Thread 4" [_thread_blocked, id=684, stack(0x000000515be00000,0x000000515bf00000)]
  0x0000015d6107e070 JavaThread "Cache worker for kotlin-dsl (C:\Users\xuanu\.gradle\caches\8.0.1\kotlin-dsl)" [_thread_blocked, id=17140, stack(0x000000515c100000,0x000000515c200000)]
  0x0000015d61081090 JavaThread "jar transforms Thread 5" [_thread_blocked, id=30552, stack(0x000000515c200000,0x000000515c300000)]
  0x0000015d61081560 JavaThread "jar transforms Thread 6" [_thread_blocked, id=23076, stack(0x000000515c300000,0x000000515c400000)]
  0x0000015d6107f3b0 JavaThread "Cache worker for dependencies-accessors (E:\ReactNative\DATN_App_Shop\AppShopCli\android\.gradle\8.0.1\dependencies-accessors)" [_thread_blocked, id=7980, stack(0x000000515c400000,0x000000515c500000)]
  0x0000015d6107f880 JavaThread "Cache worker for Build Output Cleanup Cache (E:\ReactNative\DATN_App_Shop\AppShopCli\node_modules\@react-native\gradle-plugin\.gradle\buildOutputCleanup)" [_thread_blocked, id=17636, stack(0x000000515c500000,0x000000515c600000)]
  0x0000015d610806f0 JavaThread "jar transforms Thread 7" [_thread_blocked, id=20508, stack(0x000000515c600000,0x000000515c700000)]
  0x0000015d6107ea10 JavaThread "Unconstrained build operations" [_thread_blocked, id=9308, stack(0x000000515c700000,0x000000515c800000)]
  0x0000015d6107fd50 JavaThread "Unconstrained build operations Thread 2" [_thread_blocked, id=10968, stack(0x000000515c800000,0x000000515c900000)]
  0x0000015d6107cd30 JavaThread "Unconstrained build operations Thread 3" [_thread_blocked, id=24260, stack(0x000000515c900000,0x000000515ca00000)]
  0x0000015d61080bc0 JavaThread "Unconstrained build operations Thread 4" [_thread_blocked, id=30624, stack(0x000000515ca00000,0x000000515cb00000)]
  0x0000015d610828a0 JavaThread "Unconstrained build operations Thread 5" [_thread_blocked, id=9272, stack(0x000000515cb00000,0x000000515cc00000)]
  0x0000015d6107eee0 JavaThread "Unconstrained build operations Thread 6" [_thread_blocked, id=20548, stack(0x000000515cc00000,0x000000515cd00000)]
  0x0000015d61082d70 JavaThread "Unconstrained build operations Thread 7" [_thread_blocked, id=11472, stack(0x000000515cd00000,0x000000515ce00000)]
  0x0000015d6107d6d0 JavaThread "Unconstrained build operations Thread 8" [_thread_blocked, id=16352, stack(0x000000515ce00000,0x000000515cf00000)]
  0x0000015d6107c390 JavaThread "Unconstrained build operations Thread 9" [_thread_blocked, id=23424, stack(0x000000515cf00000,0x000000515d000000)]
  0x0000015d61083240 JavaThread "Unconstrained build operations Thread 10" [_thread_blocked, id=22096, stack(0x000000515d000000,0x000000515d100000)]
  0x0000015d61526360 JavaThread "Unconstrained build operations Thread 11" [_thread_blocked, id=10404, stack(0x000000515d100000,0x000000515d200000)]
  0x0000015d61526d00 JavaThread "Unconstrained build operations Thread 12" [_thread_blocked, id=25404, stack(0x000000515d200000,0x000000515d300000)]
  0x0000015d615229a0 JavaThread "Unconstrained build operations Thread 13" [_thread_blocked, id=17580, stack(0x000000515d300000,0x000000515d400000)]
  0x0000015d61523810 JavaThread "Unconstrained build operations Thread 14" [_thread_blocked, id=7568, stack(0x000000515d400000,0x000000515d500000)]
  0x0000015d615241b0 JavaThread "Unconstrained build operations Thread 15" [_thread_blocked, id=2200, stack(0x000000515d500000,0x000000515d600000)]
  0x0000015d61528eb0 JavaThread "Unconstrained build operations Thread 16" [_thread_blocked, id=10896, stack(0x000000515d600000,0x000000515d700000)]
  0x0000015d615289e0 JavaThread "Unconstrained build operations Thread 17" [_thread_blocked, id=16380, stack(0x000000515d700000,0x000000515d800000)]
  0x0000015d61524b50 JavaThread "Unconstrained build operations Thread 18" [_thread_blocked, id=2300, stack(0x000000515d800000,0x000000515d900000)]
  0x0000015d61525e90 JavaThread "Unconstrained build operations Thread 19" [_thread_blocked, id=28368, stack(0x000000515d900000,0x000000515da00000)]
  0x0000015d61529380 JavaThread "Unconstrained build operations Thread 20" [_thread_blocked, id=20596, stack(0x000000515da00000,0x000000515db00000)]
  0x0000015d615259c0 JavaThread "Unconstrained build operations Thread 21" [_thread_blocked, id=6760, stack(0x000000515db00000,0x000000515dc00000)]
  0x0000015d61522000 JavaThread "Unconstrained build operations Thread 22" [_thread_blocked, id=12496, stack(0x000000515dc00000,0x000000515dd00000)]
  0x0000015d61521b30 JavaThread "Unconstrained build operations Thread 23" [_thread_blocked, id=19072, stack(0x000000515dd00000,0x000000515de00000)]
  0x0000015d61524680 JavaThread "Unconstrained build operations Thread 24" [_thread_blocked, id=31160, stack(0x000000515de00000,0x000000515df00000)]
  0x0000015d61522e70 JavaThread "Unconstrained build operations Thread 25" [_thread_blocked, id=21404, stack(0x000000515df00000,0x000000515e000000)]
  0x0000015d61526830 JavaThread "Unconstrained build operations Thread 26" [_thread_blocked, id=26756, stack(0x000000515e000000,0x000000515e100000)]
  0x0000015d615271d0 JavaThread "jar transforms Thread 8" [_thread_blocked, id=12764, stack(0x000000515e100000,0x000000515e200000)]
  0x0000015d615276a0 JavaThread "Memory manager" [_thread_blocked, id=3568, stack(0x000000515e200000,0x000000515e300000)]
  0x0000015d61528040 JavaThread "Cache worker for Build Output Cleanup Cache (E:\ReactNative\DATN_App_Shop\AppShopCli\android\.gradle\buildOutputCleanup)" [_thread_blocked, id=29496, stack(0x0000005158800000,0x0000005158900000)]
  0x0000015d615254f0 JavaThread "included builds" [_thread_in_Java, id=304, stack(0x0000005158900000,0x0000005158a00000)]
  0x0000015d641e2350 JavaThread "Execution worker" [_thread_blocked, id=29068, stack(0x000000515e300000,0x000000515e400000)]
  0x0000015d641e1e80 JavaThread "Execution worker Thread 2" [_thread_blocked, id=19236, stack(0x000000515e400000,0x000000515e500000)]
  0x0000015d641e31c0 JavaThread "Execution worker Thread 3" [_thread_blocked, id=30256, stack(0x000000515e500000,0x000000515e600000)]
  0x0000015d641e2820 JavaThread "Execution worker Thread 4" [_thread_blocked, id=10140, stack(0x000000515e600000,0x000000515e700000)]
  0x0000015d641dee60 JavaThread "Execution worker Thread 5" [_thread_blocked, id=30240, stack(0x000000515e700000,0x000000515e800000)]
  0x0000015d641e4500 JavaThread "Execution worker Thread 6" [_thread_blocked, id=9648, stack(0x000000515e800000,0x000000515e900000)]
  0x0000015d641e0b40 JavaThread "Execution worker Thread 7" [_thread_blocked, id=21340, stack(0x000000515e900000,0x000000515ea00000)]
  0x0000015d641e5840 JavaThread "Cache worker for execution history cache (E:\ReactNative\DATN_App_Shop\AppShopCli\node_modules\@react-native\gradle-plugin\.gradle\8.0.1\executionHistory)" [_thread_blocked, id=30500, stack(0x000000515ea00000,0x000000515eb00000)]
  0x0000015d641ddff0 JavaThread "Unconstrained build operations Thread 27" [_thread_blocked, id=4868, stack(0x000000515a900000,0x000000515aa00000)]
  0x0000015d641e1010 JavaThread "Unconstrained build operations Thread 28" [_thread_blocked, id=26640, stack(0x000000515eb00000,0x000000515ec00000)]
  0x0000015d641e0670 JavaThread "Unconstrained build operations Thread 29" [_thread_blocked, id=16276, stack(0x000000515ec00000,0x000000515ed00000)]
  0x0000015d641e19b0 JavaThread "Unconstrained build operations Thread 30" [_thread_blocked, id=26688, stack(0x000000515ed00000,0x000000515ee00000)]
  0x0000015d641df800 JavaThread "Unconstrained build operations Thread 31" [_thread_blocked, id=4076, stack(0x000000515ee00000,0x000000515ef00000)]
  0x0000015d641e14e0 JavaThread "Unconstrained build operations Thread 32" [_thread_blocked, id=30788, stack(0x000000515ef00000,0x000000515f000000)]
  0x0000015d641de4c0 JavaThread "Unconstrained build operations Thread 33" [_thread_blocked, id=1568, stack(0x000000515f000000,0x000000515f100000)]
  0x0000015d641e2cf0 JavaThread "Unconstrained build operations Thread 34" [_thread_blocked, id=17984, stack(0x000000515f100000,0x000000515f200000)]
  0x0000015d641e3690 JavaThread "Unconstrained build operations Thread 35" [_thread_blocked, id=20988, stack(0x000000515f200000,0x000000515f300000)]
  0x0000015d641e3b60 JavaThread "Unconstrained build operations Thread 36" [_thread_blocked, id=6316, stack(0x000000515f300000,0x000000515f400000)]
  0x0000015d641df330 JavaThread "Unconstrained build operations Thread 37" [_thread_blocked, id=2176, stack(0x000000515f400000,0x000000515f500000)]
  0x0000015d641e49d0 JavaThread "Unconstrained build operations Thread 38" [_thread_blocked, id=13016, stack(0x000000515f500000,0x000000515f600000)]
  0x0000015d641dfcd0 JavaThread "Unconstrained build operations Thread 39" [_thread_blocked, id=8032, stack(0x000000515f600000,0x000000515f700000)]
  0x0000015d641e4030 JavaThread "Unconstrained build operations Thread 40" [_thread_blocked, id=18624, stack(0x000000515f700000,0x000000515f800000)]
  0x0000015d641e01a0 JavaThread "Unconstrained build operations Thread 41" [_thread_blocked, id=14352, stack(0x000000515f800000,0x000000515f900000)]
  0x0000015d641e4ea0 JavaThread "Unconstrained build operations Thread 42" [_thread_blocked, id=5064, stack(0x000000515f900000,0x000000515fa00000)]
  0x0000015d641e5370 JavaThread "Unconstrained build operations Thread 43" [_thread_blocked, id=30116, stack(0x000000515fa00000,0x000000515fb00000)]
  0x0000015d641de990 JavaThread "Unconstrained build operations Thread 44" [_thread_blocked, id=9788, stack(0x000000515fb00000,0x000000515fc00000)]
  0x0000015d62a24dc0 JavaThread "Unconstrained build operations Thread 45" [_thread_blocked, id=19060, stack(0x000000515fc00000,0x000000515fd00000)]
  0x0000015d63a20ef0 JavaThread "Unconstrained build operations Thread 46" [_thread_blocked, id=26396, stack(0x000000515fd00000,0x000000515fe00000)]
  0x0000015d63a20a20 JavaThread "Unconstrained build operations Thread 47" [_thread_blocked, id=16576, stack(0x000000515fe00000,0x000000515ff00000)]
  0x0000015d63a213c0 JavaThread "Unconstrained build operations Thread 48" [_thread_blocked, id=10604, stack(0x000000515ff00000,0x0000005160000000)]
  0x0000015d63a1fbb0 JavaThread "Unconstrained build operations Thread 49" [_thread_blocked, id=15620, stack(0x0000005160000000,0x0000005160100000)]
  0x0000015d63a260c0 JavaThread "Unconstrained build operations Thread 50" [_thread_blocked, id=5040, stack(0x0000005160100000,0x0000005160200000)]
  0x0000015d63a24d80 JavaThread "Unconstrained build operations Thread 51" [_thread_blocked, id=21460, stack(0x0000005160200000,0x0000005160300000)]
  0x0000015d63a22230 JavaThread "Unconstrained build operations Thread 52" [_thread_blocked, id=26940, stack(0x0000005160300000,0x0000005160400000)]
  0x0000015d63a20550 JavaThread "Unconstrained build operations Thread 53" [_thread_blocked, id=31072, stack(0x0000005160400000,0x0000005160500000)]
  0x0000015d63a23f10 JavaThread "Unconstrained build operations Thread 54" [_thread_blocked, id=9864, stack(0x0000005160500000,0x0000005160600000)]
  0x0000015d63a21890 JavaThread "Unconstrained build operations Thread 55" [_thread_blocked, id=18312, stack(0x0000005160600000,0x0000005160700000)]
  0x0000015d63a26590 JavaThread "Unconstrained build operations Thread 56" [_thread_blocked, id=29932, stack(0x0000005160700000,0x0000005160800000)]
  0x0000015d63a21d60 JavaThread "Unconstrained build operations Thread 57" [_thread_blocked, id=16076, stack(0x0000005160800000,0x0000005160900000)]
  0x0000015d63a26f30 JavaThread "Unconstrained build operations Thread 58" [_thread_blocked, id=26040, stack(0x0000005160900000,0x0000005160a00000)]
  0x0000015d63a22700 JavaThread "Unconstrained build operations Thread 59" [_thread_blocked, id=16540, stack(0x0000005160a00000,0x0000005160b00000)]
  0x0000015d63a23570 JavaThread "Unconstrained build operations Thread 60" [_thread_blocked, id=13792, stack(0x0000005160b00000,0x0000005160c00000)]
  0x0000015d63a248b0 JavaThread "Unconstrained build operations Thread 61" [_thread_blocked, id=16268, stack(0x0000005160c00000,0x0000005160d00000)]
  0x0000015d63a26a60 JavaThread "Unconstrained build operations Thread 62" [_thread_blocked, id=4192, stack(0x0000005160d00000,0x0000005160e00000)]
  0x0000015d63a25250 JavaThread "Unconstrained build operations Thread 63" [_thread_blocked, id=24552, stack(0x0000005160e00000,0x0000005160f00000)]
  0x0000015d63a25720 JavaThread "Unconstrained build operations Thread 64" [_thread_blocked, id=11840, stack(0x0000005160f00000,0x0000005161000000)]
  0x0000015d63a25bf0 JavaThread "Unconstrained build operations Thread 65" [_thread_blocked, id=10808, stack(0x0000005161000000,0x0000005161100000)]
  0x0000015d63a1f6e0 JavaThread "Unconstrained build operations Thread 66" [_thread_blocked, id=16040, stack(0x0000005161100000,0x0000005161200000)]
  0x0000015d63a20080 JavaThread "Unconstrained build operations Thread 67" [_thread_blocked, id=27724, stack(0x0000005161200000,0x0000005161300000)]
  0x0000015d6476df50 JavaThread "Unconstrained build operations Thread 68" [_thread_blocked, id=14032, stack(0x0000005161300000,0x0000005161400000)]
  0x0000015d6476d5b0 JavaThread "Unconstrained build operations Thread 69" [_thread_blocked, id=29244, stack(0x0000005161400000,0x0000005161500000)]
  0x0000015d64772780 JavaThread "Unconstrained build operations Thread 70" [_thread_blocked, id=11700, stack(0x0000005161500000,0x0000005161600000)]
  0x0000015d64771440 JavaThread "Unconstrained build operations Thread 71" [_thread_blocked, id=18396, stack(0x0000005161600000,0x0000005161700000)]
  0x0000015d6476e420 JavaThread "Unconstrained build operations Thread 72" [_thread_blocked, id=23676, stack(0x0000005161700000,0x0000005161800000)]
  0x0000015d6476f290 JavaThread "Unconstrained build operations Thread 73" [_thread_blocked, id=29292, stack(0x0000005161800000,0x0000005161900000)]
  0x0000015d6476b8d0 JavaThread "Unconstrained build operations Thread 74" [_thread_blocked, id=28160, stack(0x0000005161900000,0x0000005161a00000)]
  0x0000015d64770aa0 JavaThread "Unconstrained build operations Thread 75" [_thread_blocked, id=26508, stack(0x0000005161a00000,0x0000005161b00000)]
  0x0000015d6476b400 JavaThread "Unconstrained build operations Thread 76" [_thread_blocked, id=3348, stack(0x0000005161b00000,0x0000005161c00000)]
  0x0000015d6476af30 JavaThread "Unconstrained build operations Thread 77" [_thread_blocked, id=9348, stack(0x0000005161c00000,0x0000005161d00000)]
  0x0000015d6476bda0 JavaThread "Unconstrained build operations Thread 78" [_thread_blocked, id=19576, stack(0x0000005161d00000,0x0000005161e00000)]
  0x0000015d6476c270 JavaThread "Unconstrained build operations Thread 79" [_thread_blocked, id=20800, stack(0x0000005161e00000,0x0000005161f00000)]
  0x0000015d64770f70 JavaThread "Unconstrained build operations Thread 80" [_thread_blocked, id=16160, stack(0x0000005161f00000,0x0000005162000000)]
  0x0000015d6476fc30 JavaThread "Cache worker for execution history cache (E:\ReactNative\DATN_App_Shop\AppShopCli\android\.gradle\8.0.1\executionHistory)" [_thread_blocked, id=2444, stack(0x0000005162000000,0x0000005162100000)]

Other Threads:
  0x0000015d41e49cd0 VMThread "VM Thread" [stack: 0x0000005159000000,0x0000005159100000] [id=13292]
  0x0000015d610d21f0 WatcherThread [stack: 0x0000005159c00000,0x0000005159d00000] [id=19408]
  0x0000015d23cead40 GCTaskThread "GC Thread#0" [stack: 0x0000005158b00000,0x0000005158c00000] [id=19640]
  0x0000015d61396c60 GCTaskThread "GC Thread#1" [stack: 0x0000005159d00000,0x0000005159e00000] [id=25392]
  0x0000015d61396f10 GCTaskThread "GC Thread#2" [stack: 0x0000005159e00000,0x0000005159f00000] [id=30480]
  0x0000015d61a2e380 GCTaskThread "GC Thread#3" [stack: 0x0000005159f00000,0x000000515a000000] [id=25224]
  0x0000015d61bfe360 GCTaskThread "GC Thread#4" [stack: 0x000000515a000000,0x000000515a100000] [id=25272]
  0x0000015d63539440 GCTaskThread "GC Thread#5" [stack: 0x000000515af00000,0x000000515b000000] [id=14864]
  0x0000015d6432c860 GCTaskThread "GC Thread#6" [stack: 0x000000515b000000,0x000000515b100000] [id=29968]
  0x0000015d6432cb10 GCTaskThread "GC Thread#7" [stack: 0x000000515b100000,0x000000515b200000] [id=14548]
  0x0000015d23cfbc80 ConcurrentGCThread "G1 Main Marker" [stack: 0x0000005158c00000,0x0000005158d00000] [id=19320]
  0x0000015d23cfc690 ConcurrentGCThread "G1 Conc#0" [stack: 0x0000005158d00000,0x0000005158e00000] [id=2896]
  0x0000015d61970240 ConcurrentGCThread "G1 Conc#1" [stack: 0x000000515b900000,0x000000515ba00000] [id=19612]
  0x0000015d23d5e870 ConcurrentGCThread "G1 Refine#0" [stack: 0x0000005158e00000,0x0000005158f00000] [id=26984]
  0x0000015d41d06420 ConcurrentGCThread "G1 Service" [stack: 0x0000005158f00000,0x0000005159000000] [id=10008]

Threads with active compile tasks:
C2 CompilerThread0   135039 13235       4       java.util.regex.Pattern::compile (500 bytes)

VM state: not at safepoint (normal execution)

VM Mutex/Monitor currently owned by a thread: None

Heap address: 0x0000000080000000, size: 2048 MB, Compressed Oops mode: 32-bit

CDS archive(s) mapped at: [0x0000015d42000000-0x0000015d42bd0000-0x0000015d42bd0000), size 12386304, SharedBaseAddress: 0x0000015d42000000, ArchiveRelocationMode: 1.
Compressed class space mapped at: 0x0000015d43000000-0x0000015d5d000000, reserved size: 436207616
Narrow klass base: 0x0000015d42000000, Narrow klass shift: 0, Narrow klass range: 0x100000000

GC Precious Log:
 CPUs: 8 total, 8 available
 Memory: 8029M
 Large Page Support: Disabled
 NUMA Support: Disabled
 Compressed Oops: Enabled (32-bit)
 Heap Region Size: 1M
 Heap Min Capacity: 8M
 Heap Initial Capacity: 126M
 Heap Max Capacity: 2G
 Pre-touch: Disabled
 Parallel Workers: 8
 Concurrent Workers: 2
 Concurrent Refinement Workers: 8
 Periodic GC: Disabled

Heap:
 garbage-first heap   total 247808K, used 197646K [0x0000000080000000, 0x0000000100000000)
  region size 1024K, 53 young (54272K), 7 survivors (7168K)
 Metaspace       used 93220K, committed 94208K, reserved 557056K
  class space    used 12917K, committed 13376K, reserved 425984K

Heap Regions: E=young(eden), S=young(survivor), O=old, HS=humongous(starts), HC=humongous(continues), CS=collection set, F=free, OA=open archive, CA=closed archive, TAMS=top-at-mark-start (previous, next)
|   0|0x0000000080000000, 0x0000000080100000, 0x0000000080100000|100%|HS|  |TAMS 0x0000000080100000, 0x0000000080000000| Complete 
|   1|0x0000000080100000, 0x0000000080200000, 0x0000000080200000|100%|HC|  |TAMS 0x0000000080200000, 0x0000000080100000| Complete 
|   2|0x0000000080200000, 0x0000000080300000, 0x0000000080300000|100%|HC|  |TAMS 0x0000000080300000, 0x0000000080200000| Complete 
|   3|0x0000000080300000, 0x0000000080400000, 0x0000000080400000|100%|HC|  |TAMS 0x0000000080400000, 0x0000000080300000| Complete 
|   4|0x0000000080400000, 0x0000000080500000, 0x0000000080500000|100%| O|  |TAMS 0x0000000080500000, 0x0000000080400000| Untracked 
|   5|0x0000000080500000, 0x0000000080600000, 0x0000000080600000|100%| O|  |TAMS 0x0000000080600000, 0x0000000080500000| Untracked 
|   6|0x0000000080600000, 0x0000000080700000, 0x0000000080700000|100%| O|  |TAMS 0x0000000080700000, 0x0000000080600000| Untracked 
|   7|0x0000000080700000, 0x0000000080800000, 0x0000000080800000|100%| O|  |TAMS 0x0000000080800000, 0x0000000080700000| Untracked 
|   8|0x0000000080800000, 0x0000000080900000, 0x0000000080900000|100%| O|  |TAMS 0x0000000080900000, 0x0000000080800000| Untracked 
|   9|0x0000000080900000, 0x0000000080a00000, 0x0000000080a00000|100%| O|  |TAMS 0x0000000080a00000, 0x0000000080900000| Untracked 
|  10|0x0000000080a00000, 0x0000000080b00000, 0x0000000080b00000|100%| O|  |TAMS 0x0000000080b00000, 0x0000000080a00000| Untracked 
|  11|0x0000000080b00000, 0x0000000080c00000, 0x0000000080c00000|100%| O|  |TAMS 0x0000000080c00000, 0x0000000080b00000| Untracked 
|  12|0x0000000080c00000, 0x0000000080d00000, 0x0000000080d00000|100%| O|  |TAMS 0x0000000080d00000, 0x0000000080c00000| Untracked 
|  13|0x0000000080d00000, 0x0000000080e00000, 0x0000000080e00000|100%| O|  |TAMS 0x0000000080e00000, 0x0000000080d00000| Untracked 
|  14|0x0000000080e00000, 0x0000000080f00000, 0x0000000080f00000|100%| O|  |TAMS 0x0000000080f00000, 0x0000000080e00000| Untracked 
|  15|0x0000000080f00000, 0x0000000081000000, 0x0000000081000000|100%| O|  |TAMS 0x0000000081000000, 0x0000000080f00000| Untracked 
|  16|0x0000000081000000, 0x0000000081100000, 0x0000000081100000|100%| O|  |TAMS 0x0000000081100000, 0x0000000081000000| Untracked 
|  17|0x0000000081100000, 0x0000000081200000, 0x0000000081200000|100%| O|  |TAMS 0x0000000081200000, 0x0000000081100000| Untracked 
|  18|0x0000000081200000, 0x0000000081300000, 0x0000000081300000|100%| O|  |TAMS 0x0000000081300000, 0x0000000081200000| Untracked 
|  19|0x0000000081300000, 0x0000000081400000, 0x0000000081400000|100%| O|  |TAMS 0x0000000081400000, 0x0000000081300000| Untracked 
|  20|0x0000000081400000, 0x0000000081500000, 0x0000000081500000|100%| O|  |TAMS 0x0000000081500000, 0x0000000081400000| Untracked 
|  21|0x0000000081500000, 0x0000000081600000, 0x0000000081600000|100%| O|  |TAMS 0x0000000081600000, 0x0000000081500000| Untracked 
|  22|0x0000000081600000, 0x0000000081700000, 0x0000000081700000|100%| O|  |TAMS 0x0000000081700000, 0x0000000081600000| Untracked 
|  23|0x0000000081700000, 0x0000000081800000, 0x0000000081800000|100%| O|  |TAMS 0x0000000081800000, 0x0000000081700000| Untracked 
|  24|0x0000000081800000, 0x0000000081900000, 0x0000000081900000|100%| O|  |TAMS 0x0000000081900000, 0x0000000081800000| Untracked 
|  25|0x0000000081900000, 0x0000000081a00000, 0x0000000081a00000|100%| O|  |TAMS 0x0000000081a00000, 0x0000000081900000| Untracked 
|  26|0x0000000081a00000, 0x0000000081b00000, 0x0000000081b00000|100%| O|  |TAMS 0x0000000081b00000, 0x0000000081a00000| Untracked 
|  27|0x0000000081b00000, 0x0000000081c00000, 0x0000000081c00000|100%|HS|  |TAMS 0x0000000081c00000, 0x0000000081b00000| Complete 
|  28|0x0000000081c00000, 0x0000000081d00000, 0x0000000081d00000|100%|HC|  |TAMS 0x0000000081d00000, 0x0000000081c00000| Complete 
|  29|0x0000000081d00000, 0x0000000081e00000, 0x0000000081e00000|100%| O|  |TAMS 0x0000000081e00000, 0x0000000081d00000| Untracked 
|  30|0x0000000081e00000, 0x0000000081f00000, 0x0000000081f00000|100%| O|  |TAMS 0x0000000081f00000, 0x0000000081e00000| Untracked 
|  31|0x0000000081f00000, 0x0000000082000000, 0x0000000082000000|100%| O|  |TAMS 0x0000000082000000, 0x0000000081f00000| Untracked 
|  32|0x0000000082000000, 0x0000000082100000, 0x0000000082100000|100%| O|  |TAMS 0x0000000082100000, 0x0000000082000000| Untracked 
|  33|0x0000000082100000, 0x0000000082200000, 0x0000000082200000|100%| O|  |TAMS 0x0000000082200000, 0x0000000082100000| Untracked 
|  34|0x0000000082200000, 0x0000000082300000, 0x0000000082300000|100%| O|  |TAMS 0x0000000082300000, 0x0000000082200000| Untracked 
|  35|0x0000000082300000, 0x0000000082400000, 0x0000000082400000|100%| O|  |TAMS 0x0000000082400000, 0x0000000082300000| Untracked 
|  36|0x0000000082400000, 0x0000000082500000, 0x0000000082500000|100%| O|  |TAMS 0x0000000082500000, 0x0000000082400000| Untracked 
|  37|0x0000000082500000, 0x0000000082600000, 0x0000000082600000|100%|HS|  |TAMS 0x0000000082600000, 0x0000000082500000| Complete 
|  38|0x0000000082600000, 0x0000000082700000, 0x0000000082700000|100%|HC|  |TAMS 0x0000000082700000, 0x0000000082600000| Complete 
|  39|0x0000000082700000, 0x0000000082800000, 0x0000000082800000|100%|HC|  |TAMS 0x0000000082800000, 0x0000000082700000| Complete 
|  40|0x0000000082800000, 0x0000000082900000, 0x0000000082900000|100%|HC|  |TAMS 0x0000000082900000, 0x0000000082800000| Complete 
|  41|0x0000000082900000, 0x0000000082a00000, 0x0000000082a00000|100%| O|  |TAMS 0x0000000082a00000, 0x0000000082900000| Untracked 
|  42|0x0000000082a00000, 0x0000000082b00000, 0x0000000082b00000|100%| O|  |TAMS 0x0000000082b00000, 0x0000000082a00000| Untracked 
|  43|0x0000000082b00000, 0x0000000082c00000, 0x0000000082c00000|100%| O|  |TAMS 0x0000000082c00000, 0x0000000082b00000| Untracked 
|  44|0x0000000082c00000, 0x0000000082d00000, 0x0000000082d00000|100%| O|  |TAMS 0x0000000082d00000, 0x0000000082c00000| Untracked 
|  45|0x0000000082d00000, 0x0000000082e00000, 0x0000000082e00000|100%| O|  |TAMS 0x0000000082e00000, 0x0000000082d00000| Untracked 
|  46|0x0000000082e00000, 0x0000000082f00000, 0x0000000082f00000|100%| O|  |TAMS 0x0000000082f00000, 0x0000000082e00000| Untracked 
|  47|0x0000000082f00000, 0x0000000083000000, 0x0000000083000000|100%| O|  |TAMS 0x0000000083000000, 0x0000000082f00000| Untracked 
|  48|0x0000000083000000, 0x0000000083100000, 0x0000000083100000|100%| O|  |TAMS 0x0000000083100000, 0x0000000083000000| Untracked 
|  49|0x0000000083100000, 0x0000000083200000, 0x0000000083200000|100%| O|  |TAMS 0x0000000083200000, 0x0000000083100000| Untracked 
|  50|0x0000000083200000, 0x0000000083300000, 0x0000000083300000|100%|HS|  |TAMS 0x0000000083300000, 0x0000000083200000| Complete 
|  51|0x0000000083300000, 0x0000000083400000, 0x0000000083400000|100%| O|  |TAMS 0x0000000083400000, 0x0000000083300000| Untracked 
|  52|0x0000000083400000, 0x0000000083500000, 0x0000000083500000|100%| O|  |TAMS 0x0000000083500000, 0x0000000083400000| Untracked 
|  53|0x0000000083500000, 0x0000000083600000, 0x0000000083600000|100%| O|  |TAMS 0x0000000083600000, 0x0000000083500000| Untracked 
|  54|0x0000000083600000, 0x0000000083700000, 0x0000000083700000|100%| O|  |TAMS 0x0000000083700000, 0x0000000083600000| Untracked 
|  55|0x0000000083700000, 0x0000000083800000, 0x0000000083800000|100%| O|  |TAMS 0x0000000083800000, 0x0000000083700000| Untracked 
|  56|0x0000000083800000, 0x0000000083900000, 0x0000000083900000|100%| O|  |TAMS 0x0000000083900000, 0x0000000083800000| Untracked 
|  57|0x0000000083900000, 0x0000000083a00000, 0x0000000083a00000|100%| O|  |TAMS 0x0000000083a00000, 0x0000000083900000| Untracked 
|  58|0x0000000083a00000, 0x0000000083b00000, 0x0000000083b00000|100%|HS|  |TAMS 0x0000000083b00000, 0x0000000083a00000| Complete 
|  59|0x0000000083b00000, 0x0000000083c00000, 0x0000000083c00000|100%| O|  |TAMS 0x0000000083c00000, 0x0000000083b00000| Untracked 
|  60|0x0000000083c00000, 0x0000000083c00000, 0x0000000083d00000|  0%| F|  |TAMS 0x0000000083c00000, 0x0000000083c00000| Untracked 
|  61|0x0000000083d00000, 0x0000000083e00000, 0x0000000083e00000|100%| O|  |TAMS 0x0000000083e00000, 0x0000000083d00000| Untracked 
|  62|0x0000000083e00000, 0x0000000083f00000, 0x0000000083f00000|100%| O|  |TAMS 0x0000000083f00000, 0x0000000083e00000| Untracked 
|  63|0x0000000083f00000, 0x0000000084000000, 0x0000000084000000|100%| O|  |TAMS 0x0000000084000000, 0x0000000083f00000| Untracked 
|  64|0x0000000084000000, 0x0000000084100000, 0x0000000084100000|100%| O|  |TAMS 0x0000000084100000, 0x0000000084000000| Untracked 
|  65|0x0000000084100000, 0x0000000084200000, 0x0000000084200000|100%| O|  |TAMS 0x0000000084200000, 0x0000000084100000| Untracked 
|  66|0x0000000084200000, 0x0000000084300000, 0x0000000084300000|100%| O|  |TAMS 0x0000000084300000, 0x0000000084200000| Untracked 
|  67|0x0000000084300000, 0x0000000084400000, 0x0000000084400000|100%| O|  |TAMS 0x0000000084400000, 0x0000000084300000| Untracked 
|  68|0x0000000084400000, 0x0000000084500000, 0x0000000084500000|100%| O|  |TAMS 0x0000000084500000, 0x0000000084400000| Untracked 
|  69|0x0000000084500000, 0x0000000084600000, 0x0000000084600000|100%| O|  |TAMS 0x0000000084600000, 0x0000000084500000| Untracked 
|  70|0x0000000084600000, 0x0000000084700000, 0x0000000084700000|100%| O|  |TAMS 0x0000000084700000, 0x0000000084600000| Untracked 
|  71|0x0000000084700000, 0x0000000084800000, 0x0000000084800000|100%| O|  |TAMS 0x0000000084800000, 0x0000000084700000| Untracked 
|  72|0x0000000084800000, 0x0000000084900000, 0x0000000084900000|100%| O|  |TAMS 0x0000000084900000, 0x0000000084800000| Untracked 
|  73|0x0000000084900000, 0x0000000084a00000, 0x0000000084a00000|100%| O|  |TAMS 0x0000000084a00000, 0x0000000084900000| Untracked 
|  74|0x0000000084a00000, 0x0000000084b00000, 0x0000000084b00000|100%| O|  |TAMS 0x0000000084b00000, 0x0000000084a00000| Untracked 
|  75|0x0000000084b00000, 0x0000000084c00000, 0x0000000084c00000|100%| O|  |TAMS 0x0000000084c00000, 0x0000000084b00000| Untracked 
|  76|0x0000000084c00000, 0x0000000084d00000, 0x0000000084d00000|100%| O|  |TAMS 0x0000000084d00000, 0x0000000084c00000| Untracked 
|  77|0x0000000084d00000, 0x0000000084e00000, 0x0000000084e00000|100%| O|  |TAMS 0x0000000084e00000, 0x0000000084d00000| Untracked 
|  78|0x0000000084e00000, 0x0000000084f00000, 0x0000000084f00000|100%| O|  |TAMS 0x0000000084f00000, 0x0000000084e00000| Untracked 
|  79|0x0000000084f00000, 0x0000000085000000, 0x0000000085000000|100%|HS|  |TAMS 0x0000000085000000, 0x0000000084f00000| Complete 
|  80|0x0000000085000000, 0x0000000085100000, 0x0000000085100000|100%|HC|  |TAMS 0x0000000085100000, 0x0000000085000000| Complete 
|  81|0x0000000085100000, 0x0000000085200000, 0x0000000085200000|100%|HS|  |TAMS 0x0000000085200000, 0x0000000085100000| Complete 
|  82|0x0000000085200000, 0x0000000085300000, 0x0000000085300000|100%|HC|  |TAMS 0x0000000085300000, 0x0000000085200000| Complete 
|  83|0x0000000085300000, 0x0000000085400000, 0x0000000085400000|100%| O|  |TAMS 0x0000000085400000, 0x0000000085300000| Untracked 
|  84|0x0000000085400000, 0x0000000085500000, 0x0000000085500000|100%| O|  |TAMS 0x0000000085500000, 0x0000000085400000| Untracked 
|  85|0x0000000085500000, 0x0000000085600000, 0x0000000085600000|100%| O|  |TAMS 0x0000000085600000, 0x0000000085500000| Untracked 
|  86|0x0000000085600000, 0x0000000085700000, 0x0000000085700000|100%| O|  |TAMS 0x0000000085700000, 0x0000000085600000| Untracked 
|  87|0x0000000085700000, 0x0000000085800000, 0x0000000085800000|100%| O|  |TAMS 0x0000000085800000, 0x0000000085700000| Untracked 
|  88|0x0000000085800000, 0x0000000085900000, 0x0000000085900000|100%| O|  |TAMS 0x0000000085900000, 0x0000000085800000| Untracked 
|  89|0x0000000085900000, 0x0000000085a00000, 0x0000000085a00000|100%| O|  |TAMS 0x0000000085a00000, 0x0000000085900000| Untracked 
|  90|0x0000000085a00000, 0x0000000085a00000, 0x0000000085b00000|  0%| F|  |TAMS 0x0000000085a00000, 0x0000000085a00000| Untracked 
|  91|0x0000000085b00000, 0x0000000085c00000, 0x0000000085c00000|100%| O|  |TAMS 0x0000000085c00000, 0x0000000085b00000| Untracked 
|  92|0x0000000085c00000, 0x0000000085d00000, 0x0000000085d00000|100%|HS|  |TAMS 0x0000000085d00000, 0x0000000085c00000| Complete 
|  93|0x0000000085d00000, 0x0000000085e00000, 0x0000000085e00000|100%|HS|  |TAMS 0x0000000085e00000, 0x0000000085d00000| Complete 
|  94|0x0000000085e00000, 0x0000000085f00000, 0x0000000085f00000|100%|HS|  |TAMS 0x0000000085f00000, 0x0000000085e00000| Complete 
|  95|0x0000000085f00000, 0x0000000086000000, 0x0000000086000000|100%|HS|  |TAMS 0x0000000086000000, 0x0000000085f00000| Complete 
|  96|0x0000000086000000, 0x0000000086100000, 0x0000000086100000|100%|HC|  |TAMS 0x0000000086100000, 0x0000000086000000| Complete 
|  97|0x0000000086100000, 0x0000000086200000, 0x0000000086200000|100%|HC|  |TAMS 0x0000000086200000, 0x0000000086100000| Complete 
|  98|0x0000000086200000, 0x0000000086300000, 0x0000000086300000|100%|HS|  |TAMS 0x0000000086300000, 0x0000000086200000| Complete 
|  99|0x0000000086300000, 0x0000000086400000, 0x0000000086400000|100%|HS|  |TAMS 0x0000000086400000, 0x0000000086300000| Complete 
| 100|0x0000000086400000, 0x0000000086500000, 0x0000000086500000|100%|HC|  |TAMS 0x0000000086500000, 0x0000000086400000| Complete 
| 101|0x0000000086500000, 0x0000000086600000, 0x0000000086600000|100%| O|  |TAMS 0x0000000086600000, 0x0000000086500000| Untracked 
| 102|0x0000000086600000, 0x0000000086700000, 0x0000000086700000|100%| O|  |TAMS 0x0000000086700000, 0x0000000086600000| Untracked 
| 103|0x0000000086700000, 0x0000000086800000, 0x0000000086800000|100%| O|  |TAMS 0x0000000086800000, 0x0000000086700000| Untracked 
| 104|0x0000000086800000, 0x0000000086900000, 0x0000000086900000|100%| O|  |TAMS 0x0000000086900000, 0x0000000086800000| Untracked 
| 105|0x0000000086900000, 0x0000000086a00000, 0x0000000086a00000|100%| O|  |TAMS 0x0000000086a00000, 0x0000000086900000| Untracked 
| 106|0x0000000086a00000, 0x0000000086b00000, 0x0000000086b00000|100%| O|  |TAMS 0x0000000086b00000, 0x0000000086a00000| Untracked 
| 107|0x0000000086b00000, 0x0000000086c00000, 0x0000000086c00000|100%| O|  |TAMS 0x0000000086c00000, 0x0000000086b00000| Untracked 
| 108|0x0000000086c00000, 0x0000000086d00000, 0x0000000086d00000|100%| O|  |TAMS 0x0000000086d00000, 0x0000000086c00000| Untracked 
| 109|0x0000000086d00000, 0x0000000086e00000, 0x0000000086e00000|100%| O|  |TAMS 0x0000000086e00000, 0x0000000086d00000| Untracked 
| 110|0x0000000086e00000, 0x0000000086e00000, 0x0000000086f00000|  0%| F|  |TAMS 0x0000000086e00000, 0x0000000086e00000| Untracked 
| 111|0x0000000086f00000, 0x0000000087000000, 0x0000000087000000|100%|HS|  |TAMS 0x0000000087000000, 0x0000000086f00000| Complete 
| 112|0x0000000087000000, 0x0000000087100000, 0x0000000087100000|100%|HC|  |TAMS 0x0000000087100000, 0x0000000087000000| Complete 
| 113|0x0000000087100000, 0x0000000087200000, 0x0000000087200000|100%| O|  |TAMS 0x0000000087200000, 0x0000000087100000| Untracked 
| 114|0x0000000087200000, 0x0000000087300000, 0x0000000087300000|100%| O|  |TAMS 0x0000000087300000, 0x0000000087200000| Untracked 
| 115|0x0000000087300000, 0x0000000087400000, 0x0000000087400000|100%|HS|  |TAMS 0x0000000087400000, 0x0000000087300000| Complete 
| 116|0x0000000087400000, 0x0000000087500000, 0x0000000087500000|100%|HC|  |TAMS 0x0000000087500000, 0x0000000087400000| Complete 
| 117|0x0000000087500000, 0x0000000087600000, 0x0000000087600000|100%|HC|  |TAMS 0x0000000087600000, 0x0000000087500000| Complete 
| 118|0x0000000087600000, 0x0000000087700000, 0x0000000087700000|100%|HC|  |TAMS 0x0000000087700000, 0x0000000087600000| Complete 
| 119|0x0000000087700000, 0x0000000087800000, 0x0000000087800000|100%| O|  |TAMS 0x0000000087800000, 0x0000000087700000| Untracked 
| 120|0x0000000087800000, 0x0000000087900000, 0x0000000087900000|100%| O|  |TAMS 0x0000000087900000, 0x0000000087800000| Untracked 
| 121|0x0000000087900000, 0x0000000087a00000, 0x0000000087a00000|100%| O|  |TAMS 0x0000000087a00000, 0x0000000087900000| Untracked 
| 122|0x0000000087a00000, 0x0000000087b00000, 0x0000000087b00000|100%| O|  |TAMS 0x0000000087b00000, 0x0000000087a00000| Untracked 
| 123|0x0000000087b00000, 0x0000000087c00000, 0x0000000087c00000|100%| O|  |TAMS 0x0000000087c00000, 0x0000000087b00000| Untracked 
| 124|0x0000000087c00000, 0x0000000087d00000, 0x0000000087d00000|100%| O|  |TAMS 0x0000000087d00000, 0x0000000087c00000| Untracked 
| 125|0x0000000087d00000, 0x0000000087e00000, 0x0000000087e00000|100%| O|  |TAMS 0x0000000087e00000, 0x0000000087d00000| Untracked 
| 126|0x0000000087e00000, 0x0000000087f00000, 0x0000000087f00000|100%| O|  |TAMS 0x0000000087e90600, 0x0000000087e00000| Untracked 
| 127|0x0000000087f00000, 0x0000000088000000, 0x0000000088000000|100%| O|  |TAMS 0x0000000087f00000, 0x0000000087f00000| Untracked 
| 128|0x0000000088000000, 0x0000000088100000, 0x0000000088100000|100%| O|  |TAMS 0x0000000088000000, 0x0000000088000000| Untracked 
| 129|0x0000000088100000, 0x0000000088200000, 0x0000000088200000|100%| O|  |TAMS 0x0000000088100000, 0x0000000088100000| Untracked 
| 130|0x0000000088200000, 0x0000000088300000, 0x0000000088300000|100%| O|  |TAMS 0x0000000088200000, 0x0000000088200000| Untracked 
| 131|0x0000000088300000, 0x0000000088400000, 0x0000000088400000|100%| O|  |TAMS 0x0000000088300000, 0x0000000088300000| Untracked 
| 132|0x0000000088400000, 0x0000000088500000, 0x0000000088500000|100%| O|  |TAMS 0x0000000088400000, 0x0000000088400000| Untracked 
| 133|0x0000000088500000, 0x0000000088600000, 0x0000000088600000|100%|HS|  |TAMS 0x0000000088500000, 0x0000000088500000| Complete 
| 134|0x0000000088600000, 0x0000000088700000, 0x0000000088700000|100%|HS|  |TAMS 0x0000000088600000, 0x0000000088600000| Complete 
| 135|0x0000000088700000, 0x0000000088800000, 0x0000000088800000|100%| O|  |TAMS 0x0000000088700000, 0x0000000088700000| Untracked 
| 136|0x0000000088800000, 0x0000000088900000, 0x0000000088900000|100%| O|  |TAMS 0x0000000088800000, 0x0000000088800000| Untracked 
| 137|0x0000000088900000, 0x0000000088a00000, 0x0000000088a00000|100%| O|  |TAMS 0x0000000088900000, 0x0000000088900000| Untracked 
| 138|0x0000000088a00000, 0x0000000088b00000, 0x0000000088b00000|100%| O|  |TAMS 0x0000000088a00000, 0x0000000088a00000| Untracked 
| 139|0x0000000088b00000, 0x0000000088c00000, 0x0000000088c00000|100%| O|  |TAMS 0x0000000088b00000, 0x0000000088b00000| Untracked 
| 140|0x0000000088c00000, 0x0000000088d00000, 0x0000000088d00000|100%| O|  |TAMS 0x0000000088c00000, 0x0000000088c00000| Untracked 
| 141|0x0000000088d00000, 0x0000000088e00000, 0x0000000088e00000|100%| O|  |TAMS 0x0000000088d00000, 0x0000000088d00000| Untracked 
| 142|0x0000000088e00000, 0x0000000088f00000, 0x0000000088f00000|100%| O|  |TAMS 0x0000000088e00000, 0x0000000088e00000| Untracked 
| 143|0x0000000088f00000, 0x0000000089000000, 0x0000000089000000|100%| O|  |TAMS 0x0000000088f00000, 0x0000000088f00000| Untracked 
| 144|0x0000000089000000, 0x00000000890a9200, 0x0000000089100000| 66%| O|  |TAMS 0x0000000089000000, 0x0000000089000000| Untracked 
| 145|0x0000000089100000, 0x0000000089100000, 0x0000000089200000|  0%| F|  |TAMS 0x0000000089100000, 0x0000000089100000| Untracked 
| 146|0x0000000089200000, 0x0000000089200000, 0x0000000089300000|  0%| F|  |TAMS 0x0000000089200000, 0x0000000089200000| Untracked 
| 147|0x0000000089300000, 0x0000000089300000, 0x0000000089400000|  0%| F|  |TAMS 0x0000000089300000, 0x0000000089300000| Untracked 
| 148|0x0000000089400000, 0x0000000089400000, 0x0000000089500000|  0%| F|  |TAMS 0x0000000089400000, 0x0000000089400000| Untracked 
| 149|0x0000000089500000, 0x0000000089500000, 0x0000000089600000|  0%| F|  |TAMS 0x0000000089500000, 0x0000000089500000| Untracked 
| 150|0x0000000089600000, 0x0000000089600000, 0x0000000089700000|  0%| F|  |TAMS 0x0000000089600000, 0x0000000089600000| Untracked 
| 151|0x0000000089700000, 0x0000000089700000, 0x0000000089800000|  0%| F|  |TAMS 0x0000000089700000, 0x0000000089700000| Untracked 
| 152|0x0000000089800000, 0x0000000089800000, 0x0000000089900000|  0%| F|  |TAMS 0x0000000089800000, 0x0000000089800000| Untracked 
| 153|0x0000000089900000, 0x0000000089900000, 0x0000000089a00000|  0%| F|  |TAMS 0x0000000089900000, 0x0000000089900000| Untracked 
| 154|0x0000000089a00000, 0x0000000089a00000, 0x0000000089b00000|  0%| F|  |TAMS 0x0000000089a00000, 0x0000000089a00000| Untracked 
| 155|0x0000000089b00000, 0x0000000089b00000, 0x0000000089c00000|  0%| F|  |TAMS 0x0000000089b00000, 0x0000000089b00000| Untracked 
| 156|0x0000000089c00000, 0x0000000089c00000, 0x0000000089d00000|  0%| F|  |TAMS 0x0000000089c00000, 0x0000000089c00000| Untracked 
| 157|0x0000000089d00000, 0x0000000089d00000, 0x0000000089e00000|  0%| F|  |TAMS 0x0000000089d00000, 0x0000000089d00000| Untracked 
| 158|0x0000000089e00000, 0x0000000089e00000, 0x0000000089f00000|  0%| F|  |TAMS 0x0000000089e00000, 0x0000000089e00000| Untracked 
| 159|0x0000000089f00000, 0x0000000089f00000, 0x000000008a000000|  0%| F|  |TAMS 0x0000000089f00000, 0x0000000089f00000| Untracked 
| 160|0x000000008a000000, 0x000000008a000000, 0x000000008a100000|  0%| F|  |TAMS 0x000000008a000000, 0x000000008a000000| Untracked 
| 161|0x000000008a100000, 0x000000008a100000, 0x000000008a200000|  0%| F|  |TAMS 0x000000008a100000, 0x000000008a100000| Untracked 
| 162|0x000000008a200000, 0x000000008a200000, 0x000000008a300000|  0%| F|  |TAMS 0x000000008a200000, 0x000000008a200000| Untracked 
| 163|0x000000008a300000, 0x000000008a300000, 0x000000008a400000|  0%| F|  |TAMS 0x000000008a300000, 0x000000008a300000| Untracked 
| 164|0x000000008a400000, 0x000000008a400000, 0x000000008a500000|  0%| F|  |TAMS 0x000000008a400000, 0x000000008a400000| Untracked 
| 165|0x000000008a500000, 0x000000008a500000, 0x000000008a600000|  0%| F|  |TAMS 0x000000008a500000, 0x000000008a500000| Untracked 
| 166|0x000000008a600000, 0x000000008a600000, 0x000000008a700000|  0%| F|  |TAMS 0x000000008a600000, 0x000000008a600000| Untracked 
| 167|0x000000008a700000, 0x000000008a700000, 0x000000008a800000|  0%| F|  |TAMS 0x000000008a700000, 0x000000008a700000| Untracked 
| 168|0x000000008a800000, 0x000000008a800000, 0x000000008a900000|  0%| F|  |TAMS 0x000000008a800000, 0x000000008a800000| Untracked 
| 169|0x000000008a900000, 0x000000008a900000, 0x000000008aa00000|  0%| F|  |TAMS 0x000000008a900000, 0x000000008a900000| Untracked 
| 170|0x000000008aa00000, 0x000000008aa00000, 0x000000008ab00000|  0%| F|  |TAMS 0x000000008aa00000, 0x000000008aa00000| Untracked 
| 171|0x000000008ab00000, 0x000000008ab00000, 0x000000008ac00000|  0%| F|  |TAMS 0x000000008ab00000, 0x000000008ab00000| Untracked 
| 172|0x000000008ac00000, 0x000000008ac00000, 0x000000008ad00000|  0%| F|  |TAMS 0x000000008ac00000, 0x000000008ac00000| Untracked 
| 173|0x000000008ad00000, 0x000000008ad00000, 0x000000008ae00000|  0%| F|  |TAMS 0x000000008ad00000, 0x000000008ad00000| Untracked 
| 174|0x000000008ae00000, 0x000000008ae00000, 0x000000008af00000|  0%| F|  |TAMS 0x000000008ae00000, 0x000000008ae00000| Untracked 
| 175|0x000000008af00000, 0x000000008af00000, 0x000000008b000000|  0%| F|  |TAMS 0x000000008af00000, 0x000000008af00000| Untracked 
| 176|0x000000008b000000, 0x000000008b000000, 0x000000008b100000|  0%| F|  |TAMS 0x000000008b000000, 0x000000008b000000| Untracked 
| 177|0x000000008b100000, 0x000000008b100000, 0x000000008b200000|  0%| F|  |TAMS 0x000000008b100000, 0x000000008b100000| Untracked 
| 178|0x000000008b200000, 0x000000008b200000, 0x000000008b300000|  0%| F|  |TAMS 0x000000008b200000, 0x000000008b200000| Untracked 
| 179|0x000000008b300000, 0x000000008b300000, 0x000000008b400000|  0%| F|  |TAMS 0x000000008b300000, 0x000000008b300000| Untracked 
| 180|0x000000008b400000, 0x000000008b400000, 0x000000008b500000|  0%| F|  |TAMS 0x000000008b400000, 0x000000008b400000| Untracked 
| 181|0x000000008b500000, 0x000000008b500000, 0x000000008b600000|  0%| F|  |TAMS 0x000000008b500000, 0x000000008b500000| Untracked 
| 182|0x000000008b600000, 0x000000008b600000, 0x000000008b700000|  0%| F|  |TAMS 0x000000008b600000, 0x000000008b600000| Untracked 
| 183|0x000000008b700000, 0x000000008b700000, 0x000000008b800000|  0%| F|  |TAMS 0x000000008b700000, 0x000000008b700000| Untracked 
| 184|0x000000008b800000, 0x000000008b85a870, 0x000000008b900000| 35%| S|CS|TAMS 0x000000008b800000, 0x000000008b800000| Complete 
| 185|0x000000008b900000, 0x000000008ba00000, 0x000000008ba00000|100%| S|CS|TAMS 0x000000008b900000, 0x000000008b900000| Complete 
| 186|0x000000008ba00000, 0x000000008bb00000, 0x000000008bb00000|100%| S|CS|TAMS 0x000000008ba00000, 0x000000008ba00000| Complete 
| 187|0x000000008bb00000, 0x000000008bc00000, 0x000000008bc00000|100%| S|CS|TAMS 0x000000008bb00000, 0x000000008bb00000| Complete 
| 188|0x000000008bc00000, 0x000000008bd00000, 0x000000008bd00000|100%| S|CS|TAMS 0x000000008bc00000, 0x000000008bc00000| Complete 
| 189|0x000000008bd00000, 0x000000008be00000, 0x000000008be00000|100%| S|CS|TAMS 0x000000008bd00000, 0x000000008bd00000| Complete 
| 190|0x000000008be00000, 0x000000008bf00000, 0x000000008bf00000|100%| S|CS|TAMS 0x000000008be00000, 0x000000008be00000| Complete 
| 191|0x000000008bf00000, 0x000000008bf00000, 0x000000008c000000|  0%| F|  |TAMS 0x000000008bf00000, 0x000000008bf00000| Untracked 
| 192|0x000000008c000000, 0x000000008c000000, 0x000000008c100000|  0%| F|  |TAMS 0x000000008c000000, 0x000000008c000000| Untracked 
| 193|0x000000008c100000, 0x000000008c100000, 0x000000008c200000|  0%| F|  |TAMS 0x000000008c100000, 0x000000008c100000| Untracked 
| 194|0x000000008c200000, 0x000000008c200000, 0x000000008c300000|  0%| F|  |TAMS 0x000000008c200000, 0x000000008c200000| Untracked 
| 195|0x000000008c300000, 0x000000008c300000, 0x000000008c400000|  0%| F|  |TAMS 0x000000008c300000, 0x000000008c300000| Untracked 
| 196|0x000000008c400000, 0x000000008c500000, 0x000000008c500000|100%| E|  |TAMS 0x000000008c400000, 0x000000008c400000| Complete 
| 197|0x000000008c500000, 0x000000008c600000, 0x000000008c600000|100%| E|CS|TAMS 0x000000008c500000, 0x000000008c500000| Complete 
| 198|0x000000008c600000, 0x000000008c700000, 0x000000008c700000|100%| E|CS|TAMS 0x000000008c600000, 0x000000008c600000| Complete 
| 199|0x000000008c700000, 0x000000008c800000, 0x000000008c800000|100%| E|CS|TAMS 0x000000008c700000, 0x000000008c700000| Complete 
| 200|0x000000008c800000, 0x000000008c900000, 0x000000008c900000|100%| E|CS|TAMS 0x000000008c800000, 0x000000008c800000| Complete 
| 201|0x000000008c900000, 0x000000008ca00000, 0x000000008ca00000|100%| E|CS|TAMS 0x000000008c900000, 0x000000008c900000| Complete 
| 202|0x000000008ca00000, 0x000000008cb00000, 0x000000008cb00000|100%| E|CS|TAMS 0x000000008ca00000, 0x000000008ca00000| Complete 
| 203|0x000000008cb00000, 0x000000008cc00000, 0x000000008cc00000|100%| E|CS|TAMS 0x000000008cb00000, 0x000000008cb00000| Complete 
| 204|0x000000008cc00000, 0x000000008cd00000, 0x000000008cd00000|100%| E|CS|TAMS 0x000000008cc00000, 0x000000008cc00000| Complete 
| 205|0x000000008cd00000, 0x000000008ce00000, 0x000000008ce00000|100%| E|CS|TAMS 0x000000008cd00000, 0x000000008cd00000| Complete 
| 206|0x000000008ce00000, 0x000000008cf00000, 0x000000008cf00000|100%| E|CS|TAMS 0x000000008ce00000, 0x000000008ce00000| Complete 
| 207|0x000000008cf00000, 0x000000008d000000, 0x000000008d000000|100%| E|CS|TAMS 0x000000008cf00000, 0x000000008cf00000| Complete 
| 208|0x000000008d000000, 0x000000008d100000, 0x000000008d100000|100%| E|CS|TAMS 0x000000008d000000, 0x000000008d000000| Complete 
| 209|0x000000008d100000, 0x000000008d200000, 0x000000008d200000|100%| E|CS|TAMS 0x000000008d100000, 0x000000008d100000| Complete 
| 210|0x000000008d200000, 0x000000008d300000, 0x000000008d300000|100%| E|CS|TAMS 0x000000008d200000, 0x000000008d200000| Complete 
| 211|0x000000008d300000, 0x000000008d400000, 0x000000008d400000|100%| E|CS|TAMS 0x000000008d300000, 0x000000008d300000| Complete 
| 212|0x000000008d400000, 0x000000008d500000, 0x000000008d500000|100%| E|CS|TAMS 0x000000008d400000, 0x000000008d400000| Complete 
| 213|0x000000008d500000, 0x000000008d600000, 0x000000008d600000|100%| E|CS|TAMS 0x000000008d500000, 0x000000008d500000| Complete 
| 214|0x000000008d600000, 0x000000008d700000, 0x000000008d700000|100%| E|CS|TAMS 0x000000008d600000, 0x000000008d600000| Complete 
| 215|0x000000008d700000, 0x000000008d800000, 0x000000008d800000|100%| E|CS|TAMS 0x000000008d700000, 0x000000008d700000| Complete 
| 216|0x000000008d800000, 0x000000008d900000, 0x000000008d900000|100%| E|CS|TAMS 0x000000008d800000, 0x000000008d800000| Complete 
| 217|0x000000008d900000, 0x000000008da00000, 0x000000008da00000|100%| E|CS|TAMS 0x000000008d900000, 0x000000008d900000| Complete 
| 218|0x000000008da00000, 0x000000008db00000, 0x000000008db00000|100%| E|CS|TAMS 0x000000008da00000, 0x000000008da00000| Complete 
| 219|0x000000008db00000, 0x000000008dc00000, 0x000000008dc00000|100%| E|CS|TAMS 0x000000008db00000, 0x000000008db00000| Complete 
| 220|0x000000008dc00000, 0x000000008dd00000, 0x000000008dd00000|100%| E|CS|TAMS 0x000000008dc00000, 0x000000008dc00000| Complete 
| 221|0x000000008dd00000, 0x000000008de00000, 0x000000008de00000|100%| E|CS|TAMS 0x000000008dd00000, 0x000000008dd00000| Complete 
| 222|0x000000008de00000, 0x000000008df00000, 0x000000008df00000|100%| E|CS|TAMS 0x000000008de00000, 0x000000008de00000| Complete 
| 223|0x000000008df00000, 0x000000008e000000, 0x000000008e000000|100%| E|CS|TAMS 0x000000008df00000, 0x000000008df00000| Complete 
| 224|0x000000008e000000, 0x000000008e100000, 0x000000008e100000|100%| E|CS|TAMS 0x000000008e000000, 0x000000008e000000| Complete 
| 225|0x000000008e100000, 0x000000008e200000, 0x000000008e200000|100%| E|CS|TAMS 0x000000008e100000, 0x000000008e100000| Complete 
| 226|0x000000008e200000, 0x000000008e300000, 0x000000008e300000|100%| E|CS|TAMS 0x000000008e200000, 0x000000008e200000| Complete 
| 227|0x000000008e300000, 0x000000008e400000, 0x000000008e400000|100%| E|CS|TAMS 0x000000008e300000, 0x000000008e300000| Complete 
| 228|0x000000008e400000, 0x000000008e500000, 0x000000008e500000|100%| E|CS|TAMS 0x000000008e400000, 0x000000008e400000| Complete 
| 229|0x000000008e500000, 0x000000008e600000, 0x000000008e600000|100%| E|CS|TAMS 0x000000008e500000, 0x000000008e500000| Complete 
| 230|0x000000008e600000, 0x000000008e700000, 0x000000008e700000|100%| E|CS|TAMS 0x000000008e600000, 0x000000008e600000| Complete 
| 231|0x000000008e700000, 0x000000008e800000, 0x000000008e800000|100%| E|CS|TAMS 0x000000008e700000, 0x000000008e700000| Complete 
| 232|0x000000008e800000, 0x000000008e900000, 0x000000008e900000|100%| E|CS|TAMS 0x000000008e800000, 0x000000008e800000| Complete 
| 233|0x000000008e900000, 0x000000008ea00000, 0x000000008ea00000|100%| E|CS|TAMS 0x000000008e900000, 0x000000008e900000| Complete 
| 234|0x000000008ea00000, 0x000000008eb00000, 0x000000008eb00000|100%| E|CS|TAMS 0x000000008ea00000, 0x000000008ea00000| Complete 
| 235|0x000000008eb00000, 0x000000008ec00000, 0x000000008ec00000|100%| E|CS|TAMS 0x000000008eb00000, 0x000000008eb00000| Complete 
| 236|0x000000008ec00000, 0x000000008ed00000, 0x000000008ed00000|100%| E|CS|TAMS 0x000000008ec00000, 0x000000008ec00000| Complete 
| 237|0x000000008ed00000, 0x000000008ee00000, 0x000000008ee00000|100%| E|CS|TAMS 0x000000008ed00000, 0x000000008ed00000| Complete 
| 238|0x000000008ee00000, 0x000000008ef00000, 0x000000008ef00000|100%| E|CS|TAMS 0x000000008ee00000, 0x000000008ee00000| Complete 
| 239|0x000000008ef00000, 0x000000008f000000, 0x000000008f000000|100%| E|CS|TAMS 0x000000008ef00000, 0x000000008ef00000| Complete 
| 240|0x000000008f000000, 0x000000008f100000, 0x000000008f100000|100%| E|CS|TAMS 0x000000008f000000, 0x000000008f000000| Complete 
| 241|0x000000008f100000, 0x000000008f200000, 0x000000008f200000|100%| E|CS|TAMS 0x000000008f100000, 0x000000008f100000| Complete 

Card table byte_map: [0x0000015d3ac60000,0x0000015d3b060000] _byte_map_base: 0x0000015d3a860000

Marking Bits (Prev, Next): (CMBitMap*) 0x0000015d23ceb350, (CMBitMap*) 0x0000015d23ceb390
 Prev Bits: [0x0000015d3b460000, 0x0000015d3d460000)
 Next Bits: [0x0000015d3d460000, 0x0000015d3f460000)

Polling page: 0x0000015d21c10000

Metaspace:

Usage:
  Non-class:     78.42 MB used.
      Class:     12.61 MB used.
       Both:     91.04 MB used.

Virtual space:
  Non-class space:      128.00 MB reserved,      78.94 MB ( 62%) committed,  2 nodes.
      Class space:      416.00 MB reserved,      13.06 MB (  3%) committed,  1 nodes.
             Both:      544.00 MB reserved,      92.00 MB ( 17%) committed. 

Chunk freelists:
   Non-Class:  429.00 KB
       Class:  2.94 MB
        Both:  3.36 MB

MaxMetaspaceSize: 512.00 MB
CompressedClassSpaceSize: 416.00 MB
Initial GC threshold: 21.00 MB
Current GC threshold: 144.94 MB
CDS: on
MetaspaceReclaimPolicy: balanced
 - commit_granule_bytes: 65536.
 - commit_granule_words: 8192.
 - virtual_space_node_default_size: 8388608.
 - enlarge_chunks_in_place: 1.
 - new_chunks_are_fully_committed: 0.
 - uncommit_free_chunks: 1.
 - use_allocation_guard: 0.
 - handle_deallocations: 1.


Internal statistics:

num_allocs_failed_limit: 6.
num_arena_births: 1098.
num_arena_deaths: 0.
num_vsnodes_births: 3.
num_vsnodes_deaths: 0.
num_space_committed: 1472.
num_space_uncommitted: 0.
num_chunks_returned_to_freelist: 6.
num_chunks_taken_from_freelist: 5065.
num_chunk_merges: 6.
num_chunk_splits: 3379.
num_chunks_enlarged: 2274.
num_purges: 0.
num_inconsistent_stats: 0.

CodeHeap 'non-profiled nmethods': size=120000Kb used=7707Kb max_used=7969Kb free=112292Kb
 bounds [0x0000015d33000000, 0x0000015d337d0000, 0x0000015d3a530000]
CodeHeap 'profiled nmethods': size=120000Kb used=23116Kb max_used=24025Kb free=96883Kb
 bounds [0x0000015d2b530000, 0x0000015d2ccb0000, 0x0000015d32a60000]
CodeHeap 'non-nmethods': size=5760Kb used=2395Kb max_used=2487Kb free=3365Kb
 bounds [0x0000015d32a60000, 0x0000015d32cf0000, 0x0000015d33000000]
 total_blobs=12514 nmethods=11581 adapters=845
 compilation: enabled
              stopped_count=0, restarted_count=0
 full_count=0

Compilation events (20 events):
Event: 134.736 Thread 0x0000015d41e71330 nmethod 13226 0x0000015d330cce90 code [0x0000015d330cd020, 0x0000015d330cd0f8]
Event: 134.737 Thread 0x0000015d41e71330 13227       3       org.gradle.api.internal.file.DefaultFilePropertyFactory$DefaultRegularFileVar::set (6 bytes)
Event: 134.738 Thread 0x0000015d41e71330 nmethod 13227 0x0000015d2bf32710 code [0x0000015d2bf32940, 0x0000015d2bf33348]
Event: 134.739 Thread 0x0000015d41e700f0 13228       4       org.gradle.internal.instantiation.generator.AbstractClassGenerator$ClassMetadata::getProperty (14 bytes)
Event: 134.751 Thread 0x0000015d41e700f0 nmethod 13228 0x0000015d33460b90 code [0x0000015d33460d60, 0x0000015d334615d0]
Event: 134.771 Thread 0x0000015d41e700f0 13229       4       org.gradle.model.internal.asm.ClassVisitorScope::publicMethod (9 bytes)
Event: 134.772 Thread 0x0000015d41e700f0 nmethod 13229 0x0000015d330cc990 code [0x0000015d330ccb20, 0x0000015d330ccbc8]
Event: 134.828 Thread 0x0000015d41e71330 13230       3       org.gradle.api.DefaultTask::dependsOn (6 bytes)
Event: 134.828 Thread 0x0000015d41e71330 nmethod 13230 0x0000015d2b9ec210 code [0x0000015d2b9ec3a0, 0x0000015d2b9ec4e8]
Event: 134.828 Thread 0x0000015d41e71330 13231       3       org.gradle.api.internal.AbstractTask::dependsOn (20 bytes)
Event: 134.829 Thread 0x0000015d41e700f0 13234 %     4       org.gradle.api.internal.collections.DefaultPendingSource::removeByProvider @ 10 (50 bytes)
Event: 134.829 Thread 0x0000015d41e71330 nmethod 13231 0x0000015d2b67f590 code [0x0000015d2b67f7c0, 0x0000015d2b680068]
Event: 134.829 Thread 0x0000015d41e71330 13232       3       org.gradle.api.internal.AbstractTask$12::<init> (15 bytes)
Event: 134.829 Thread 0x0000015d41e71330 nmethod 13232 0x0000015d2bf8d310 code [0x0000015d2bf8d4c0, 0x0000015d2bf8d6d8]
Event: 134.829 Thread 0x0000015d41e71330 13233       3       org.gradle.api.internal.AbstractTask$12::run (16 bytes)
Event: 134.830 Thread 0x0000015d41e71330 nmethod 13233 0x0000015d2bf8e310 code [0x0000015d2bf8e4c0, 0x0000015d2bf8e648]
Event: 134.837 Thread 0x0000015d41e700f0 nmethod 13234% 0x0000015d33597590 code [0x0000015d33597740, 0x0000015d33597c38]
Event: 134.884 Thread 0x0000015d41e700f0 13235       4       java.util.regex.Pattern::compile (500 bytes)
Event: 134.919 Thread 0x0000015d41e71330 13238       3       org.gradle.internal.extensibility.ExtensibleDynamicObject::updateDelegates (149 bytes)
Event: 134.919 Thread 0x0000015d41e71330 nmethod 13238 0x0000015d2bcaa090 code [0x0000015d2bcaa2e0, 0x0000015d2bcab518]

GC Heap History (20 events):
Event: 80.607 GC heap before
{Heap before GC invocations=33 (full 0):
 garbage-first heap   total 193536K, used 146446K [0x0000000080000000, 0x0000000100000000)
  region size 1024K, 72 young (73728K), 3 survivors (3072K)
 Metaspace       used 73255K, committed 73920K, reserved 491520K
  class space    used 9993K, committed 10304K, reserved 425984K
}
Event: 80.615 GC heap after
{Heap after GC invocations=34 (full 0):
 garbage-first heap   total 193536K, used 74775K [0x0000000080000000, 0x0000000100000000)
  region size 1024K, 9 young (9216K), 9 survivors (9216K)
 Metaspace       used 73255K, committed 73920K, reserved 491520K
  class space    used 9993K, committed 10304K, reserved 425984K
}
Event: 102.153 GC heap before
{Heap before GC invocations=34 (full 0):
 garbage-first heap   total 193536K, used 142359K [0x0000000080000000, 0x0000000100000000)
  region size 1024K, 75 young (76800K), 9 survivors (9216K)
 Metaspace       used 76943K, committed 77696K, reserved 557056K
  class space    used 10600K, committed 10944K, reserved 425984K
}
Event: 102.233 GC heap after
{Heap after GC invocations=35 (full 0):
 garbage-first heap   total 193536K, used 80298K [0x0000000080000000, 0x0000000100000000)
  region size 1024K, 6 young (6144K), 6 survivors (6144K)
 Metaspace       used 76943K, committed 77696K, reserved 557056K
  class space    used 10600K, committed 10944K, reserved 425984K
}
Event: 107.355 GC heap before
{Heap before GC invocations=35 (full 0):
 garbage-first heap   total 193536K, used 146858K [0x0000000080000000, 0x0000000100000000)
  region size 1024K, 71 young (72704K), 6 survivors (6144K)
 Metaspace       used 81327K, committed 82112K, reserved 557056K
  class space    used 11290K, committed 11648K, reserved 425984K
}
Event: 107.374 GC heap after
{Heap after GC invocations=36 (full 0):
 garbage-first heap   total 193536K, used 87426K [0x0000000080000000, 0x0000000100000000)
  region size 1024K, 7 young (7168K), 7 survivors (7168K)
 Metaspace       used 81327K, committed 82112K, reserved 557056K
  class space    used 11290K, committed 11648K, reserved 425984K
}
Event: 118.190 GC heap before
{Heap before GC invocations=36 (full 0):
 garbage-first heap   total 193536K, used 153986K [0x0000000080000000, 0x0000000100000000)
  region size 1024K, 69 young (70656K), 7 survivors (7168K)
 Metaspace       used 82692K, committed 83520K, reserved 557056K
  class space    used 11472K, committed 11840K, reserved 425984K
}
Event: 118.484 GC heap after
{Heap after GC invocations=37 (full 0):
 garbage-first heap   total 193536K, used 102784K [0x0000000080000000, 0x0000000100000000)
  region size 1024K, 9 young (9216K), 9 survivors (9216K)
 Metaspace       used 82692K, committed 83520K, reserved 557056K
  class space    used 11472K, committed 11840K, reserved 425984K
}
Event: 123.668 GC heap before
{Heap before GC invocations=37 (full 0):
 garbage-first heap   total 193536K, used 161152K [0x0000000080000000, 0x0000000100000000)
  region size 1024K, 57 young (58368K), 9 survivors (9216K)
 Metaspace       used 85042K, committed 85888K, reserved 557056K
  class space    used 11765K, committed 12160K, reserved 425984K
}
Event: 123.710 GC heap after
{Heap after GC invocations=38 (full 0):
 garbage-first heap   total 193536K, used 121208K [0x0000000080000000, 0x0000000100000000)
  region size 1024K, 8 young (8192K), 8 survivors (8192K)
 Metaspace       used 85042K, committed 85888K, reserved 557056K
  class space    used 11765K, committed 12160K, reserved 425984K
}
Event: 125.733 GC heap before
{Heap before GC invocations=38 (full 0):
 garbage-first heap   total 193536K, used 163192K [0x0000000080000000, 0x0000000100000000)
  region size 1024K, 43 young (44032K), 8 survivors (8192K)
 Metaspace       used 86910K, committed 87808K, reserved 557056K
  class space    used 12002K, committed 12416K, reserved 425984K
}
Event: 125.744 GC heap after
{Heap after GC invocations=39 (full 0):
 garbage-first heap   total 193536K, used 135745K [0x0000000080000000, 0x0000000100000000)
  region size 1024K, 6 young (6144K), 6 survivors (6144K)
 Metaspace       used 86910K, committed 87808K, reserved 557056K
  class space    used 12002K, committed 12416K, reserved 425984K
}
Event: 127.358 GC heap before
{Heap before GC invocations=39 (full 0):
 garbage-first heap   total 193536K, used 159297K [0x0000000080000000, 0x0000000100000000)
  region size 1024K, 29 young (29696K), 6 survivors (6144K)
 Metaspace       used 88033K, committed 88960K, reserved 557056K
  class space    used 12157K, committed 12608K, reserved 425984K
}
Event: 127.379 GC heap after
{Heap after GC invocations=40 (full 0):
 garbage-first heap   total 193536K, used 139541K [0x0000000080000000, 0x0000000100000000)
  region size 1024K, 4 young (4096K), 4 survivors (4096K)
 Metaspace       used 88033K, committed 88960K, reserved 557056K
  class space    used 12157K, committed 12608K, reserved 425984K
}
Event: 128.192 GC heap before
{Heap before GC invocations=41 (full 0):
 garbage-first heap   total 247808K, used 158997K [0x0000000080000000, 0x0000000100000000)
  region size 1024K, 22 young (22528K), 4 survivors (4096K)
 Metaspace       used 88081K, committed 89024K, reserved 557056K
  class space    used 12164K, committed 12608K, reserved 425984K
}
Event: 128.215 GC heap after
{Heap after GC invocations=42 (full 0):
 garbage-first heap   total 247808K, used 145833K [0x0000000080000000, 0x0000000100000000)
  region size 1024K, 3 young (3072K), 3 survivors (3072K)
 Metaspace       used 88081K, committed 89024K, reserved 557056K
  class space    used 12164K, committed 12608K, reserved 425984K
}
Event: 128.573 GC heap before
{Heap before GC invocations=42 (full 0):
 garbage-first heap   total 247808K, used 154025K [0x0000000080000000, 0x0000000100000000)
  region size 1024K, 12 young (12288K), 3 survivors (3072K)
 Metaspace       used 88202K, committed 89152K, reserved 557056K
  class space    used 12184K, committed 12608K, reserved 425984K
}
Event: 128.585 GC heap after
{Heap after GC invocations=43 (full 0):
 garbage-first heap   total 247808K, used 147108K [0x0000000080000000, 0x0000000100000000)
  region size 1024K, 2 young (2048K), 2 survivors (2048K)
 Metaspace       used 88202K, committed 89152K, reserved 557056K
  class space    used 12184K, committed 12608K, reserved 425984K
}
Event: 131.493 GC heap before
{Heap before GC invocations=43 (full 0):
 garbage-first heap   total 247808K, used 197284K [0x0000000080000000, 0x0000000100000000)
  region size 1024K, 51 young (52224K), 2 survivors (2048K)
 Metaspace       used 90623K, committed 91520K, reserved 557056K
  class space    used 12556K, committed 12992K, reserved 425984K
}
Event: 131.504 GC heap after
{Heap after GC invocations=44 (full 0):
 garbage-first heap   total 247808K, used 151566K [0x0000000080000000, 0x0000000100000000)
  region size 1024K, 7 young (7168K), 7 survivors (7168K)
 Metaspace       used 90623K, committed 91520K, reserved 557056K
  class space    used 12556K, committed 12992K, reserved 425984K
}

Deoptimization events (20 events):
Event: 133.587 Thread 0x0000015d615254f0 Uncommon trap: trap_request=0xffffff76 fr.pc=0x0000015d337b5da8 relative=0x00000000000003e8
Event: 133.587 Thread 0x0000015d615254f0 Uncommon trap: reason=predicate action=maybe_recompile pc=0x0000015d337b5da8 method=java.util.AbstractCollection.toArray([Ljava/lang/Object;)[Ljava/lang/Object; @ 43 c2
Event: 133.587 Thread 0x0000015d615254f0 DEOPT PACKING pc=0x0000015d337b5da8 sp=0x00000051589f8670
Event: 133.587 Thread 0x0000015d615254f0 DEOPT UNPACKING pc=0x0000015d32ab23a3 sp=0x00000051589f8608 mode 2
Event: 133.693 Thread 0x0000015d615254f0 Uncommon trap: trap_request=0xffffffbe fr.pc=0x0000015d337c371c relative=0x000000000000177c
Event: 133.693 Thread 0x0000015d615254f0 Uncommon trap: reason=profile_predicate action=maybe_recompile pc=0x0000015d337c371c method=org.gradle.api.internal.attributes.DefaultImmutableAttributesFactory.concat(Lorg/gradle/api/internal/attributes/ImmutableAttributes;Lorg/gradle/api/internal/attrib
Event: 133.693 Thread 0x0000015d615254f0 DEOPT PACKING pc=0x0000015d337c371c sp=0x00000051589f8860
Event: 133.693 Thread 0x0000015d615254f0 DEOPT UNPACKING pc=0x0000015d32ab23a3 sp=0x00000051589f87e0 mode 2
Event: 133.693 Thread 0x0000015d615254f0 Uncommon trap: trap_request=0xffffffbe fr.pc=0x0000015d337c371c relative=0x000000000000177c
Event: 133.693 Thread 0x0000015d615254f0 Uncommon trap: reason=profile_predicate action=maybe_recompile pc=0x0000015d337c371c method=org.gradle.api.internal.attributes.DefaultImmutableAttributesFactory.concat(Lorg/gradle/api/internal/attributes/ImmutableAttributes;Lorg/gradle/api/internal/attrib
Event: 133.693 Thread 0x0000015d615254f0 DEOPT PACKING pc=0x0000015d337c371c sp=0x00000051589f8860
Event: 133.693 Thread 0x0000015d615254f0 DEOPT UNPACKING pc=0x0000015d32ab23a3 sp=0x00000051589f87e0 mode 2
Event: 133.693 Thread 0x0000015d615254f0 Uncommon trap: trap_request=0xffffffbe fr.pc=0x0000015d337c371c relative=0x000000000000177c
Event: 133.693 Thread 0x0000015d615254f0 Uncommon trap: reason=profile_predicate action=maybe_recompile pc=0x0000015d337c371c method=org.gradle.api.internal.attributes.DefaultImmutableAttributesFactory.concat(Lorg/gradle/api/internal/attributes/ImmutableAttributes;Lorg/gradle/api/internal/attrib
Event: 133.693 Thread 0x0000015d615254f0 DEOPT PACKING pc=0x0000015d337c371c sp=0x00000051589f88e0
Event: 133.693 Thread 0x0000015d615254f0 DEOPT UNPACKING pc=0x0000015d32ab23a3 sp=0x00000051589f8860 mode 2
Event: 133.693 Thread 0x0000015d615254f0 Uncommon trap: trap_request=0xffffffbe fr.pc=0x0000015d337c371c relative=0x000000000000177c
Event: 133.693 Thread 0x0000015d615254f0 Uncommon trap: reason=profile_predicate action=maybe_recompile pc=0x0000015d337c371c method=org.gradle.api.internal.attributes.DefaultImmutableAttributesFactory.concat(Lorg/gradle/api/internal/attributes/ImmutableAttributes;Lorg/gradle/api/internal/attrib
Event: 133.693 Thread 0x0000015d615254f0 DEOPT PACKING pc=0x0000015d337c371c sp=0x00000051589f88e0
Event: 133.693 Thread 0x0000015d615254f0 DEOPT UNPACKING pc=0x0000015d32ab23a3 sp=0x00000051589f8860 mode 2

Classes unloaded (0 events):
No events

Classes redefined (0 events):
No events

Internal exceptions (20 events):
Event: 126.097 Thread 0x0000015d612af6a0 Exception <a 'java/lang/ClassNotFoundException'{0x000000008b8e4da0}: org/jetbrains/kotlin/gradle/plugin/sources/DefaultKotlinSourceSetCustomizer> (0x000000008b8e4da0) 
thrown [s\open\src\hotspot\share\classfile\systemDictionary.cpp, line 256]
Event: 126.102 Thread 0x0000015d612af6a0 Exception <a 'java/lang/ClassNotFoundException'{0x000000008b72ec90}: org/jetbrains/kotlin/gradle/plugin/sources/DefaultKotlinSourceSet_DecoratedCustomizer> (0x000000008b72ec90) 
thrown [s\open\src\hotspot\share\classfile\systemDictionary.cpp, line 256]
Event: 126.113 Thread 0x0000015d612af6a0 Exception <a 'java/lang/ClassNotFoundException'{0x000000008b78f3d8}: build_b2lubf6nycjlbw5ajhfv7t0xm$_run_closure1$_closure8BeanInfo> (0x000000008b78f3d8) 
thrown [s\open\src\hotspot\share\classfile\systemDictionary.cpp, line 256]
Event: 126.114 Thread 0x0000015d612af6a0 Exception <a 'java/lang/ClassNotFoundException'{0x000000008b79acf0}: build_b2lubf6nycjlbw5ajhfv7t0xm$_run_closure1$_closure8Customizer> (0x000000008b79acf0) 
thrown [s\open\src\hotspot\share\classfile\systemDictionary.cpp, line 256]
Event: 126.781 Thread 0x0000015d612af6a0 Exception <a 'java/lang/NoClassDefFoundError'{0x000000008aedc198}: org/jetbrains/kotlin/gradle/plugin/KotlinBasePluginWrapper> (0x000000008aedc198) 
thrown [s\open\src\hotspot\share\oops\constantPool.cpp, line 835]
Event: 126.992 Thread 0x0000015d612af6a0 Exception <a 'java/lang/ClassNotFoundException'{0x000000008aa22a30}: build_bhtyommingngyc1yzm2z3zh3xBeanInfo> (0x000000008aa22a30) 
thrown [s\open\src\hotspot\share\classfile\systemDictionary.cpp, line 256]
Event: 126.992 Thread 0x0000015d612af6a0 Exception <a 'java/lang/ClassNotFoundException'{0x000000008aa292b0}: build_bhtyommingngyc1yzm2z3zh3xCustomizer> (0x000000008aa292b0) 
thrown [s\open\src\hotspot\share\classfile\systemDictionary.cpp, line 256]
Event: 128.132 Thread 0x0000015d612af6a0 Exception <a 'java/lang/ClassNotFoundException'{0x000000008eb43878}: build_bhtyommingngyc1yzm2z3zh3xBeanInfo> (0x000000008eb43878) 
thrown [s\open\src\hotspot\share\classfile\systemDictionary.cpp, line 256]
Event: 128.132 Thread 0x0000015d612af6a0 Exception <a 'java/lang/ClassNotFoundException'{0x000000008eb4a098}: build_bhtyommingngyc1yzm2z3zh3xCustomizer> (0x000000008eb4a098) 
thrown [s\open\src\hotspot\share\classfile\systemDictionary.cpp, line 256]
Event: 128.270 Thread 0x0000015d612af6a0 Exception <a 'java/lang/ClassNotFoundException'{0x000000008ef4f9f0}: build_bhtyommingngyc1yzm2z3zh3x$_run_closure1BeanInfo> (0x000000008ef4f9f0) 
thrown [s\open\src\hotspot\share\classfile\systemDictionary.cpp, line 256]
Event: 128.271 Thread 0x0000015d612af6a0 Exception <a 'java/lang/ClassNotFoundException'{0x000000008ef66f70}: build_bhtyommingngyc1yzm2z3zh3x$_run_closure1Customizer> (0x000000008ef66f70) 
thrown [s\open\src\hotspot\share\classfile\systemDictionary.cpp, line 256]
Event: 128.374 Thread 0x0000015d612af6a0 Exception <a 'java/lang/NoClassDefFoundError'{0x000000008eda5c30}: org/jetbrains/kotlin/gradle/plugin/KotlinBasePluginWrapper> (0x000000008eda5c30) 
thrown [s\open\src\hotspot\share\oops\constantPool.cpp, line 835]
Event: 129.309 Thread 0x0000015d615254f0 Exception <a 'java/lang/NoSuchMethodError'{0x000000008e6bc208}: 'void java.lang.invoke.DirectMethodHandle$Holder.invokeVirtual(java.lang.Object, java.lang.Object)'> (0x000000008e6bc208) 
thrown [s\open\src\hotspot\share\interpreter\linkResolver.cpp, line 759]
Event: 130.125 Thread 0x0000015d615254f0 Implicit null exception at 0x0000015d3373b4b5 to 0x0000015d3374376c
Event: 132.047 Thread 0x0000015d615254f0 Implicit null exception at 0x0000015d33784656 to 0x0000015d33785050
Event: 132.063 Thread 0x0000015d615254f0 Implicit null exception at 0x0000015d33785912 to 0x0000015d33786194
Event: 132.152 Thread 0x0000015d615254f0 Implicit null exception at 0x0000015d3378b54b to 0x0000015d3378c148
Event: 132.165 Thread 0x0000015d615254f0 Implicit null exception at 0x0000015d3378cd29 to 0x0000015d3378d544
Event: 132.185 Thread 0x0000015d615254f0 Implicit null exception at 0x0000015d3378e487 to 0x0000015d3378ee48
Event: 132.220 Thread 0x0000015d615254f0 Implicit null exception at 0x0000015d3378f972 to 0x0000015d33790144

VM Operations (20 events):
Event: 127.812 Executing VM operation: G1Concurrent
Event: 127.812 Executing VM operation: G1Concurrent done
Event: 128.192 Executing VM operation: G1CollectForAllocation
Event: 128.215 Executing VM operation: G1CollectForAllocation done
Event: 128.573 Executing VM operation: G1CollectForAllocation
Event: 128.587 Executing VM operation: G1CollectForAllocation done
Event: 129.597 Executing VM operation: Cleanup
Event: 129.599 Executing VM operation: Cleanup done
Event: 130.601 Executing VM operation: Cleanup
Event: 130.601 Executing VM operation: Cleanup done
Event: 131.493 Executing VM operation: G1CollectForAllocation
Event: 131.509 Executing VM operation: G1CollectForAllocation done
Event: 132.524 Executing VM operation: Cleanup
Event: 132.524 Executing VM operation: Cleanup done
Event: 133.529 Executing VM operation: Cleanup
Event: 133.576 Executing VM operation: Cleanup done
Event: 133.693 Executing VM operation: HandshakeAllThreads
Event: 133.694 Executing VM operation: HandshakeAllThreads done
Event: 134.207 Executing VM operation: HandshakeAllThreads
Event: 134.218 Executing VM operation: HandshakeAllThreads done

Events (20 events):
Event: 134.241 Thread 0x0000015d41e763a0 flushing nmethod 0x0000015d2c52fa10
Event: 134.241 Thread 0x0000015d41e763a0 flushing nmethod 0x0000015d2c555410
Event: 134.241 Thread 0x0000015d41e763a0 flushing nmethod 0x0000015d2c558890
Event: 134.241 Thread 0x0000015d41e763a0 flushing nmethod 0x0000015d2c55a710
Event: 134.241 Thread 0x0000015d41e763a0 flushing nmethod 0x0000015d2c55ad10
Event: 134.241 Thread 0x0000015d41e763a0 flushing nmethod 0x0000015d2c55b390
Event: 134.241 Thread 0x0000015d41e763a0 flushing nmethod 0x0000015d2c567310
Event: 134.241 Thread 0x0000015d41e763a0 flushing nmethod 0x0000015d2c568990
Event: 134.241 Thread 0x0000015d41e763a0 flushing nmethod 0x0000015d2c56bd90
Event: 134.242 Thread 0x0000015d41e763a0 flushing nmethod 0x0000015d2c588610
Event: 134.242 Thread 0x0000015d41e763a0 flushing nmethod 0x0000015d2c5aa410
Event: 134.242 Thread 0x0000015d41e763a0 flushing nmethod 0x0000015d2c5ba290
Event: 134.242 Thread 0x0000015d41e763a0 flushing nmethod 0x0000015d2c5bb210
Event: 134.242 Thread 0x0000015d41e763a0 flushing nmethod 0x0000015d2c5c4d10
Event: 134.242 Thread 0x0000015d41e763a0 flushing nmethod 0x0000015d2c5cac90
Event: 134.242 Thread 0x0000015d41e763a0 flushing nmethod 0x0000015d2c5cb590
Event: 134.242 Thread 0x0000015d41e763a0 flushing nmethod 0x0000015d2c5d0210
Event: 134.242 Thread 0x0000015d41e763a0 flushing nmethod 0x0000015d2c65d110
Event: 134.242 Thread 0x0000015d41e763a0 flushing nmethod 0x0000015d2c66f390
Event: 134.242 Thread 0x0000015d41e763a0 flushing nmethod 0x0000015d2c699890


Dynamic libraries:
0x00007ff7404d0000 - 0x00007ff7404e0000 	D:\Java\jdk-17.0.8\bin\java.exe
0x00007ffb6e190000 - 0x00007ffb6e3a7000 	C:\Windows\SYSTEM32\ntdll.dll
0x00007ffb6d520000 - 0x00007ffb6d5e4000 	C:\Windows\System32\KERNEL32.DLL
0x00007ffb6b910000 - 0x00007ffb6bcb6000 	C:\Windows\System32\KERNELBASE.dll
0x00007ffb6b780000 - 0x00007ffb6b891000 	C:\Windows\System32\ucrtbase.dll
0x00007ffb53ed0000 - 0x00007ffb53ee9000 	D:\Java\jdk-17.0.8\bin\jli.dll
0x00007ffb6c3c0000 - 0x00007ffb6c470000 	C:\Windows\System32\ADVAPI32.dll
0x00007ffb6c100000 - 0x00007ffb6c1a7000 	C:\Windows\System32\msvcrt.dll
0x00007ffb6d8a0000 - 0x00007ffb6d946000 	C:\Windows\System32\sechost.dll
0x00007ffb6dda0000 - 0x00007ffb6deb7000 	C:\Windows\System32\RPCRT4.dll
0x00007ffb6c560000 - 0x00007ffb6c70d000 	C:\Windows\System32\USER32.dll
0x00007ffb6b510000 - 0x00007ffb6b536000 	C:\Windows\System32\win32u.dll
0x00007ffb6dec0000 - 0x00007ffb6dee9000 	C:\Windows\System32\GDI32.dll
0x00007ffb6b5e0000 - 0x00007ffb6b6f8000 	C:\Windows\System32\gdi32full.dll
0x00007ffb6b540000 - 0x00007ffb6b5da000 	C:\Windows\System32\msvcp_win.dll
0x00007ffb567d0000 - 0x00007ffb567eb000 	D:\Java\jdk-17.0.8\bin\VCRUNTIME140.dll
0x00007ffb53700000 - 0x00007ffb53993000 	C:\Windows\WinSxS\amd64_microsoft.windows.common-controls_6595b64144ccf1df_6.0.22621.2361_none_2712ced57382f843\COMCTL32.dll
0x00007ffb63350000 - 0x00007ffb6335a000 	C:\Windows\SYSTEM32\VERSION.dll
0x00007ffb6bf00000 - 0x00007ffb6bf31000 	C:\Windows\System32\IMM32.DLL
0x00007ffb56a10000 - 0x00007ffb56a1c000 	D:\Java\jdk-17.0.8\bin\vcruntime140_1.dll
0x00007ffb24490000 - 0x00007ffb2451e000 	D:\Java\jdk-17.0.8\bin\msvcp140.dll
0x00007ffafedf0000 - 0x00007ffaff9ce000 	D:\Java\jdk-17.0.8\bin\server\jvm.dll
0x00007ffb6bef0000 - 0x00007ffb6bef8000 	C:\Windows\System32\PSAPI.DLL
0x00007ffb4d970000 - 0x00007ffb4d979000 	C:\Windows\SYSTEM32\WSOCK32.dll
0x00007ffb6def0000 - 0x00007ffb6df61000 	C:\Windows\System32\WS2_32.dll
0x00007ffb631a0000 - 0x00007ffb631d4000 	C:\Windows\SYSTEM32\WINMM.dll
0x00007ffb6a5e0000 - 0x00007ffb6a5f8000 	C:\Windows\SYSTEM32\kernel.appcore.dll
0x00007ffb53be0000 - 0x00007ffb53bea000 	D:\Java\jdk-17.0.8\bin\jimage.dll
0x00007ffb68e70000 - 0x00007ffb6909e000 	C:\Windows\SYSTEM32\DBGHELP.DLL
0x00007ffb6d950000 - 0x00007ffb6dcda000 	C:\Windows\System32\combase.dll
0x00007ffb6bfa0000 - 0x00007ffb6c077000 	C:\Windows\System32\OLEAUT32.dll
0x00007ffb51e10000 - 0x00007ffb51e42000 	C:\Windows\SYSTEM32\dbgcore.DLL
0x00007ffb6b700000 - 0x00007ffb6b77a000 	C:\Windows\System32\bcryptPrimitives.dll
0x00007ffb3c660000 - 0x00007ffb3c685000 	D:\Java\jdk-17.0.8\bin\java.dll
0x00007ffb18ec0000 - 0x00007ffb18f97000 	D:\Java\jdk-17.0.8\bin\jsvml.dll
0x00007ffb6c840000 - 0x00007ffb6d098000 	C:\Windows\System32\SHELL32.dll
0x00007ffb69480000 - 0x00007ffb69d72000 	C:\Windows\SYSTEM32\windows.storage.dll
0x00007ffb69340000 - 0x00007ffb6947e000 	C:\Windows\SYSTEM32\wintypes.dll
0x00007ffb6c710000 - 0x00007ffb6c803000 	C:\Windows\System32\SHCORE.dll
0x00007ffb6bf40000 - 0x00007ffb6bf9e000 	C:\Windows\System32\shlwapi.dll
0x00007ffb6b440000 - 0x00007ffb6b466000 	C:\Windows\SYSTEM32\profapi.dll
0x00007ffb3c4e0000 - 0x00007ffb3c4f9000 	D:\Java\jdk-17.0.8\bin\net.dll
0x00007ffb62ab0000 - 0x00007ffb62be7000 	C:\Windows\SYSTEM32\WINHTTP.dll
0x00007ffb6aac0000 - 0x00007ffb6ab29000 	C:\Windows\system32\mswsock.dll
0x00007ffb3b150000 - 0x00007ffb3b166000 	D:\Java\jdk-17.0.8\bin\nio.dll
0x00007ffb3d000000 - 0x00007ffb3d018000 	D:\Java\jdk-17.0.8\bin\zip.dll
0x00007ffb52790000 - 0x00007ffb527a0000 	D:\Java\jdk-17.0.8\bin\verify.dll
0x00007ffb56840000 - 0x00007ffb56867000 	C:\Users\xuanu\.gradle\native\68d5fa5c4cc2d200863cafc0d521ce42e7d3e7ee720ec0a83991735586a16f82\windows-amd64\native-platform.dll
0x00007ffb22060000 - 0x00007ffb221a4000 	C:\Users\xuanu\.gradle\native\e376f236ea51e6404a007f0833ffe2c6e607c4080706a723a18a27aeea778392\windows-amd64\native-platform-file-events.dll
0x00007ffb527f0000 - 0x00007ffb527fa000 	D:\Java\jdk-17.0.8\bin\management.dll
0x00007ffb51480000 - 0x00007ffb5148b000 	D:\Java\jdk-17.0.8\bin\management_ext.dll
0x00007ffb6ad10000 - 0x00007ffb6ad2b000 	C:\Windows\SYSTEM32\CRYPTSP.dll
0x00007ffb6a5a0000 - 0x00007ffb6a5d5000 	C:\Windows\system32\rsaenh.dll
0x00007ffb6abb0000 - 0x00007ffb6abdc000 	C:\Windows\SYSTEM32\USERENV.dll
0x00007ffb6aed0000 - 0x00007ffb6aef8000 	C:\Windows\SYSTEM32\bcrypt.dll
0x00007ffb6ad30000 - 0x00007ffb6ad3c000 	C:\Windows\SYSTEM32\CRYPTBASE.dll
0x00007ffb6a050000 - 0x00007ffb6a07d000 	C:\Windows\SYSTEM32\IPHLPAPI.DLL
0x00007ffb6c830000 - 0x00007ffb6c839000 	C:\Windows\System32\NSI.dll
0x00007ffb632a0000 - 0x00007ffb632b9000 	C:\Windows\SYSTEM32\dhcpcsvc6.DLL
0x00007ffb63260000 - 0x00007ffb6327f000 	C:\Windows\SYSTEM32\dhcpcsvc.DLL
0x00007ffb6a0c0000 - 0x00007ffb6a1b9000 	C:\Windows\SYSTEM32\DNSAPI.dll
0x00007ffb513e0000 - 0x00007ffb513ee000 	D:\Java\jdk-17.0.8\bin\sunmscapi.dll
0x00007ffb6bd80000 - 0x00007ffb6bee6000 	C:\Windows\System32\CRYPT32.dll
0x00007ffb6aea0000 - 0x00007ffb6aecd000 	C:\Windows\SYSTEM32\ncrypt.dll
0x00007ffb6ae60000 - 0x00007ffb6ae97000 	C:\Windows\SYSTEM32\NTASN1.dll
0x00007ffb491d0000 - 0x00007ffb491d8000 	C:\Windows\system32\wshunix.dll

dbghelp: loaded successfully - version: 4.0.5 - missing functions: none
symbol engine: initialized successfully - sym options: 0x614 - pdb path: .;D:\Java\jdk-17.0.8\bin;C:\Windows\SYSTEM32;C:\Windows\WinSxS\amd64_microsoft.windows.common-controls_6595b64144ccf1df_6.0.22621.2361_none_2712ced57382f843;D:\Java\jdk-17.0.8\bin\server;C:\Users\xuanu\.gradle\native\68d5fa5c4cc2d200863cafc0d521ce42e7d3e7ee720ec0a83991735586a16f82\windows-amd64;C:\Users\xuanu\.gradle\native\e376f236ea51e6404a007f0833ffe2c6e607c4080706a723a18a27aeea778392\windows-amd64

VM Arguments:
jvm_args: -XX:MaxMetaspaceSize=512m --add-opens=java.base/java.util=ALL-UNNAMED --add-opens=java.base/java.lang=ALL-UNNAMED --add-opens=java.base/java.lang.invoke=ALL-UNNAMED --add-opens=java.prefs/java.util.prefs=ALL-UNNAMED --add-opens=java.base/java.nio.charset=ALL-UNNAMED --add-opens=java.base/java.net=ALL-UNNAMED --add-opens=java.base/java.util.concurrent.atomic=ALL-UNNAMED -Xmx2048m -Dfile.encoding=windows-1258 -Duser.country=VN -Duser.language=vi -Duser.variant 
java_command: org.gradle.launcher.daemon.bootstrap.GradleDaemon 8.0.1
java_class_path (initial): C:\Users\xuanu\.gradle\wrapper\dists\gradle-8.0.1-all\aro4hu1c3oeioove7l0i4i14o\gradle-8.0.1\lib\gradle-launcher-8.0.1.jar
Launcher Type: SUN_STANDARD

[Global flags]
     intx CICompilerCount                          = 4                                         {product} {ergonomic}
   size_t CompressedClassSpaceSize                 = 436207616                                 {product} {ergonomic}
     uint ConcGCThreads                            = 2                                         {product} {ergonomic}
     uint G1ConcRefinementThreads                  = 8                                         {product} {ergonomic}
   size_t G1HeapRegionSize                         = 1048576                                   {product} {ergonomic}
    uintx GCDrainStackTargetSize                   = 64                                        {product} {ergonomic}
   size_t InitialHeapSize                          = 132120576                                 {product} {ergonomic}
   size_t MarkStackSize                            = 4194304                                   {product} {ergonomic}
   size_t MaxHeapSize                              = 2147483648                                {product} {command line}
   size_t MaxMetaspaceSize                         = 536870912                                 {product} {command line}
   size_t MaxNewSize                               = 1287651328                                {product} {ergonomic}
   size_t MinHeapDeltaBytes                        = 1048576                                   {product} {ergonomic}
   size_t MinHeapSize                              = 8388608                                   {product} {ergonomic}
    uintx NonNMethodCodeHeapSize                   = 5839372                                {pd product} {ergonomic}
    uintx NonProfiledCodeHeapSize                  = 122909434                              {pd product} {ergonomic}
    uintx ProfiledCodeHeapSize                     = 122909434                              {pd product} {ergonomic}
    uintx ReservedCodeCacheSize                    = 251658240                              {pd product} {ergonomic}
     bool SegmentedCodeCache                       = true                                      {product} {ergonomic}
   size_t SoftMaxHeapSize                          = 2147483648                             {manageable} {ergonomic}
     bool UseCompressedClassPointers               = true                           {product lp64_product} {ergonomic}
     bool UseCompressedOops                        = true                           {product lp64_product} {ergonomic}
     bool UseG1GC                                  = true                                      {product} {ergonomic}
     bool UseLargePagesIndividualAllocation        = false                                  {pd product} {ergonomic}

Logging:
Log output configuration:
 #0: stdout all=warning uptime,level,tags
 #1: stderr all=off uptime,level,tags

Environment Variables:
JAVA_HOME=D:\Java\jdk-17.0.8
CLASSPATH=E:\ReactNative\DATN_App_Shop\AppShopCli\android\\gradle\wrapper\gradle-wrapper.jar
PATH=E:\ReactNative\DATN_App_Shop\AppShopCli\node_modules\.bin;E:\ReactNative\DATN_App_Shop\AppShopCli\node_modules\.bin;E:\ReactNative\DATN_App_Shop\node_modules\.bin;E:\ReactNative\node_modules\.bin;E:\node_modules\.bin;D:\NodeJs\node_modules\npm\node_modules\@npmcli\run-script\lib\node-gyp-bin;E:\ReactNative\DATN_App_Shop\AppShopCli\node_modules\.bin;E:\ReactNative\DATN_App_Shop\node_modules\.bin;E:\ReactNative\node_modules\.bin;E:\node_modules\.bin;D:\NodeJs\node_modules\npm\node_modules\@npmcli\run-script\lib\node-gyp-bin;C:\Windows\system32;C:\Windows;C:\Windows\System32\Wbem;C:\Windows\System32\WindowsPowerShell\v1.0\;C:\Windows\System32\OpenSSH\;D:\NodeJs\;D:\Git\cmd;D:\Java\jdk-17.0.8\bin;C:\Users\xuanu\AppData\Local\Microsoft\WindowsApps;C:\Users\xuanu\AppData\Roaming\npm;C:\Users\xuanu\AppData\Local\Programs\Microsoft VS Code\bin;D:\Flutter\bin;
USERNAME=xuanu
LANG=en_US.UTF-8
OS=Windows_NT
PROCESSOR_IDENTIFIER=Intel64 Family 6 Model 165 Stepping 2, GenuineIntel



---------------  S Y S T E M  ---------------

OS:
 Windows 11 , 64 bit Build 22621 (10.0.22621.2428)
OS uptime: 4 days 13:47 hours

CPU: total 8 (initial active 8) (4 cores per cpu, 2 threads per core) family 6 model 165 stepping 2 microcode 0xe0, cx8, cmov, fxsr, ht, mmx, 3dnowpref, sse, sse2, sse3, ssse3, sse4.1, sse4.2, popcnt, lzcnt, tsc, tscinvbit, avx, avx2, aes, erms, clmul, bmi1, bmi2, adx, fma, vzeroupper, clflush, clflushopt

Memory: 4k page, system-wide physical 8029M (17M free)
TotalPageFile size 29903M (AvailPageFile size 0M)
current process WorkingSet (physical memory assigned to process): 258M, peak: 355M
current process commit charge ("private bytes"): 563M, peak: 569M

vm_info: Java HotSpot(TM) 64-Bit Server VM (17.0.8+9-LTS-211) for windows-amd64 JRE (17.0.8+9-LTS-211), built on Jun 14 2023 10:34:31 by "mach5one" with MS VC++ 17.1 (VS2022)

END.
