#
# There is insufficient memory for the Java Runtime Environment to continue.
# Native memory allocation (mmap) failed to map 150994944 bytes for G1 virtual space
# Possible reasons:
#   The system is out of physical RAM or swap space
#   The process is running with CompressedOops enabled, and the Java Heap may be blocking the growth of the native heap
# Possible solutions:
#   Reduce memory load on the system
#   Increase physical memory or swap space
#   Check if swap backing store is full
#   Decrease Java heap size (-Xmx/-Xms)
#   Decrease number of Java threads
#   Decrease Java thread stack sizes (-Xss)
#   Set larger code cache with -XX:ReservedCodeCacheSize=
#   JVM is running with Unscaled Compressed Oops mode in which the Java heap is
#     placed in the first 4GB address space. The Java Heap base address is the
#     maximum limit for the native heap growth. Please use -XX:HeapBaseMinAddress
#     to set the Java Heap base and to place the Java Heap above 4GB virtual address.
# This output file may be truncated or incomplete.
#
#  Out of Memory Error (os_windows.cpp:3550), pid=21876, tid=7620
#
# JRE version: Java(TM) SE Runtime Environment (17.0.8+9) (build 17.0.8+9-LTS-211)
# Java VM: Java HotSpot(TM) 64-Bit Server VM (17.0.8+9-LTS-211, mixed mode, sharing, tiered, compressed oops, compressed class ptrs, g1 gc, windows-amd64)
# No core dump will be written. Minidumps are not enabled by default on client versions of Windows
#

---------------  S U M M A R Y ------------

Command Line: -XX:MaxMetaspaceSize=512m --add-opens=java.base/java.util=ALL-UNNAMED --add-opens=java.base/java.lang=ALL-UNNAMED --add-opens=java.base/java.lang.invoke=ALL-UNNAMED --add-opens=java.prefs/java.util.prefs=ALL-UNNAMED --add-opens=java.base/java.nio.charset=ALL-UNNAMED --add-opens=java.base/java.net=ALL-UNNAMED --add-opens=java.base/java.util.concurrent.atomic=ALL-UNNAMED -Xmx2048m -Dfile.encoding=windows-1258 -Duser.country=VN -Duser.language=vi -Duser.variant org.gradle.launcher.daemon.bootstrap.GradleDaemon 8.0.1

Host: Intel(R) Core(TM) i5-10300H CPU @ 2.50GHz, 8 cores, 7G,  Windows 11 , 64 bit Build 22621 (10.0.22621.2428)
Time: Thu Nov  2 15:43:34 2023 SE Asia Standard Time elapsed time: 64.132414 seconds (0d 0h 1m 4s)

---------------  T H R E A D  ---------------

Current thread (0x000002087f5dc7a0):  VMThread "VM Thread" [stack: 0x0000009cd5f00000,0x0000009cd6000000] [id=7620]

Stack: [0x0000009cd5f00000,0x0000009cd6000000]
Native frames: (J=compiled Java code, j=interpreted, Vv=VM code, C=native code)
V  [jvm.dll+0x677d0a]
V  [jvm.dll+0x7d8c54]
V  [jvm.dll+0x7da3fe]
V  [jvm.dll+0x7daa63]
V  [jvm.dll+0x245c5f]
V  [jvm.dll+0x674bb9]
V  [jvm.dll+0x6694f2]
V  [jvm.dll+0x3031d6]
V  [jvm.dll+0x30a756]
V  [jvm.dll+0x359f9e]
V  [jvm.dll+0x35a1cf]
V  [jvm.dll+0x2da3e8]
V  [jvm.dll+0x2d87f5]
V  [jvm.dll+0x2d7dfc]
V  [jvm.dll+0x31b4cb]
V  [jvm.dll+0x7df26b]
V  [jvm.dll+0x7dffa4]
V  [jvm.dll+0x7e04bd]
V  [jvm.dll+0x7e0894]
V  [jvm.dll+0x7e0960]
V  [jvm.dll+0x788bba]
V  [jvm.dll+0x676b35]
C  [ucrtbase.dll+0x29363]
C  [KERNEL32.DLL+0x1257d]
C  [ntdll.dll+0x5aa78]

VM_Operation (0x0000009cd76f6540): G1CollectForAllocation, mode: safepoint, requested by thread 0x000002082408df50


---------------  P R O C E S S  ---------------

Threads class SMR info:
_java_thread_list=0x0000020824fefd20, length=73, elements={
0x00000208654206f0, 0x000002087f5e0b40, 0x000002087f5e19b0, 0x000002087f5f7760,
0x000002087f5f8310, 0x000002087f5facd0, 0x000002087f5fb680, 0x000002087f5ff430,
0x000002087f65e130, 0x000002087f669670, 0x000002087f85d0a0, 0x000002087f8637b0,
0x0000020824289040, 0x00000208240b7c60, 0x0000020823997630, 0x0000020824581a50,
0x0000020824588570, 0x0000020824083160, 0x000002082408df50, 0x00000208239667d0,
0x000002087fa819c0, 0x000002087fa82830, 0x000002087fa82d00, 0x000002087fa81e90,
0x000002087fa831d0, 0x000002087fa836a0, 0x000002087fa814f0, 0x000002087fa84040,
0x000002087fa83b70, 0x000002087fa80680, 0x000002087fa80b50, 0x000002087fa81020,
0x00000208241ae770, 0x00000208241b1790, 0x00000208241b3470, 0x00000208241ae2a0,
0x00000208241af5e0, 0x00000208241b2fa0, 0x00000208241b2600, 0x00000208241afab0,
0x00000208241b5150, 0x00000208241aec40, 0x00000208241b2ad0, 0x00000208241af110,
0x00000208241b3940, 0x00000208241b5af0, 0x00000208241aff80, 0x00000208241b1c60,
0x00000208241b3e10, 0x00000208241b0450, 0x00000208241b42e0, 0x00000208241b0920,
0x00000208241b0df0, 0x00000208241b12c0, 0x0000020825adc1a0, 0x0000020825add010,
0x0000020825ad7970, 0x0000020825ad9650, 0x0000020825ad9180, 0x0000020825adb330,
0x0000020825adde80, 0x0000020825ad9ff0, 0x0000020825adb800, 0x0000020825adc670,
0x0000020825ad8cb0, 0x0000020825ad74a0, 0x0000020825adbcd0, 0x0000020825add4e0,
0x0000020825adcb40, 0x0000020825ad9b20, 0x0000020825ad7e40, 0x0000020825ad6630,
0x0000020825ada990
}

Java Threads: ( => current thread )
  0x00000208654206f0 JavaThread "main" [_thread_blocked, id=28688, stack(0x0000009cd5900000,0x0000009cd5a00000)]
  0x000002087f5e0b40 JavaThread "Reference Handler" daemon [_thread_blocked, id=13772, stack(0x0000009cd6000000,0x0000009cd6100000)]
  0x000002087f5e19b0 JavaThread "Finalizer" daemon [_thread_blocked, id=21808, stack(0x0000009cd6100000,0x0000009cd6200000)]
  0x000002087f5f7760 JavaThread "Signal Dispatcher" daemon [_thread_blocked, id=29172, stack(0x0000009cd6200000,0x0000009cd6300000)]
  0x000002087f5f8310 JavaThread "Attach Listener" daemon [_thread_blocked, id=11708, stack(0x0000009cd6300000,0x0000009cd6400000)]
  0x000002087f5facd0 JavaThread "Service Thread" daemon [_thread_blocked, id=13212, stack(0x0000009cd6400000,0x0000009cd6500000)]
  0x000002087f5fb680 JavaThread "Monitor Deflation Thread" daemon [_thread_blocked, id=20740, stack(0x0000009cd6500000,0x0000009cd6600000)]
  0x000002087f5ff430 JavaThread "C2 CompilerThread0" daemon [_thread_blocked, id=19204, stack(0x0000009cd6600000,0x0000009cd6700000)]
  0x000002087f65e130 JavaThread "C1 CompilerThread0" daemon [_thread_blocked, id=21204, stack(0x0000009cd6700000,0x0000009cd6800000)]
  0x000002087f669670 JavaThread "Sweeper thread" daemon [_thread_blocked, id=17856, stack(0x0000009cd6800000,0x0000009cd6900000)]
  0x000002087f85d0a0 JavaThread "Common-Cleaner" daemon [_thread_blocked, id=11072, stack(0x0000009cd6900000,0x0000009cd6a00000)]
  0x000002087f8637b0 JavaThread "Notification Thread" daemon [_thread_blocked, id=8400, stack(0x0000009cd6a00000,0x0000009cd6b00000)]
  0x0000020824289040 JavaThread "Daemon health stats" [_thread_blocked, id=9852, stack(0x0000009cd7000000,0x0000009cd7100000)]
  0x00000208240b7c60 JavaThread "Incoming local TCP Connector on port 50121" [_thread_in_native, id=10632, stack(0x0000009cd7100000,0x0000009cd7200000)]
  0x0000020823997630 JavaThread "Daemon periodic checks" [_thread_blocked, id=14196, stack(0x0000009cd7200000,0x0000009cd7300000)]
  0x0000020824581a50 JavaThread "Daemon" [_thread_blocked, id=29680, stack(0x0000009cd7300000,0x0000009cd7400000)]
  0x0000020824588570 JavaThread "Handler for socket connection from /127.0.0.1:50121 to /127.0.0.1:50122" [_thread_in_native, id=17808, stack(0x0000009cd7400000,0x0000009cd7500000)]
  0x0000020824083160 JavaThread "Cancel handler" [_thread_blocked, id=29008, stack(0x0000009cd7500000,0x0000009cd7600000)]
  0x000002082408df50 JavaThread "Daemon worker" [_thread_blocked, id=20452, stack(0x0000009cd7600000,0x0000009cd7700000)]
  0x00000208239667d0 JavaThread "Asynchronous log dispatcher for DefaultDaemonConnection: socket connection from /127.0.0.1:50121 to /127.0.0.1:50122" [_thread_blocked, id=16508, stack(0x0000009cd7700000,0x0000009cd7800000)]
  0x000002087fa819c0 JavaThread "Stdin handler" [_thread_blocked, id=3036, stack(0x0000009cd7800000,0x0000009cd7900000)]
  0x000002087fa82830 JavaThread "Daemon client event forwarder" [_thread_blocked, id=7432, stack(0x0000009cd7900000,0x0000009cd7a00000)]
  0x000002087fa82d00 JavaThread "Cache worker for journal cache (C:\Users\xuanu\.gradle\caches\journal-1)" [_thread_blocked, id=17476, stack(0x0000009cd7a00000,0x0000009cd7b00000)]
  0x000002087fa81e90 JavaThread "File lock request listener" [_thread_in_native, id=27028, stack(0x0000009cd7b00000,0x0000009cd7c00000)]
  0x000002087fa831d0 JavaThread "File lock release action executor" [_thread_blocked, id=28296, stack(0x0000009cd7c00000,0x0000009cd7d00000)]
  0x000002087fa836a0 JavaThread "Cache worker for file hash cache (C:\Users\xuanu\.gradle\caches\8.0.1\fileHashes)" [_thread_blocked, id=18608, stack(0x0000009cd7d00000,0x0000009cd7e00000)]
  0x000002087fa814f0 JavaThread "File watcher server" daemon [_thread_in_native, id=19644, stack(0x0000009cd8100000,0x0000009cd8200000)]
  0x000002087fa84040 JavaThread "File watcher consumer" daemon [_thread_blocked, id=29304, stack(0x0000009cd8200000,0x0000009cd8300000)]
  0x000002087fa83b70 JavaThread "Cache worker for checksums cache (E:\ReactNative\DATN_App_Shop\AppShopCli\android\.gradle\8.0.1\checksums)" [_thread_blocked, id=25256, stack(0x0000009cd8300000,0x0000009cd8400000)]
  0x000002087fa80680 JavaThread "Cache worker for cache directory md-rule (C:\Users\xuanu\.gradle\caches\8.0.1\md-rule)" [_thread_blocked, id=27260, stack(0x0000009cd8400000,0x0000009cd8500000)]
  0x000002087fa80b50 JavaThread "Cache worker for file content cache (C:\Users\xuanu\.gradle\caches\8.0.1\fileContent)" [_thread_blocked, id=20196, stack(0x0000009cd8500000,0x0000009cd8600000)]
  0x000002087fa81020 JavaThread "Cache worker for file hash cache (E:\ReactNative\DATN_App_Shop\AppShopCli\android\.gradle\8.0.1\fileHashes)" [_thread_blocked, id=10156, stack(0x0000009cd8600000,0x0000009cd8700000)]
  0x00000208241ae770 JavaThread "Cache worker for cache directory md-supplier (C:\Users\xuanu\.gradle\caches\8.0.1\md-supplier)" [_thread_blocked, id=30400, stack(0x0000009cd8800000,0x0000009cd8900000)]
  0x00000208241b1790 JavaThread "Cache worker for execution history cache (C:\Users\xuanu\.gradle\caches\8.0.1\executionHistory)" [_thread_blocked, id=25432, stack(0x0000009cd8900000,0x0000009cd8a00000)]
  0x00000208241b3470 JavaThread "jar transforms" [_thread_blocked, id=23116, stack(0x0000009cd8a00000,0x0000009cd8b00000)]
  0x00000208241ae2a0 JavaThread "jar transforms Thread 2" [_thread_blocked, id=31540, stack(0x0000009cd8b00000,0x0000009cd8c00000)]
  0x00000208241af5e0 JavaThread "jar transforms Thread 3" [_thread_blocked, id=7900, stack(0x0000009cd8c00000,0x0000009cd8d00000)]
  0x00000208241b2fa0 JavaThread "jar transforms Thread 4" [_thread_blocked, id=6064, stack(0x0000009cd8d00000,0x0000009cd8e00000)]
  0x00000208241b2600 JavaThread "Cache worker for kotlin-dsl (C:\Users\xuanu\.gradle\caches\8.0.1\kotlin-dsl)" [_thread_blocked, id=28068, stack(0x0000009cd9000000,0x0000009cd9100000)]
  0x00000208241afab0 JavaThread "jar transforms Thread 5" [_thread_blocked, id=11984, stack(0x0000009cd9100000,0x0000009cd9200000)]
  0x00000208241b5150 JavaThread "jar transforms Thread 6" [_thread_blocked, id=12828, stack(0x0000009cd9200000,0x0000009cd9300000)]
  0x00000208241aec40 JavaThread "Cache worker for dependencies-accessors (E:\ReactNative\DATN_App_Shop\AppShopCli\android\.gradle\8.0.1\dependencies-accessors)" [_thread_blocked, id=25700, stack(0x0000009cd9300000,0x0000009cd9400000)]
  0x00000208241b2ad0 JavaThread "Cache worker for Build Output Cleanup Cache (E:\ReactNative\DATN_App_Shop\AppShopCli\node_modules\@react-native\gradle-plugin\.gradle\buildOutputCleanup)" [_thread_blocked, id=21620, stack(0x0000009cd9400000,0x0000009cd9500000)]
  0x00000208241af110 JavaThread "jar transforms Thread 7" [_thread_blocked, id=22384, stack(0x0000009cd9500000,0x0000009cd9600000)]
  0x00000208241b3940 JavaThread "Unconstrained build operations" [_thread_blocked, id=11408, stack(0x0000009cd9600000,0x0000009cd9700000)]
  0x00000208241b5af0 JavaThread "Unconstrained build operations Thread 2" [_thread_blocked, id=29920, stack(0x0000009cd9700000,0x0000009cd9800000)]
  0x00000208241aff80 JavaThread "Unconstrained build operations Thread 3" [_thread_blocked, id=4044, stack(0x0000009cd9800000,0x0000009cd9900000)]
  0x00000208241b1c60 JavaThread "Unconstrained build operations Thread 4" [_thread_blocked, id=28600, stack(0x0000009cd9900000,0x0000009cd9a00000)]
  0x00000208241b3e10 JavaThread "Unconstrained build operations Thread 5" [_thread_blocked, id=11020, stack(0x0000009cd9a00000,0x0000009cd9b00000)]
  0x00000208241b0450 JavaThread "Unconstrained build operations Thread 6" [_thread_blocked, id=24752, stack(0x0000009cd9b00000,0x0000009cd9c00000)]
  0x00000208241b42e0 JavaThread "Unconstrained build operations Thread 7" [_thread_blocked, id=31612, stack(0x0000009cd9c00000,0x0000009cd9d00000)]
  0x00000208241b0920 JavaThread "Unconstrained build operations Thread 8" [_thread_blocked, id=16820, stack(0x0000009cd9d00000,0x0000009cd9e00000)]
  0x00000208241b0df0 JavaThread "Unconstrained build operations Thread 9" [_thread_blocked, id=31476, stack(0x0000009cd9e00000,0x0000009cd9f00000)]
  0x00000208241b12c0 JavaThread "Unconstrained build operations Thread 10" [_thread_blocked, id=10580, stack(0x0000009cd9f00000,0x0000009cda000000)]
  0x0000020825adc1a0 JavaThread "Unconstrained build operations Thread 11" [_thread_blocked, id=27444, stack(0x0000009cda000000,0x0000009cda100000)]
  0x0000020825add010 JavaThread "Unconstrained build operations Thread 12" [_thread_blocked, id=31124, stack(0x0000009cda100000,0x0000009cda200000)]
  0x0000020825ad7970 JavaThread "Unconstrained build operations Thread 13" [_thread_blocked, id=18776, stack(0x0000009cda200000,0x0000009cda300000)]
  0x0000020825ad9650 JavaThread "Unconstrained build operations Thread 14" [_thread_blocked, id=4896, stack(0x0000009cda300000,0x0000009cda400000)]
  0x0000020825ad9180 JavaThread "Unconstrained build operations Thread 15" [_thread_blocked, id=26132, stack(0x0000009cda400000,0x0000009cda500000)]
  0x0000020825adb330 JavaThread "Unconstrained build operations Thread 16" [_thread_blocked, id=16228, stack(0x0000009cda500000,0x0000009cda600000)]
  0x0000020825adde80 JavaThread "Unconstrained build operations Thread 17" [_thread_blocked, id=19316, stack(0x0000009cda600000,0x0000009cda700000)]
  0x0000020825ad9ff0 JavaThread "Unconstrained build operations Thread 18" [_thread_blocked, id=19064, stack(0x0000009cda700000,0x0000009cda800000)]
  0x0000020825adb800 JavaThread "Unconstrained build operations Thread 19" [_thread_blocked, id=25828, stack(0x0000009cda800000,0x0000009cda900000)]
  0x0000020825adc670 JavaThread "Unconstrained build operations Thread 20" [_thread_blocked, id=19252, stack(0x0000009cda900000,0x0000009cdaa00000)]
  0x0000020825ad8cb0 JavaThread "Unconstrained build operations Thread 21" [_thread_blocked, id=12556, stack(0x0000009cdaa00000,0x0000009cdab00000)]
  0x0000020825ad74a0 JavaThread "Unconstrained build operations Thread 22" [_thread_blocked, id=8200, stack(0x0000009cdab00000,0x0000009cdac00000)]
  0x0000020825adbcd0 JavaThread "Unconstrained build operations Thread 23" [_thread_blocked, id=25884, stack(0x0000009cdac00000,0x0000009cdad00000)]
  0x0000020825add4e0 JavaThread "Unconstrained build operations Thread 24" [_thread_blocked, id=20996, stack(0x0000009cdad00000,0x0000009cdae00000)]
  0x0000020825adcb40 JavaThread "Unconstrained build operations Thread 25" [_thread_blocked, id=17068, stack(0x0000009cdae00000,0x0000009cdaf00000)]
  0x0000020825ad9b20 JavaThread "Unconstrained build operations Thread 26" [_thread_blocked, id=20424, stack(0x0000009cdaf00000,0x0000009cdb000000)]
  0x0000020825ad7e40 JavaThread "jar transforms Thread 8" [_thread_blocked, id=22748, stack(0x0000009cdb000000,0x0000009cdb100000)]
  0x0000020825ad6630 JavaThread "Memory manager" [_thread_blocked, id=10432, stack(0x0000009cdb100000,0x0000009cdb200000)]
  0x0000020825ada990 JavaThread "Cache worker for Build Output Cleanup Cache (E:\ReactNative\DATN_App_Shop\AppShopCli\android\.gradle\buildOutputCleanup)" [_thread_blocked, id=23144, stack(0x0000009cd5700000,0x0000009cd5800000)]

Other Threads:
=>0x000002087f5dc7a0 VMThread "VM Thread" [stack: 0x0000009cd5f00000,0x0000009cd6000000] [id=7620]
  0x000002087f863c80 WatcherThread [stack: 0x0000009cd6b00000,0x0000009cd6c00000] [id=31684]
  0x000002086547ac90 GCTaskThread "GC Thread#0" [stack: 0x0000009cd5a00000,0x0000009cd5b00000] [id=6660]
  0x000002082399c7f0 GCTaskThread "GC Thread#1" [stack: 0x0000009cd6c00000,0x0000009cd6d00000] [id=10328]
  0x000002082399caa0 GCTaskThread "GC Thread#2" [stack: 0x0000009cd6d00000,0x0000009cd6e00000] [id=29100]
  0x00000208236558a0 GCTaskThread "GC Thread#3" [stack: 0x0000009cd6e00000,0x0000009cd6f00000] [id=23420]
  0x0000020823a6fc50 GCTaskThread "GC Thread#4" [stack: 0x0000009cd6f00000,0x0000009cd7000000] [id=6168]
  0x000002082557ac80 GCTaskThread "GC Thread#5" [stack: 0x0000009cd7e00000,0x0000009cd7f00000] [id=20716]
  0x00000208255dfb80 GCTaskThread "GC Thread#6" [stack: 0x0000009cd7f00000,0x0000009cd8000000] [id=29284]
  0x00000208255dfe30 GCTaskThread "GC Thread#7" [stack: 0x0000009cd8000000,0x0000009cd8100000] [id=26800]
  0x000002086548bbd0 ConcurrentGCThread "G1 Main Marker" [stack: 0x0000009cd5b00000,0x0000009cd5c00000] [id=22248]
  0x000002086548c5e0 ConcurrentGCThread "G1 Conc#0" [stack: 0x0000009cd5c00000,0x0000009cd5d00000] [id=22516]
  0x00000208255e00e0 ConcurrentGCThread "G1 Conc#1" [stack: 0x0000009cd8700000,0x0000009cd8800000] [id=25868]
  0x00000208654ee7d0 ConcurrentGCThread "G1 Refine#0" [stack: 0x0000009cd5d00000,0x0000009cd5e00000] [id=25632]
  0x000002087f496330 ConcurrentGCThread "G1 Service" [stack: 0x0000009cd5e00000,0x0000009cd5f00000] [id=24976]

Threads with active compile tasks:
C2 CompilerThread0    64188 7480       4       java.util.TreeMap::getEntry (77 bytes)
C1 CompilerThread0    64188 7538       3       org.gradle.internal.reflect.annotations.impl.DefaultTypeAnnotationMetadataStore::processMethodAnnotations (239 bytes)

VM state: at safepoint (normal execution)

VM Mutex/Monitor currently owned by a thread:  ([mutex/lock_event])
[0x000002086541b7c0] Threads_lock - owner thread: 0x000002087f5dc7a0
[0x000002086541bbb0] Heap_lock - owner thread: 0x000002082408df50

Heap address: 0x0000000080000000, size: 2048 MB, Compressed Oops mode: 32-bit

CDS archive(s) mapped at: [0x0000020804000000-0x0000020804bd0000-0x0000020804bd0000), size 12386304, SharedBaseAddress: 0x0000020804000000, ArchiveRelocationMode: 1.
Compressed class space mapped at: 0x0000020805000000-0x000002081f000000, reserved size: 436207616
Narrow klass base: 0x0000020804000000, Narrow klass shift: 0, Narrow klass range: 0x100000000

GC Precious Log:
 CPUs: 8 total, 8 available
 Memory: 8029M
 Large Page Support: Disabled
 NUMA Support: Disabled
 Compressed Oops: Enabled (32-bit)
 Heap Region Size: 1M
 Heap Min Capacity: 8M
 Heap Initial Capacity: 126M
 Heap Max Capacity: 2G
 Pre-touch: Disabled
 Parallel Workers: 8
 Concurrent Workers: 2
 Concurrent Refinement Workers: 8
 Periodic GC: Disabled

Heap:
 garbage-first heap   total 129024K, used 55487K [0x0000000080000000, 0x0000000100000000)
  region size 1024K, 3 young (3072K), 3 survivors (3072K)
 Metaspace       used 58575K, committed 59200K, reserved 491520K
  class space    used 8146K, committed 8448K, reserved 425984K

Heap Regions: E=young(eden), S=young(survivor), O=old, HS=humongous(starts), HC=humongous(continues), CS=collection set, F=free, OA=open archive, CA=closed archive, TAMS=top-at-mark-start (previous, next)
|   0|0x0000000080000000, 0x0000000080100000, 0x0000000080100000|100%|HS|  |TAMS 0x0000000080100000, 0x0000000080000000| Complete 
|   1|0x0000000080100000, 0x0000000080200000, 0x0000000080200000|100%|HC|  |TAMS 0x0000000080200000, 0x0000000080100000| Complete 
|   2|0x0000000080200000, 0x0000000080300000, 0x0000000080300000|100%|HC|  |TAMS 0x0000000080300000, 0x0000000080200000| Complete 
|   3|0x0000000080300000, 0x0000000080400000, 0x0000000080400000|100%|HC|  |TAMS 0x0000000080400000, 0x0000000080300000| Complete 
|   4|0x0000000080400000, 0x0000000080500000, 0x0000000080500000|100%| O|  |TAMS 0x0000000080500000, 0x0000000080400000| Untracked 
|   5|0x0000000080500000, 0x0000000080600000, 0x0000000080600000|100%| O|  |TAMS 0x0000000080600000, 0x0000000080500000| Untracked 
|   6|0x0000000080600000, 0x0000000080700000, 0x0000000080700000|100%| O|  |TAMS 0x0000000080700000, 0x0000000080600000| Untracked 
|   7|0x0000000080700000, 0x0000000080800000, 0x0000000080800000|100%| O|  |TAMS 0x0000000080800000, 0x0000000080700000| Untracked 
|   8|0x0000000080800000, 0x0000000080900000, 0x0000000080900000|100%| O|  |TAMS 0x0000000080900000, 0x0000000080800000| Untracked 
|   9|0x0000000080900000, 0x0000000080a00000, 0x0000000080a00000|100%| O|  |TAMS 0x0000000080a00000, 0x0000000080900000| Untracked 
|  10|0x0000000080a00000, 0x0000000080b00000, 0x0000000080b00000|100%| O|  |TAMS 0x0000000080b00000, 0x0000000080a00000| Untracked 
|  11|0x0000000080b00000, 0x0000000080c00000, 0x0000000080c00000|100%| O|  |TAMS 0x0000000080c00000, 0x0000000080b00000| Untracked 
|  12|0x0000000080c00000, 0x0000000080d00000, 0x0000000080d00000|100%| O|  |TAMS 0x0000000080d00000, 0x0000000080c00000| Untracked 
|  13|0x0000000080d00000, 0x0000000080e00000, 0x0000000080e00000|100%| O|  |TAMS 0x0000000080e00000, 0x0000000080d00000| Untracked 
|  14|0x0000000080e00000, 0x0000000080f00000, 0x0000000080f00000|100%| O|  |TAMS 0x0000000080f00000, 0x0000000080e00000| Untracked 
|  15|0x0000000080f00000, 0x0000000081000000, 0x0000000081000000|100%| O|  |TAMS 0x0000000081000000, 0x0000000080f00000| Untracked 
|  16|0x0000000081000000, 0x0000000081100000, 0x0000000081100000|100%| O|  |TAMS 0x0000000081100000, 0x0000000081000000| Untracked 
|  17|0x0000000081100000, 0x0000000081200000, 0x0000000081200000|100%| O|  |TAMS 0x0000000081200000, 0x0000000081100000| Untracked 
|  18|0x0000000081200000, 0x0000000081300000, 0x0000000081300000|100%| O|  |TAMS 0x0000000081300000, 0x0000000081200000| Untracked 
|  19|0x0000000081300000, 0x0000000081400000, 0x0000000081400000|100%| O|  |TAMS 0x0000000081400000, 0x0000000081300000| Untracked 
|  20|0x0000000081400000, 0x0000000081500000, 0x0000000081500000|100%| O|  |TAMS 0x0000000081500000, 0x0000000081400000| Untracked 
|  21|0x0000000081500000, 0x0000000081500000, 0x0000000081600000|  0%| F|  |TAMS 0x0000000081500000, 0x0000000081500000| Untracked 
|  22|0x0000000081600000, 0x0000000081700000, 0x0000000081700000|100%| O|  |TAMS 0x0000000081600000, 0x0000000081600000| Untracked 
|  23|0x0000000081700000, 0x0000000081800000, 0x0000000081800000|100%| O|  |TAMS 0x0000000081800000, 0x0000000081700000| Untracked 
|  24|0x0000000081800000, 0x0000000081900000, 0x0000000081900000|100%| O|  |TAMS 0x0000000081900000, 0x0000000081800000| Untracked 
|  25|0x0000000081900000, 0x0000000081a00000, 0x0000000081a00000|100%| O|  |TAMS 0x0000000081a00000, 0x0000000081900000| Untracked 
|  26|0x0000000081a00000, 0x0000000081b00000, 0x0000000081b00000|100%| O|  |TAMS 0x0000000081b00000, 0x0000000081a00000| Untracked 
|  27|0x0000000081b00000, 0x0000000081c00000, 0x0000000081c00000|100%| O|  |TAMS 0x0000000081c00000, 0x0000000081b00000| Untracked 
|  28|0x0000000081c00000, 0x0000000081d00000, 0x0000000081d00000|100%| O|  |TAMS 0x0000000081d00000, 0x0000000081c00000| Untracked 
|  29|0x0000000081d00000, 0x0000000081e00000, 0x0000000081e00000|100%| O|  |TAMS 0x0000000081e00000, 0x0000000081d00000| Untracked 
|  30|0x0000000081e00000, 0x0000000081f00000, 0x0000000081f00000|100%|HS|  |TAMS 0x0000000081f00000, 0x0000000081e00000| Complete 
|  31|0x0000000081f00000, 0x0000000082000000, 0x0000000082000000|100%|HC|  |TAMS 0x0000000082000000, 0x0000000081f00000| Complete 
|  32|0x0000000082000000, 0x0000000082100000, 0x0000000082100000|100%| O|  |TAMS 0x0000000082100000, 0x0000000082000000| Untracked 
|  33|0x0000000082100000, 0x0000000082200000, 0x0000000082200000|100%| O|  |TAMS 0x0000000082200000, 0x0000000082100000| Untracked 
|  34|0x0000000082200000, 0x0000000082300000, 0x0000000082300000|100%| O|  |TAMS 0x0000000082300000, 0x0000000082200000| Untracked 
|  35|0x0000000082300000, 0x0000000082400000, 0x0000000082400000|100%| O|  |TAMS 0x0000000082400000, 0x0000000082300000| Untracked 
|  36|0x0000000082400000, 0x0000000082500000, 0x0000000082500000|100%| O|  |TAMS 0x0000000082500000, 0x0000000082400000| Untracked 
|  37|0x0000000082500000, 0x0000000082600000, 0x0000000082600000|100%| O|  |TAMS 0x0000000082600000, 0x0000000082500000| Untracked 
|  38|0x0000000082600000, 0x0000000082700000, 0x0000000082700000|100%| O|  |TAMS 0x0000000082700000, 0x0000000082600000| Untracked 
|  39|0x0000000082700000, 0x0000000082800000, 0x0000000082800000|100%|HS|  |TAMS 0x0000000082800000, 0x0000000082700000| Complete 
|  40|0x0000000082800000, 0x0000000082900000, 0x0000000082900000|100%|HC|  |TAMS 0x0000000082900000, 0x0000000082800000| Complete 
|  41|0x0000000082900000, 0x0000000082a00000, 0x0000000082a00000|100%|HC|  |TAMS 0x0000000082a00000, 0x0000000082900000| Complete 
|  42|0x0000000082a00000, 0x0000000082b00000, 0x0000000082b00000|100%|HC|  |TAMS 0x0000000082b00000, 0x0000000082a00000| Complete 
|  43|0x0000000082b00000, 0x0000000082c00000, 0x0000000082c00000|100%| O|  |TAMS 0x0000000082c00000, 0x0000000082b00000| Untracked 
|  44|0x0000000082c00000, 0x0000000082d00000, 0x0000000082d00000|100%| O|  |TAMS 0x0000000082d00000, 0x0000000082c00000| Untracked 
|  45|0x0000000082d00000, 0x0000000082e00000, 0x0000000082e00000|100%| O|  |TAMS 0x0000000082e00000, 0x0000000082d00000| Untracked 
|  46|0x0000000082e00000, 0x0000000082f00000, 0x0000000082f00000|100%| O|  |TAMS 0x0000000082f00000, 0x0000000082e00000| Untracked 
|  47|0x0000000082f00000, 0x0000000083000000, 0x0000000083000000|100%| O|  |TAMS 0x0000000083000000, 0x0000000082f00000| Untracked 
|  48|0x0000000083000000, 0x0000000083100000, 0x0000000083100000|100%| O|  |TAMS 0x0000000083100000, 0x0000000083000000| Untracked 
|  49|0x0000000083100000, 0x0000000083200000, 0x0000000083200000|100%| O|  |TAMS 0x0000000083200000, 0x0000000083100000| Untracked 
|  50|0x0000000083200000, 0x0000000083300000, 0x0000000083300000|100%| O|  |TAMS 0x0000000083300000, 0x0000000083200000| Untracked 
|  51|0x0000000083300000, 0x0000000083400000, 0x0000000083400000|100%| O|  |TAMS 0x000000008334ce00, 0x0000000083300000| Untracked 
|  52|0x0000000083400000, 0x00000000834e0c00, 0x0000000083500000| 87%| O|  |TAMS 0x0000000083400000, 0x0000000083400000| Untracked 
|  53|0x0000000083500000, 0x0000000083500000, 0x0000000083600000|  0%| F|  |TAMS 0x0000000083500000, 0x0000000083500000| Untracked 
|  54|0x0000000083600000, 0x0000000083600000, 0x0000000083700000|  0%| F|  |TAMS 0x0000000083600000, 0x0000000083600000| Untracked 
|  55|0x0000000083700000, 0x0000000083700000, 0x0000000083800000|  0%| F|  |TAMS 0x0000000083700000, 0x0000000083700000| Untracked 
|  56|0x0000000083800000, 0x0000000083800000, 0x0000000083900000|  0%| F|  |TAMS 0x0000000083800000, 0x0000000083800000| Untracked 
|  57|0x0000000083900000, 0x0000000083900000, 0x0000000083a00000|  0%| F|  |TAMS 0x0000000083900000, 0x0000000083900000| Untracked 
|  58|0x0000000083a00000, 0x0000000083a00000, 0x0000000083b00000|  0%| F|  |TAMS 0x0000000083a00000, 0x0000000083a00000| Untracked 
|  59|0x0000000083b00000, 0x0000000083b00000, 0x0000000083c00000|  0%| F|  |TAMS 0x0000000083b00000, 0x0000000083b00000| Untracked 
|  60|0x0000000083c00000, 0x0000000083c00000, 0x0000000083d00000|  0%| F|  |TAMS 0x0000000083c00000, 0x0000000083c00000| Untracked 
|  61|0x0000000083d00000, 0x0000000083d00000, 0x0000000083e00000|  0%| F|  |TAMS 0x0000000083d00000, 0x0000000083d00000| Untracked 
|  62|0x0000000083e00000, 0x0000000083e00000, 0x0000000083f00000|  0%| F|  |TAMS 0x0000000083e00000, 0x0000000083e00000| Untracked 
|  63|0x0000000083f00000, 0x0000000083f00000, 0x0000000084000000|  0%| F|  |TAMS 0x0000000083f00000, 0x0000000083f00000| Untracked 
|  64|0x0000000084000000, 0x000000008404f310, 0x0000000084100000| 30%| S|CS|TAMS 0x0000000084000000, 0x0000000084000000| Complete 
|  65|0x0000000084100000, 0x0000000084200000, 0x0000000084200000|100%| S|CS|TAMS 0x0000000084100000, 0x0000000084100000| Complete 
|  66|0x0000000084200000, 0x0000000084300000, 0x0000000084300000|100%| S|CS|TAMS 0x0000000084200000, 0x0000000084200000| Complete 
|  67|0x0000000084300000, 0x0000000084300000, 0x0000000084400000|  0%| F|  |TAMS 0x0000000084300000, 0x0000000084300000| Untracked 
|  68|0x0000000084400000, 0x0000000084400000, 0x0000000084500000|  0%| F|  |TAMS 0x0000000084400000, 0x0000000084400000| Untracked 
|  69|0x0000000084500000, 0x0000000084500000, 0x0000000084600000|  0%| F|  |TAMS 0x0000000084500000, 0x0000000084500000| Untracked 
|  70|0x0000000084600000, 0x0000000084600000, 0x0000000084700000|  0%| F|  |TAMS 0x0000000084600000, 0x0000000084600000| Untracked 
|  71|0x0000000084700000, 0x0000000084700000, 0x0000000084800000|  0%| F|  |TAMS 0x0000000084700000, 0x0000000084700000| Untracked 
|  72|0x0000000084800000, 0x0000000084800000, 0x0000000084900000|  0%| F|  |TAMS 0x0000000084800000, 0x0000000084800000| Untracked 
|  73|0x0000000084900000, 0x0000000084900000, 0x0000000084a00000|  0%| F|  |TAMS 0x0000000084900000, 0x0000000084900000| Untracked 
|  74|0x0000000084a00000, 0x0000000084a00000, 0x0000000084b00000|  0%| F|  |TAMS 0x0000000084a00000, 0x0000000084a00000| Untracked 
|  75|0x0000000084b00000, 0x0000000084b00000, 0x0000000084c00000|  0%| F|  |TAMS 0x0000000084b00000, 0x0000000084b00000| Untracked 
|  76|0x0000000084c00000, 0x0000000084c00000, 0x0000000084d00000|  0%| F|  |TAMS 0x0000000084c00000, 0x0000000084c00000| Untracked 
|  77|0x0000000084d00000, 0x0000000084d00000, 0x0000000084e00000|  0%| F|  |TAMS 0x0000000084d00000, 0x0000000084d00000| Untracked 
|  78|0x0000000084e00000, 0x0000000084e00000, 0x0000000084f00000|  0%| F|  |TAMS 0x0000000084e00000, 0x0000000084e00000| Untracked 
|  79|0x0000000084f00000, 0x0000000084f00000, 0x0000000085000000|  0%| F|  |TAMS 0x0000000084f00000, 0x0000000084f00000| Untracked 
|  80|0x0000000085000000, 0x0000000085000000, 0x0000000085100000|  0%| F|  |TAMS 0x0000000085000000, 0x0000000085000000| Untracked 
|  81|0x0000000085100000, 0x0000000085100000, 0x0000000085200000|  0%| F|  |TAMS 0x0000000085100000, 0x0000000085100000| Untracked 
|  82|0x0000000085200000, 0x0000000085200000, 0x0000000085300000|  0%| F|  |TAMS 0x0000000085200000, 0x0000000085200000| Untracked 
|  83|0x0000000085300000, 0x0000000085300000, 0x0000000085400000|  0%| F|  |TAMS 0x0000000085300000, 0x0000000085300000| Untracked 
|  84|0x0000000085400000, 0x0000000085400000, 0x0000000085500000|  0%| F|  |TAMS 0x0000000085400000, 0x0000000085400000| Untracked 
|  85|0x0000000085500000, 0x0000000085500000, 0x0000000085600000|  0%| F|  |TAMS 0x0000000085500000, 0x0000000085500000| Untracked 
|  86|0x0000000085600000, 0x0000000085600000, 0x0000000085700000|  0%| F|  |TAMS 0x0000000085600000, 0x0000000085600000| Untracked 
|  87|0x0000000085700000, 0x0000000085700000, 0x0000000085800000|  0%| F|  |TAMS 0x0000000085700000, 0x0000000085700000| Untracked 
|  88|0x0000000085800000, 0x0000000085800000, 0x0000000085900000|  0%| F|  |TAMS 0x0000000085800000, 0x0000000085800000| Untracked 
|  89|0x0000000085900000, 0x0000000085900000, 0x0000000085a00000|  0%| F|  |TAMS 0x0000000085900000, 0x0000000085900000| Untracked 
|  90|0x0000000085a00000, 0x0000000085a00000, 0x0000000085b00000|  0%| F|  |TAMS 0x0000000085a00000, 0x0000000085a00000| Untracked 
|  91|0x0000000085b00000, 0x0000000085b00000, 0x0000000085c00000|  0%| F|  |TAMS 0x0000000085b00000, 0x0000000085b00000| Untracked 
|  92|0x0000000085c00000, 0x0000000085c00000, 0x0000000085d00000|  0%| F|  |TAMS 0x0000000085c00000, 0x0000000085c00000| Untracked 
|  93|0x0000000085d00000, 0x0000000085d00000, 0x0000000085e00000|  0%| F|  |TAMS 0x0000000085d00000, 0x0000000085d00000| Untracked 
|  94|0x0000000085e00000, 0x0000000085e00000, 0x0000000085f00000|  0%| F|  |TAMS 0x0000000085e00000, 0x0000000085e00000| Untracked 
|  95|0x0000000085f00000, 0x0000000085f00000, 0x0000000086000000|  0%| F|  |TAMS 0x0000000085f00000, 0x0000000085f00000| Untracked 
|  96|0x0000000086000000, 0x0000000086000000, 0x0000000086100000|  0%| F|  |TAMS 0x0000000086000000, 0x0000000086000000| Untracked 
|  97|0x0000000086100000, 0x0000000086100000, 0x0000000086200000|  0%| F|  |TAMS 0x0000000086100000, 0x0000000086100000| Untracked 
|  98|0x0000000086200000, 0x0000000086200000, 0x0000000086300000|  0%| F|  |TAMS 0x0000000086200000, 0x0000000086200000| Untracked 
|  99|0x0000000086300000, 0x0000000086300000, 0x0000000086400000|  0%| F|  |TAMS 0x0000000086300000, 0x0000000086300000| Untracked 
| 100|0x0000000086400000, 0x0000000086400000, 0x0000000086500000|  0%| F|  |TAMS 0x0000000086400000, 0x0000000086400000| Untracked 
| 101|0x0000000086500000, 0x0000000086500000, 0x0000000086600000|  0%| F|  |TAMS 0x0000000086500000, 0x0000000086500000| Untracked 
| 102|0x0000000086600000, 0x0000000086600000, 0x0000000086700000|  0%| F|  |TAMS 0x0000000086600000, 0x0000000086600000| Untracked 
| 103|0x0000000086700000, 0x0000000086700000, 0x0000000086800000|  0%| F|  |TAMS 0x0000000086700000, 0x0000000086700000| Untracked 
| 104|0x0000000086800000, 0x0000000086800000, 0x0000000086900000|  0%| F|  |TAMS 0x0000000086800000, 0x0000000086800000| Untracked 
| 105|0x0000000086900000, 0x0000000086900000, 0x0000000086a00000|  0%| F|  |TAMS 0x0000000086900000, 0x0000000086900000| Untracked 
| 106|0x0000000086a00000, 0x0000000086a00000, 0x0000000086b00000|  0%| F|  |TAMS 0x0000000086a00000, 0x0000000086a00000| Untracked 
| 107|0x0000000086b00000, 0x0000000086b00000, 0x0000000086c00000|  0%| F|  |TAMS 0x0000000086b00000, 0x0000000086b00000| Untracked 
| 108|0x0000000086c00000, 0x0000000086c00000, 0x0000000086d00000|  0%| F|  |TAMS 0x0000000086c00000, 0x0000000086c00000| Untracked 
| 109|0x0000000086d00000, 0x0000000086d00000, 0x0000000086e00000|  0%| F|  |TAMS 0x0000000086d00000, 0x0000000086d00000| Untracked 
| 110|0x0000000086e00000, 0x0000000086e00000, 0x0000000086f00000|  0%| F|  |TAMS 0x0000000086e00000, 0x0000000086e00000| Untracked 
| 111|0x0000000086f00000, 0x0000000086f00000, 0x0000000087000000|  0%| F|  |TAMS 0x0000000086f00000, 0x0000000086f00000| Untracked 
| 112|0x0000000087000000, 0x0000000087000000, 0x0000000087100000|  0%| F|  |TAMS 0x0000000087000000, 0x0000000087000000| Untracked 
| 113|0x0000000087100000, 0x0000000087100000, 0x0000000087200000|  0%| F|  |TAMS 0x0000000087100000, 0x0000000087100000| Untracked 
| 114|0x0000000087200000, 0x0000000087200000, 0x0000000087300000|  0%| F|  |TAMS 0x0000000087200000, 0x0000000087200000| Untracked 
| 115|0x0000000087300000, 0x0000000087300000, 0x0000000087400000|  0%| F|  |TAMS 0x0000000087300000, 0x0000000087300000| Untracked 
| 116|0x0000000087400000, 0x0000000087400000, 0x0000000087500000|  0%| F|  |TAMS 0x0000000087400000, 0x0000000087400000| Untracked 
| 117|0x0000000087500000, 0x0000000087500000, 0x0000000087600000|  0%| F|  |TAMS 0x0000000087500000, 0x0000000087500000| Untracked 
| 118|0x0000000087600000, 0x0000000087600000, 0x0000000087700000|  0%| F|  |TAMS 0x0000000087600000, 0x0000000087600000| Untracked 
| 119|0x0000000087700000, 0x0000000087700000, 0x0000000087800000|  0%| F|  |TAMS 0x0000000087700000, 0x0000000087700000| Untracked 
| 120|0x0000000087800000, 0x0000000087800000, 0x0000000087900000|  0%| F|  |TAMS 0x0000000087800000, 0x0000000087800000| Untracked 
| 121|0x0000000087900000, 0x0000000087900000, 0x0000000087a00000|  0%| F|  |TAMS 0x0000000087900000, 0x0000000087900000| Untracked 
| 122|0x0000000087a00000, 0x0000000087a00000, 0x0000000087b00000|  0%| F|  |TAMS 0x0000000087a00000, 0x0000000087a00000| Untracked 
| 123|0x0000000087b00000, 0x0000000087b00000, 0x0000000087c00000|  0%| F|  |TAMS 0x0000000087b00000, 0x0000000087b00000| Untracked 
| 124|0x0000000087c00000, 0x0000000087c00000, 0x0000000087d00000|  0%| F|  |TAMS 0x0000000087c00000, 0x0000000087c00000| Untracked 
| 125|0x0000000087d00000, 0x0000000087d00000, 0x0000000087e00000|  0%| F|  |TAMS 0x0000000087d00000, 0x0000000087d00000| Untracked 

Card table byte_map: [0x000002087c3f0000,0x000002087c7f0000] _byte_map_base: 0x000002087bff0000

Marking Bits (Prev, Next): (CMBitMap*) 0x000002086547b2a0, (CMBitMap*) 0x000002086547b2e0
 Prev Bits: [0x000002087cbf0000, 0x000002087ebf0000)
 Next Bits: [0x0000020800000000, 0x0000020802000000)

Polling page: 0x0000020864bf0000

Metaspace:

Usage:
  Non-class:     49.25 MB used.
      Class:      7.96 MB used.
       Both:     57.20 MB used.

Virtual space:
  Non-class space:       64.00 MB reserved,      49.56 MB ( 77%) committed,  1 nodes.
      Class space:      416.00 MB reserved,       8.25 MB (  2%) committed,  1 nodes.
             Both:      480.00 MB reserved,      57.81 MB ( 12%) committed. 

Chunk freelists:
   Non-Class:  14.30 MB
       Class:  7.78 MB
        Both:  22.08 MB

MaxMetaspaceSize: 512.00 MB
CompressedClassSpaceSize: 416.00 MB
Initial GC threshold: 21.00 MB
Current GC threshold: 92.81 MB
CDS: on
MetaspaceReclaimPolicy: balanced
 - commit_granule_bytes: 65536.
 - commit_granule_words: 8192.
 - virtual_space_node_default_size: 8388608.
 - enlarge_chunks_in_place: 1.
 - new_chunks_are_fully_committed: 0.
 - uncommit_free_chunks: 1.
 - use_allocation_guard: 0.
 - handle_deallocations: 1.


Internal statistics:

num_allocs_failed_limit: 6.
num_arena_births: 708.
num_arena_deaths: 0.
num_vsnodes_births: 2.
num_vsnodes_deaths: 0.
num_space_committed: 925.
num_space_uncommitted: 0.
num_chunks_returned_to_freelist: 6.
num_chunks_taken_from_freelist: 3015.
num_chunk_merges: 6.
num_chunk_splits: 2036.
num_chunks_enlarged: 1388.
num_purges: 0.
num_inconsistent_stats: 0.

CodeHeap 'non-profiled nmethods': size=120000Kb used=3661Kb max_used=3661Kb free=116338Kb
 bounds [0x0000020874790000, 0x0000020874b30000, 0x000002087bcc0000]
CodeHeap 'profiled nmethods': size=120000Kb used=13166Kb max_used=13166Kb free=106833Kb
 bounds [0x000002086ccc0000, 0x000002086d9a0000, 0x00000208741f0000]
CodeHeap 'non-nmethods': size=5760Kb used=2354Kb max_used=2425Kb free=3405Kb
 bounds [0x00000208741f0000, 0x0000020874460000, 0x0000020874790000]
 total_blobs=7603 nmethods=6724 adapters=791
 compilation: enabled
              stopped_count=0, restarted_count=0
 full_count=0

Compilation events (20 events):
Event: 64.114 Thread 0x000002087f65e130 nmethod 7524 0x000002086d995490 code [0x000002086d995620, 0x000002086d995768]
Event: 64.114 Thread 0x000002087f65e130 7525       3       com.google.common.collect.MultimapBuilder$MultimapBuilderWithKeys::linkedHashSetValues (6 bytes)
Event: 64.115 Thread 0x000002087f65e130 nmethod 7525 0x000002086d995810 code [0x000002086d9959e0, 0x000002086d995ec8]
Event: 64.115 Thread 0x000002087f65e130 7528       3       com.google.common.collect.AbstractSetMultimap::get (9 bytes)
Event: 64.115 Thread 0x000002087f65e130 nmethod 7528 0x000002086d996090 code [0x000002086d996280, 0x000002086d9968c8]
Event: 64.115 Thread 0x000002087f65e130 7526       3       com.google.common.collect.MultimapBuilder$MultimapBuilderWithKeys::linkedHashSetValues (17 bytes)
Event: 64.115 Thread 0x000002087f65e130 nmethod 7526 0x000002086d996a10 code [0x000002086d996be0, 0x000002086d996fe8]
Event: 64.115 Thread 0x000002087f65e130 7527       3       com.google.common.collect.Multimaps$CustomListMultimap::createCollection (5 bytes)
Event: 64.115 Thread 0x000002087f65e130 nmethod 7527 0x000002086d997190 code [0x000002086d997340, 0x000002086d997688]
Event: 64.115 Thread 0x000002087f65e130 7530       3       com.google.common.collect.AbstractMapBasedMultimap$KeySet$1::hasNext (10 bytes)
Event: 64.115 Thread 0x000002087f65e130 nmethod 7530 0x000002086d997790 code [0x000002086d997940, 0x000002086d997b08]
Event: 64.115 Thread 0x000002087f65e130 7531       3       com.google.common.collect.AbstractMultimap::keySet (23 bytes)
Event: 64.115 Thread 0x000002087f65e130 nmethod 7531 0x000002086d997c10 code [0x000002086d997dc0, 0x000002086d998068]
Event: 64.115 Thread 0x000002087f65e130 7532       3       com.google.common.collect.AbstractMapBasedMultimap::createMaybeNavigableKeySet (65 bytes)
Event: 64.116 Thread 0x000002087f65e130 nmethod 7532 0x000002086d998110 code [0x000002086d998440, 0x000002086d999e48]
Event: 64.116 Thread 0x000002087f65e130 7529       3       com.google.common.collect.ImmutableMap$Builder::<init> (6 bytes)
Event: 64.116 Thread 0x000002087f65e130 nmethod 7529 0x000002086d99a410 code [0x000002086d99a5c0, 0x000002086d99a898]
Event: 64.116 Thread 0x000002087f65e130 7534       3       com.google.common.collect.MultimapBuilder$MultimapBuilderWithKeys$4::build (22 bytes)
Event: 64.117 Thread 0x000002087f65e130 nmethod 7534 0x000002086d99a990 code [0x000002086d99abc0, 0x000002086d99b518]
Event: 64.117 Thread 0x000002087f65e130 7538       3       org.gradle.internal.reflect.annotations.impl.DefaultTypeAnnotationMetadataStore::processMethodAnnotations (239 bytes)

GC Heap History (20 events):
Event: 52.242 GC heap after
{Heap after GC invocations=17 (full 0):
 garbage-first heap   total 81920K, used 47097K [0x0000000080000000, 0x0000000100000000)
  region size 1024K, 1 young (1024K), 1 survivors (1024K)
 Metaspace       used 46015K, committed 46528K, reserved 491520K
  class space    used 6378K, committed 6592K, reserved 425984K
}
Event: 53.725 GC heap before
{Heap before GC invocations=17 (full 0):
 garbage-first heap   total 81920K, used 66553K [0x0000000080000000, 0x0000000100000000)
  region size 1024K, 20 young (20480K), 1 survivors (1024K)
 Metaspace       used 48092K, committed 48640K, reserved 491520K
  class space    used 6712K, committed 6976K, reserved 425984K
}
Event: 53.728 GC heap after
{Heap after GC invocations=18 (full 0):
 garbage-first heap   total 81920K, used 47679K [0x0000000080000000, 0x0000000100000000)
  region size 1024K, 1 young (1024K), 1 survivors (1024K)
 Metaspace       used 48092K, committed 48640K, reserved 491520K
  class space    used 6712K, committed 6976K, reserved 425984K
}
Event: 54.936 GC heap before
{Heap before GC invocations=19 (full 0):
 garbage-first heap   total 83968K, used 66111K [0x0000000080000000, 0x0000000100000000)
  region size 1024K, 19 young (19456K), 1 survivors (1024K)
 Metaspace       used 49967K, committed 50560K, reserved 491520K
  class space    used 6978K, committed 7232K, reserved 425984K
}
Event: 54.939 GC heap after
{Heap after GC invocations=20 (full 0):
 garbage-first heap   total 83968K, used 48858K [0x0000000080000000, 0x0000000100000000)
  region size 1024K, 3 young (3072K), 3 survivors (3072K)
 Metaspace       used 49967K, committed 50560K, reserved 491520K
  class space    used 6978K, committed 7232K, reserved 425984K
}
Event: 54.970 GC heap before
{Heap before GC invocations=20 (full 0):
 garbage-first heap   total 83968K, used 48858K [0x0000000080000000, 0x0000000100000000)
  region size 1024K, 4 young (4096K), 3 survivors (3072K)
 Metaspace       used 50074K, committed 50752K, reserved 491520K
  class space    used 6994K, committed 7296K, reserved 425984K
}
Event: 54.980 GC heap after
{Heap after GC invocations=21 (full 0):
 garbage-first heap   total 83968K, used 48204K [0x0000000080000000, 0x0000000100000000)
  region size 1024K, 1 young (1024K), 1 survivors (1024K)
 Metaspace       used 50074K, committed 50752K, reserved 491520K
  class space    used 6994K, committed 7296K, reserved 425984K
}
Event: 55.898 GC heap before
{Heap before GC invocations=21 (full 0):
 garbage-first heap   total 83968K, used 68684K [0x0000000080000000, 0x0000000100000000)
  region size 1024K, 21 young (21504K), 1 survivors (1024K)
 Metaspace       used 52759K, committed 53376K, reserved 491520K
  class space    used 7335K, committed 7616K, reserved 425984K
}
Event: 55.900 GC heap after
{Heap after GC invocations=22 (full 0):
 garbage-first heap   total 83968K, used 49344K [0x0000000080000000, 0x0000000100000000)
  region size 1024K, 2 young (2048K), 2 survivors (2048K)
 Metaspace       used 52759K, committed 53376K, reserved 491520K
  class space    used 7335K, committed 7616K, reserved 425984K
}
Event: 57.236 GC heap before
{Heap before GC invocations=23 (full 0):
 garbage-first heap   total 86016K, used 68800K [0x0000000080000000, 0x0000000100000000)
  region size 1024K, 21 young (21504K), 2 survivors (2048K)
 Metaspace       used 54373K, committed 54976K, reserved 491520K
  class space    used 7541K, committed 7808K, reserved 425984K
}
Event: 57.243 GC heap after
{Heap after GC invocations=24 (full 0):
 garbage-first heap   total 86016K, used 51969K [0x0000000080000000, 0x0000000100000000)
  region size 1024K, 3 young (3072K), 3 survivors (3072K)
 Metaspace       used 54373K, committed 54976K, reserved 491520K
  class space    used 7541K, committed 7808K, reserved 425984K
}
Event: 57.277 GC heap before
{Heap before GC invocations=24 (full 0):
 garbage-first heap   total 86016K, used 52993K [0x0000000080000000, 0x0000000100000000)
  region size 1024K, 4 young (4096K), 3 survivors (3072K)
 Metaspace       used 54384K, committed 54976K, reserved 491520K
  class space    used 7541K, committed 7808K, reserved 425984K
}
Event: 57.286 GC heap after
{Heap after GC invocations=25 (full 0):
 garbage-first heap   total 86016K, used 51878K [0x0000000080000000, 0x0000000100000000)
  region size 1024K, 1 young (1024K), 1 survivors (1024K)
 Metaspace       used 54384K, committed 54976K, reserved 491520K
  class space    used 7541K, committed 7808K, reserved 425984K
}
Event: 58.433 GC heap before
{Heap before GC invocations=25 (full 0):
 garbage-first heap   total 86016K, used 69286K [0x0000000080000000, 0x0000000100000000)
  region size 1024K, 18 young (18432K), 1 survivors (1024K)
 Metaspace       used 56122K, committed 56768K, reserved 491520K
  class space    used 7797K, committed 8064K, reserved 425984K
}
Event: 58.435 GC heap after
{Heap after GC invocations=26 (full 0):
 garbage-first heap   total 86016K, used 52414K [0x0000000080000000, 0x0000000100000000)
  region size 1024K, 1 young (1024K), 1 survivors (1024K)
 Metaspace       used 56122K, committed 56768K, reserved 491520K
  class space    used 7797K, committed 8064K, reserved 425984K
}
Event: 61.518 GC heap before
{Heap before GC invocations=27 (full 0):
 garbage-first heap   total 92160K, used 70846K [0x0000000080000000, 0x0000000100000000)
  region size 1024K, 19 young (19456K), 1 survivors (1024K)
 Metaspace       used 57113K, committed 57728K, reserved 491520K
  class space    used 7951K, committed 8256K, reserved 425984K
}
Event: 61.521 GC heap after
{Heap after GC invocations=28 (full 0):
 garbage-first heap   total 92160K, used 53953K [0x0000000080000000, 0x0000000100000000)
  region size 1024K, 3 young (3072K), 3 survivors (3072K)
 Metaspace       used 57113K, committed 57728K, reserved 491520K
  class space    used 7951K, committed 8256K, reserved 425984K
}
Event: 61.531 GC heap before
{Heap before GC invocations=28 (full 0):
 garbage-first heap   total 92160K, used 54977K [0x0000000080000000, 0x0000000100000000)
  region size 1024K, 4 young (4096K), 3 survivors (3072K)
 Metaspace       used 57167K, committed 57792K, reserved 491520K
  class space    used 7958K, committed 8256K, reserved 425984K
}
Event: 61.541 GC heap after
{Heap after GC invocations=29 (full 0):
 garbage-first heap   total 92160K, used 53560K [0x0000000080000000, 0x0000000100000000)
  region size 1024K, 1 young (1024K), 1 survivors (1024K)
 Metaspace       used 57167K, committed 57792K, reserved 491520K
  class space    used 7958K, committed 8256K, reserved 425984K
}
Event: 64.120 GC heap before
{Heap before GC invocations=29 (full 0):
 garbage-first heap   total 92160K, used 76088K [0x0000000080000000, 0x0000000100000000)
  region size 1024K, 23 young (23552K), 1 survivors (1024K)
 Metaspace       used 58575K, committed 59200K, reserved 491520K
  class space    used 8146K, committed 8448K, reserved 425984K
}

Deoptimization events (20 events):
Event: 63.935 Thread 0x000002082408df50 Uncommon trap: trap_request=0xffffffc6 fr.pc=0x0000020874b1586c relative=0x00000000000001ac
Event: 63.935 Thread 0x000002082408df50 Uncommon trap: reason=bimorphic_or_optimized_type_check action=maybe_recompile pc=0x0000020874b1586c method=com.google.common.collect.ImmutableList.copyOf(Ljava/util/Collection;)Lcom/google/common/collect/ImmutableList; @ 16 c2
Event: 63.935 Thread 0x000002082408df50 DEOPT PACKING pc=0x0000020874b1586c sp=0x0000009cd76f9190
Event: 63.935 Thread 0x000002082408df50 DEOPT UNPACKING pc=0x00000208742423a3 sp=0x0000009cd76f9138 mode 2
Event: 64.098 Thread 0x000002082408df50 Uncommon trap: trap_request=0xffffffbe fr.pc=0x000002087497add0 relative=0x0000000000000d50
Event: 64.098 Thread 0x000002082408df50 Uncommon trap: reason=profile_predicate action=maybe_recompile pc=0x000002087497add0 method=java.util.TreeMap.getEntryUsingComparator(Ljava/lang/Object;)Ljava/util/TreeMap$Entry; @ 19 c2
Event: 64.098 Thread 0x000002082408df50 DEOPT PACKING pc=0x000002087497add0 sp=0x0000009cd76f5420
Event: 64.098 Thread 0x000002082408df50 DEOPT UNPACKING pc=0x00000208742423a3 sp=0x0000009cd76f5340 mode 2
Event: 64.100 Thread 0x000002082408df50 Uncommon trap: trap_request=0xffffffbe fr.pc=0x000002087497add0 relative=0x0000000000000d50
Event: 64.100 Thread 0x000002082408df50 Uncommon trap: reason=profile_predicate action=maybe_recompile pc=0x000002087497add0 method=java.util.TreeMap.getEntryUsingComparator(Ljava/lang/Object;)Ljava/util/TreeMap$Entry; @ 19 c2
Event: 64.100 Thread 0x000002082408df50 DEOPT PACKING pc=0x000002087497add0 sp=0x0000009cd76f5960
Event: 64.100 Thread 0x000002082408df50 DEOPT UNPACKING pc=0x00000208742423a3 sp=0x0000009cd76f5880 mode 2
Event: 64.100 Thread 0x000002082408df50 Uncommon trap: trap_request=0xffffffbe fr.pc=0x000002087497add0 relative=0x0000000000000d50
Event: 64.100 Thread 0x000002082408df50 Uncommon trap: reason=profile_predicate action=maybe_recompile pc=0x000002087497add0 method=java.util.TreeMap.getEntryUsingComparator(Ljava/lang/Object;)Ljava/util/TreeMap$Entry; @ 19 c2
Event: 64.100 Thread 0x000002082408df50 DEOPT PACKING pc=0x000002087497add0 sp=0x0000009cd76f5960
Event: 64.100 Thread 0x000002082408df50 DEOPT UNPACKING pc=0x00000208742423a3 sp=0x0000009cd76f5880 mode 2
Event: 64.100 Thread 0x000002082408df50 Uncommon trap: trap_request=0xffffffbe fr.pc=0x000002087497add0 relative=0x0000000000000d50
Event: 64.100 Thread 0x000002082408df50 Uncommon trap: reason=profile_predicate action=maybe_recompile pc=0x000002087497add0 method=java.util.TreeMap.getEntryUsingComparator(Ljava/lang/Object;)Ljava/util/TreeMap$Entry; @ 19 c2
Event: 64.100 Thread 0x000002082408df50 DEOPT PACKING pc=0x000002087497add0 sp=0x0000009cd76f5960
Event: 64.100 Thread 0x000002082408df50 DEOPT UNPACKING pc=0x00000208742423a3 sp=0x0000009cd76f5880 mode 2

Classes unloaded (0 events):
No events

Classes redefined (0 events):
No events

Internal exceptions (20 events):
Event: 60.182 Thread 0x000002082408df50 Exception <a 'java/lang/ClassNotFoundException'{0x000000008550d840}: org/gradle/api/internal/initialization/DefaultScriptHandlerBeanInfo> (0x000000008550d840) 
thrown [s\open\src\hotspot\share\classfile\systemDictionary.cpp, line 256]
Event: 60.182 Thread 0x000002082408df50 Exception <a 'java/lang/ClassNotFoundException'{0x000000008551f1a0}: org/gradle/api/internal/initialization/DefaultScriptHandlerCustomizer> (0x000000008551f1a0) 
thrown [s\open\src\hotspot\share\classfile\systemDictionary.cpp, line 256]
Event: 60.631 Thread 0x000002082408df50 Exception <a 'java/lang/ClassNotFoundException'{0x0000000085132b40}: org/gradle/api/internal/artifacts/dsl/DefaultRepositoryHandler_DecoratedBeanInfo> (0x0000000085132b40) 
thrown [s\open\src\hotspot\share\classfile\systemDictionary.cpp, line 256]
Event: 60.632 Thread 0x000002082408df50 Exception <a 'java/lang/ClassNotFoundException'{0x000000008514afb0}: org/gradle/api/internal/artifacts/dsl/DefaultRepositoryHandlerBeanInfo> (0x000000008514afb0) 
thrown [s\open\src\hotspot\share\classfile\systemDictionary.cpp, line 256]
Event: 60.635 Thread 0x000002082408df50 Exception <a 'java/lang/ClassNotFoundException'{0x0000000085163980}: org/gradle/api/internal/artifacts/DefaultArtifactRepositoryContainerBeanInfo> (0x0000000085163980) 
thrown [s\open\src\hotspot\share\classfile\systemDictionary.cpp, line 256]
Event: 60.636 Thread 0x000002082408df50 Exception <a 'java/lang/ClassNotFoundException'{0x0000000085178538}: org/gradle/api/internal/DefaultNamedDomainObjectListBeanInfo> (0x0000000085178538) 
thrown [s\open\src\hotspot\share\classfile\systemDictionary.cpp, line 256]
Event: 60.638 Thread 0x000002082408df50 Exception <a 'java/lang/ClassNotFoundException'{0x000000008518d7b0}: org/gradle/api/internal/DefaultNamedDomainObjectCollectionBeanInfo> (0x000000008518d7b0) 
thrown [s\open\src\hotspot\share\classfile\systemDictionary.cpp, line 256]
Event: 60.639 Thread 0x000002082408df50 Exception <a 'java/lang/ClassNotFoundException'{0x00000000851a2610}: org/gradle/api/internal/DefaultDomainObjectCollectionBeanInfo> (0x00000000851a2610) 
thrown [s\open\src\hotspot\share\classfile\systemDictionary.cpp, line 256]
Event: 60.640 Thread 0x000002082408df50 Exception <a 'java/lang/ClassNotFoundException'{0x00000000851b75a8}: org/gradle/api/internal/DefaultDomainObjectCollectionCustomizer> (0x00000000851b75a8) 
thrown [s\open\src\hotspot\share\classfile\systemDictionary.cpp, line 256]
Event: 60.644 Thread 0x000002082408df50 Exception <a 'java/lang/ClassNotFoundException'{0x00000000851ecba0}: org/gradle/api/internal/DefaultNamedDomainObjectCollectionCustomizer> (0x00000000851ecba0) 
thrown [s\open\src\hotspot\share\classfile\systemDictionary.cpp, line 256]
Event: 60.647 Thread 0x000002082408df50 Exception <a 'java/lang/ClassNotFoundException'{0x0000000085029970}: org/gradle/api/internal/DefaultNamedDomainObjectListCustomizer> (0x0000000085029970) 
thrown [s\open\src\hotspot\share\classfile\systemDictionary.cpp, line 256]
Event: 60.649 Thread 0x000002082408df50 Exception <a 'java/lang/ClassNotFoundException'{0x000000008505ccd8}: org/gradle/api/internal/artifacts/DefaultArtifactRepositoryContainerCustomizer> (0x000000008505ccd8) 
thrown [s\open\src\hotspot\share\classfile\systemDictionary.cpp, line 256]
Event: 60.802 Thread 0x000002082408df50 Exception <a 'java/lang/ClassNotFoundException'{0x0000000085087450}: org/gradle/api/internal/artifacts/dsl/DefaultRepositoryHandlerCustomizer> (0x0000000085087450) 
thrown [s\open\src\hotspot\share\classfile\systemDictionary.cpp, line 256]
Event: 60.812 Thread 0x000002082408df50 Exception <a 'java/lang/ClassNotFoundException'{0x00000000850bf090}: org/gradle/api/internal/artifacts/dsl/DefaultRepositoryHandler_DecoratedCustomizer> (0x00000000850bf090) 
thrown [s\open\src\hotspot\share\classfile\systemDictionary.cpp, line 256]
Event: 60.835 Thread 0x000002082408df50 Exception <a 'java/lang/ClassNotFoundException'{0x0000000084f519b8}: org/gradle/api/internal/artifacts/dsl/dependencies/DefaultDependencyHandler_DecoratedBeanInfo> (0x0000000084f519b8) 
thrown [s\open\src\hotspot\share\classfile\systemDictionary.cpp, line 256]
Event: 60.836 Thread 0x000002082408df50 Exception <a 'java/lang/ClassNotFoundException'{0x0000000084f69880}: org/gradle/api/internal/artifacts/dsl/dependencies/DefaultDependencyHandlerBeanInfo> (0x0000000084f69880) 
thrown [s\open\src\hotspot\share\classfile\systemDictionary.cpp, line 256]
Event: 60.838 Thread 0x000002082408df50 Exception <a 'java/lang/ClassNotFoundException'{0x0000000084f811b8}: org/gradle/api/internal/artifacts/dsl/dependencies/DefaultDependencyHandlerCustomizer> (0x0000000084f811b8) 
thrown [s\open\src\hotspot\share\classfile\systemDictionary.cpp, line 256]
Event: 60.852 Thread 0x000002082408df50 Exception <a 'java/lang/ClassNotFoundException'{0x0000000084fc0108}: org/gradle/api/internal/artifacts/dsl/dependencies/DefaultDependencyHandler_DecoratedCustomizer> (0x0000000084fc0108) 
thrown [s\open\src\hotspot\share\classfile\systemDictionary.cpp, line 256]
Event: 63.919 Thread 0x000002082408df50 Exception <a 'java/lang/NoSuchMethodError'{0x0000000084505758}: 'java.lang.Object java.lang.invoke.DirectMethodHandle$Holder.newInvokeSpecial(java.lang.Object, java.lang.Object, java.lang.Object, java.lang.Object, java.lang.Object, java.lang.Object, java.lang.Object, java.lang.Object, java.lang.Object)'> (0x0000000084505758) 
thrown [s\open\src\hotspot\share\interpreter\linkResolver.cpp, line 759]
Event: 63.919 Thread 0x000002082408df50 Exception <a 'java/lang/NoSuchMethodError'{0x000000008450b3f8}: 'java.lang.Object java.lang.invoke.Invokers$Holder.linkToTargetMethod(java.lang.Object, java.lang.Object, java.lang.Object, java.lang.Object, java.lang.Object, java.lang.Object, java.lang.Object, java.lang.Object, java.lang.Object)'> (0x000000008450b3f8) 
thrown [s\open\src\hotspot\share\interpreter\linkResolver.cpp, line 759]

VM Operations (20 events):
Event: 58.436 Executing VM operation: G1CollectForAllocation done
Event: 58.483 Executing VM operation: G1Concurrent
Event: 58.485 Executing VM operation: G1Concurrent done
Event: 58.505 Executing VM operation: G1Concurrent
Event: 58.506 Executing VM operation: G1Concurrent done
Event: 59.508 Executing VM operation: Cleanup
Event: 59.508 Executing VM operation: Cleanup done
Event: 60.509 Executing VM operation: Cleanup
Event: 60.619 Executing VM operation: Cleanup done
Event: 61.517 Executing VM operation: G1CollectForAllocation
Event: 61.521 Executing VM operation: G1CollectForAllocation done
Event: 61.531 Executing VM operation: G1CollectForAllocation
Event: 61.541 Executing VM operation: G1CollectForAllocation done
Event: 62.554 Executing VM operation: Cleanup
Event: 62.554 Executing VM operation: Cleanup done
Event: 62.574 Executing VM operation: HandshakeAllThreads
Event: 62.574 Executing VM operation: HandshakeAllThreads done
Event: 63.578 Executing VM operation: Cleanup
Event: 63.578 Executing VM operation: Cleanup done
Event: 64.120 Executing VM operation: G1CollectForAllocation

Events (20 events):
Event: 53.258 loading class java/util/regex/Pattern$SliceI done
Event: 56.160 loading class java/util/ArrayList$SubList$1
Event: 56.160 loading class java/util/ArrayList$SubList$1 done
Event: 57.609 loading class jdk/internal/loader/URLClassPath$FileLoader
Event: 57.609 loading class jdk/internal/loader/URLClassPath$FileLoader done
Event: 57.614 loading class jdk/internal/loader/URLClassPath$FileLoader$1
Event: 57.614 loading class jdk/internal/loader/URLClassPath$FileLoader$1 done
Event: 58.460 loading class java/lang/AbstractMethodError
Event: 58.460 loading class java/lang/AbstractMethodError done
Event: 58.704 loading class java/time/temporal/WeekFields
Event: 58.704 loading class java/time/temporal/WeekFields done
Event: 58.726 loading class java/time/temporal/WeekFields$ComputedDayOfField
Event: 58.727 loading class java/time/temporal/WeekFields$ComputedDayOfField done
Event: 58.747 loading class java/time/Month$1
Event: 58.747 loading class java/time/Month$1 done
Event: 58.753 loading class java/nio/channels/Channels
Event: 58.753 loading class java/nio/channels/Channels done
Event: 58.753 loading class java/nio/channels/Channels$1
Event: 58.753 loading class java/nio/channels/Channels$1 done
Event: 60.936 Thread 0x0000020825ada990 Thread added: 0x0000020825ada990


Dynamic libraries:
0x00007ff7404d0000 - 0x00007ff7404e0000 	D:\Java\jdk-17.0.8\bin\java.exe
0x00007ffb6e190000 - 0x00007ffb6e3a7000 	C:\Windows\SYSTEM32\ntdll.dll
0x00007ffb6d520000 - 0x00007ffb6d5e4000 	C:\Windows\System32\KERNEL32.DLL
0x00007ffb6b910000 - 0x00007ffb6bcb6000 	C:\Windows\System32\KERNELBASE.dll
0x00007ffb6b780000 - 0x00007ffb6b891000 	C:\Windows\System32\ucrtbase.dll
0x00007ffb53ed0000 - 0x00007ffb53ee9000 	D:\Java\jdk-17.0.8\bin\jli.dll
0x00007ffb6c3c0000 - 0x00007ffb6c470000 	C:\Windows\System32\ADVAPI32.dll
0x00007ffb6c100000 - 0x00007ffb6c1a7000 	C:\Windows\System32\msvcrt.dll
0x00007ffb6d8a0000 - 0x00007ffb6d946000 	C:\Windows\System32\sechost.dll
0x00007ffb6dda0000 - 0x00007ffb6deb7000 	C:\Windows\System32\RPCRT4.dll
0x00007ffb6c560000 - 0x00007ffb6c70d000 	C:\Windows\System32\USER32.dll
0x00007ffb6b510000 - 0x00007ffb6b536000 	C:\Windows\System32\win32u.dll
0x00007ffb6dec0000 - 0x00007ffb6dee9000 	C:\Windows\System32\GDI32.dll
0x00007ffb6b5e0000 - 0x00007ffb6b6f8000 	C:\Windows\System32\gdi32full.dll
0x00007ffb6b540000 - 0x00007ffb6b5da000 	C:\Windows\System32\msvcp_win.dll
0x00007ffb567d0000 - 0x00007ffb567eb000 	D:\Java\jdk-17.0.8\bin\VCRUNTIME140.dll
0x00007ffb53700000 - 0x00007ffb53993000 	C:\Windows\WinSxS\amd64_microsoft.windows.common-controls_6595b64144ccf1df_6.0.22621.2361_none_2712ced57382f843\COMCTL32.dll
0x00007ffb63350000 - 0x00007ffb6335a000 	C:\Windows\SYSTEM32\VERSION.dll
0x00007ffb6bf00000 - 0x00007ffb6bf31000 	C:\Windows\System32\IMM32.DLL
0x00007ffb56a10000 - 0x00007ffb56a1c000 	D:\Java\jdk-17.0.8\bin\vcruntime140_1.dll
0x00007ffb24490000 - 0x00007ffb2451e000 	D:\Java\jdk-17.0.8\bin\msvcp140.dll
0x00007ffafedf0000 - 0x00007ffaff9ce000 	D:\Java\jdk-17.0.8\bin\server\jvm.dll
0x00007ffb6bef0000 - 0x00007ffb6bef8000 	C:\Windows\System32\PSAPI.DLL
0x00007ffb4d970000 - 0x00007ffb4d979000 	C:\Windows\SYSTEM32\WSOCK32.dll
0x00007ffb6def0000 - 0x00007ffb6df61000 	C:\Windows\System32\WS2_32.dll
0x00007ffb631a0000 - 0x00007ffb631d4000 	C:\Windows\SYSTEM32\WINMM.dll
0x00007ffb6a5e0000 - 0x00007ffb6a5f8000 	C:\Windows\SYSTEM32\kernel.appcore.dll
0x00007ffb53be0000 - 0x00007ffb53bea000 	D:\Java\jdk-17.0.8\bin\jimage.dll
0x00007ffb68e70000 - 0x00007ffb6909e000 	C:\Windows\SYSTEM32\DBGHELP.DLL
0x00007ffb6d950000 - 0x00007ffb6dcda000 	C:\Windows\System32\combase.dll
0x00007ffb6bfa0000 - 0x00007ffb6c077000 	C:\Windows\System32\OLEAUT32.dll
0x00007ffb51e10000 - 0x00007ffb51e42000 	C:\Windows\SYSTEM32\dbgcore.DLL
0x00007ffb6b700000 - 0x00007ffb6b77a000 	C:\Windows\System32\bcryptPrimitives.dll
0x00007ffb3c660000 - 0x00007ffb3c685000 	D:\Java\jdk-17.0.8\bin\java.dll
0x00007ffb18ec0000 - 0x00007ffb18f97000 	D:\Java\jdk-17.0.8\bin\jsvml.dll
0x00007ffb6c840000 - 0x00007ffb6d098000 	C:\Windows\System32\SHELL32.dll
0x00007ffb69480000 - 0x00007ffb69d72000 	C:\Windows\SYSTEM32\windows.storage.dll
0x00007ffb69340000 - 0x00007ffb6947e000 	C:\Windows\SYSTEM32\wintypes.dll
0x00007ffb6c710000 - 0x00007ffb6c803000 	C:\Windows\System32\SHCORE.dll
0x00007ffb6bf40000 - 0x00007ffb6bf9e000 	C:\Windows\System32\shlwapi.dll
0x00007ffb6b440000 - 0x00007ffb6b466000 	C:\Windows\SYSTEM32\profapi.dll
0x00007ffb3c4e0000 - 0x00007ffb3c4f9000 	D:\Java\jdk-17.0.8\bin\net.dll
0x00007ffb62ab0000 - 0x00007ffb62be7000 	C:\Windows\SYSTEM32\WINHTTP.dll
0x00007ffb6aac0000 - 0x00007ffb6ab29000 	C:\Windows\system32\mswsock.dll
0x00007ffb3b150000 - 0x00007ffb3b166000 	D:\Java\jdk-17.0.8\bin\nio.dll
0x00007ffb3d000000 - 0x00007ffb3d018000 	D:\Java\jdk-17.0.8\bin\zip.dll
0x00007ffb52790000 - 0x00007ffb527a0000 	D:\Java\jdk-17.0.8\bin\verify.dll
0x00007ffb56840000 - 0x00007ffb56867000 	C:\Users\xuanu\.gradle\native\68d5fa5c4cc2d200863cafc0d521ce42e7d3e7ee720ec0a83991735586a16f82\windows-amd64\native-platform.dll
0x00007ffb22060000 - 0x00007ffb221a4000 	C:\Users\xuanu\.gradle\native\e376f236ea51e6404a007f0833ffe2c6e607c4080706a723a18a27aeea778392\windows-amd64\native-platform-file-events.dll
0x00007ffb527f0000 - 0x00007ffb527fa000 	D:\Java\jdk-17.0.8\bin\management.dll
0x00007ffb51480000 - 0x00007ffb5148b000 	D:\Java\jdk-17.0.8\bin\management_ext.dll
0x00007ffb6ad10000 - 0x00007ffb6ad2b000 	C:\Windows\SYSTEM32\CRYPTSP.dll
0x00007ffb6a5a0000 - 0x00007ffb6a5d5000 	C:\Windows\system32\rsaenh.dll
0x00007ffb6abb0000 - 0x00007ffb6abdc000 	C:\Windows\SYSTEM32\USERENV.dll
0x00007ffb6aed0000 - 0x00007ffb6aef8000 	C:\Windows\SYSTEM32\bcrypt.dll
0x00007ffb6ad30000 - 0x00007ffb6ad3c000 	C:\Windows\SYSTEM32\CRYPTBASE.dll
0x00007ffb6a050000 - 0x00007ffb6a07d000 	C:\Windows\SYSTEM32\IPHLPAPI.DLL
0x00007ffb6c830000 - 0x00007ffb6c839000 	C:\Windows\System32\NSI.dll
0x00007ffb632a0000 - 0x00007ffb632b9000 	C:\Windows\SYSTEM32\dhcpcsvc6.DLL
0x00007ffb63260000 - 0x00007ffb6327f000 	C:\Windows\SYSTEM32\dhcpcsvc.DLL
0x00007ffb6a0c0000 - 0x00007ffb6a1b9000 	C:\Windows\SYSTEM32\DNSAPI.dll
0x00007ffb513e0000 - 0x00007ffb513ee000 	D:\Java\jdk-17.0.8\bin\sunmscapi.dll
0x00007ffb6bd80000 - 0x00007ffb6bee6000 	C:\Windows\System32\CRYPT32.dll
0x00007ffb6aea0000 - 0x00007ffb6aecd000 	C:\Windows\SYSTEM32\ncrypt.dll
0x00007ffb6ae60000 - 0x00007ffb6ae97000 	C:\Windows\SYSTEM32\NTASN1.dll
0x00007ffb491d0000 - 0x00007ffb491d8000 	C:\Windows\system32\wshunix.dll

dbghelp: loaded successfully - version: 4.0.5 - missing functions: none
symbol engine: initialized successfully - sym options: 0x614 - pdb path: .;D:\Java\jdk-17.0.8\bin;C:\Windows\SYSTEM32;C:\Windows\WinSxS\amd64_microsoft.windows.common-controls_6595b64144ccf1df_6.0.22621.2361_none_2712ced57382f843;D:\Java\jdk-17.0.8\bin\server;C:\Users\xuanu\.gradle\native\68d5fa5c4cc2d200863cafc0d521ce42e7d3e7ee720ec0a83991735586a16f82\windows-amd64;C:\Users\xuanu\.gradle\native\e376f236ea51e6404a007f0833ffe2c6e607c4080706a723a18a27aeea778392\windows-amd64

VM Arguments:
jvm_args: -XX:MaxMetaspaceSize=512m --add-opens=java.base/java.util=ALL-UNNAMED --add-opens=java.base/java.lang=ALL-UNNAMED --add-opens=java.base/java.lang.invoke=ALL-UNNAMED --add-opens=java.prefs/java.util.prefs=ALL-UNNAMED --add-opens=java.base/java.nio.charset=ALL-UNNAMED --add-opens=java.base/java.net=ALL-UNNAMED --add-opens=java.base/java.util.concurrent.atomic=ALL-UNNAMED -Xmx2048m -Dfile.encoding=windows-1258 -Duser.country=VN -Duser.language=vi -Duser.variant 
java_command: org.gradle.launcher.daemon.bootstrap.GradleDaemon 8.0.1
java_class_path (initial): C:\Users\xuanu\.gradle\wrapper\dists\gradle-8.0.1-all\aro4hu1c3oeioove7l0i4i14o\gradle-8.0.1\lib\gradle-launcher-8.0.1.jar
Launcher Type: SUN_STANDARD

[Global flags]
     intx CICompilerCount                          = 4                                         {product} {ergonomic}
   size_t CompressedClassSpaceSize                 = 436207616                                 {product} {ergonomic}
     uint ConcGCThreads                            = 2                                         {product} {ergonomic}
     uint G1ConcRefinementThreads                  = 8                                         {product} {ergonomic}
   size_t G1HeapRegionSize                         = 1048576                                   {product} {ergonomic}
    uintx GCDrainStackTargetSize                   = 64                                        {product} {ergonomic}
   size_t InitialHeapSize                          = 132120576                                 {product} {ergonomic}
   size_t MarkStackSize                            = 4194304                                   {product} {ergonomic}
   size_t MaxHeapSize                              = 2147483648                                {product} {command line}
   size_t MaxMetaspaceSize                         = 536870912                                 {product} {command line}
   size_t MaxNewSize                               = 1287651328                                {product} {ergonomic}
   size_t MinHeapDeltaBytes                        = 1048576                                   {product} {ergonomic}
   size_t MinHeapSize                              = 8388608                                   {product} {ergonomic}
    uintx NonNMethodCodeHeapSize                   = 5839372                                {pd product} {ergonomic}
    uintx NonProfiledCodeHeapSize                  = 122909434                              {pd product} {ergonomic}
    uintx ProfiledCodeHeapSize                     = 122909434                              {pd product} {ergonomic}
    uintx ReservedCodeCacheSize                    = 251658240                              {pd product} {ergonomic}
     bool SegmentedCodeCache                       = true                                      {product} {ergonomic}
   size_t SoftMaxHeapSize                          = 2147483648                             {manageable} {ergonomic}
     bool UseCompressedClassPointers               = true                           {product lp64_product} {ergonomic}
     bool UseCompressedOops                        = true                           {product lp64_product} {ergonomic}
     bool UseG1GC                                  = true                                      {product} {ergonomic}
     bool UseLargePagesIndividualAllocation        = false                                  {pd product} {ergonomic}

Logging:
Log output configuration:
 #0: stdout all=warning uptime,level,tags
 #1: stderr all=off uptime,level,tags

Environment Variables:
JAVA_HOME=D:\Java\jdk-17.0.8
CLASSPATH=E:\ReactNative\DATN_App_Shop\AppShopCli\android\\gradle\wrapper\gradle-wrapper.jar
PATH=E:\ReactNative\DATN_App_Shop\AppShopCli\node_modules\.bin;E:\ReactNative\DATN_App_Shop\AppShopCli\node_modules\.bin;E:\ReactNative\DATN_App_Shop\node_modules\.bin;E:\ReactNative\node_modules\.bin;E:\node_modules\.bin;D:\NodeJs\node_modules\npm\node_modules\@npmcli\run-script\lib\node-gyp-bin;E:\ReactNative\DATN_App_Shop\AppShopCli\node_modules\.bin;E:\ReactNative\DATN_App_Shop\node_modules\.bin;E:\ReactNative\node_modules\.bin;E:\node_modules\.bin;D:\NodeJs\node_modules\npm\node_modules\@npmcli\run-script\lib\node-gyp-bin;C:\Windows\system32;C:\Windows;C:\Windows\System32\Wbem;C:\Windows\System32\WindowsPowerShell\v1.0\;C:\Windows\System32\OpenSSH\;D:\NodeJs\;D:\Git\cmd;D:\Java\jdk-17.0.8\bin;C:\Users\xuanu\AppData\Local\Microsoft\WindowsApps;C:\Users\xuanu\AppData\Roaming\npm;C:\Users\xuanu\AppData\Local\Programs\Microsoft VS Code\bin;D:\Flutter\bin;
USERNAME=xuanu
LANG=en_US.UTF-8
OS=Windows_NT
PROCESSOR_IDENTIFIER=Intel64 Family 6 Model 165 Stepping 2, GenuineIntel



---------------  S Y S T E M  ---------------

OS:
 Windows 11 , 64 bit Build 22621 (10.0.22621.2428)
OS uptime: 4 days 13:45 hours

CPU: total 8 (initial active 8) (4 cores per cpu, 2 threads per core) family 6 model 165 stepping 2 microcode 0xe0, cx8, cmov, fxsr, ht, mmx, 3dnowpref, sse, sse2, sse3, ssse3, sse4.1, sse4.2, popcnt, lzcnt, tsc, tscinvbit, avx, avx2, aes, erms, clmul, bmi1, bmi2, adx, fma, vzeroupper, clflush, clflushopt

Memory: 4k page, system-wide physical 8029M (96M free)
TotalPageFile size 29903M (AvailPageFile size 24M)
current process WorkingSet (physical memory assigned to process): 179M, peak: 209M
current process commit charge ("private bytes"): 345M, peak: 489M

vm_info: Java HotSpot(TM) 64-Bit Server VM (17.0.8+9-LTS-211) for windows-amd64 JRE (17.0.8+9-LTS-211), built on Jun 14 2023 10:34:31 by "mach5one" with MS VC++ 17.1 (VS2022)

END.
