#
# There is insufficient memory for the Java Runtime Environment to continue.
# Native memory allocation (malloc) failed to allocate 38704 bytes for Chunk::new
# Possible reasons:
#   The system is out of physical RAM or swap space
#   The process is running with CompressedOops enabled, and the Java Heap may be blocking the growth of the native heap
# Possible solutions:
#   Reduce memory load on the system
#   Increase physical memory or swap space
#   Check if swap backing store is full
#   Decrease Java heap size (-Xmx/-Xms)
#   Decrease number of Java threads
#   Decrease Java thread stack sizes (-Xss)
#   Set larger code cache with -XX:ReservedCodeCacheSize=
#   JVM is running with Unscaled Compressed Oops mode in which the Java heap is
#     placed in the first 4GB address space. The Java Heap base address is the
#     maximum limit for the native heap growth. Please use -XX:HeapBaseMinAddress
#     to set the Java Heap base and to place the Java Heap above 4GB virtual address.
# This output file may be truncated or incomplete.
#
#  Out of Memory Error (arena.cpp:189), pid=15484, tid=21940
#
# JRE version: Java(TM) SE Runtime Environment (17.0.8+9) (build 17.0.8+9-LTS-211)
# Java VM: Java HotSpot(TM) 64-Bit Server VM (17.0.8+9-LTS-211, mixed mode, sharing, tiered, compressed oops, compressed class ptrs, g1 gc, windows-amd64)
# No core dump will be written. Minidumps are not enabled by default on client versions of Windows
#

---------------  S U M M A R Y ------------

Command Line: -Xmx64m -Xms64m -Dorg.gradle.appname=gradlew org.gradle.wrapper.GradleWrapperMain app:installDebug -PreactNativeDevServerPort=8081

Host: Intel(R) Core(TM) i5-10300H CPU @ 2.50GHz, 8 cores, 7G,  Windows 11 , 64 bit Build 22621 (10.0.22621.2506)
Time: Mon Nov 27 01:05:39 2023 SE Asia Standard Time elapsed time: 64.267300 seconds (0d 0h 1m 4s)

---------------  T H R E A D  ---------------

Current thread (0x0000022bc4abf6e0):  JavaThread "main" [_thread_in_vm, id=21940, stack(0x000000d02d900000,0x000000d02da00000)]

Stack: [0x000000d02d900000,0x000000d02da00000]
Native frames: (J=compiled Java code, j=interpreted, Vv=VM code, C=native code)
V  [jvm.dll+0x677d0a]
V  [jvm.dll+0x7d8c54]
V  [jvm.dll+0x7da3fe]
V  [jvm.dll+0x7daa63]
V  [jvm.dll+0x245c5f]
V  [jvm.dll+0xaaa6b]
V  [jvm.dll+0xab00c]
V  [jvm.dll+0x1f1d58]
V  [jvm.dll+0x1f0ae6]
V  [jvm.dll+0x752b7d]
V  [jvm.dll+0x753f76]
V  [jvm.dll+0x7542a8]
V  [jvm.dll+0x23e01b]
V  [jvm.dll+0x37d84e]
C  0x0000022bd38ab80d

Java frames: (J=compiled Java code, j=interpreted, Vv=VM code)
j  java.io.ObjectInputStream.readNonProxyDesc(Z)Ljava/io/ObjectStreamClass;+20 java.base@17.0.8
j  java.io.ObjectInputStream.readClassDesc(Z)Ljava/io/ObjectStreamClass;+72 java.base@17.0.8
j  java.io.ObjectInputStream.readOrdinaryObject(Z)Ljava/lang/Object;+22 java.base@17.0.8
j  java.io.ObjectInputStream.readObject0(Ljava/lang/Class;Z)Ljava/lang/Object;+494 java.base@17.0.8
j  java.io.ObjectInputStream.readObject(Ljava/lang/Class;)Ljava/lang/Object;+42 java.base@17.0.8
j  java.io.ObjectInputStream.readObject()Ljava/lang/Object;+3 java.base@17.0.8
j  org.gradle.internal.serialize.Message.receive(Ljava/io/InputStream;Ljava/lang/ClassLoader;)Ljava/lang/Object;+11
j  org.gradle.internal.serialize.BaseSerializerFactory$ThrowableSerializer.read(Lorg/gradle/internal/serialize/Decoder;)Ljava/lang/Throwable;+13
j  org.gradle.internal.serialize.BaseSerializerFactory$ThrowableSerializer.read(Lorg/gradle/internal/serialize/Decoder;)Ljava/lang/Object;+2
j  org.gradle.internal.logging.serializer.LogEventSerializer.read(Lorg/gradle/internal/serialize/Decoder;)Lorg/gradle/internal/logging/events/LogEvent;+43
j  org.gradle.internal.logging.serializer.LogEventSerializer.read(Lorg/gradle/internal/serialize/Decoder;)Ljava/lang/Object;+2
J 1317 c1 org.gradle.internal.serialize.DefaultSerializerRegistry$TaggedTypeSerializer.read(Lorg/gradle/internal/serialize/Decoder;)Ljava/lang/Object; (69 bytes) @ 0x0000022bcc5d07d4 [0x0000022bcc5cfe40+0x0000000000000994]
J 1360 c1 org.gradle.launcher.daemon.protocol.DaemonMessageSerializer$OutputMessageSerializer.read(Lorg/gradle/internal/serialize/Decoder;)Ljava/lang/Object; (6 bytes) @ 0x0000022bcc5e008c [0x0000022bcc5dfee0+0x00000000000001ac]
J 1317 c1 org.gradle.internal.serialize.DefaultSerializerRegistry$TaggedTypeSerializer.read(Lorg/gradle/internal/serialize/Decoder;)Ljava/lang/Object; (69 bytes) @ 0x0000022bcc5d07d4 [0x0000022bcc5cfe40+0x0000000000000994]
J 1395 c1 org.gradle.internal.remote.internal.inet.SocketConnection.receive()Ljava/lang/Object; (142 bytes) @ 0x0000022bcc5f42ec [0x0000022bcc5f4140+0x00000000000001ac]
J 1397 c1 org.gradle.launcher.daemon.client.DaemonClientConnection.receive()Lorg/gradle/launcher/daemon/protocol/Message; (81 bytes) @ 0x0000022bcc5f8cdc [0x0000022bcc5f8c20+0x00000000000000bc]
J 1378 c1 org.gradle.launcher.daemon.client.DaemonClientConnection.receive()Ljava/lang/Object; (5 bytes) @ 0x0000022bcc5ec744 [0x0000022bcc5ec6c0+0x0000000000000084]
j  org.gradle.launcher.daemon.client.DaemonClient.monitorBuild(Lorg/gradle/launcher/daemon/protocol/Build;Lorg/gradle/launcher/daemon/diagnostics/DaemonDiagnostics;Lorg/gradle/internal/remote/internal/Connection;Lorg/gradle/initialization/BuildCancellationToken;Lorg/gradle/initialization/BuildEventConsumer;)Ljava/lang/Object;+44
j  org.gradle.launcher.daemon.client.DaemonClient.executeBuild(Lorg/gradle/launcher/daemon/protocol/Build;Lorg/gradle/launcher/daemon/client/DaemonClientConnection;Lorg/gradle/initialization/BuildCancellationToken;Lorg/gradle/initialization/BuildEventConsumer;)Lorg/gradle/launcher/exec/BuildActionResult;+128
j  org.gradle.launcher.daemon.client.DaemonClient.execute(Lorg/gradle/internal/invocation/BuildAction;Lorg/gradle/launcher/exec/BuildActionParameters;Lorg/gradle/initialization/BuildRequestContext;)Lorg/gradle/launcher/exec/BuildActionResult;+135
j  org.gradle.launcher.daemon.client.DaemonClient.execute(Lorg/gradle/internal/invocation/BuildAction;Ljava/lang/Object;Ljava/lang/Object;)Lorg/gradle/launcher/exec/BuildActionResult;+10
j  org.gradle.launcher.cli.RunBuildAction.run()V+74
j  org.gradle.internal.Actions$RunnableActionAdapter.execute(Ljava/lang/Object;)V+4
j  org.gradle.launcher.cli.DefaultCommandLineActionFactory$ParseAndBuildAction.execute(Lorg/gradle/launcher/bootstrap/ExecutionListener;)V+60
j  org.gradle.launcher.cli.DefaultCommandLineActionFactory$ParseAndBuildAction.execute(Ljava/lang/Object;)V+5
j  org.gradle.launcher.cli.DebugLoggerWarningAction.execute(Lorg/gradle/launcher/bootstrap/ExecutionListener;)V+9
j  org.gradle.launcher.cli.DebugLoggerWarningAction.execute(Ljava/lang/Object;)V+5
j  org.gradle.launcher.cli.WelcomeMessageAction.execute(Lorg/gradle/launcher/bootstrap/ExecutionListener;)V+218
j  org.gradle.launcher.cli.WelcomeMessageAction.execute(Ljava/lang/Object;)V+5
j  org.gradle.launcher.cli.NativeServicesInitializingAction.execute(Lorg/gradle/launcher/bootstrap/ExecutionListener;)V+35
j  org.gradle.launcher.cli.NativeServicesInitializingAction.execute(Ljava/lang/Object;)V+5
j  org.gradle.launcher.cli.ExceptionReportingAction.execute(Lorg/gradle/launcher/bootstrap/ExecutionListener;)V+5
j  org.gradle.launcher.cli.ExceptionReportingAction.execute(Ljava/lang/Object;)V+5
j  org.gradle.launcher.cli.DefaultCommandLineActionFactory$WithLogging.execute(Lorg/gradle/launcher/bootstrap/ExecutionListener;)V+299
j  org.gradle.launcher.Main.doAction([Ljava/lang/String;Lorg/gradle/launcher/bootstrap/ExecutionListener;)V+14
j  org.gradle.launcher.bootstrap.EntryPoint.run([Ljava/lang/String;)V+12
v  ~StubRoutines::call_stub
j  jdk.internal.reflect.NativeMethodAccessorImpl.invoke0(Ljava/lang/reflect/Method;Ljava/lang/Object;[Ljava/lang/Object;)Ljava/lang/Object;+0 java.base@17.0.8
j  jdk.internal.reflect.NativeMethodAccessorImpl.invoke(Ljava/lang/Object;[Ljava/lang/Object;)Ljava/lang/Object;+133 java.base@17.0.8
j  jdk.internal.reflect.DelegatingMethodAccessorImpl.invoke(Ljava/lang/Object;[Ljava/lang/Object;)Ljava/lang/Object;+6 java.base@17.0.8
j  java.lang.reflect.Method.invoke(Ljava/lang/Object;[Ljava/lang/Object;)Ljava/lang/Object;+59 java.base@17.0.8
j  org.gradle.launcher.bootstrap.ProcessBootstrap.runNoExit(Ljava/lang/String;[Ljava/lang/String;)V+159
j  org.gradle.launcher.bootstrap.ProcessBootstrap.run(Ljava/lang/String;[Ljava/lang/String;)V+2
v  ~StubRoutines::call_stub
j  jdk.internal.reflect.NativeMethodAccessorImpl.invoke0(Ljava/lang/reflect/Method;Ljava/lang/Object;[Ljava/lang/Object;)Ljava/lang/Object;+0 java.base@17.0.8
j  jdk.internal.reflect.NativeMethodAccessorImpl.invoke(Ljava/lang/Object;[Ljava/lang/Object;)Ljava/lang/Object;+133 java.base@17.0.8
j  jdk.internal.reflect.DelegatingMethodAccessorImpl.invoke(Ljava/lang/Object;[Ljava/lang/Object;)Ljava/lang/Object;+6 java.base@17.0.8
j  java.lang.reflect.Method.invoke(Ljava/lang/Object;[Ljava/lang/Object;)Ljava/lang/Object;+59 java.base@17.0.8
j  org.gradle.launcher.GradleMain.main([Ljava/lang/String;)V+100
v  ~StubRoutines::call_stub
j  jdk.internal.reflect.NativeMethodAccessorImpl.invoke0(Ljava/lang/reflect/Method;Ljava/lang/Object;[Ljava/lang/Object;)Ljava/lang/Object;+0 java.base@17.0.8
j  jdk.internal.reflect.NativeMethodAccessorImpl.invoke(Ljava/lang/Object;[Ljava/lang/Object;)Ljava/lang/Object;+133 java.base@17.0.8
j  jdk.internal.reflect.DelegatingMethodAccessorImpl.invoke(Ljava/lang/Object;[Ljava/lang/Object;)Ljava/lang/Object;+6 java.base@17.0.8
j  java.lang.reflect.Method.invoke(Ljava/lang/Object;[Ljava/lang/Object;)Ljava/lang/Object;+59 java.base@17.0.8
j  org.gradle.wrapper.BootstrapMainStarter.start([Ljava/lang/String;Ljava/io/File;)V+105
j  org.gradle.wrapper.WrapperExecutor.execute([Ljava/lang/String;Lorg/gradle/wrapper/Install;Lorg/gradle/wrapper/BootstrapMainStarter;)V+14
j  org.gradle.wrapper.GradleWrapperMain.main([Ljava/lang/String;)V+206
v  ~StubRoutines::call_stub

---------------  P R O C E S S  ---------------

Threads class SMR info:
_java_thread_list=0x0000022be37cceb0, length=15, elements={
0x0000022bc4abf6e0, 0x0000022bc4b6abf0, 0x0000022bc4b6ba60, 0x0000022bc4b815b0,
0x0000022bc4b82160, 0x0000022bc4b84b20, 0x0000022bc4b854d0, 0x0000022bc4b8a980,
0x0000022bc4b8c290, 0x0000022bde256da0, 0x0000022bde483d60, 0x0000022bde489410,
0x0000022be3a04030, 0x0000022be37ef7d0, 0x0000022be3a083c0
}

Java Threads: ( => current thread )
=>0x0000022bc4abf6e0 JavaThread "main" [_thread_in_vm, id=21940, stack(0x000000d02d900000,0x000000d02da00000)]
  0x0000022bc4b6abf0 JavaThread "Reference Handler" daemon [_thread_blocked, id=3724, stack(0x000000d02e000000,0x000000d02e100000)]
  0x0000022bc4b6ba60 JavaThread "Finalizer" daemon [_thread_blocked, id=6636, stack(0x000000d02e100000,0x000000d02e200000)]
  0x0000022bc4b815b0 JavaThread "Signal Dispatcher" daemon [_thread_blocked, id=15072, stack(0x000000d02e200000,0x000000d02e300000)]
  0x0000022bc4b82160 JavaThread "Attach Listener" daemon [_thread_blocked, id=15644, stack(0x000000d02e300000,0x000000d02e400000)]
  0x0000022bc4b84b20 JavaThread "Service Thread" daemon [_thread_blocked, id=24988, stack(0x000000d02e400000,0x000000d02e500000)]
  0x0000022bc4b854d0 JavaThread "Monitor Deflation Thread" daemon [_thread_blocked, id=17332, stack(0x000000d02e500000,0x000000d02e600000)]
  0x0000022bc4b8a980 JavaThread "C2 CompilerThread0" daemon [_thread_blocked, id=23988, stack(0x000000d02e600000,0x000000d02e700000)]
  0x0000022bc4b8c290 JavaThread "C1 CompilerThread0" daemon [_thread_blocked, id=20716, stack(0x000000d02e700000,0x000000d02e800000)]
  0x0000022bde256da0 JavaThread "Sweeper thread" daemon [_thread_blocked, id=13568, stack(0x000000d02e800000,0x000000d02e900000)]
  0x0000022bde483d60 JavaThread "Notification Thread" daemon [_thread_blocked, id=10792, stack(0x000000d02e900000,0x000000d02ea00000)]
  0x0000022bde489410 JavaThread "Common-Cleaner" daemon [_thread_blocked, id=22356, stack(0x000000d02eb00000,0x000000d02ec00000)]
  0x0000022be3a04030 JavaThread "pool-1-thread-1" [_thread_blocked, id=11956, stack(0x000000d02f100000,0x000000d02f200000)]
  0x0000022be37ef7d0 JavaThread "DisconnectableInputStream source reader" daemon [_thread_in_native, id=25036, stack(0x000000d02f300000,0x000000d02f400000)]
  0x0000022be3a083c0 JavaThread "Forward input" [_thread_blocked, id=13800, stack(0x000000d02f400000,0x000000d02f500000)]

Other Threads:
  0x0000022bc4b63fd0 VMThread "VM Thread" [stack: 0x000000d02df00000,0x000000d02e000000] [id=9816]
  0x0000022bc4affd20 WatcherThread [stack: 0x000000d02ea00000,0x000000d02eb00000] [id=11520]
  0x0000022bc4ae0410 GCTaskThread "GC Thread#0" [stack: 0x000000d02da00000,0x000000d02db00000] [id=748]
  0x0000022be33b4460 GCTaskThread "GC Thread#1" [stack: 0x000000d02ec00000,0x000000d02ed00000] [id=19400]
  0x0000022bde6aaaa0 GCTaskThread "GC Thread#2" [stack: 0x000000d02ed00000,0x000000d02ee00000] [id=12160]
  0x0000022be37f2c00 GCTaskThread "GC Thread#3" [stack: 0x000000d02ee00000,0x000000d02ef00000] [id=4680]
  0x0000022be360d540 GCTaskThread "GC Thread#4" [stack: 0x000000d02ef00000,0x000000d02f000000] [id=19516]
  0x0000022be360dc00 GCTaskThread "GC Thread#5" [stack: 0x000000d02f000000,0x000000d02f100000] [id=19452]
  0x0000022bc4ae2b60 ConcurrentGCThread "G1 Main Marker" [stack: 0x000000d02db00000,0x000000d02dc00000] [id=13452]
  0x0000022bc4ae3570 ConcurrentGCThread "G1 Conc#0" [stack: 0x000000d02dc00000,0x000000d02dd00000] [id=17068]
  0x0000022bc4b48360 ConcurrentGCThread "G1 Refine#0" [stack: 0x000000d02dd00000,0x000000d02de00000] [id=24656]
  0x0000022bc4b49d90 ConcurrentGCThread "G1 Service" [stack: 0x000000d02de00000,0x000000d02df00000] [id=18976]

Threads with active compile tasks:

VM state: not at safepoint (normal execution)

VM Mutex/Monitor currently owned by a thread: None

Heap address: 0x00000000fc000000, size: 64 MB, Compressed Oops mode: 32-bit

CDS archive(s) mapped at: [0x0000022b80000000-0x0000022b80bd0000-0x0000022b80bd0000), size 12386304, SharedBaseAddress: 0x0000022b80000000, ArchiveRelocationMode: 1.
Compressed class space mapped at: 0x0000022b81000000-0x0000022bc1000000, reserved size: 1073741824
Narrow klass base: 0x0000022b80000000, Narrow klass shift: 0, Narrow klass range: 0x100000000

GC Precious Log:
 CPUs: 8 total, 8 available
 Memory: 8029M
 Large Page Support: Disabled
 NUMA Support: Disabled
 Compressed Oops: Enabled (32-bit)
 Heap Region Size: 1M
 Heap Min Capacity: 64M
 Heap Initial Capacity: 64M
 Heap Max Capacity: 64M
 Pre-touch: Disabled
 Parallel Workers: 8
 Concurrent Workers: 2
 Concurrent Refinement Workers: 8
 Periodic GC: Disabled

Heap:
 garbage-first heap   total 65536K, used 23776K [0x00000000fc000000, 0x0000000100000000)
  region size 1024K, 17 young (17408K), 3 survivors (3072K)
 Metaspace       used 8530K, committed 8704K, reserved 1114112K
  class space    used 1125K, committed 1216K, reserved 1048576K

Heap Regions: E=young(eden), S=young(survivor), O=old, HS=humongous(starts), HC=humongous(continues), CS=collection set, F=free, OA=open archive, CA=closed archive, TAMS=top-at-mark-start (previous, next)
|   0|0x00000000fc000000, 0x00000000fc100000, 0x00000000fc100000|100%|HS|  |TAMS 0x00000000fc000000, 0x00000000fc000000| Complete 
|   1|0x00000000fc100000, 0x00000000fc200000, 0x00000000fc200000|100%|HC|  |TAMS 0x00000000fc100000, 0x00000000fc100000| Complete 
|   2|0x00000000fc200000, 0x00000000fc300000, 0x00000000fc300000|100%|HC|  |TAMS 0x00000000fc200000, 0x00000000fc200000| Complete 
|   3|0x00000000fc300000, 0x00000000fc400000, 0x00000000fc400000|100%|HC|  |TAMS 0x00000000fc300000, 0x00000000fc300000| Complete 
|   4|0x00000000fc400000, 0x00000000fc500000, 0x00000000fc500000|100%| O|  |TAMS 0x00000000fc400000, 0x00000000fc400000| Untracked 
|   5|0x00000000fc500000, 0x00000000fc600000, 0x00000000fc600000|100%| O|  |TAMS 0x00000000fc500000, 0x00000000fc500000| Untracked 
|   6|0x00000000fc600000, 0x00000000fc700000, 0x00000000fc700000|100%| O|  |TAMS 0x00000000fc600000, 0x00000000fc600000| Untracked 
|   7|0x00000000fc700000, 0x00000000fc738000, 0x00000000fc800000| 21%| O|  |TAMS 0x00000000fc700000, 0x00000000fc700000| Untracked 
|   8|0x00000000fc800000, 0x00000000fc800000, 0x00000000fc900000|  0%| F|  |TAMS 0x00000000fc800000, 0x00000000fc800000| Untracked 
|   9|0x00000000fc900000, 0x00000000fc900000, 0x00000000fca00000|  0%| F|  |TAMS 0x00000000fc900000, 0x00000000fc900000| Untracked 
|  10|0x00000000fca00000, 0x00000000fca00000, 0x00000000fcb00000|  0%| F|  |TAMS 0x00000000fca00000, 0x00000000fca00000| Untracked 
|  11|0x00000000fcb00000, 0x00000000fcb00000, 0x00000000fcc00000|  0%| F|  |TAMS 0x00000000fcb00000, 0x00000000fcb00000| Untracked 
|  12|0x00000000fcc00000, 0x00000000fcc00000, 0x00000000fcd00000|  0%| F|  |TAMS 0x00000000fcc00000, 0x00000000fcc00000| Untracked 
|  13|0x00000000fcd00000, 0x00000000fcd00000, 0x00000000fce00000|  0%| F|  |TAMS 0x00000000fcd00000, 0x00000000fcd00000| Untracked 
|  14|0x00000000fce00000, 0x00000000fce00000, 0x00000000fcf00000|  0%| F|  |TAMS 0x00000000fce00000, 0x00000000fce00000| Untracked 
|  15|0x00000000fcf00000, 0x00000000fcf00000, 0x00000000fd000000|  0%| F|  |TAMS 0x00000000fcf00000, 0x00000000fcf00000| Untracked 
|  16|0x00000000fd000000, 0x00000000fd000000, 0x00000000fd100000|  0%| F|  |TAMS 0x00000000fd000000, 0x00000000fd000000| Untracked 
|  17|0x00000000fd100000, 0x00000000fd100000, 0x00000000fd200000|  0%| F|  |TAMS 0x00000000fd100000, 0x00000000fd100000| Untracked 
|  18|0x00000000fd200000, 0x00000000fd200000, 0x00000000fd300000|  0%| F|  |TAMS 0x00000000fd200000, 0x00000000fd200000| Untracked 
|  19|0x00000000fd300000, 0x00000000fd300000, 0x00000000fd400000|  0%| F|  |TAMS 0x00000000fd300000, 0x00000000fd300000| Untracked 
|  20|0x00000000fd400000, 0x00000000fd400000, 0x00000000fd500000|  0%| F|  |TAMS 0x00000000fd400000, 0x00000000fd400000| Untracked 
|  21|0x00000000fd500000, 0x00000000fd500000, 0x00000000fd600000|  0%| F|  |TAMS 0x00000000fd500000, 0x00000000fd500000| Untracked 
|  22|0x00000000fd600000, 0x00000000fd600000, 0x00000000fd700000|  0%| F|  |TAMS 0x00000000fd600000, 0x00000000fd600000| Untracked 
|  23|0x00000000fd700000, 0x00000000fd700000, 0x00000000fd800000|  0%| F|  |TAMS 0x00000000fd700000, 0x00000000fd700000| Untracked 
|  24|0x00000000fd800000, 0x00000000fd800000, 0x00000000fd900000|  0%| F|  |TAMS 0x00000000fd800000, 0x00000000fd800000| Untracked 
|  25|0x00000000fd900000, 0x00000000fd900000, 0x00000000fda00000|  0%| F|  |TAMS 0x00000000fd900000, 0x00000000fd900000| Untracked 
|  26|0x00000000fda00000, 0x00000000fda00000, 0x00000000fdb00000|  0%| F|  |TAMS 0x00000000fda00000, 0x00000000fda00000| Untracked 
|  27|0x00000000fdb00000, 0x00000000fdb00000, 0x00000000fdc00000|  0%| F|  |TAMS 0x00000000fdb00000, 0x00000000fdb00000| Untracked 
|  28|0x00000000fdc00000, 0x00000000fdc00000, 0x00000000fdd00000|  0%| F|  |TAMS 0x00000000fdc00000, 0x00000000fdc00000| Untracked 
|  29|0x00000000fdd00000, 0x00000000fdd00000, 0x00000000fde00000|  0%| F|  |TAMS 0x00000000fdd00000, 0x00000000fdd00000| Untracked 
|  30|0x00000000fde00000, 0x00000000fde00000, 0x00000000fdf00000|  0%| F|  |TAMS 0x00000000fde00000, 0x00000000fde00000| Untracked 
|  31|0x00000000fdf00000, 0x00000000fdf00000, 0x00000000fe000000|  0%| F|  |TAMS 0x00000000fdf00000, 0x00000000fdf00000| Untracked 
|  32|0x00000000fe000000, 0x00000000fe000000, 0x00000000fe100000|  0%| F|  |TAMS 0x00000000fe000000, 0x00000000fe000000| Untracked 
|  33|0x00000000fe100000, 0x00000000fe100000, 0x00000000fe200000|  0%| F|  |TAMS 0x00000000fe100000, 0x00000000fe100000| Untracked 
|  34|0x00000000fe200000, 0x00000000fe200000, 0x00000000fe300000|  0%| F|  |TAMS 0x00000000fe200000, 0x00000000fe200000| Untracked 
|  35|0x00000000fe300000, 0x00000000fe300000, 0x00000000fe400000|  0%| F|  |TAMS 0x00000000fe300000, 0x00000000fe300000| Untracked 
|  36|0x00000000fe400000, 0x00000000fe400000, 0x00000000fe500000|  0%| F|  |TAMS 0x00000000fe400000, 0x00000000fe400000| Untracked 
|  37|0x00000000fe500000, 0x00000000fe500000, 0x00000000fe600000|  0%| F|  |TAMS 0x00000000fe500000, 0x00000000fe500000| Untracked 
|  38|0x00000000fe600000, 0x00000000fe700000, 0x00000000fe700000|100%| S|CS|TAMS 0x00000000fe600000, 0x00000000fe600000| Complete 
|  39|0x00000000fe700000, 0x00000000fe800000, 0x00000000fe800000|100%| S|CS|TAMS 0x00000000fe700000, 0x00000000fe700000| Complete 
|  40|0x00000000fe800000, 0x00000000fe900000, 0x00000000fe900000|100%| S|CS|TAMS 0x00000000fe800000, 0x00000000fe800000| Complete 
|  41|0x00000000fe900000, 0x00000000fe900000, 0x00000000fea00000|  0%| F|  |TAMS 0x00000000fe900000, 0x00000000fe900000| Untracked 
|  42|0x00000000fea00000, 0x00000000fea00000, 0x00000000feb00000|  0%| F|  |TAMS 0x00000000fea00000, 0x00000000fea00000| Untracked 
|  43|0x00000000feb00000, 0x00000000feb00000, 0x00000000fec00000|  0%| F|  |TAMS 0x00000000feb00000, 0x00000000feb00000| Untracked 
|  44|0x00000000fec00000, 0x00000000fec00000, 0x00000000fed00000|  0%| F|  |TAMS 0x00000000fec00000, 0x00000000fec00000| Untracked 
|  45|0x00000000fed00000, 0x00000000fed00000, 0x00000000fee00000|  0%| F|  |TAMS 0x00000000fed00000, 0x00000000fed00000| Untracked 
|  46|0x00000000fee00000, 0x00000000fee00000, 0x00000000fef00000|  0%| F|  |TAMS 0x00000000fee00000, 0x00000000fee00000| Untracked 
|  47|0x00000000fef00000, 0x00000000fef00000, 0x00000000ff000000|  0%| F|  |TAMS 0x00000000fef00000, 0x00000000fef00000| Untracked 
|  48|0x00000000ff000000, 0x00000000ff000000, 0x00000000ff100000|  0%| F|  |TAMS 0x00000000ff000000, 0x00000000ff000000| Untracked 
|  49|0x00000000ff100000, 0x00000000ff100000, 0x00000000ff200000|  0%| F|  |TAMS 0x00000000ff100000, 0x00000000ff100000| Untracked 
|  50|0x00000000ff200000, 0x00000000ff2e1ce8, 0x00000000ff300000| 88%| E|  |TAMS 0x00000000ff200000, 0x00000000ff200000| Complete 
|  51|0x00000000ff300000, 0x00000000ff400000, 0x00000000ff400000|100%| E|CS|TAMS 0x00000000ff300000, 0x00000000ff300000| Complete 
|  52|0x00000000ff400000, 0x00000000ff500000, 0x00000000ff500000|100%| E|CS|TAMS 0x00000000ff400000, 0x00000000ff400000| Complete 
|  53|0x00000000ff500000, 0x00000000ff600000, 0x00000000ff600000|100%| E|CS|TAMS 0x00000000ff500000, 0x00000000ff500000| Complete 
|  54|0x00000000ff600000, 0x00000000ff700000, 0x00000000ff700000|100%| E|CS|TAMS 0x00000000ff600000, 0x00000000ff600000| Complete 
|  55|0x00000000ff700000, 0x00000000ff800000, 0x00000000ff800000|100%| E|CS|TAMS 0x00000000ff700000, 0x00000000ff700000| Complete 
|  56|0x00000000ff800000, 0x00000000ff900000, 0x00000000ff900000|100%| E|CS|TAMS 0x00000000ff800000, 0x00000000ff800000| Complete 
|  57|0x00000000ff900000, 0x00000000ffa00000, 0x00000000ffa00000|100%| E|CS|TAMS 0x00000000ff900000, 0x00000000ff900000| Complete 
|  58|0x00000000ffa00000, 0x00000000ffb00000, 0x00000000ffb00000|100%| E|CS|TAMS 0x00000000ffa00000, 0x00000000ffa00000| Complete 
|  59|0x00000000ffb00000, 0x00000000ffc00000, 0x00000000ffc00000|100%| E|CS|TAMS 0x00000000ffb00000, 0x00000000ffb00000| Complete 
|  60|0x00000000ffc00000, 0x00000000ffd00000, 0x00000000ffd00000|100%| E|CS|TAMS 0x00000000ffc00000, 0x00000000ffc00000| Complete 
|  61|0x00000000ffd00000, 0x00000000ffe00000, 0x00000000ffe00000|100%| E|CS|TAMS 0x00000000ffd00000, 0x00000000ffd00000| Complete 
|  62|0x00000000ffe00000, 0x00000000fff00000, 0x00000000fff00000|100%| E|CS|TAMS 0x00000000ffe00000, 0x00000000ffe00000| Complete 
|  63|0x00000000fff00000, 0x0000000100000000, 0x0000000100000000|100%| E|CS|TAMS 0x00000000fff00000, 0x00000000fff00000| Complete 

Card table byte_map: [0x0000022bc2a80000,0x0000022bc2aa0000] _byte_map_base: 0x0000022bc22a0000

Marking Bits (Prev, Next): (CMBitMap*) 0x0000022bc4ae0a20, (CMBitMap*) 0x0000022bc4ae0a60
 Prev Bits: [0x0000022bdb6b0000, 0x0000022bdb7b0000)
 Next Bits: [0x0000022bdb7b0000, 0x0000022bdb8b0000)

Polling page: 0x0000022bc2a30000

Metaspace:

Usage:
  Non-class:      7.23 MB used.
      Class:      1.10 MB used.
       Both:      8.33 MB used.

Virtual space:
  Non-class space:       64.00 MB reserved,       7.31 MB ( 11%) committed,  1 nodes.
      Class space:        1.00 GB reserved,       1.19 MB ( <1%) committed,  1 nodes.
             Both:        1.06 GB reserved,       8.50 MB ( <1%) committed. 

Chunk freelists:
   Non-Class:  8.44 MB
       Class:  14.69 MB
        Both:  23.13 MB

MaxMetaspaceSize: unlimited
CompressedClassSpaceSize: 1.00 GB
Initial GC threshold: 21.00 MB
Current GC threshold: 21.00 MB
CDS: on
MetaspaceReclaimPolicy: balanced
 - commit_granule_bytes: 65536.
 - commit_granule_words: 8192.
 - virtual_space_node_default_size: 8388608.
 - enlarge_chunks_in_place: 1.
 - new_chunks_are_fully_committed: 0.
 - uncommit_free_chunks: 1.
 - use_allocation_guard: 0.
 - handle_deallocations: 1.


Internal statistics:

num_allocs_failed_limit: 0.
num_arena_births: 78.
num_arena_deaths: 0.
num_vsnodes_births: 2.
num_vsnodes_deaths: 0.
num_space_committed: 136.
num_space_uncommitted: 0.
num_chunks_returned_to_freelist: 0.
num_chunks_taken_from_freelist: 291.
num_chunk_merges: 0.
num_chunk_splits: 195.
num_chunks_enlarged: 162.
num_purges: 0.
num_inconsistent_stats: 0.

CodeHeap 'non-profiled nmethods': size=120000Kb used=573Kb max_used=573Kb free=119426Kb
 bounds [0x0000022bd3e30000, 0x0000022bd40a0000, 0x0000022bdb360000]
CodeHeap 'profiled nmethods': size=120000Kb used=3050Kb max_used=3050Kb free=116949Kb
 bounds [0x0000022bcc360000, 0x0000022bcc660000, 0x0000022bd3890000]
CodeHeap 'non-nmethods': size=5760Kb used=1163Kb max_used=1201Kb free=4596Kb
 bounds [0x0000022bd3890000, 0x0000022bd3b00000, 0x0000022bd3e30000]
 total_blobs=2045 nmethods=1587 adapters=371
 compilation: enabled
              stopped_count=0, restarted_count=0
 full_count=0

Compilation events (20 events):
Event: 52.118 Thread 0x0000022bc4b8c290 1579       3       java.util.concurrent.ScheduledThreadPoolExecutor$DelayedWorkQueue::finishPoll (43 bytes)
Event: 52.119 Thread 0x0000022bc4b8c290 nmethod 1579 0x0000022bcc655d10 code [0x0000022bcc655ee0, 0x0000022bcc6564e8]
Event: 52.119 Thread 0x0000022bc4b8c290 1580       3       java.util.concurrent.locks.AbstractQueuedSynchronizer$ConditionObject::awaitNanos (200 bytes)
Event: 52.121 Thread 0x0000022bc4b8c290 nmethod 1580 0x0000022bcc656690 code [0x0000022bcc656980, 0x0000022bcc657a08]
Event: 52.924 Thread 0x0000022bc4b8a980 1581       4       java.nio.Buffer::position (52 bytes)
Event: 52.925 Thread 0x0000022bc4b8a980 nmethod 1581 0x0000022bd3eb9690 code [0x0000022bd3eb9800, 0x0000022bd3eb98d8]
Event: 53.124 Thread 0x0000022bc4b8a980 1582       4       org.gradle.internal.logging.text.AbstractLineChoppingStyledTextOutput::doAppend (43 bytes)
Event: 53.129 Thread 0x0000022bc4b8c290 1583       3       org.gradle.internal.logging.sink.GroupingProgressLogEventGenerator$OperationGroup::<init> (59 bytes)
Event: 53.129 Thread 0x0000022bc4b8c290 nmethod 1583 0x0000022bcc658090 code [0x0000022bcc658280, 0x0000022bcc658a18]
Event: 53.131 Thread 0x0000022bc4b8c290 1584       3       org.gradle.internal.logging.sink.GroupingProgressLogEventGenerator$OperationGroup::flushOutput (197 bytes)
Event: 53.132 Thread 0x0000022bc4b8c290 nmethod 1584 0x0000022bcc658c10 code [0x0000022bcc658ee0, 0x0000022bcc659e88]
Event: 53.143 Thread 0x0000022bc4b8c290 1586       3       com.google.common.base.Preconditions::checkNotNull (14 bytes)
Event: 53.144 Thread 0x0000022bc4b8c290 nmethod 1586 0x0000022bcc65a410 code [0x0000022bcc65a5c0, 0x0000022bcc65a7a8]
Event: 53.320 Thread 0x0000022bc4b8a980 nmethod 1582 0x0000022bd3eb9990 code [0x0000022bd3eb9cc0, 0x0000022bd3ebcf40]
Event: 53.320 Thread 0x0000022bc4b8a980 1587       4       java.lang.StringCoding::implEncodeAsciiArray (47 bytes)
Event: 53.328 Thread 0x0000022bc4b8a980 nmethod 1587 0x0000022bd3ebe890 code [0x0000022bd3ebea00, 0x0000022bd3ebedf8]
Event: 53.328 Thread 0x0000022bc4b8a980 1585       4       java.util.ArrayList$Itr::hasNext (20 bytes)
Event: 53.329 Thread 0x0000022bc4b8a980 nmethod 1585 0x0000022bd3ebef10 code [0x0000022bd3ebf080, 0x0000022bd3ebf118]
Event: 62.796 Thread 0x0000022bc4b8a980 1588       4       jdk.internal.misc.Unsafe::putReferenceOpaque (9 bytes)
Event: 62.798 Thread 0x0000022bc4b8a980 nmethod 1588 0x0000022bd3ebf210 code [0x0000022bd3ebf380, 0x0000022bd3ebf4d8]

GC Heap History (2 events):
Event: 0.993 GC heap before
{Heap before GC invocations=0 (full 0):
 garbage-first heap   total 65536K, used 26624K [0x00000000fc000000, 0x0000000100000000)
  region size 1024K, 23 young (23552K), 0 survivors (0K)
 Metaspace       used 3925K, committed 4096K, reserved 1114112K
  class space    used 506K, committed 576K, reserved 1048576K
}
Event: 1.006 GC heap after
{Heap after GC invocations=1 (full 0):
 garbage-first heap   total 65536K, used 10464K [0x00000000fc000000, 0x0000000100000000)
  region size 1024K, 3 young (3072K), 3 survivors (3072K)
 Metaspace       used 3925K, committed 4096K, reserved 1114112K
  class space    used 506K, committed 576K, reserved 1048576K
}

Deoptimization events (20 events):
Event: 1.176 Thread 0x0000022bc4abf6e0 Uncommon trap: trap_request=0xffffff45 fr.pc=0x0000022bd3e65dc0 relative=0x00000000000010a0
Event: 1.176 Thread 0x0000022bc4abf6e0 Uncommon trap: reason=unstable_if action=reinterpret pc=0x0000022bd3e65dc0 method=java.util.HashMap.putVal(ILjava/lang/Object;Ljava/lang/Object;ZZ)Ljava/lang/Object; @ 236 c2
Event: 1.176 Thread 0x0000022bc4abf6e0 DEOPT PACKING pc=0x0000022bd3e65dc0 sp=0x000000d02d9fbc30
Event: 1.176 Thread 0x0000022bc4abf6e0 DEOPT UNPACKING pc=0x0000022bd38e23a3 sp=0x000000d02d9fbbf8 mode 2
Event: 1.189 Thread 0x0000022bc4abf6e0 DEOPT PACKING pc=0x0000022bcc406fe5 sp=0x000000d02d9fba40
Event: 1.189 Thread 0x0000022bc4abf6e0 DEOPT UNPACKING pc=0x0000022bd38e2b43 sp=0x000000d02d9fae90 mode 0
Event: 1.264 Thread 0x0000022bc4abf6e0 DEOPT PACKING pc=0x0000022bcc459838 sp=0x000000d02d9fa030
Event: 1.264 Thread 0x0000022bc4abf6e0 DEOPT UNPACKING pc=0x0000022bd38e2b43 sp=0x000000d02d9f9548 mode 0
Event: 1.318 Thread 0x0000022bc4abf6e0 Uncommon trap: trap_request=0xffffffc6 fr.pc=0x0000022bd3e8d38c relative=0x00000000000005ac
Event: 1.318 Thread 0x0000022bc4abf6e0 Uncommon trap: reason=bimorphic_or_optimized_type_check action=maybe_recompile pc=0x0000022bd3e8d38c method=java.util.concurrent.ConcurrentHashMap.get(Ljava/lang/Object;)Ljava/lang/Object; @ 149 c2
Event: 1.318 Thread 0x0000022bc4abf6e0 DEOPT PACKING pc=0x0000022bd3e8d38c sp=0x000000d02d9fb700
Event: 1.318 Thread 0x0000022bc4abf6e0 DEOPT UNPACKING pc=0x0000022bd38e23a3 sp=0x000000d02d9fb6a0 mode 2
Event: 1.635 Thread 0x0000022bc4abf6e0 Uncommon trap: trap_request=0xffffff45 fr.pc=0x0000022bd3e6a524 relative=0x0000000000000664
Event: 1.635 Thread 0x0000022bc4abf6e0 Uncommon trap: reason=unstable_if action=reinterpret pc=0x0000022bd3e6a524 method=java.lang.AbstractStringBuilder.append(Ljava/lang/String;)Ljava/lang/AbstractStringBuilder; @ 1 c2
Event: 1.635 Thread 0x0000022bc4abf6e0 DEOPT PACKING pc=0x0000022bd3e6a524 sp=0x000000d02d9fc440
Event: 1.635 Thread 0x0000022bc4abf6e0 DEOPT UNPACKING pc=0x0000022bd38e23a3 sp=0x000000d02d9fc3c0 mode 2
Event: 1.636 Thread 0x0000022bc4abf6e0 Uncommon trap: trap_request=0xffffff45 fr.pc=0x0000022bd3e6baa4 relative=0x0000000000000664
Event: 1.636 Thread 0x0000022bc4abf6e0 Uncommon trap: reason=unstable_if action=reinterpret pc=0x0000022bd3e6baa4 method=java.lang.AbstractStringBuilder.append(Ljava/lang/String;)Ljava/lang/AbstractStringBuilder; @ 1 c2
Event: 1.636 Thread 0x0000022bc4abf6e0 DEOPT PACKING pc=0x0000022bd3e6baa4 sp=0x000000d02d9fc3e0
Event: 1.636 Thread 0x0000022bc4abf6e0 DEOPT UNPACKING pc=0x0000022bd38e23a3 sp=0x000000d02d9fc3c8 mode 2

Classes unloaded (0 events):
No events

Classes redefined (0 events):
No events

Internal exceptions (18 events):
Event: 0.290 Thread 0x0000022bc4abf6e0 Exception <a 'java/lang/NoSuchMethodError'{0x00000000ffc62d90}: 'int java.lang.invoke.DirectMethodHandle$Holder.invokeStaticInit(java.lang.Object, java.lang.Object)'> (0x00000000ffc62d90) 
thrown [s\open\src\hotspot\share\interpreter\linkResolver.cpp, line 759]
Event: 0.833 Thread 0x0000022bc4abf6e0 Exception <a 'java/lang/NoSuchMethodError'{0x00000000feb8e6c8}: 'void java.lang.invoke.DirectMethodHandle$Holder.invokeStatic(java.lang.Object, java.lang.Object)'> (0x00000000feb8e6c8) 
thrown [s\open\src\hotspot\share\interpreter\linkResolver.cpp, line 759]
Event: 0.862 Thread 0x0000022bc4abf6e0 Exception <a 'java/lang/NoClassDefFoundError'{0x00000000fea13950}: org/slf4j/impl/StaticMarkerBinder> (0x00000000fea13950) 
thrown [s\open\src\hotspot\share\classfile\systemDictionary.cpp, line 245]
Event: 0.881 Thread 0x0000022bc4abf6e0 Exception <a 'java/lang/NoSuchMethodError'{0x00000000feaaf4e8}: 'java.lang.Object java.lang.invoke.DirectMethodHandle$Holder.invokeVirtual(java.lang.Object, java.lang.Object, java.lang.Object, java.lang.Object, java.lang.Object, java.lang.Object, java.lang.Object)'> (0x00000000feaaf4e8) 
thrown [s\open\src\hotspot\share\interpreter\linkResolver.cpp, line 759]
Event: 0.889 Thread 0x0000022bc4abf6e0 Exception <a 'java/lang/NoSuchMethodError'{0x00000000feac0ae8}: 'java.lang.Object java.lang.invoke.Invokers$Holder.invoker(java.lang.Object, java.lang.Object, java.lang.Object)'> (0x00000000feac0ae8) 
thrown [s\open\src\hotspot\share\interpreter\linkResolver.cpp, line 759]
Event: 0.892 Thread 0x0000022bc4abf6e0 Exception <a 'java/lang/NoSuchMethodError'{0x00000000feac9bb8}: 'java.lang.Object java.lang.invoke.DirectMethodHandle$Holder.invokeStatic(java.lang.Object, java.lang.Object, int)'> (0x00000000feac9bb8) 
thrown [s\open\src\hotspot\share\interpreter\linkResolver.cpp, line 759]
Event: 0.894 Thread 0x0000022bc4abf6e0 Exception <a 'java/lang/NoSuchMethodError'{0x00000000fead58a8}: 'void java.lang.invoke.DelegatingMethodHandle$Holder.delegate(java.lang.Object, java.lang.Object, int, java.lang.Object)'> (0x00000000fead58a8) 
thrown [s\open\src\hotspot\share\interpreter\linkResolver.cpp, line 759]
Event: 0.894 Thread 0x0000022bc4abf6e0 Exception <a 'java/lang/NoSuchMethodError'{0x00000000fead99f0}: 'int java.lang.invoke.DirectMethodHandle$Holder.invokeSpecial(java.lang.Object, java.lang.Object, java.lang.Object)'> (0x00000000fead99f0) 
thrown [s\open\src\hotspot\share\interpreter\linkResolver.cpp, line 759]
Event: 0.901 Thread 0x0000022bc4abf6e0 Exception <a 'java/lang/NoSuchMethodError'{0x00000000feaecd78}: 'java.lang.Object java.lang.invoke.Invokers$Holder.invokeExact_MT(java.lang.Object, java.lang.Object, java.lang.Object, java.lang.Object)'> (0x00000000feaecd78) 
thrown [s\open\src\hotspot\share\interpreter\linkResolver.cpp, line 759]
Event: 1.113 Thread 0x0000022bc4abf6e0 Exception <a 'java/lang/NoSuchMethodError'{0x00000000ffc587c0}: 'void java.lang.invoke.DirectMethodHandle$Holder.invokeSpecial(java.lang.Object, java.lang.Object, java.lang.Object)'> (0x00000000ffc587c0) 
thrown [s\open\src\hotspot\share\interpreter\linkResolver.cpp, line 759]
Event: 1.135 Thread 0x0000022bc4abf6e0 Implicit null exception at 0x0000022bd3e8688e to 0x0000022bd3e86cf0
Event: 1.135 Thread 0x0000022bc4abf6e0 Implicit null exception at 0x0000022bd3e80893 to 0x0000022bd3e80ccc
Event: 1.163 Thread 0x0000022bc4abf6e0 Exception <a 'java/lang/NoSuchMethodError'{0x00000000ffbfe8f0}: 'java.lang.Object java.lang.invoke.DirectMethodHandle$Holder.invokeStaticInit(java.lang.Object)'> (0x00000000ffbfe8f0) 
thrown [s\open\src\hotspot\share\interpreter\linkResolver.cpp, line 759]
Event: 1.297 Thread 0x0000022bc4abf6e0 Exception <a 'java/lang/NoSuchMethodError'{0x00000000ff6124b0}: 'java.lang.Object java.lang.invoke.DirectMethodHandle$Holder.invokeStaticInit(java.lang.Object, int, int, int, int)'> (0x00000000ff6124b0) 
thrown [s\open\src\hotspot\share\interpreter\linkResolver.cpp, line 759]
Event: 1.396 Thread 0x0000022bc4abf6e0 Exception <a 'java/lang/NoSuchMethodError'{0x00000000ff665ee8}: 'java.lang.Object java.lang.invoke.DirectMethodHandle$Holder.invokeStaticInit(java.lang.Object, java.lang.Object, int, int, int, int)'> (0x00000000ff665ee8) 
thrown [s\open\src\hotspot\share\interpreter\linkResolver.cpp, line 759]
Event: 1.547 Thread 0x0000022bc4abf6e0 Exception <a 'java/lang/NoSuchMethodError'{0x00000000ff692c20}: 'void java.lang.invoke.DirectMethodHandle$Holder.invokeStatic(java.lang.Object, java.lang.Object, java.lang.Object)'> (0x00000000ff692c20) 
thrown [s\open\src\hotspot\share\interpreter\linkResolver.cpp, line 759]
Event: 1.635 Thread 0x0000022bc4abf6e0 Implicit null exception at 0x0000022bd3e69ef2 to 0x0000022bd3e6a50c
Event: 1.636 Thread 0x0000022bc4abf6e0 Implicit null exception at 0x0000022bd3e6b472 to 0x0000022bd3e6ba8c

VM Operations (20 events):
Event: 29.672 Executing VM operation: Cleanup
Event: 29.673 Executing VM operation: Cleanup done
Event: 32.701 Executing VM operation: Cleanup
Event: 32.701 Executing VM operation: Cleanup done
Event: 33.710 Executing VM operation: Cleanup
Event: 33.710 Executing VM operation: Cleanup done
Event: 38.768 Executing VM operation: Cleanup
Event: 38.768 Executing VM operation: Cleanup done
Event: 39.779 Executing VM operation: Cleanup
Event: 39.779 Executing VM operation: Cleanup done
Event: 40.789 Executing VM operation: Cleanup
Event: 40.789 Executing VM operation: Cleanup done
Event: 41.797 Executing VM operation: Cleanup
Event: 41.797 Executing VM operation: Cleanup done
Event: 46.850 Executing VM operation: Cleanup
Event: 46.852 Executing VM operation: Cleanup done
Event: 47.862 Executing VM operation: Cleanup
Event: 47.863 Executing VM operation: Cleanup done
Event: 53.914 Executing VM operation: Cleanup
Event: 53.914 Executing VM operation: Cleanup done

Events (20 events):
Event: 27.839 loading class jdk/internal/logger/LazyLoggers$LazyLoggerFactories done
Event: 27.855 loading class jdk/internal/logger/LoggerFinderLoader
Event: 27.856 loading class jdk/internal/logger/LoggerFinderLoader done
Event: 27.892 loading class sun/util/logging/internal/LoggingProviderImpl$JULWrapper
Event: 27.893 loading class sun/util/logging/PlatformLogger$ConfigurableBridge$LoggerConfiguration
Event: 27.893 loading class sun/util/logging/PlatformLogger$ConfigurableBridge$LoggerConfiguration done
Event: 27.893 loading class sun/util/logging/internal/LoggingProviderImpl$JULWrapper done
Event: 27.894 loading class java/io/ObjectInputFilter
Event: 27.894 loading class java/io/ObjectInputFilter done
Event: 27.901 loading class java/io/ObjectInputFilter$Config$BuiltinFilterFactory
Event: 27.902 loading class java/io/ObjectInputFilter$Config$BuiltinFilterFactory done
Event: 27.902 loading class jdk/internal/access/JavaObjectInputFilterAccess
Event: 27.902 loading class jdk/internal/access/JavaObjectInputFilterAccess done
Event: 27.907 loading class java/lang/System$Logger$Level
Event: 27.907 loading class java/lang/System$Logger$Level done
Event: 27.908 loading class java/io/Bits
Event: 27.908 loading class java/io/Bits done
Event: 46.197 loading class jdk/internal/misc/ScopedMemoryAccess$Scope
Event: 46.198 loading class jdk/internal/misc/ScopedMemoryAccess$Scope done
Event: 64.240 loading class java/io/ObjectStreamClass


Dynamic libraries:
0x00007ff604a90000 - 0x00007ff604aa0000 	D:\Java\jdk-17.0.8\bin\java.exe
0x00007ffc11ed0000 - 0x00007ffc120e7000 	C:\Windows\SYSTEM32\ntdll.dll
0x00007ffc10650000 - 0x00007ffc10714000 	C:\Windows\System32\KERNEL32.DLL
0x00007ffc0f570000 - 0x00007ffc0f915000 	C:\Windows\System32\KERNELBASE.dll
0x00007ffc0f330000 - 0x00007ffc0f441000 	C:\Windows\System32\ucrtbase.dll
0x00007ffbfdd20000 - 0x00007ffbfdd39000 	D:\Java\jdk-17.0.8\bin\jli.dll
0x00007ffc0fdd0000 - 0x00007ffc0fe81000 	C:\Windows\System32\ADVAPI32.dll
0x00007ffc0fc20000 - 0x00007ffc0fcc7000 	C:\Windows\System32\msvcrt.dll
0x00007ffc10f10000 - 0x00007ffc10fb6000 	C:\Windows\System32\sechost.dll
0x00007ffc11d10000 - 0x00007ffc11e27000 	C:\Windows\System32\RPCRT4.dll
0x00007ffc109f0000 - 0x00007ffc10b9e000 	C:\Windows\System32\USER32.dll
0x00007ffc0f240000 - 0x00007ffc0f266000 	C:\Windows\System32\win32u.dll
0x00007ffbfc950000 - 0x00007ffbfc96b000 	D:\Java\jdk-17.0.8\bin\VCRUNTIME140.dll
0x00007ffc11350000 - 0x00007ffc11379000 	C:\Windows\System32\GDI32.dll
0x00007ffc0f450000 - 0x00007ffc0f569000 	C:\Windows\System32\gdi32full.dll
0x00007ffc0fa90000 - 0x00007ffc0fb2a000 	C:\Windows\System32\msvcp_win.dll
0x00007ffbf60e0000 - 0x00007ffbf6373000 	C:\Windows\WinSxS\amd64_microsoft.windows.common-controls_6595b64144ccf1df_6.0.22621.2506_none_270c5ae97388e100\COMCTL32.dll
0x00007ffc06b90000 - 0x00007ffc06b9a000 	C:\Windows\SYSTEM32\VERSION.dll
0x00007ffc10720000 - 0x00007ffc10751000 	C:\Windows\System32\IMM32.DLL
0x00007ffbfdfc0000 - 0x00007ffbfdfcc000 	D:\Java\jdk-17.0.8\bin\vcruntime140_1.dll
0x00007ffbca950000 - 0x00007ffbca9de000 	D:\Java\jdk-17.0.8\bin\msvcp140.dll
0x00007ffba7900000 - 0x00007ffba84de000 	D:\Java\jdk-17.0.8\bin\server\jvm.dll
0x00007ffc113a0000 - 0x00007ffc113a8000 	C:\Windows\System32\PSAPI.DLL
0x00007ffbfbbd0000 - 0x00007ffbfbbd9000 	C:\Windows\SYSTEM32\WSOCK32.dll
0x00007ffc10960000 - 0x00007ffc109d1000 	C:\Windows\System32\WS2_32.dll
0x00007ffc079b0000 - 0x00007ffc079e4000 	C:\Windows\SYSTEM32\WINMM.dll
0x00007ffc0e2d0000 - 0x00007ffc0e2e8000 	C:\Windows\SYSTEM32\kernel.appcore.dll
0x00007ffbfa0b0000 - 0x00007ffbfa0ba000 	D:\Java\jdk-17.0.8\bin\jimage.dll
0x00007ffc0cb50000 - 0x00007ffc0cd83000 	C:\Windows\SYSTEM32\DBGHELP.DLL
0x00007ffc10fc0000 - 0x00007ffc11349000 	C:\Windows\System32\combase.dll
0x00007ffc113b0000 - 0x00007ffc11487000 	C:\Windows\System32\OLEAUT32.dll
0x00007ffbf6380000 - 0x00007ffbf63b2000 	C:\Windows\SYSTEM32\dbgcore.DLL
0x00007ffc0fb30000 - 0x00007ffc0fbaa000 	C:\Windows\System32\bcryptPrimitives.dll
0x00007ffbda3b0000 - 0x00007ffbda3d5000 	D:\Java\jdk-17.0.8\bin\java.dll
0x00007ffbbe3f0000 - 0x00007ffbbe4c7000 	D:\Java\jdk-17.0.8\bin\jsvml.dll
0x00007ffc11490000 - 0x00007ffc11ce9000 	C:\Windows\System32\SHELL32.dll
0x00007ffc0d170000 - 0x00007ffc0da64000 	C:\Windows\SYSTEM32\windows.storage.dll
0x00007ffc0d030000 - 0x00007ffc0d16e000 	C:\Windows\SYSTEM32\wintypes.dll
0x00007ffc10550000 - 0x00007ffc10643000 	C:\Windows\System32\SHCORE.dll
0x00007ffc11e30000 - 0x00007ffc11e8e000 	C:\Windows\System32\shlwapi.dll
0x00007ffc0f170000 - 0x00007ffc0f196000 	C:\Windows\SYSTEM32\profapi.dll
0x00007ffbf9760000 - 0x00007ffbf9779000 	D:\Java\jdk-17.0.8\bin\net.dll
0x00007ffc07630000 - 0x00007ffc07767000 	C:\Windows\SYSTEM32\WINHTTP.dll
0x00007ffc0e7b0000 - 0x00007ffc0e819000 	C:\Windows\system32\mswsock.dll
0x00007ffbe1590000 - 0x00007ffbe15a6000 	D:\Java\jdk-17.0.8\bin\nio.dll
0x00007ffbdf7b0000 - 0x00007ffbdf7c8000 	D:\Java\jdk-17.0.8\bin\zip.dll
0x00007ffbf4300000 - 0x00007ffbf4310000 	D:\Java\jdk-17.0.8\bin\verify.dll
0x00007ffbc7f80000 - 0x00007ffbc7fa7000 	C:\Users\xuanu\.gradle\native\68d5fa5c4cc2d200863cafc0d521ce42e7d3e7ee720ec0a83991735586a16f82\windows-amd64\native-platform.dll
0x00007ffbe5c50000 - 0x00007ffbe5c5a000 	D:\Java\jdk-17.0.8\bin\management.dll
0x00007ffbe5a80000 - 0x00007ffbe5a8b000 	D:\Java\jdk-17.0.8\bin\management_ext.dll
0x00007ffc0ea00000 - 0x00007ffc0ea1b000 	C:\Windows\SYSTEM32\CRYPTSP.dll
0x00007ffc0e290000 - 0x00007ffc0e2c5000 	C:\Windows\system32\rsaenh.dll
0x00007ffc0e8a0000 - 0x00007ffc0e8cc000 	C:\Windows\SYSTEM32\USERENV.dll
0x00007ffc0ebf0000 - 0x00007ffc0ec18000 	C:\Windows\SYSTEM32\bcrypt.dll
0x00007ffc0ea20000 - 0x00007ffc0ea2c000 	C:\Windows\SYSTEM32\CRYPTBASE.dll
0x00007ffc0dd40000 - 0x00007ffc0dd6d000 	C:\Windows\SYSTEM32\IPHLPAPI.DLL
0x00007ffc10f00000 - 0x00007ffc10f09000 	C:\Windows\System32\NSI.dll
0x00007ffc075c0000 - 0x00007ffc075d9000 	C:\Windows\SYSTEM32\dhcpcsvc6.DLL
0x00007ffc075a0000 - 0x00007ffc075bf000 	C:\Windows\SYSTEM32\dhcpcsvc.DLL
0x00007ffc0ddb0000 - 0x00007ffc0dea9000 	C:\Windows\SYSTEM32\DNSAPI.dll
0x00007ffbe3fa0000 - 0x00007ffbe3fae000 	D:\Java\jdk-17.0.8\bin\sunmscapi.dll
0x00007ffc0f920000 - 0x00007ffc0fa86000 	C:\Windows\System32\CRYPT32.dll
0x00007ffc0ebc0000 - 0x00007ffc0ebed000 	C:\Windows\SYSTEM32\ncrypt.dll
0x00007ffc0eb80000 - 0x00007ffc0ebb7000 	C:\Windows\SYSTEM32\NTASN1.dll
0x00007ffbdde80000 - 0x00007ffbdde88000 	C:\Windows\system32\wshunix.dll

dbghelp: loaded successfully - version: 4.0.5 - missing functions: none
symbol engine: initialized successfully - sym options: 0x614 - pdb path: .;D:\Java\jdk-17.0.8\bin;C:\Windows\SYSTEM32;C:\Windows\WinSxS\amd64_microsoft.windows.common-controls_6595b64144ccf1df_6.0.22621.2506_none_270c5ae97388e100;D:\Java\jdk-17.0.8\bin\server;C:\Users\xuanu\.gradle\native\68d5fa5c4cc2d200863cafc0d521ce42e7d3e7ee720ec0a83991735586a16f82\windows-amd64

VM Arguments:
jvm_args: -Xmx64m -Xms64m -Dorg.gradle.appname=gradlew 
java_command: org.gradle.wrapper.GradleWrapperMain app:installDebug -PreactNativeDevServerPort=8081
java_class_path (initial): E:\ReactNative\DATN_App_Shop\AppShopCli\android\\gradle\wrapper\gradle-wrapper.jar
Launcher Type: SUN_STANDARD

[Global flags]
     intx CICompilerCount                          = 4                                         {product} {ergonomic}
     uint ConcGCThreads                            = 2                                         {product} {ergonomic}
     uint G1ConcRefinementThreads                  = 8                                         {product} {ergonomic}
   size_t G1HeapRegionSize                         = 1048576                                   {product} {ergonomic}
    uintx GCDrainStackTargetSize                   = 64                                        {product} {ergonomic}
   size_t InitialHeapSize                          = 67108864                                  {product} {command line}
   size_t MarkStackSize                            = 4194304                                   {product} {ergonomic}
   size_t MaxHeapSize                              = 67108864                                  {product} {command line}
   size_t MaxNewSize                               = 39845888                                  {product} {ergonomic}
   size_t MinHeapDeltaBytes                        = 1048576                                   {product} {ergonomic}
   size_t MinHeapSize                              = 67108864                                  {product} {command line}
    uintx NonNMethodCodeHeapSize                   = 5839372                                {pd product} {ergonomic}
    uintx NonProfiledCodeHeapSize                  = 122909434                              {pd product} {ergonomic}
    uintx ProfiledCodeHeapSize                     = 122909434                              {pd product} {ergonomic}
    uintx ReservedCodeCacheSize                    = 251658240                              {pd product} {ergonomic}
     bool SegmentedCodeCache                       = true                                      {product} {ergonomic}
   size_t SoftMaxHeapSize                          = 67108864                               {manageable} {ergonomic}
     bool UseCompressedClassPointers               = true                           {product lp64_product} {ergonomic}
     bool UseCompressedOops                        = true                           {product lp64_product} {ergonomic}
     bool UseG1GC                                  = true                                      {product} {ergonomic}
     bool UseLargePagesIndividualAllocation        = false                                  {pd product} {ergonomic}

Logging:
Log output configuration:
 #0: stdout all=warning uptime,level,tags
 #1: stderr all=off uptime,level,tags

Environment Variables:
JAVA_HOME=D:\Java\jdk-17.0.8
CLASSPATH=E:\ReactNative\DATN_App_Shop\AppShopCli\android\\gradle\wrapper\gradle-wrapper.jar
PATH=E:\ReactNative\DATN_App_Shop\AppShopCli\node_modules\.bin;E:\ReactNative\DATN_App_Shop\AppShopCli\node_modules\.bin;E:\ReactNative\DATN_App_Shop\node_modules\.bin;E:\ReactNative\node_modules\.bin;E:\node_modules\.bin;C:\Users\xuanu\AppData\Roaming\npm\node_modules\npm\node_modules\@npmcli\run-script\lib\node-gyp-bin;E:\ReactNative\DATN_App_Shop\AppShopCli\node_modules\.bin;E:\ReactNative\DATN_App_Shop\node_modules\.bin;E:\ReactNative\node_modules\.bin;E:\node_modules\.bin;C:\Users\xuanu\AppData\Roaming\npm\node_modules\npm\node_modules\@npmcli\run-script\lib\node-gyp-bin;C:\Windows\system32;C:\Windows;C:\Windows\System32\Wbem;C:\Windows\System32\WindowsPowerShell\v1.0\;C:\Windows\System32\OpenSSH\;D:\NodeJs\;D:\Git\cmd;D:\Java\jdk-17.0.8\bin;C:\Users\xuanu\AppData\Local\Microsoft\WindowsApps;C:\Users\xuanu\AppData\Roaming\npm;C:\Users\xuanu\AppData\Local\Programs\Microsoft VS Code\bin;D:\Flutter\bin;
USERNAME=xuanu
LANG=en_US.UTF-8
OS=Windows_NT
PROCESSOR_IDENTIFIER=Intel64 Family 6 Model 165 Stepping 2, GenuineIntel



---------------  S Y S T E M  ---------------

OS:
 Windows 11 , 64 bit Build 22621 (10.0.22621.2506)
OS uptime: 2 days 4:48 hours

CPU: total 8 (initial active 8) (4 cores per cpu, 2 threads per core) family 6 model 165 stepping 2 microcode 0xe0, cx8, cmov, fxsr, ht, mmx, 3dnowpref, sse, sse2, sse3, ssse3, sse4.1, sse4.2, popcnt, lzcnt, tsc, tscinvbit, avx, avx2, aes, erms, clmul, bmi1, bmi2, adx, fma, vzeroupper, clflush, clflushopt

Memory: 4k page, system-wide physical 8029M (71M free)
TotalPageFile size 29903M (AvailPageFile size 0M)
current process WorkingSet (physical memory assigned to process): 11M, peak: 92M
current process commit charge ("private bytes"): 163M, peak: 168M

vm_info: Java HotSpot(TM) 64-Bit Server VM (17.0.8+9-LTS-211) for windows-amd64 JRE (17.0.8+9-LTS-211), built on Jun 14 2023 10:34:31 by "mach5one" with MS VC++ 17.1 (VS2022)

END.
